2025-10-19 21:08:02,205 - INFO - BioNexus 1.2.13 启动 - 会话ID: 20251019_210802
[2025-10-19 21:08:02] 启动阶段 - 日志系统初始化: 成功 - 全面日志系统已启动
2025-10-19 21:08:02,205 - INFO - 启动阶段 - 日志系统初始化: 成功 - 全面日志系统已启动
2025-10-19 21:08:02,207 - INFO - BioNexus 1.2.13 启动初始化
[2025-10-19 21:08:02] 启动阶段 - 基础日志系统: 成功 - 标准logging已配置
2025-10-19 21:08:02,207 - INFO - 启动阶段 - 基础日志系统: 成功 - 标准logging已配置
2025-10-19 21:08:02,207 - INFO - 错误处理器初始化完成
[2025-10-19 21:08:02] 启动阶段 - 错误处理器: 成功 - 全局异常捕获已设置
2025-10-19 21:08:02,207 - INFO - 启动阶段 - 错误处理器: 成功 - 全局异常捕获已设置
[2025-10-19 21:08:02] 模块导入 - ui.main_window.MainWindow: 成功
2025-10-19 21:08:02,245 - INFO - 模块导入 - ui.main_window.MainWindow: 成功
[2025-10-19 21:08:02] 模块导入 - data.config.ConfigManager: 成功
2025-10-19 21:08:02,245 - INFO - 模块导入 - data.config.ConfigManager: 成功
[2025-10-19 21:08:02] 模块导入 - utils.helpers.check_system_requirements: 成功
2025-10-19 21:08:02,245 - INFO - 模块导入 - utils.helpers.check_system_requirements: 成功
[2025-10-19 21:08:02] 模块导入 - utils.unified_logger: 成功
2025-10-19 21:08:02,246 - INFO - 模块导入 - utils.unified_logger: 成功
[2025-10-19 21:08:02] 模块导入 - utils.translator.TranslationManager: 成功
2025-10-19 21:08:02,251 - INFO - 模块导入 - utils.translator.TranslationManager: 成功
[2025-10-19 21:08:02] 启动阶段 - 所有模块导入: 成功 - 核心模块导入完成
2025-10-19 21:08:02,252 - INFO - 启动阶段 - 所有模块导入: 成功 - 核心模块导入完成
2025-10-19 21:08:02,269 - INFO - 开始启动主应用程序
2025-10-19 21:08:02,287 - INFO - PyQt5应用程序初始化成功
[2025-10-19 21:08:02] 启动阶段 - PyQt5应用程序: 成功 - 初始化成功
2025-10-19 21:08:02,288 - INFO - 启动阶段 - PyQt5应用程序: 成功 - 初始化成功
2025-10-19 21:08:02,288 - WARNING - 翻译系统初始化失败: super-class __init__() of type TranslationManager was never called, 将使用默认语言
[2025-10-19 21:08:02] 启动阶段 - 翻译系统: 失败 - 初始化失败: super-class __init__() of type TranslationManager was never called, 使用默认语言
2025-10-19 21:08:02,288 - INFO - 启动阶段 - 翻译系统: 失败 - 初始化失败: super-class __init__() of type TranslationManager was never called, 使用默认语言
2025-10-19 21:08:03,583 - INFO - BioNexus 1.2.13 启动 - 会话ID: 20251019_210803
2025-10-19 21:08:03,584 - INFO - 启动阶段 - 日志系统初始化: 成功 - 全面日志系统已启动
2025-10-19 21:08:03,585 - INFO - BioNexus 1.2.13 启动初始化
2025-10-19 21:08:03,585 - INFO - 启动阶段 - 基础日志系统: 成功 - 标准logging已配置
2025-10-19 21:08:03,585 - INFO - 错误处理器初始化完成
2025-10-19 21:08:03,586 - INFO - 启动阶段 - 错误处理器: 成功 - 全局异常捕获已设置
2025-10-19 21:08:03,587 - INFO - 模块导入 - ui.main_window.MainWindow: 成功
2025-10-19 21:08:03,588 - INFO - 模块导入 - data.config.ConfigManager: 成功
2025-10-19 21:08:03,589 - INFO - 模块导入 - utils.helpers.check_system_requirements: 成功
2025-10-19 21:08:03,589 - INFO - 模块导入 - utils.unified_logger: 成功
2025-10-19 21:08:03,589 - INFO - 模块导入 - utils.translator.TranslationManager: 成功
2025-10-19 21:08:03,590 - INFO - 启动阶段 - 所有模块导入: 成功 - 核心模块导入完成
