2025-10-19 21:00:30,847 - INFO - BioNexus 1.2.13 启动 - 会话ID: 20251019_210030
[2025-10-19 21:00:30] 启动阶段 - 日志系统初始化: 成功 - 全面日志系统已启动
2025-10-19 21:00:30,848 - INFO - 启动阶段 - 日志系统初始化: 成功 - 全面日志系统已启动
2025-10-19 21:00:30,849 - INFO - BioNexus 1.2.13 启动初始化
[2025-10-19 21:00:30] 启动阶段 - 基础日志系统: 成功 - 标准logging已配置
2025-10-19 21:00:30,850 - INFO - 启动阶段 - 基础日志系统: 成功 - 标准logging已配置
2025-10-19 21:00:30,850 - INFO - 错误处理器初始化完成
[2025-10-19 21:00:30] 启动阶段 - 错误处理器: 成功 - 全局异常捕获已设置
2025-10-19 21:00:30,850 - INFO - 启动阶段 - 错误处理器: 成功 - 全局异常捕获已设置
[2025-10-19 21:00:30] 模块导入 - ui.main_window.MainWindow: 成功
2025-10-19 21:00:30,889 - INFO - 模块导入 - ui.main_window.MainWindow: 成功
[2025-10-19 21:00:30] 模块导入 - data.config.ConfigManager: 成功
2025-10-19 21:00:30,889 - INFO - 模块导入 - data.config.ConfigManager: 成功
[2025-10-19 21:00:30] 模块导入 - utils.helpers.check_system_requirements: 成功
2025-10-19 21:00:30,890 - INFO - 模块导入 - utils.helpers.check_system_requirements: 成功
[2025-10-19 21:00:30] 模块导入 - utils.unified_logger: 成功
2025-10-19 21:00:30,890 - INFO - 模块导入 - utils.unified_logger: 成功
[2025-10-19 21:00:30] 模块导入 - utils.translator.TranslationManager: 成功
2025-10-19 21:00:30,895 - INFO - 模块导入 - utils.translator.TranslationManager: 成功
[2025-10-19 21:00:30] 启动阶段 - 所有模块导入: 成功 - 核心模块导入完成
2025-10-19 21:00:30,896 - INFO - 启动阶段 - 所有模块导入: 成功 - 核心模块导入完成
2025-10-19 21:00:30,913 - INFO - 开始启动主应用程序
2025-10-19 21:00:30,925 - INFO - PyQt5应用程序初始化成功
[2025-10-19 21:00:30] 启动阶段 - PyQt5应用程序: 成功 - 初始化成功
2025-10-19 21:00:30,926 - INFO - 启动阶段 - PyQt5应用程序: 成功 - 初始化成功
2025-10-19 21:00:30,926 - WARNING - 翻译系统初始化失败: super-class __init__() of type TranslationManager was never called, 将使用默认语言
[2025-10-19 21:00:30] 启动阶段 - 翻译系统: 失败 - 初始化失败: super-class __init__() of type TranslationManager was never called, 使用默认语言
2025-10-19 21:00:30,926 - INFO - 启动阶段 - 翻译系统: 失败 - 初始化失败: super-class __init__() of type TranslationManager was never called, 使用默认语言
2025-10-19 21:00:32,192 - INFO - BioNexus 1.2.13 启动 - 会话ID: 20251019_210032
2025-10-19 21:00:32,192 - INFO - 启动阶段 - 日志系统初始化: 成功 - 全面日志系统已启动
2025-10-19 21:00:32,193 - INFO - BioNexus 1.2.13 启动初始化
2025-10-19 21:00:32,193 - INFO - 启动阶段 - 基础日志系统: 成功 - 标准logging已配置
2025-10-19 21:00:32,194 - INFO - 错误处理器初始化完成
2025-10-19 21:00:32,194 - INFO - 启动阶段 - 错误处理器: 成功 - 全局异常捕获已设置
2025-10-19 21:00:32,195 - INFO - 模块导入 - ui.main_window.MainWindow: 成功
2025-10-19 21:00:32,195 - INFO - 模块导入 - data.config.ConfigManager: 成功
2025-10-19 21:00:32,195 - INFO - 模块导入 - utils.helpers.check_system_requirements: 成功
2025-10-19 21:00:32,196 - INFO - 模块导入 - utils.unified_logger: 成功
2025-10-19 21:00:32,196 - INFO - 模块导入 - utils.translator.TranslationManager: 成功
2025-10-19 21:00:32,197 - INFO - 启动阶段 - 所有模块导入: 成功 - 核心模块导入完成
