2025-10-19 02:55:17,918 - INFO - BioNexus 1.2.13 启动 - 会话ID: 20251019_025517
[2025-10-19 02:55:17] 启动阶段 - 日志系统初始化: 成功 - 全面日志系统已启动
2025-10-19 02:55:17,918 - INFO - 启动阶段 - 日志系统初始化: 成功 - 全面日志系统已启动
2025-10-19 02:55:17,922 - INFO - BioNexus 1.2.13 启动初始化
[2025-10-19 02:55:17] 启动阶段 - 基础日志系统: 成功 - 标准logging已配置
2025-10-19 02:55:17,922 - INFO - 启动阶段 - 基础日志系统: 成功 - 标准logging已配置
2025-10-19 02:55:17,923 - INFO - 错误处理器初始化完成
[2025-10-19 02:55:17] 启动阶段 - 错误处理器: 成功 - 全局异常捕获已设置
2025-10-19 02:55:17,923 - INFO - 启动阶段 - 错误处理器: 成功 - 全局异常捕获已设置
[2025-10-19 02:55:17] 模块导入 - ui.main_window.MainWindow: 成功
2025-10-19 02:55:17,977 - INFO - 模块导入 - ui.main_window.MainWindow: 成功
[2025-10-19 02:55:17] 模块导入 - data.config.ConfigManager: 成功
2025-10-19 02:55:17,977 - INFO - 模块导入 - data.config.ConfigManager: 成功
[2025-10-19 02:55:17] 模块导入 - utils.helpers.check_system_requirements: 成功
2025-10-19 02:55:17,977 - INFO - 模块导入 - utils.helpers.check_system_requirements: 成功
[2025-10-19 02:55:17] 模块导入 - utils.unified_logger: 成功
2025-10-19 02:55:17,977 - INFO - 模块导入 - utils.unified_logger: 成功
[2025-10-19 02:55:17] 启动阶段 - 所有模块导入: 成功 - 核心模块导入完成
2025-10-19 02:55:17,978 - INFO - 启动阶段 - 所有模块导入: 成功 - 核心模块导入完成
2025-10-19 02:55:18,002 - INFO - 开始启动主应用程序
2025-10-19 02:55:18,017 - INFO - PyQt5应用程序初始化成功
[2025-10-19 02:55:18] 启动阶段 - PyQt5应用程序: 成功 - 初始化成功
2025-10-19 02:55:18,017 - INFO - 启动阶段 - PyQt5应用程序: 成功 - 初始化成功
2025-10-19 02:55:19,986 - INFO - BioNexus 1.2.13 启动 - 会话ID: 20251019_025519
2025-10-19 02:55:19,987 - INFO - 启动阶段 - 日志系统初始化: 成功 - 全面日志系统已启动
2025-10-19 02:55:19,987 - INFO - BioNexus 1.2.13 启动初始化
2025-10-19 02:55:19,988 - INFO - 启动阶段 - 基础日志系统: 成功 - 标准logging已配置
2025-10-19 02:55:19,988 - INFO - 错误处理器初始化完成
2025-10-19 02:55:19,989 - INFO - 启动阶段 - 错误处理器: 成功 - 全局异常捕获已设置
2025-10-19 02:55:19,990 - INFO - 模块导入 - ui.main_window.MainWindow: 成功
2025-10-19 02:55:19,990 - INFO - 模块导入 - data.config.ConfigManager: 成功
2025-10-19 02:55:19,991 - INFO - 模块导入 - utils.helpers.check_system_requirements: 成功
2025-10-19 02:55:19,991 - INFO - 模块导入 - utils.unified_logger: 成功
2025-10-19 02:55:19,992 - INFO - 启动阶段 - 所有模块导入: 成功 - 核心模块导入完成
