2025-10-20 10:41:21,767 - INFO - BioNexus 1.2.13 启动 - 会话ID: 20251020_104121
[2025-10-20 10:41:21] 启动阶段 - 日志系统初始化: 成功 - 全面日志系统已启动
2025-10-20 10:41:21,768 - INFO - 启动阶段 - 日志系统初始化: 成功 - 全面日志系统已启动
2025-10-20 10:41:21,791 - INFO - BioNexus 1.2.13 启动初始化
[2025-10-20 10:41:21] 启动阶段 - 基础日志系统: 成功 - 标准logging已配置
2025-10-20 10:41:21,792 - INFO - 启动阶段 - 基础日志系统: 成功 - 标准logging已配置
2025-10-20 10:41:21,794 - INFO - 错误处理器初始化完成
[2025-10-20 10:41:21] 启动阶段 - 错误处理器: 成功 - 全局异常捕获已设置
2025-10-20 10:41:21,795 - INFO - 启动阶段 - 错误处理器: 成功 - 全局异常捕获已设置
[2025-10-20 10:41:22] 模块导入 - ui.main_window.MainWindow: 成功
2025-10-20 10:41:22,200 - INFO - 模块导入 - ui.main_window.MainWindow: 成功
[2025-10-20 10:41:22] 模块导入 - data.config.ConfigManager: 成功
2025-10-20 10:41:22,201 - INFO - 模块导入 - data.config.ConfigManager: 成功
[2025-10-20 10:41:22] 模块导入 - utils.helpers.check_system_requirements: 成功
2025-10-20 10:41:22,202 - INFO - 模块导入 - utils.helpers.check_system_requirements: 成功
[2025-10-20 10:41:22] 模块导入 - utils.unified_logger: 成功
2025-10-20 10:41:22,203 - INFO - 模块导入 - utils.unified_logger: 成功
[2025-10-20 10:41:22] 模块导入 - utils.translator.TranslationManager: 成功
2025-10-20 10:41:22,284 - INFO - 模块导入 - utils.translator.TranslationManager: 成功
[2025-10-20 10:41:22] 启动阶段 - 所有模块导入: 成功 - 核心模块导入完成
2025-10-20 10:41:22,286 - INFO - 启动阶段 - 所有模块导入: 成功 - 核心模块导入完成
2025-10-20 10:41:22,363 - INFO - 开始启动主应用程序
2025-10-20 10:41:22,410 - INFO - PyQt5应用程序初始化成功
[2025-10-20 10:41:22] 启动阶段 - PyQt5应用程序: 成功 - 初始化成功
2025-10-20 10:41:22,412 - INFO - 启动阶段 - PyQt5应用程序: 成功 - 初始化成功
2025-10-20 10:41:22,413 - WARNING - 翻译系统初始化失败: type object 'TranslationManager' has no attribute 'instance', 将使用默认语言
[2025-10-20 10:41:22] 启动阶段 - 翻译系统: 失败 - 初始化失败: type object 'TranslationManager' has no attribute 'instance', 使用默认语言
2025-10-20 10:41:22,414 - INFO - 启动阶段 - 翻译系统: 失败 - 初始化失败: type object 'TranslationManager' has no attribute 'instance', 使用默认语言
2025-10-20 10:41:27,830 - INFO - BioNexus 1.2.13 启动 - 会话ID: 20251020_104127
2025-10-20 10:41:27,832 - INFO - 启动阶段 - 日志系统初始化: 成功 - 全面日志系统已启动
2025-10-20 10:41:27,834 - INFO - BioNexus 1.2.13 启动初始化
2025-10-20 10:41:27,836 - INFO - 启动阶段 - 基础日志系统: 成功 - 标准logging已配置
2025-10-20 10:41:27,837 - INFO - 错误处理器初始化完成
2025-10-20 10:41:27,838 - INFO - 启动阶段 - 错误处理器: 成功 - 全局异常捕获已设置
2025-10-20 10:41:27,842 - INFO - 模块导入 - ui.main_window.MainWindow: 成功
2025-10-20 10:41:27,844 - INFO - 模块导入 - data.config.ConfigManager: 成功
2025-10-20 10:41:27,846 - INFO - 模块导入 - utils.helpers.check_system_requirements: 成功
2025-10-20 10:41:27,848 - INFO - 模块导入 - utils.unified_logger: 成功
2025-10-20 10:41:27,850 - INFO - 模块导入 - utils.translator.TranslationManager: 成功
2025-10-20 10:41:27,854 - INFO - 启动阶段 - 所有模块导入: 成功 - 核心模块导入完成
