2025-10-19 02:38:29,224 - root - INFO - 加载配置文件: C:\Users\15052\.bionexus\config.json
2025-10-19 02:38:29,224 - root - DEBUG - 加载设置: auto_update = True
2025-10-19 02:38:29,224 - root - DEBUG - 加载设置: check_tool_status_on_startup = True
2025-10-19 02:38:29,224 - root - DEBUG - 加载设置: show_detailed_install_log = True
2025-10-19 02:38:29,224 - root - DEBUG - 加载设置: language = zh_CN
2025-10-19 02:38:29,224 - root - DEBUG - 加载设置: tool_update = {'update_mode': 'manual', 'check_frequency': 1, 'show_notification': True, 'last_check': None}
2025-10-19 02:38:29,224 - root - DEBUG - 加载设置: default_install_dir = C:\Users\15052\Desktop\BioNexus\BioNexus_1.2.2\installed_tools
2025-10-19 02:38:29,225 - root - DEBUG - 加载设置: conda_env_path = C:\Users\15052\Desktop\BioNexus\BioNexus_1.2.2\envs_cache
2025-10-19 02:38:29,225 - root - DEBUG - 加载设置: use_mirror_source = False
2025-10-19 02:38:29,225 - root - DEBUG - 加载设置: keep_install_cache = False
2025-10-19 02:38:29,225 - root - DEBUG - 加载设置: favorite_tools = []
2025-10-19 02:38:29,225 - root - INFO - 加载收藏列表: 0 个工具
2025-10-19 02:38:29,226 - root - INFO - 工具数据已从 C:\Users\15052\.bionexus\tools.json 加载成功
2025-10-19 02:38:29,227 - root - INFO - 初始化收藏列表: []
2025-10-19 02:38:29,223 - BioNexus.runtime - INFO - === BioNexus 1.1.12 启动 ===
2025-10-19 02:38:29,228 - root - INFO - 加载配置文件: C:\Users\15052\.bionexus\config.json
2025-10-19 02:38:29,228 - root - DEBUG - 加载设置: auto_update = True
2025-10-19 02:38:29,228 - root - DEBUG - 加载设置: check_tool_status_on_startup = True
2025-10-19 02:38:29,228 - root - DEBUG - 加载设置: show_detailed_install_log = True
2025-10-19 02:38:29,228 - root - DEBUG - 加载设置: language = zh_CN
2025-10-19 02:38:29,228 - root - DEBUG - 加载设置: tool_update = {'update_mode': 'manual', 'check_frequency': 1, 'show_notification': True, 'last_check': None}
2025-10-19 02:38:29,228 - root - DEBUG - 加载设置: default_install_dir = C:\Users\15052\Desktop\BioNexus\BioNexus_1.2.2\installed_tools
2025-10-19 02:38:29,228 - root - DEBUG - 加载设置: conda_env_path = C:\Users\15052\Desktop\BioNexus\BioNexus_1.2.2\envs_cache
2025-10-19 02:38:29,228 - root - DEBUG - 加载设置: use_mirror_source = False
2025-10-19 02:38:29,228 - root - DEBUG - 加载设置: keep_install_cache = False
2025-10-19 02:38:29,228 - root - DEBUG - 加载设置: favorite_tools = []
2025-10-19 02:38:29,228 - root - INFO - 加载收藏列表: 0 个工具
2025-10-19 02:38:29,229 - root - INFO - 工具数据已从 C:\Users\15052\.bionexus\tools.json 加载成功
2025-10-19 02:38:29,229 - root - INFO - 初始化收藏列表: []
2025-10-19 02:38:29,227 - BioNexus.runtime - INFO - 会话ID: 20251019_023829
2025-10-19 02:38:29,230 - root - INFO - 加载配置文件: C:\Users\15052\.bionexus\config.json
2025-10-19 02:38:29,230 - root - DEBUG - 加载设置: auto_update = True
2025-10-19 02:38:29,230 - root - DEBUG - 加载设置: check_tool_status_on_startup = True
2025-10-19 02:38:29,230 - root - DEBUG - 加载设置: show_detailed_install_log = True
2025-10-19 02:38:29,230 - root - DEBUG - 加载设置: language = zh_CN
2025-10-19 02:38:29,230 - root - DEBUG - 加载设置: tool_update = {'update_mode': 'manual', 'check_frequency': 1, 'show_notification': True, 'last_check': None}
2025-10-19 02:38:29,230 - root - DEBUG - 加载设置: default_install_dir = C:\Users\15052\Desktop\BioNexus\BioNexus_1.2.2\installed_tools
2025-10-19 02:38:29,230 - root - DEBUG - 加载设置: conda_env_path = C:\Users\15052\Desktop\BioNexus\BioNexus_1.2.2\envs_cache
2025-10-19 02:38:29,230 - root - DEBUG - 加载设置: use_mirror_source = False
2025-10-19 02:38:29,230 - root - DEBUG - 加载设置: keep_install_cache = False
2025-10-19 02:38:29,231 - root - DEBUG - 加载设置: favorite_tools = []
2025-10-19 02:38:29,231 - root - INFO - 加载收藏列表: 0 个工具
2025-10-19 02:38:29,231 - root - INFO - 工具数据已从 C:\Users\15052\.bionexus\tools.json 加载成功
2025-10-19 02:38:29,232 - root - INFO - 初始化收藏列表: []
2025-10-19 02:38:29,229 - BioNexus.runtime - INFO - 日志目录: C:\Users\15052\Desktop\BioNexus\BioNexus_1.2.18\logs\2025-10-19\session_20251019_023829
2025-10-19 02:38:29,233 - root - INFO - 加载配置文件: C:\Users\15052\.bionexus\config.json
2025-10-19 02:38:29,233 - root - DEBUG - 加载设置: auto_update = True
2025-10-19 02:38:29,233 - root - DEBUG - 加载设置: check_tool_status_on_startup = True
2025-10-19 02:38:29,233 - root - DEBUG - 加载设置: show_detailed_install_log = True
2025-10-19 02:38:29,233 - root - DEBUG - 加载设置: language = zh_CN
2025-10-19 02:38:29,233 - root - DEBUG - 加载设置: tool_update = {'update_mode': 'manual', 'check_frequency': 1, 'show_notification': True, 'last_check': None}
2025-10-19 02:38:29,233 - root - DEBUG - 加载设置: default_install_dir = C:\Users\15052\Desktop\BioNexus\BioNexus_1.2.2\installed_tools
2025-10-19 02:38:29,233 - root - DEBUG - 加载设置: conda_env_path = C:\Users\15052\Desktop\BioNexus\BioNexus_1.2.2\envs_cache
2025-10-19 02:38:29,233 - root - DEBUG - 加载设置: use_mirror_source = False
2025-10-19 02:38:29,233 - root - DEBUG - 加载设置: keep_install_cache = False
2025-10-19 02:38:29,233 - root - DEBUG - 加载设置: favorite_tools = []
2025-10-19 02:38:29,233 - root - INFO - 加载收藏列表: 0 个工具
2025-10-19 02:38:29,234 - root - INFO - 工具数据已从 C:\Users\15052\.bionexus\tools.json 加载成功
2025-10-19 02:38:29,234 - root - INFO - 初始化收藏列表: []
2025-10-19 02:38:29,232 - BioNexus.runtime - INFO - BioNexus版本: 1.2.13
2025-10-19 02:38:29,243 - root - INFO - 加载配置文件: C:\Users\15052\.bionexus\config.json
2025-10-19 02:38:29,243 - root - DEBUG - 加载设置: auto_update = True
2025-10-19 02:38:29,243 - root - DEBUG - 加载设置: check_tool_status_on_startup = True
2025-10-19 02:38:29,243 - root - DEBUG - 加载设置: show_detailed_install_log = True
2025-10-19 02:38:29,243 - root - DEBUG - 加载设置: language = zh_CN
2025-10-19 02:38:29,243 - root - DEBUG - 加载设置: tool_update = {'update_mode': 'manual', 'check_frequency': 1, 'show_notification': True, 'last_check': None}
2025-10-19 02:38:29,243 - root - DEBUG - 加载设置: default_install_dir = C:\Users\15052\Desktop\BioNexus\BioNexus_1.2.2\installed_tools
2025-10-19 02:38:29,244 - root - DEBUG - 加载设置: conda_env_path = C:\Users\15052\Desktop\BioNexus\BioNexus_1.2.2\envs_cache
2025-10-19 02:38:29,244 - root - DEBUG - 加载设置: use_mirror_source = False
2025-10-19 02:38:29,244 - root - DEBUG - 加载设置: keep_install_cache = False
2025-10-19 02:38:29,244 - root - DEBUG - 加载设置: favorite_tools = []
2025-10-19 02:38:29,244 - root - INFO - 加载收藏列表: 0 个工具
2025-10-19 02:38:29,244 - root - INFO - 工具数据已从 C:\Users\15052\.bionexus\tools.json 加载成功
2025-10-19 02:38:29,244 - root - INFO - 初始化收藏列表: []
2025-10-19 02:38:29,244 - BioNexus.startup - INFO - 开始启动主应用程序
2025-10-19 02:38:29,261 - BioNexus.startup - INFO - PyQt5应用程序初始化成功
2025-10-19 02:38:29,262 - BioNexus.startup - INFO - 启动阶段 - PyQt5应用程序: 成功 - 初始化成功
2025-10-19 02:38:29,263 - root - INFO - 加载配置文件: C:\Users\15052\.bionexus\config.json
2025-10-19 02:38:29,263 - root - DEBUG - 加载设置: auto_update = True
2025-10-19 02:38:29,263 - root - DEBUG - 加载设置: check_tool_status_on_startup = True
2025-10-19 02:38:29,263 - root - DEBUG - 加载设置: show_detailed_install_log = True
2025-10-19 02:38:29,263 - root - DEBUG - 加载设置: language = zh_CN
2025-10-19 02:38:29,263 - root - DEBUG - 加载设置: tool_update = {'update_mode': 'manual', 'check_frequency': 1, 'show_notification': True, 'last_check': None}
2025-10-19 02:38:29,263 - root - DEBUG - 加载设置: default_install_dir = C:\Users\15052\Desktop\BioNexus\BioNexus_1.2.2\installed_tools
2025-10-19 02:38:29,263 - root - DEBUG - 加载设置: conda_env_path = C:\Users\15052\Desktop\BioNexus\BioNexus_1.2.2\envs_cache
2025-10-19 02:38:29,263 - root - DEBUG - 加载设置: use_mirror_source = False
2025-10-19 02:38:29,263 - root - DEBUG - 加载设置: keep_install_cache = False
2025-10-19 02:38:29,263 - root - DEBUG - 加载设置: favorite_tools = []
2025-10-19 02:38:29,263 - root - INFO - 加载收藏列表: 0 个工具
2025-10-19 02:38:29,264 - root - INFO - 工具数据已从 C:\Users\15052\.bionexus\tools.json 加载成功
2025-10-19 02:38:29,265 - root - INFO - 初始化收藏列表: []
2025-10-19 02:38:29,262 - BioNexus.runtime - INFO - 版本: 1.2.13
2025-10-19 02:38:29,266 - root - INFO - 加载配置文件: C:\Users\15052\.bionexus\config.json
2025-10-19 02:38:29,266 - root - DEBUG - 加载设置: auto_update = True
2025-10-19 02:38:29,266 - root - DEBUG - 加载设置: check_tool_status_on_startup = True
2025-10-19 02:38:29,266 - root - DEBUG - 加载设置: show_detailed_install_log = True
2025-10-19 02:38:29,266 - root - DEBUG - 加载设置: language = zh_CN
2025-10-19 02:38:29,266 - root - DEBUG - 加载设置: tool_update = {'update_mode': 'manual', 'check_frequency': 1, 'show_notification': True, 'last_check': None}
2025-10-19 02:38:29,266 - root - DEBUG - 加载设置: default_install_dir = C:\Users\15052\Desktop\BioNexus\BioNexus_1.2.2\installed_tools
2025-10-19 02:38:29,266 - root - DEBUG - 加载设置: conda_env_path = C:\Users\15052\Desktop\BioNexus\BioNexus_1.2.2\envs_cache
2025-10-19 02:38:29,266 - root - DEBUG - 加载设置: use_mirror_source = False
2025-10-19 02:38:29,266 - root - DEBUG - 加载设置: keep_install_cache = False
2025-10-19 02:38:29,266 - root - DEBUG - 加载设置: favorite_tools = []
2025-10-19 02:38:29,267 - root - INFO - 加载收藏列表: 0 个工具
2025-10-19 02:38:29,267 - root - INFO - 工具数据已从 C:\Users\15052\.bionexus\tools.json 加载成功
2025-10-19 02:38:29,267 - root - INFO - 初始化收藏列表: []
2025-10-19 02:38:29,265 - BioNexus.runtime - INFO - Python版本: 3.13.2
2025-10-19 02:38:29,268 - root - INFO - 加载配置文件: C:\Users\15052\.bionexus\config.json
2025-10-19 02:38:29,268 - root - DEBUG - 加载设置: auto_update = True
2025-10-19 02:38:29,268 - root - DEBUG - 加载设置: check_tool_status_on_startup = True
2025-10-19 02:38:29,268 - root - DEBUG - 加载设置: show_detailed_install_log = True
2025-10-19 02:38:29,268 - root - DEBUG - 加载设置: language = zh_CN
2025-10-19 02:38:29,268 - root - DEBUG - 加载设置: tool_update = {'update_mode': 'manual', 'check_frequency': 1, 'show_notification': True, 'last_check': None}
2025-10-19 02:38:29,268 - root - DEBUG - 加载设置: default_install_dir = C:\Users\15052\Desktop\BioNexus\BioNexus_1.2.2\installed_tools
2025-10-19 02:38:29,268 - root - DEBUG - 加载设置: conda_env_path = C:\Users\15052\Desktop\BioNexus\BioNexus_1.2.2\envs_cache
2025-10-19 02:38:29,268 - root - DEBUG - 加载设置: use_mirror_source = False
2025-10-19 02:38:29,269 - root - DEBUG - 加载设置: keep_install_cache = False
2025-10-19 02:38:29,269 - root - DEBUG - 加载设置: favorite_tools = []
2025-10-19 02:38:29,269 - root - INFO - 加载收藏列表: 0 个工具
2025-10-19 02:38:29,269 - root - INFO - 工具数据已从 C:\Users\15052\.bionexus\tools.json 加载成功
2025-10-19 02:38:29,269 - root - INFO - 初始化收藏列表: []
2025-10-19 02:38:29,268 - BioNexus.runtime - INFO - PyQt5版本: 已加载
2025-10-19 02:38:29,270 - root - INFO - 加载配置文件: C:\Users\15052\.bionexus\config.json
2025-10-19 02:38:29,270 - root - DEBUG - 加载设置: auto_update = True
2025-10-19 02:38:29,270 - root - DEBUG - 加载设置: check_tool_status_on_startup = True
2025-10-19 02:38:29,270 - root - DEBUG - 加载设置: show_detailed_install_log = True
2025-10-19 02:38:29,270 - root - DEBUG - 加载设置: language = zh_CN
2025-10-19 02:38:29,270 - root - DEBUG - 加载设置: tool_update = {'update_mode': 'manual', 'check_frequency': 1, 'show_notification': True, 'last_check': None}
2025-10-19 02:38:29,270 - root - DEBUG - 加载设置: default_install_dir = C:\Users\15052\Desktop\BioNexus\BioNexus_1.2.2\installed_tools
2025-10-19 02:38:29,270 - root - DEBUG - 加载设置: conda_env_path = C:\Users\15052\Desktop\BioNexus\BioNexus_1.2.2\envs_cache
2025-10-19 02:38:29,270 - root - DEBUG - 加载设置: use_mirror_source = False
2025-10-19 02:38:29,270 - root - DEBUG - 加载设置: keep_install_cache = False
2025-10-19 02:38:29,271 - root - DEBUG - 加载设置: favorite_tools = []
2025-10-19 02:38:29,271 - root - INFO - 加载收藏列表: 0 个工具
2025-10-19 02:38:29,271 - root - INFO - 工具数据已从 C:\Users\15052\.bionexus\tools.json 加载成功
2025-10-19 02:38:29,271 - root - INFO - 初始化收藏列表: []
2025-10-19 02:38:29,270 - BioNexus.runtime - INFO - 工作目录: C:\Users\15052\Desktop\BioNexus\BioNexus_1.2.18
2025-10-19 02:38:29,272 - root - INFO - 加载配置文件: C:\Users\15052\.bionexus\config.json
2025-10-19 02:38:29,272 - root - DEBUG - 加载设置: auto_update = True
2025-10-19 02:38:29,272 - root - DEBUG - 加载设置: check_tool_status_on_startup = True
2025-10-19 02:38:29,272 - root - DEBUG - 加载设置: show_detailed_install_log = True
2025-10-19 02:38:29,272 - root - DEBUG - 加载设置: language = zh_CN
2025-10-19 02:38:29,272 - root - DEBUG - 加载设置: tool_update = {'update_mode': 'manual', 'check_frequency': 1, 'show_notification': True, 'last_check': None}
2025-10-19 02:38:29,272 - root - DEBUG - 加载设置: default_install_dir = C:\Users\15052\Desktop\BioNexus\BioNexus_1.2.2\installed_tools
2025-10-19 02:38:29,272 - root - DEBUG - 加载设置: conda_env_path = C:\Users\15052\Desktop\BioNexus\BioNexus_1.2.2\envs_cache
2025-10-19 02:38:29,272 - root - DEBUG - 加载设置: use_mirror_source = False
2025-10-19 02:38:29,272 - root - DEBUG - 加载设置: keep_install_cache = False
2025-10-19 02:38:29,272 - root - DEBUG - 加载设置: favorite_tools = []
2025-10-19 02:38:29,272 - root - INFO - 加载收藏列表: 0 个工具
2025-10-19 02:38:29,273 - root - INFO - 工具数据已从 C:\Users\15052\.bionexus\tools.json 加载成功
2025-10-19 02:38:29,273 - root - INFO - 初始化收藏列表: []
2025-10-19 02:38:29,271 - BioNexus.runtime - INFO - 应用启动完成
2025-10-19 02:38:29,275 - BioNexus - INFO - 日志系统初始化完成
2025-10-19 02:38:29,275 - BioNexus - INFO - 日志文件: C:\Users\15052\Desktop\BioNexus\BioNexus_1.2.18\logs\bionexus_20251019.log
2025-10-19 02:38:29,276 - root - INFO - 加载配置文件: C:\Users\15052\.bionexus\config.json
2025-10-19 02:38:29,276 - root - DEBUG - 加载设置: auto_update = True
2025-10-19 02:38:29,276 - root - DEBUG - 加载设置: check_tool_status_on_startup = True
2025-10-19 02:38:29,276 - root - DEBUG - 加载设置: show_detailed_install_log = True
2025-10-19 02:38:29,276 - root - DEBUG - 加载设置: language = zh_CN
2025-10-19 02:38:29,276 - root - DEBUG - 加载设置: tool_update = {'update_mode': 'manual', 'check_frequency': 1, 'show_notification': True, 'last_check': None}
2025-10-19 02:38:29,276 - root - DEBUG - 加载设置: default_install_dir = C:\Users\15052\Desktop\BioNexus\BioNexus_1.2.2\installed_tools
2025-10-19 02:38:29,276 - root - DEBUG - 加载设置: conda_env_path = C:\Users\15052\Desktop\BioNexus\BioNexus_1.2.2\envs_cache
2025-10-19 02:38:29,276 - root - DEBUG - 加载设置: use_mirror_source = False
2025-10-19 02:38:29,277 - root - DEBUG - 加载设置: keep_install_cache = False
2025-10-19 02:38:29,277 - root - DEBUG - 加载设置: favorite_tools = []
2025-10-19 02:38:29,277 - root - INFO - 加载收藏列表: 0 个工具
2025-10-19 02:38:29,277 - root - INFO - 工具数据已从 C:\Users\15052\.bionexus\tools.json 加载成功
2025-10-19 02:38:29,277 - root - INFO - 初始化收藏列表: []
2025-10-19 02:38:29,278 - core.tool_registry - INFO - 已注册工具: BLAST
2025-10-19 02:38:29,278 - core.tool_registry - INFO - 已注册工具: PlaceholderTool
2025-10-19 02:38:29,279 - core.tool_registry - INFO - 已注册工具: BWA
2025-10-19 02:38:29,279 - core.tool_registry - INFO - 已注册工具: PlaceholderTool
2025-10-19 02:38:30,784 - root - INFO - 加载配置文件: C:\Users\15052\.bionexus\config.json
2025-10-19 02:38:30,785 - root - DEBUG - 加载设置: auto_update = True
2025-10-19 02:38:30,785 - root - DEBUG - 加载设置: check_tool_status_on_startup = True
2025-10-19 02:38:30,785 - root - DEBUG - 加载设置: show_detailed_install_log = True
2025-10-19 02:38:30,785 - root - DEBUG - 加载设置: language = zh_CN
2025-10-19 02:38:30,785 - root - DEBUG - 加载设置: tool_update = {'update_mode': 'manual', 'check_frequency': 1, 'show_notification': True, 'last_check': None}
2025-10-19 02:38:30,785 - root - DEBUG - 加载设置: default_install_dir = C:\Users\15052\Desktop\BioNexus\BioNexus_1.2.2\installed_tools
2025-10-19 02:38:30,785 - root - DEBUG - 加载设置: conda_env_path = C:\Users\15052\Desktop\BioNexus\BioNexus_1.2.2\envs_cache
2025-10-19 02:38:30,785 - root - DEBUG - 加载设置: use_mirror_source = False
2025-10-19 02:38:30,785 - root - DEBUG - 加载设置: keep_install_cache = False
2025-10-19 02:38:30,785 - root - DEBUG - 加载设置: favorite_tools = []
2025-10-19 02:38:30,785 - root - INFO - 加载收藏列表: 0 个工具
2025-10-19 02:38:30,785 - root - INFO - 工具数据已从 C:\Users\15052\.bionexus\tools.json 加载成功
2025-10-19 02:38:30,786 - root - INFO - 初始化收藏列表: []
2025-10-19 02:38:30,784 - BioNexus.runtime - INFO - FastQC工具初始化完成: C:\Users\15052\Desktop\BioNexus\BioNexus_1.2.2\installed_tools\FastQC
2025-10-19 02:38:30,787 - root - INFO - 加载配置文件: C:\Users\15052\.bionexus\config.json
2025-10-19 02:38:30,788 - root - DEBUG - 加载设置: auto_update = True
2025-10-19 02:38:30,788 - root - DEBUG - 加载设置: check_tool_status_on_startup = True
2025-10-19 02:38:30,788 - root - DEBUG - 加载设置: show_detailed_install_log = True
2025-10-19 02:38:30,788 - root - DEBUG - 加载设置: language = zh_CN
2025-10-19 02:38:30,788 - root - DEBUG - 加载设置: tool_update = {'update_mode': 'manual', 'check_frequency': 1, 'show_notification': True, 'last_check': None}
2025-10-19 02:38:30,788 - root - DEBUG - 加载设置: default_install_dir = C:\Users\15052\Desktop\BioNexus\BioNexus_1.2.2\installed_tools
2025-10-19 02:38:30,788 - root - DEBUG - 加载设置: conda_env_path = C:\Users\15052\Desktop\BioNexus\BioNexus_1.2.2\envs_cache
2025-10-19 02:38:30,788 - root - DEBUG - 加载设置: use_mirror_source = False
2025-10-19 02:38:30,788 - root - DEBUG - 加载设置: keep_install_cache = False
2025-10-19 02:38:30,788 - root - DEBUG - 加载设置: favorite_tools = []
2025-10-19 02:38:30,788 - root - INFO - 加载收藏列表: 0 个工具
2025-10-19 02:38:30,789 - root - INFO - 工具数据已从 C:\Users\15052\.bionexus\tools.json 加载成功
2025-10-19 02:38:30,789 - root - INFO - 初始化收藏列表: []
2025-10-19 02:38:30,786 - BioNexus.runtime - INFO - 开始验证FastQC安装: C:\Users\15052\Desktop\BioNexus\BioNexus_1.2.2\installed_tools\FastQC
2025-10-19 02:38:30,791 - root - INFO - 加载配置文件: C:\Users\15052\.bionexus\config.json
2025-10-19 02:38:30,791 - root - DEBUG - 加载设置: auto_update = True
2025-10-19 02:38:30,791 - root - DEBUG - 加载设置: check_tool_status_on_startup = True
2025-10-19 02:38:30,791 - root - DEBUG - 加载设置: show_detailed_install_log = True
2025-10-19 02:38:30,791 - root - DEBUG - 加载设置: language = zh_CN
2025-10-19 02:38:30,791 - root - DEBUG - 加载设置: tool_update = {'update_mode': 'manual', 'check_frequency': 1, 'show_notification': True, 'last_check': None}
2025-10-19 02:38:30,791 - root - DEBUG - 加载设置: default_install_dir = C:\Users\15052\Desktop\BioNexus\BioNexus_1.2.2\installed_tools
2025-10-19 02:38:30,791 - root - DEBUG - 加载设置: conda_env_path = C:\Users\15052\Desktop\BioNexus\BioNexus_1.2.2\envs_cache
2025-10-19 02:38:30,791 - root - DEBUG - 加载设置: use_mirror_source = False
2025-10-19 02:38:30,791 - root - DEBUG - 加载设置: keep_install_cache = False
2025-10-19 02:38:30,791 - root - DEBUG - 加载设置: favorite_tools = []
2025-10-19 02:38:30,791 - root - INFO - 加载收藏列表: 0 个工具
2025-10-19 02:38:30,791 - root - INFO - 工具数据已从 C:\Users\15052\.bionexus\tools.json 加载成功
2025-10-19 02:38:30,792 - root - INFO - 初始化收藏列表: []
2025-10-19 02:38:30,790 - BioNexus.runtime - INFO - FastQC验证失败: 安装目录不存在 - C:\Users\15052\Desktop\BioNexus\BioNexus_1.2.2\installed_tools\FastQC
2025-10-19 02:38:30,793 - core.tool_registry - INFO - 已注册工具: FastQC
2025-10-19 02:38:30,845 - core.tool_registry - INFO - 已注册工具: HISAT2
2025-10-19 02:38:30,845 - core.tool_registry - INFO - 已注册工具: PlaceholderTool
2025-10-19 02:38:30,848 - root - INFO - 加载配置文件: C:\Users\15052\.bionexus\config.json
2025-10-19 02:38:30,848 - root - DEBUG - 加载设置: auto_update = True
2025-10-19 02:38:30,848 - root - DEBUG - 加载设置: check_tool_status_on_startup = True
2025-10-19 02:38:30,848 - root - DEBUG - 加载设置: show_detailed_install_log = True
2025-10-19 02:38:30,848 - root - DEBUG - 加载设置: language = zh_CN
2025-10-19 02:38:30,848 - root - DEBUG - 加载设置: tool_update = {'update_mode': 'manual', 'check_frequency': 1, 'show_notification': True, 'last_check': None}
2025-10-19 02:38:30,848 - root - DEBUG - 加载设置: default_install_dir = C:\Users\15052\Desktop\BioNexus\BioNexus_1.2.2\installed_tools
2025-10-19 02:38:30,848 - root - DEBUG - 加载设置: conda_env_path = C:\Users\15052\Desktop\BioNexus\BioNexus_1.2.2\envs_cache
2025-10-19 02:38:30,848 - root - DEBUG - 加载设置: use_mirror_source = False
2025-10-19 02:38:30,848 - root - DEBUG - 加载设置: keep_install_cache = False
2025-10-19 02:38:30,848 - root - DEBUG - 加载设置: favorite_tools = []
2025-10-19 02:38:30,848 - root - INFO - 加载收藏列表: 0 个工具
2025-10-19 02:38:30,849 - root - INFO - 工具数据已从 C:\Users\15052\.bionexus\tools.json 加载成功
2025-10-19 02:38:30,850 - root - INFO - 初始化收藏列表: []
2025-10-19 02:38:30,847 - BioNexus.runtime - INFO - IGV工具初始化完成: C:\Users\15052\Desktop\BioNexus\BioNexus_1.2.2\installed_tools\IGV
2025-10-19 02:38:30,851 - root - INFO - 加载配置文件: C:\Users\15052\.bionexus\config.json
2025-10-19 02:38:30,851 - root - DEBUG - 加载设置: auto_update = True
2025-10-19 02:38:30,851 - root - DEBUG - 加载设置: check_tool_status_on_startup = True
2025-10-19 02:38:30,851 - root - DEBUG - 加载设置: show_detailed_install_log = True
2025-10-19 02:38:30,851 - root - DEBUG - 加载设置: language = zh_CN
2025-10-19 02:38:30,851 - root - DEBUG - 加载设置: tool_update = {'update_mode': 'manual', 'check_frequency': 1, 'show_notification': True, 'last_check': None}
2025-10-19 02:38:30,851 - root - DEBUG - 加载设置: default_install_dir = C:\Users\15052\Desktop\BioNexus\BioNexus_1.2.2\installed_tools
2025-10-19 02:38:30,852 - root - DEBUG - 加载设置: conda_env_path = C:\Users\15052\Desktop\BioNexus\BioNexus_1.2.2\envs_cache
2025-10-19 02:38:30,852 - root - DEBUG - 加载设置: use_mirror_source = False
2025-10-19 02:38:30,852 - root - DEBUG - 加载设置: keep_install_cache = False
2025-10-19 02:38:30,852 - root - DEBUG - 加载设置: favorite_tools = []
2025-10-19 02:38:30,852 - root - INFO - 加载收藏列表: 0 个工具
2025-10-19 02:38:30,852 - root - INFO - 工具数据已从 C:\Users\15052\.bionexus\tools.json 加载成功
2025-10-19 02:38:30,852 - root - INFO - 初始化收藏列表: []
2025-10-19 02:38:30,851 - BioNexus.runtime - INFO - 开始验证IGV安装: C:\Users\15052\Desktop\BioNexus\BioNexus_1.2.2\installed_tools\IGV
2025-10-19 02:38:30,854 - root - INFO - 加载配置文件: C:\Users\15052\.bionexus\config.json
2025-10-19 02:38:30,854 - root - DEBUG - 加载设置: auto_update = True
2025-10-19 02:38:30,854 - root - DEBUG - 加载设置: check_tool_status_on_startup = True
2025-10-19 02:38:30,854 - root - DEBUG - 加载设置: show_detailed_install_log = True
2025-10-19 02:38:30,854 - root - DEBUG - 加载设置: language = zh_CN
2025-10-19 02:38:30,854 - root - DEBUG - 加载设置: tool_update = {'update_mode': 'manual', 'check_frequency': 1, 'show_notification': True, 'last_check': None}
2025-10-19 02:38:30,855 - root - DEBUG - 加载设置: default_install_dir = C:\Users\15052\Desktop\BioNexus\BioNexus_1.2.2\installed_tools
2025-10-19 02:38:30,855 - root - DEBUG - 加载设置: conda_env_path = C:\Users\15052\Desktop\BioNexus\BioNexus_1.2.2\envs_cache
2025-10-19 02:38:30,855 - root - DEBUG - 加载设置: use_mirror_source = False
2025-10-19 02:38:30,855 - root - DEBUG - 加载设置: keep_install_cache = False
2025-10-19 02:38:30,855 - root - DEBUG - 加载设置: favorite_tools = []
2025-10-19 02:38:30,855 - root - INFO - 加载收藏列表: 0 个工具
2025-10-19 02:38:30,855 - root - INFO - 工具数据已从 C:\Users\15052\.bionexus\tools.json 加载成功
2025-10-19 02:38:30,856 - root - INFO - 初始化收藏列表: []
2025-10-19 02:38:30,853 - BioNexus.runtime - INFO - IGV验证失败: 安装目录不存在 - C:\Users\15052\Desktop\BioNexus\BioNexus_1.2.2\installed_tools\IGV
2025-10-19 02:38:30,857 - core.tool_registry - INFO - 已注册工具: IGV
2025-10-19 02:38:30,858 - core.tool_registry - INFO - 已注册工具: IQ-TREE
2025-10-19 02:38:30,858 - core.tool_registry - INFO - 已注册工具: PlaceholderTool
2025-10-19 02:38:30,858 - core.tool_registry - INFO - 已注册工具: PlaceholderTool
2025-10-19 02:38:30,858 - core.tool_registry - INFO - 已注册工具: PlaceholderTool
2025-10-19 02:38:30,859 - core.tool_registry - INFO - 已注册工具: SAMtools
2025-10-19 02:38:30,861 - utils.launcher_utils - INFO - BioNexus v1.2.13 launcher started
2025-10-19 02:38:30,876 - BioNexus.startup - INFO - BioNexus 1.2.13 启动 - 会话ID: 20251019_023830
2025-10-19 02:38:30,876 - BioNexus.startup - INFO - 启动阶段 - 日志系统初始化: 成功 - 全面日志系统已启动
2025-10-19 02:38:30,877 - BioNexus - INFO - 日志系统初始化完成
2025-10-19 02:38:30,877 - BioNexus - INFO - 日志文件: C:\Users\15052\Desktop\BioNexus\BioNexus_1.2.18\logs\bionexus_20251019.log
2025-10-19 02:38:30,877 - BioNexus.startup - INFO - BioNexus 1.2.13 启动初始化
2025-10-19 02:38:30,877 - BioNexus.startup - INFO - 启动阶段 - 基础日志系统: 成功 - 标准logging已配置
2025-10-19 02:38:30,877 - BioNexus.startup - INFO - 错误处理器初始化完成
2025-10-19 02:38:30,878 - BioNexus.startup - INFO - 启动阶段 - 错误处理器: 成功 - 全局异常捕获已设置
2025-10-19 02:38:30,878 - BioNexus.performance - INFO - 性能 - 基础日志系统初始化: 1.64ms
2025-10-19 02:38:30,879 - BioNexus.startup - INFO - 模块导入 - ui.main_window.MainWindow: 成功
2025-10-19 02:38:30,879 - BioNexus.startup - INFO - 模块导入 - data.config.ConfigManager: 成功
2025-10-19 02:38:30,879 - BioNexus.startup - INFO - 模块导入 - utils.helpers.check_system_requirements: 成功
2025-10-19 02:38:30,880 - BioNexus.startup - INFO - 模块导入 - utils.unified_logger: 成功
2025-10-19 02:38:30,881 - BioNexus.performance - INFO - 性能 - 主要模块导入: 1.88ms
2025-10-19 02:38:30,881 - BioNexus.startup - INFO - 启动阶段 - 所有模块导入: 成功 - 核心模块导入完成
2025-10-19 02:38:30,886 - core.tool_registry - INFO - 已注册工具: BLAST
2025-10-19 02:38:30,886 - core.tool_registry - INFO - 已注册工具: PlaceholderTool
2025-10-19 02:38:30,886 - core.tool_registry - INFO - 已注册工具: BWA
2025-10-19 02:38:30,886 - core.tool_registry - INFO - 已注册工具: PlaceholderTool
2025-10-19 02:38:30,887 - root - INFO - 加载配置文件: C:\Users\15052\.bionexus\config.json
2025-10-19 02:38:30,887 - root - DEBUG - 加载设置: auto_update = True
2025-10-19 02:38:30,887 - root - DEBUG - 加载设置: check_tool_status_on_startup = True
2025-10-19 02:38:30,887 - root - DEBUG - 加载设置: show_detailed_install_log = True
2025-10-19 02:38:30,887 - root - DEBUG - 加载设置: language = zh_CN
2025-10-19 02:38:30,887 - root - DEBUG - 加载设置: tool_update = {'update_mode': 'manual', 'check_frequency': 1, 'show_notification': True, 'last_check': None}
2025-10-19 02:38:30,887 - root - DEBUG - 加载设置: default_install_dir = C:\Users\15052\Desktop\BioNexus\BioNexus_1.2.2\installed_tools
2025-10-19 02:38:30,887 - root - DEBUG - 加载设置: conda_env_path = C:\Users\15052\Desktop\BioNexus\BioNexus_1.2.2\envs_cache
2025-10-19 02:38:30,887 - root - DEBUG - 加载设置: use_mirror_source = False
2025-10-19 02:38:30,887 - root - DEBUG - 加载设置: keep_install_cache = False
2025-10-19 02:38:30,887 - root - DEBUG - 加载设置: favorite_tools = []
2025-10-19 02:38:30,887 - root - INFO - 加载收藏列表: 0 个工具
2025-10-19 02:38:30,888 - root - INFO - 工具数据已从 C:\Users\15052\.bionexus\tools.json 加载成功
2025-10-19 02:38:30,888 - root - INFO - 初始化收藏列表: []
2025-10-19 02:38:30,886 - BioNexus.runtime - INFO - FastQC工具初始化完成: C:\Users\15052\Desktop\BioNexus\BioNexus_1.2.2\installed_tools\FastQC
2025-10-19 02:38:30,889 - root - INFO - 加载配置文件: C:\Users\15052\.bionexus\config.json
2025-10-19 02:38:30,889 - root - DEBUG - 加载设置: auto_update = True
2025-10-19 02:38:30,889 - root - DEBUG - 加载设置: check_tool_status_on_startup = True
2025-10-19 02:38:30,889 - root - DEBUG - 加载设置: show_detailed_install_log = True
2025-10-19 02:38:30,889 - root - DEBUG - 加载设置: language = zh_CN
2025-10-19 02:38:30,889 - root - DEBUG - 加载设置: tool_update = {'update_mode': 'manual', 'check_frequency': 1, 'show_notification': True, 'last_check': None}
2025-10-19 02:38:30,889 - root - DEBUG - 加载设置: default_install_dir = C:\Users\15052\Desktop\BioNexus\BioNexus_1.2.2\installed_tools
2025-10-19 02:38:30,889 - root - DEBUG - 加载设置: conda_env_path = C:\Users\15052\Desktop\BioNexus\BioNexus_1.2.2\envs_cache
2025-10-19 02:38:30,889 - root - DEBUG - 加载设置: use_mirror_source = False
2025-10-19 02:38:30,889 - root - DEBUG - 加载设置: keep_install_cache = False
2025-10-19 02:38:30,889 - root - DEBUG - 加载设置: favorite_tools = []
2025-10-19 02:38:30,890 - root - INFO - 加载收藏列表: 0 个工具
2025-10-19 02:38:30,890 - root - INFO - 工具数据已从 C:\Users\15052\.bionexus\tools.json 加载成功
2025-10-19 02:38:30,891 - root - INFO - 初始化收藏列表: []
2025-10-19 02:38:30,889 - BioNexus.runtime - INFO - 开始验证FastQC安装: C:\Users\15052\Desktop\BioNexus\BioNexus_1.2.2\installed_tools\FastQC
2025-10-19 02:38:30,892 - root - INFO - 加载配置文件: C:\Users\15052\.bionexus\config.json
2025-10-19 02:38:30,892 - root - DEBUG - 加载设置: auto_update = True
2025-10-19 02:38:30,892 - root - DEBUG - 加载设置: check_tool_status_on_startup = True
2025-10-19 02:38:30,892 - root - DEBUG - 加载设置: show_detailed_install_log = True
2025-10-19 02:38:30,892 - root - DEBUG - 加载设置: language = zh_CN
2025-10-19 02:38:30,892 - root - DEBUG - 加载设置: tool_update = {'update_mode': 'manual', 'check_frequency': 1, 'show_notification': True, 'last_check': None}
2025-10-19 02:38:30,892 - root - DEBUG - 加载设置: default_install_dir = C:\Users\15052\Desktop\BioNexus\BioNexus_1.2.2\installed_tools
2025-10-19 02:38:30,892 - root - DEBUG - 加载设置: conda_env_path = C:\Users\15052\Desktop\BioNexus\BioNexus_1.2.2\envs_cache
2025-10-19 02:38:30,892 - root - DEBUG - 加载设置: use_mirror_source = False
2025-10-19 02:38:30,892 - root - DEBUG - 加载设置: keep_install_cache = False
2025-10-19 02:38:30,892 - root - DEBUG - 加载设置: favorite_tools = []
2025-10-19 02:38:30,892 - root - INFO - 加载收藏列表: 0 个工具
2025-10-19 02:38:30,893 - root - INFO - 工具数据已从 C:\Users\15052\.bionexus\tools.json 加载成功
2025-10-19 02:38:30,893 - root - INFO - 初始化收藏列表: []
2025-10-19 02:38:30,891 - BioNexus.runtime - INFO - FastQC验证失败: 安装目录不存在 - C:\Users\15052\Desktop\BioNexus\BioNexus_1.2.2\installed_tools\FastQC
2025-10-19 02:38:30,894 - core.tool_registry - INFO - 已注册工具: FastQC
2025-10-19 02:38:30,894 - core.tool_registry - INFO - 已注册工具: HISAT2
2025-10-19 02:38:30,895 - core.tool_registry - INFO - 已注册工具: PlaceholderTool
2025-10-19 02:38:30,896 - root - INFO - 加载配置文件: C:\Users\15052\.bionexus\config.json
2025-10-19 02:38:30,896 - root - DEBUG - 加载设置: auto_update = True
2025-10-19 02:38:30,896 - root - DEBUG - 加载设置: check_tool_status_on_startup = True
2025-10-19 02:38:30,896 - root - DEBUG - 加载设置: show_detailed_install_log = True
2025-10-19 02:38:30,896 - root - DEBUG - 加载设置: language = zh_CN
2025-10-19 02:38:30,896 - root - DEBUG - 加载设置: tool_update = {'update_mode': 'manual', 'check_frequency': 1, 'show_notification': True, 'last_check': None}
2025-10-19 02:38:30,896 - root - DEBUG - 加载设置: default_install_dir = C:\Users\15052\Desktop\BioNexus\BioNexus_1.2.2\installed_tools
2025-10-19 02:38:30,896 - root - DEBUG - 加载设置: conda_env_path = C:\Users\15052\Desktop\BioNexus\BioNexus_1.2.2\envs_cache
2025-10-19 02:38:30,896 - root - DEBUG - 加载设置: use_mirror_source = False
2025-10-19 02:38:30,896 - root - DEBUG - 加载设置: keep_install_cache = False
2025-10-19 02:38:30,896 - root - DEBUG - 加载设置: favorite_tools = []
2025-10-19 02:38:30,896 - root - INFO - 加载收藏列表: 0 个工具
2025-10-19 02:38:30,897 - root - INFO - 工具数据已从 C:\Users\15052\.bionexus\tools.json 加载成功
2025-10-19 02:38:30,897 - root - INFO - 初始化收藏列表: []
2025-10-19 02:38:30,895 - BioNexus.runtime - INFO - IGV工具初始化完成: C:\Users\15052\Desktop\BioNexus\BioNexus_1.2.2\installed_tools\IGV
2025-10-19 02:38:30,898 - root - INFO - 加载配置文件: C:\Users\15052\.bionexus\config.json
2025-10-19 02:38:30,898 - root - DEBUG - 加载设置: auto_update = True
2025-10-19 02:38:30,898 - root - DEBUG - 加载设置: check_tool_status_on_startup = True
2025-10-19 02:38:30,898 - root - DEBUG - 加载设置: show_detailed_install_log = True
2025-10-19 02:38:30,899 - root - DEBUG - 加载设置: language = zh_CN
2025-10-19 02:38:30,899 - root - DEBUG - 加载设置: tool_update = {'update_mode': 'manual', 'check_frequency': 1, 'show_notification': True, 'last_check': None}
2025-10-19 02:38:30,899 - root - DEBUG - 加载设置: default_install_dir = C:\Users\15052\Desktop\BioNexus\BioNexus_1.2.2\installed_tools
2025-10-19 02:38:30,899 - root - DEBUG - 加载设置: conda_env_path = C:\Users\15052\Desktop\BioNexus\BioNexus_1.2.2\envs_cache
2025-10-19 02:38:30,899 - root - DEBUG - 加载设置: use_mirror_source = False
2025-10-19 02:38:30,899 - root - DEBUG - 加载设置: keep_install_cache = False
2025-10-19 02:38:30,899 - root - DEBUG - 加载设置: favorite_tools = []
2025-10-19 02:38:30,899 - root - INFO - 加载收藏列表: 0 个工具
2025-10-19 02:38:30,899 - root - INFO - 工具数据已从 C:\Users\15052\.bionexus\tools.json 加载成功
2025-10-19 02:38:30,899 - root - INFO - 初始化收藏列表: []
2025-10-19 02:38:30,898 - BioNexus.runtime - INFO - 开始验证IGV安装: C:\Users\15052\Desktop\BioNexus\BioNexus_1.2.2\installed_tools\IGV
2025-10-19 02:38:30,900 - root - INFO - 加载配置文件: C:\Users\15052\.bionexus\config.json
2025-10-19 02:38:30,900 - root - DEBUG - 加载设置: auto_update = True
2025-10-19 02:38:30,900 - root - DEBUG - 加载设置: check_tool_status_on_startup = True
2025-10-19 02:38:30,900 - root - DEBUG - 加载设置: show_detailed_install_log = True
2025-10-19 02:38:30,901 - root - DEBUG - 加载设置: language = zh_CN
2025-10-19 02:38:30,901 - root - DEBUG - 加载设置: tool_update = {'update_mode': 'manual', 'check_frequency': 1, 'show_notification': True, 'last_check': None}
2025-10-19 02:38:30,901 - root - DEBUG - 加载设置: default_install_dir = C:\Users\15052\Desktop\BioNexus\BioNexus_1.2.2\installed_tools
2025-10-19 02:38:30,901 - root - DEBUG - 加载设置: conda_env_path = C:\Users\15052\Desktop\BioNexus\BioNexus_1.2.2\envs_cache
2025-10-19 02:38:30,901 - root - DEBUG - 加载设置: use_mirror_source = False
2025-10-19 02:38:30,901 - root - DEBUG - 加载设置: keep_install_cache = False
2025-10-19 02:38:30,901 - root - DEBUG - 加载设置: favorite_tools = []
2025-10-19 02:38:30,901 - root - INFO - 加载收藏列表: 0 个工具
2025-10-19 02:38:30,901 - root - INFO - 工具数据已从 C:\Users\15052\.bionexus\tools.json 加载成功
2025-10-19 02:38:30,901 - root - INFO - 初始化收藏列表: []
2025-10-19 02:38:30,900 - BioNexus.runtime - INFO - IGV验证失败: 安装目录不存在 - C:\Users\15052\Desktop\BioNexus\BioNexus_1.2.2\installed_tools\IGV
2025-10-19 02:38:30,902 - core.tool_registry - INFO - 已注册工具: IGV
2025-10-19 02:38:30,902 - core.tool_registry - INFO - 已注册工具: IQ-TREE
2025-10-19 02:38:30,903 - core.tool_registry - INFO - 已注册工具: PlaceholderTool
2025-10-19 02:38:30,903 - core.tool_registry - INFO - 已注册工具: PlaceholderTool
2025-10-19 02:38:30,903 - core.tool_registry - INFO - 已注册工具: PlaceholderTool
2025-10-19 02:38:30,903 - core.tool_registry - INFO - 已注册工具: SAMtools
2025-10-19 02:38:30,904 - root - INFO - 加载配置文件: C:\Users\15052\.bionexus\config.json
2025-10-19 02:38:30,904 - root - DEBUG - 加载设置: auto_update = True
2025-10-19 02:38:30,904 - root - DEBUG - 加载设置: check_tool_status_on_startup = True
2025-10-19 02:38:30,904 - root - DEBUG - 加载设置: show_detailed_install_log = True
2025-10-19 02:38:30,904 - root - DEBUG - 加载设置: language = zh_CN
2025-10-19 02:38:30,904 - root - DEBUG - 加载设置: tool_update = {'update_mode': 'manual', 'check_frequency': 1, 'show_notification': True, 'last_check': None}
2025-10-19 02:38:30,904 - root - DEBUG - 加载设置: default_install_dir = C:\Users\15052\Desktop\BioNexus\BioNexus_1.2.2\installed_tools
2025-10-19 02:38:30,904 - root - DEBUG - 加载设置: conda_env_path = C:\Users\15052\Desktop\BioNexus\BioNexus_1.2.2\envs_cache
2025-10-19 02:38:30,904 - root - DEBUG - 加载设置: use_mirror_source = False
2025-10-19 02:38:30,904 - root - DEBUG - 加载设置: keep_install_cache = False
2025-10-19 02:38:30,904 - root - DEBUG - 加载设置: favorite_tools = []
2025-10-19 02:38:30,904 - root - INFO - 加载收藏列表: 0 个工具
2025-10-19 02:38:30,905 - root - INFO - 工具数据已从 C:\Users\15052\.bionexus\tools.json 加载成功
2025-10-19 02:38:30,905 - root - INFO - 初始化收藏列表: []
2025-10-19 02:38:30,903 - BioNexus.runtime - INFO - 工具更新定时检查已设置：每1天
2025-10-19 02:38:30,907 - root - INFO - 加载配置文件: C:\Users\15052\.bionexus\config.json
2025-10-19 02:38:30,907 - root - DEBUG - 加载设置: auto_update = True
2025-10-19 02:38:30,907 - root - DEBUG - 加载设置: check_tool_status_on_startup = True
2025-10-19 02:38:30,907 - root - DEBUG - 加载设置: show_detailed_install_log = True
2025-10-19 02:38:30,907 - root - DEBUG - 加载设置: language = zh_CN
2025-10-19 02:38:30,907 - root - DEBUG - 加载设置: tool_update = {'update_mode': 'manual', 'check_frequency': 1, 'show_notification': True, 'last_check': None}
2025-10-19 02:38:30,907 - root - DEBUG - 加载设置: default_install_dir = C:\Users\15052\Desktop\BioNexus\BioNexus_1.2.2\installed_tools
2025-10-19 02:38:30,907 - root - DEBUG - 加载设置: conda_env_path = C:\Users\15052\Desktop\BioNexus\BioNexus_1.2.2\envs_cache
2025-10-19 02:38:30,907 - root - DEBUG - 加载设置: use_mirror_source = False
2025-10-19 02:38:30,907 - root - DEBUG - 加载设置: keep_install_cache = False
2025-10-19 02:38:30,907 - root - DEBUG - 加载设置: favorite_tools = []
2025-10-19 02:38:30,907 - root - INFO - 加载收藏列表: 0 个工具
2025-10-19 02:38:30,908 - root - INFO - 工具数据已从 C:\Users\15052\.bionexus\tools.json 加载成功
2025-10-19 02:38:30,908 - root - INFO - 初始化收藏列表: []
2025-10-19 02:38:30,906 - BioNexus.runtime - INFO - 工具更新服务初始化完成
2025-10-19 02:38:30,909 - root - INFO - 加载配置文件: C:\Users\15052\.bionexus\config.json
2025-10-19 02:38:30,909 - root - DEBUG - 加载设置: auto_update = True
2025-10-19 02:38:30,909 - root - DEBUG - 加载设置: check_tool_status_on_startup = True
2025-10-19 02:38:30,909 - root - DEBUG - 加载设置: show_detailed_install_log = True
2025-10-19 02:38:30,910 - root - DEBUG - 加载设置: language = zh_CN
2025-10-19 02:38:30,910 - root - DEBUG - 加载设置: tool_update = {'update_mode': 'manual', 'check_frequency': 1, 'show_notification': True, 'last_check': None}
2025-10-19 02:38:30,910 - root - DEBUG - 加载设置: default_install_dir = C:\Users\15052\Desktop\BioNexus\BioNexus_1.2.2\installed_tools
2025-10-19 02:38:30,910 - root - DEBUG - 加载设置: conda_env_path = C:\Users\15052\Desktop\BioNexus\BioNexus_1.2.2\envs_cache
2025-10-19 02:38:30,910 - root - DEBUG - 加载设置: use_mirror_source = False
2025-10-19 02:38:30,910 - root - DEBUG - 加载设置: keep_install_cache = False
2025-10-19 02:38:30,910 - root - DEBUG - 加载设置: favorite_tools = []
2025-10-19 02:38:30,910 - root - INFO - 加载收藏列表: 0 个工具
2025-10-19 02:38:30,910 - root - INFO - 工具数据已从 C:\Users\15052\.bionexus\tools.json 加载成功
2025-10-19 02:38:30,911 - root - INFO - 初始化收藏列表: []
2025-10-19 02:38:30,909 - BioNexus.runtime - INFO - 工具更新控制器初始化完成
2025-10-19 02:38:31,255 - root - INFO - 加载配置文件: C:\Users\15052\.bionexus\config.json
2025-10-19 02:38:31,255 - root - DEBUG - 加载设置: auto_update = True
2025-10-19 02:38:31,255 - root - DEBUG - 加载设置: check_tool_status_on_startup = True
2025-10-19 02:38:31,255 - root - DEBUG - 加载设置: show_detailed_install_log = True
2025-10-19 02:38:31,255 - root - DEBUG - 加载设置: language = zh_CN
2025-10-19 02:38:31,255 - root - DEBUG - 加载设置: tool_update = {'update_mode': 'manual', 'check_frequency': 1, 'show_notification': True, 'last_check': None}
2025-10-19 02:38:31,255 - root - DEBUG - 加载设置: default_install_dir = C:\Users\15052\Desktop\BioNexus\BioNexus_1.2.2\installed_tools
2025-10-19 02:38:31,255 - root - DEBUG - 加载设置: conda_env_path = C:\Users\15052\Desktop\BioNexus\BioNexus_1.2.2\envs_cache
2025-10-19 02:38:31,256 - root - DEBUG - 加载设置: use_mirror_source = False
2025-10-19 02:38:31,256 - root - DEBUG - 加载设置: keep_install_cache = False
2025-10-19 02:38:31,256 - root - DEBUG - 加载设置: favorite_tools = []
2025-10-19 02:38:31,256 - root - INFO - 加载收藏列表: 0 个工具
2025-10-19 02:38:31,256 - root - INFO - 工具数据已从 C:\Users\15052\.bionexus\tools.json 加载成功
2025-10-19 02:38:31,257 - root - INFO - 初始化收藏列表: []
2025-10-19 02:38:31,258 - root - INFO - 加载配置文件: C:\Users\15052\.bionexus\config.json
2025-10-19 02:38:31,258 - root - DEBUG - 加载设置: auto_update = True
2025-10-19 02:38:31,258 - root - DEBUG - 加载设置: check_tool_status_on_startup = True
2025-10-19 02:38:31,258 - root - DEBUG - 加载设置: show_detailed_install_log = True
2025-10-19 02:38:31,258 - root - DEBUG - 加载设置: language = zh_CN
2025-10-19 02:38:31,258 - root - DEBUG - 加载设置: tool_update = {'update_mode': 'manual', 'check_frequency': 1, 'show_notification': True, 'last_check': None}
2025-10-19 02:38:31,258 - root - DEBUG - 加载设置: default_install_dir = C:\Users\15052\Desktop\BioNexus\BioNexus_1.2.2\installed_tools
2025-10-19 02:38:31,258 - root - DEBUG - 加载设置: conda_env_path = C:\Users\15052\Desktop\BioNexus\BioNexus_1.2.2\envs_cache
2025-10-19 02:38:31,258 - root - DEBUG - 加载设置: use_mirror_source = False
2025-10-19 02:38:31,258 - root - DEBUG - 加载设置: keep_install_cache = False
2025-10-19 02:38:31,258 - root - DEBUG - 加载设置: favorite_tools = []
2025-10-19 02:38:31,259 - root - INFO - 加载收藏列表: 0 个工具
2025-10-19 02:38:31,259 - root - INFO - 工具数据已从 C:\Users\15052\.bionexus\tools.json 加载成功
2025-10-19 02:38:31,259 - root - INFO - 初始化收藏列表: []
2025-10-19 02:38:31,268 - root - INFO - 加载配置文件: C:\Users\15052\.bionexus\config.json
2025-10-19 02:38:31,268 - root - DEBUG - 加载设置: auto_update = True
2025-10-19 02:38:31,268 - root - DEBUG - 加载设置: check_tool_status_on_startup = True
2025-10-19 02:38:31,268 - root - DEBUG - 加载设置: show_detailed_install_log = True
2025-10-19 02:38:31,268 - root - DEBUG - 加载设置: language = zh_CN
2025-10-19 02:38:31,269 - root - DEBUG - 加载设置: tool_update = {'update_mode': 'manual', 'check_frequency': 1, 'show_notification': True, 'last_check': None}
2025-10-19 02:38:31,269 - root - DEBUG - 加载设置: default_install_dir = C:\Users\15052\Desktop\BioNexus\BioNexus_1.2.2\installed_tools
2025-10-19 02:38:31,269 - root - DEBUG - 加载设置: conda_env_path = C:\Users\15052\Desktop\BioNexus\BioNexus_1.2.2\envs_cache
2025-10-19 02:38:31,269 - root - DEBUG - 加载设置: use_mirror_source = False
2025-10-19 02:38:31,269 - root - DEBUG - 加载设置: keep_install_cache = False
2025-10-19 02:38:31,269 - root - DEBUG - 加载设置: favorite_tools = []
2025-10-19 02:38:31,269 - root - INFO - 加载收藏列表: 0 个工具
2025-10-19 02:38:31,271 - root - INFO - 工具数据已从 C:\Users\15052\.bionexus\tools.json 加载成功
2025-10-19 02:38:31,272 - root - INFO - 初始化收藏列表: []
2025-10-19 02:38:31,267 - BioNexus.runtime - INFO - FastQC版本信息已异步更新: 0.12.1
2025-10-19 02:38:31,275 - root - INFO - 加载配置文件: C:\Users\15052\.bionexus\config.json
2025-10-19 02:38:31,276 - root - DEBUG - 加载设置: auto_update = True
2025-10-19 02:38:31,276 - root - DEBUG - 加载设置: check_tool_status_on_startup = True
2025-10-19 02:38:31,276 - root - DEBUG - 加载设置: show_detailed_install_log = True
2025-10-19 02:38:31,276 - root - DEBUG - 加载设置: language = zh_CN
2025-10-19 02:38:31,276 - root - DEBUG - 加载设置: tool_update = {'update_mode': 'manual', 'check_frequency': 1, 'show_notification': True, 'last_check': None}
2025-10-19 02:38:31,276 - root - DEBUG - 加载设置: default_install_dir = C:\Users\15052\Desktop\BioNexus\BioNexus_1.2.2\installed_tools
2025-10-19 02:38:31,276 - root - DEBUG - 加载设置: conda_env_path = C:\Users\15052\Desktop\BioNexus\BioNexus_1.2.2\envs_cache
2025-10-19 02:38:31,276 - root - DEBUG - 加载设置: use_mirror_source = False
2025-10-19 02:38:31,277 - root - DEBUG - 加载设置: keep_install_cache = False
2025-10-19 02:38:31,277 - root - DEBUG - 加载设置: favorite_tools = []
2025-10-19 02:38:31,277 - root - INFO - 加载收藏列表: 0 个工具
2025-10-19 02:38:31,278 - root - INFO - 工具数据已从 C:\Users\15052\.bionexus\tools.json 加载成功
2025-10-19 02:38:31,279 - root - INFO - 初始化收藏列表: []
2025-10-19 02:38:31,283 - root - INFO - 加载配置文件: C:\Users\15052\.bionexus\config.json
2025-10-19 02:38:31,284 - root - DEBUG - 加载设置: auto_update = True
2025-10-19 02:38:31,289 - root - DEBUG - 加载设置: check_tool_status_on_startup = True
2025-10-19 02:38:31,289 - root - DEBUG - 加载设置: show_detailed_install_log = True
2025-10-19 02:38:31,289 - root - DEBUG - 加载设置: language = zh_CN
2025-10-19 02:38:31,289 - root - DEBUG - 加载设置: tool_update = {'update_mode': 'manual', 'check_frequency': 1, 'show_notification': True, 'last_check': None}
2025-10-19 02:38:31,289 - root - DEBUG - 加载设置: default_install_dir = C:\Users\15052\Desktop\BioNexus\BioNexus_1.2.2\installed_tools
2025-10-19 02:38:31,289 - root - DEBUG - 加载设置: conda_env_path = C:\Users\15052\Desktop\BioNexus\BioNexus_1.2.2\envs_cache
2025-10-19 02:38:31,289 - root - DEBUG - 加载设置: use_mirror_source = False
2025-10-19 02:38:31,289 - root - DEBUG - 加载设置: keep_install_cache = False
2025-10-19 02:38:31,290 - root - DEBUG - 加载设置: favorite_tools = []
2025-10-19 02:38:31,290 - root - INFO - 加载收藏列表: 0 个工具
2025-10-19 02:38:31,290 - root - INFO - 工具数据已从 C:\Users\15052\.bionexus\tools.json 加载成功
2025-10-19 02:38:31,291 - root - INFO - 初始化收藏列表: []
2025-10-19 02:38:31,292 - root - INFO - 加载配置文件: C:\Users\15052\.bionexus\config.json
2025-10-19 02:38:31,293 - root - DEBUG - 加载设置: auto_update = True
2025-10-19 02:38:31,293 - root - DEBUG - 加载设置: check_tool_status_on_startup = True
2025-10-19 02:38:31,293 - root - DEBUG - 加载设置: show_detailed_install_log = True
2025-10-19 02:38:31,293 - root - DEBUG - 加载设置: language = zh_CN
2025-10-19 02:38:31,293 - root - DEBUG - 加载设置: tool_update = {'update_mode': 'manual', 'check_frequency': 1, 'show_notification': True, 'last_check': None}
2025-10-19 02:38:31,293 - root - DEBUG - 加载设置: default_install_dir = C:\Users\15052\Desktop\BioNexus\BioNexus_1.2.2\installed_tools
2025-10-19 02:38:31,293 - root - DEBUG - 加载设置: conda_env_path = C:\Users\15052\Desktop\BioNexus\BioNexus_1.2.2\envs_cache
2025-10-19 02:38:31,293 - root - DEBUG - 加载设置: use_mirror_source = False
2025-10-19 02:38:31,293 - root - DEBUG - 加载设置: keep_install_cache = False
2025-10-19 02:38:31,293 - root - DEBUG - 加载设置: favorite_tools = []
2025-10-19 02:38:31,294 - root - INFO - 加载收藏列表: 0 个工具
2025-10-19 02:38:31,294 - root - INFO - 工具数据已从 C:\Users\15052\.bionexus\tools.json 加载成功
2025-10-19 02:38:31,295 - root - INFO - 初始化收藏列表: []
2025-10-19 02:38:31,281 - BioNexus.runtime - INFO - FastQC版本信息已异步更新: 0.12.1
2025-10-19 02:38:31,313 - root - INFO - 设置已成功保存到 C:\Users\15052\.bionexus\config.json
2025-10-19 02:38:31,316 - root - INFO - 设置已成功保存到 C:\Users\15052\.bionexus\config.json
2025-10-19 02:38:31,317 - root - INFO - 设置已成功保存到 C:\Users\15052\.bionexus\config.json
2025-10-19 02:38:31,318 - root - INFO - 设置已成功保存到 C:\Users\15052\.bionexus\config.json
2025-10-19 02:38:31,319 - root - INFO - 设置已成功保存到 C:\Users\15052\.bionexus\config.json
2025-10-19 02:38:31,730 - root - INFO - 加载配置文件: C:\Users\15052\.bionexus\config.json
2025-10-19 02:38:31,730 - root - DEBUG - 加载设置: auto_update = True
2025-10-19 02:38:31,730 - root - DEBUG - 加载设置: check_tool_status_on_startup = True
2025-10-19 02:38:31,730 - root - DEBUG - 加载设置: show_detailed_install_log = True
2025-10-19 02:38:31,730 - root - DEBUG - 加载设置: language = zh_CN
2025-10-19 02:38:31,730 - root - DEBUG - 加载设置: tool_update = {'update_mode': 'manual', 'check_frequency': 1, 'show_notification': True, 'last_check': None}
2025-10-19 02:38:31,730 - root - DEBUG - 加载设置: default_install_dir = C:\Users\15052\Desktop\BioNexus\BioNexus_1.2.2\installed_tools
2025-10-19 02:38:31,730 - root - DEBUG - 加载设置: conda_env_path = C:\Users\15052\Desktop\BioNexus\BioNexus_1.2.2\envs_cache
2025-10-19 02:38:31,730 - root - DEBUG - 加载设置: use_mirror_source = False
2025-10-19 02:38:31,730 - root - DEBUG - 加载设置: keep_install_cache = False
2025-10-19 02:38:31,730 - root - DEBUG - 加载设置: favorite_tools = []
2025-10-19 02:38:31,730 - root - INFO - 加载收藏列表: 0 个工具
2025-10-19 02:38:31,731 - root - INFO - 工具数据已从 C:\Users\15052\.bionexus\tools.json 加载成功
2025-10-19 02:38:31,731 - root - INFO - 初始化收藏列表: []
2025-10-19 02:38:31,729 - BioNexus.runtime - INFO - 开始验证FastQC安装: C:\Users\15052\Desktop\BioNexus\BioNexus_1.2.2\installed_tools\FastQC
2025-10-19 02:38:31,732 - root - INFO - 加载配置文件: C:\Users\15052\.bionexus\config.json
2025-10-19 02:38:31,732 - root - DEBUG - 加载设置: auto_update = True
2025-10-19 02:38:31,732 - root - DEBUG - 加载设置: check_tool_status_on_startup = True
2025-10-19 02:38:31,732 - root - DEBUG - 加载设置: show_detailed_install_log = True
2025-10-19 02:38:31,732 - root - DEBUG - 加载设置: language = zh_CN
2025-10-19 02:38:31,732 - root - DEBUG - 加载设置: tool_update = {'update_mode': 'manual', 'check_frequency': 1, 'show_notification': True, 'last_check': None}
2025-10-19 02:38:31,732 - root - DEBUG - 加载设置: default_install_dir = C:\Users\15052\Desktop\BioNexus\BioNexus_1.2.2\installed_tools
2025-10-19 02:38:31,732 - root - DEBUG - 加载设置: conda_env_path = C:\Users\15052\Desktop\BioNexus\BioNexus_1.2.2\envs_cache
2025-10-19 02:38:31,733 - root - DEBUG - 加载设置: use_mirror_source = False
2025-10-19 02:38:31,733 - root - DEBUG - 加载设置: keep_install_cache = False
2025-10-19 02:38:31,733 - root - DEBUG - 加载设置: favorite_tools = []
2025-10-19 02:38:31,733 - root - INFO - 加载收藏列表: 0 个工具
2025-10-19 02:38:31,733 - root - INFO - 工具数据已从 C:\Users\15052\.bionexus\tools.json 加载成功
2025-10-19 02:38:31,733 - root - INFO - 初始化收藏列表: []
2025-10-19 02:38:31,732 - BioNexus.runtime - INFO - FastQC验证失败: 安装目录不存在 - C:\Users\15052\Desktop\BioNexus\BioNexus_1.2.2\installed_tools\FastQC
2025-10-19 02:38:31,734 - root - INFO - 加载配置文件: C:\Users\15052\.bionexus\config.json
2025-10-19 02:38:31,734 - root - DEBUG - 加载设置: auto_update = True
2025-10-19 02:38:31,734 - root - DEBUG - 加载设置: check_tool_status_on_startup = True
2025-10-19 02:38:31,734 - root - DEBUG - 加载设置: show_detailed_install_log = True
2025-10-19 02:38:31,734 - root - DEBUG - 加载设置: language = zh_CN
2025-10-19 02:38:31,734 - root - DEBUG - 加载设置: tool_update = {'update_mode': 'manual', 'check_frequency': 1, 'show_notification': True, 'last_check': None}
2025-10-19 02:38:31,734 - root - DEBUG - 加载设置: default_install_dir = C:\Users\15052\Desktop\BioNexus\BioNexus_1.2.2\installed_tools
2025-10-19 02:38:31,734 - root - DEBUG - 加载设置: conda_env_path = C:\Users\15052\Desktop\BioNexus\BioNexus_1.2.2\envs_cache
2025-10-19 02:38:31,734 - root - DEBUG - 加载设置: use_mirror_source = False
2025-10-19 02:38:31,734 - root - DEBUG - 加载设置: keep_install_cache = False
2025-10-19 02:38:31,735 - root - DEBUG - 加载设置: favorite_tools = []
2025-10-19 02:38:31,735 - root - INFO - 加载收藏列表: 0 个工具
2025-10-19 02:38:31,735 - root - INFO - 工具数据已从 C:\Users\15052\.bionexus\tools.json 加载成功
2025-10-19 02:38:31,735 - root - INFO - 初始化收藏列表: []
2025-10-19 02:38:31,734 - BioNexus.runtime - INFO - 开始验证IGV安装: C:\Users\15052\Desktop\BioNexus\BioNexus_1.2.2\installed_tools\IGV
2025-10-19 02:38:31,736 - root - INFO - 加载配置文件: C:\Users\15052\.bionexus\config.json
2025-10-19 02:38:31,736 - root - DEBUG - 加载设置: auto_update = True
2025-10-19 02:38:31,736 - root - DEBUG - 加载设置: check_tool_status_on_startup = True
2025-10-19 02:38:31,736 - root - DEBUG - 加载设置: show_detailed_install_log = True
2025-10-19 02:38:31,736 - root - DEBUG - 加载设置: language = zh_CN
2025-10-19 02:38:31,737 - root - DEBUG - 加载设置: tool_update = {'update_mode': 'manual', 'check_frequency': 1, 'show_notification': True, 'last_check': None}
2025-10-19 02:38:31,737 - root - DEBUG - 加载设置: default_install_dir = C:\Users\15052\Desktop\BioNexus\BioNexus_1.2.2\installed_tools
2025-10-19 02:38:31,737 - root - DEBUG - 加载设置: conda_env_path = C:\Users\15052\Desktop\BioNexus\BioNexus_1.2.2\envs_cache
2025-10-19 02:38:31,737 - root - DEBUG - 加载设置: use_mirror_source = False
2025-10-19 02:38:31,737 - root - DEBUG - 加载设置: keep_install_cache = False
2025-10-19 02:38:31,737 - root - DEBUG - 加载设置: favorite_tools = []
2025-10-19 02:38:31,737 - root - INFO - 加载收藏列表: 0 个工具
2025-10-19 02:38:31,737 - root - INFO - 工具数据已从 C:\Users\15052\.bionexus\tools.json 加载成功
2025-10-19 02:38:31,738 - root - INFO - 初始化收藏列表: []
2025-10-19 02:38:31,736 - BioNexus.runtime - INFO - IGV验证失败: 安装目录不存在 - C:\Users\15052\Desktop\BioNexus\BioNexus_1.2.2\installed_tools\IGV
2025-10-19 02:38:31,745 - root - INFO - 加载配置文件: C:\Users\15052\.bionexus\config.json
2025-10-19 02:38:31,745 - root - DEBUG - 加载设置: auto_update = True
2025-10-19 02:38:31,745 - root - DEBUG - 加载设置: check_tool_status_on_startup = True
2025-10-19 02:38:31,745 - root - DEBUG - 加载设置: show_detailed_install_log = True
2025-10-19 02:38:31,745 - root - DEBUG - 加载设置: language = zh_CN
2025-10-19 02:38:31,745 - root - DEBUG - 加载设置: tool_update = {'update_mode': 'manual', 'check_frequency': 1, 'show_notification': True, 'last_check': None}
2025-10-19 02:38:31,745 - root - DEBUG - 加载设置: default_install_dir = C:\Users\15052\Desktop\BioNexus\BioNexus_1.2.2\installed_tools
2025-10-19 02:38:31,745 - root - DEBUG - 加载设置: conda_env_path = C:\Users\15052\Desktop\BioNexus\BioNexus_1.2.2\envs_cache
2025-10-19 02:38:31,745 - root - DEBUG - 加载设置: use_mirror_source = False
2025-10-19 02:38:31,745 - root - DEBUG - 加载设置: keep_install_cache = False
2025-10-19 02:38:31,745 - root - DEBUG - 加载设置: favorite_tools = []
2025-10-19 02:38:31,745 - root - INFO - 加载收藏列表: 0 个工具
2025-10-19 02:38:31,746 - root - INFO - 工具数据已从 C:\Users\15052\.bionexus\tools.json 加载成功
2025-10-19 02:38:31,746 - root - INFO - 初始化收藏列表: []
2025-10-19 02:38:31,744 - BioNexus.runtime - INFO - 性能: 应用筛选条件 用时 0.000s
2025-10-19 02:38:31,747 - root - INFO - 加载配置文件: C:\Users\15052\.bionexus\config.json
2025-10-19 02:38:31,747 - root - DEBUG - 加载设置: auto_update = True
2025-10-19 02:38:31,747 - root - DEBUG - 加载设置: check_tool_status_on_startup = True
2025-10-19 02:38:31,747 - root - DEBUG - 加载设置: show_detailed_install_log = True
2025-10-19 02:38:31,747 - root - DEBUG - 加载设置: language = zh_CN
2025-10-19 02:38:31,747 - root - DEBUG - 加载设置: tool_update = {'update_mode': 'manual', 'check_frequency': 1, 'show_notification': True, 'last_check': None}
2025-10-19 02:38:31,747 - root - DEBUG - 加载设置: default_install_dir = C:\Users\15052\Desktop\BioNexus\BioNexus_1.2.2\installed_tools
2025-10-19 02:38:31,747 - root - DEBUG - 加载设置: conda_env_path = C:\Users\15052\Desktop\BioNexus\BioNexus_1.2.2\envs_cache
2025-10-19 02:38:31,747 - root - DEBUG - 加载设置: use_mirror_source = False
2025-10-19 02:38:31,747 - root - DEBUG - 加载设置: keep_install_cache = False
2025-10-19 02:38:31,747 - root - DEBUG - 加载设置: favorite_tools = []
2025-10-19 02:38:31,747 - root - INFO - 加载收藏列表: 0 个工具
2025-10-19 02:38:31,748 - root - INFO - 工具数据已从 C:\Users\15052\.bionexus\tools.json 加载成功
2025-10-19 02:38:31,748 - root - INFO - 初始化收藏列表: []
2025-10-19 02:38:31,746 - BioNexus.runtime - INFO - 性能: 更新工具显示 用时 0.018s
2025-10-19 02:38:31,750 - root - INFO - 加载配置文件: C:\Users\15052\.bionexus\config.json
2025-10-19 02:38:31,750 - root - DEBUG - 加载设置: auto_update = True
2025-10-19 02:38:31,751 - root - DEBUG - 加载设置: check_tool_status_on_startup = True
2025-10-19 02:38:31,751 - root - DEBUG - 加载设置: show_detailed_install_log = True
2025-10-19 02:38:31,751 - root - DEBUG - 加载设置: language = zh_CN
2025-10-19 02:38:31,751 - root - DEBUG - 加载设置: tool_update = {'update_mode': 'manual', 'check_frequency': 1, 'show_notification': True, 'last_check': None}
2025-10-19 02:38:31,751 - root - DEBUG - 加载设置: default_install_dir = C:\Users\15052\Desktop\BioNexus\BioNexus_1.2.2\installed_tools
2025-10-19 02:38:31,751 - root - DEBUG - 加载设置: conda_env_path = C:\Users\15052\Desktop\BioNexus\BioNexus_1.2.2\envs_cache
2025-10-19 02:38:31,751 - root - DEBUG - 加载设置: use_mirror_source = False
2025-10-19 02:38:31,751 - root - DEBUG - 加载设置: keep_install_cache = False
2025-10-19 02:38:31,751 - root - DEBUG - 加载设置: favorite_tools = []
2025-10-19 02:38:31,751 - root - INFO - 加载收藏列表: 0 个工具
2025-10-19 02:38:31,752 - root - INFO - 工具数据已从 C:\Users\15052\.bionexus\tools.json 加载成功
2025-10-19 02:38:31,752 - root - INFO - 初始化收藏列表: []
2025-10-19 02:38:31,754 - root - INFO - 加载配置文件: C:\Users\15052\.bionexus\config.json
2025-10-19 02:38:31,754 - root - DEBUG - 加载设置: auto_update = True
2025-10-19 02:38:31,754 - root - DEBUG - 加载设置: check_tool_status_on_startup = True
2025-10-19 02:38:31,755 - root - DEBUG - 加载设置: show_detailed_install_log = True
2025-10-19 02:38:31,755 - root - DEBUG - 加载设置: language = zh_CN
2025-10-19 02:38:31,755 - root - DEBUG - 加载设置: tool_update = {'update_mode': 'manual', 'check_frequency': 1, 'show_notification': True, 'last_check': None}
2025-10-19 02:38:31,755 - root - DEBUG - 加载设置: default_install_dir = C:\Users\15052\Desktop\BioNexus\BioNexus_1.2.2\installed_tools
2025-10-19 02:38:31,755 - root - DEBUG - 加载设置: conda_env_path = C:\Users\15052\Desktop\BioNexus\BioNexus_1.2.2\envs_cache
2025-10-19 02:38:31,755 - root - DEBUG - 加载设置: use_mirror_source = False
2025-10-19 02:38:31,755 - root - DEBUG - 加载设置: keep_install_cache = False
2025-10-19 02:38:31,755 - root - DEBUG - 加载设置: favorite_tools = []
2025-10-19 02:38:31,755 - root - INFO - 加载收藏列表: 0 个工具
2025-10-19 02:38:31,756 - root - INFO - 工具数据已从 C:\Users\15052\.bionexus\tools.json 加载成功
2025-10-19 02:38:31,756 - root - INFO - 初始化收藏列表: []
2025-10-19 02:38:31,754 - BioNexus.runtime - INFO - 开始验证FastQC安装: C:\Users\15052\Desktop\BioNexus\BioNexus_1.2.2\installed_tools\FastQC
2025-10-19 02:38:31,758 - root - INFO - 加载配置文件: C:\Users\15052\.bionexus\config.json
2025-10-19 02:38:31,758 - root - DEBUG - 加载设置: auto_update = True
2025-10-19 02:38:31,758 - root - DEBUG - 加载设置: check_tool_status_on_startup = True
2025-10-19 02:38:31,758 - root - DEBUG - 加载设置: show_detailed_install_log = True
2025-10-19 02:38:31,758 - root - DEBUG - 加载设置: language = zh_CN
2025-10-19 02:38:31,758 - root - DEBUG - 加载设置: tool_update = {'update_mode': 'manual', 'check_frequency': 1, 'show_notification': True, 'last_check': None}
2025-10-19 02:38:31,758 - root - DEBUG - 加载设置: default_install_dir = C:\Users\15052\Desktop\BioNexus\BioNexus_1.2.2\installed_tools
2025-10-19 02:38:31,758 - root - DEBUG - 加载设置: conda_env_path = C:\Users\15052\Desktop\BioNexus\BioNexus_1.2.2\envs_cache
2025-10-19 02:38:31,758 - root - DEBUG - 加载设置: use_mirror_source = False
2025-10-19 02:38:31,758 - root - DEBUG - 加载设置: keep_install_cache = False
2025-10-19 02:38:31,759 - root - DEBUG - 加载设置: favorite_tools = []
2025-10-19 02:38:31,759 - root - INFO - 加载收藏列表: 0 个工具
2025-10-19 02:38:31,759 - root - INFO - 工具数据已从 C:\Users\15052\.bionexus\tools.json 加载成功
2025-10-19 02:38:31,759 - root - INFO - 初始化收藏列表: []
2025-10-19 02:38:31,757 - BioNexus.runtime - INFO - FastQC验证失败: 安装目录不存在 - C:\Users\15052\Desktop\BioNexus\BioNexus_1.2.2\installed_tools\FastQC
2025-10-19 02:38:31,761 - root - INFO - 加载配置文件: C:\Users\15052\.bionexus\config.json
2025-10-19 02:38:31,761 - root - DEBUG - 加载设置: auto_update = True
2025-10-19 02:38:31,761 - root - DEBUG - 加载设置: check_tool_status_on_startup = True
2025-10-19 02:38:31,761 - root - DEBUG - 加载设置: show_detailed_install_log = True
2025-10-19 02:38:31,761 - root - DEBUG - 加载设置: language = zh_CN
2025-10-19 02:38:31,761 - root - DEBUG - 加载设置: tool_update = {'update_mode': 'manual', 'check_frequency': 1, 'show_notification': True, 'last_check': None}
2025-10-19 02:38:31,761 - root - DEBUG - 加载设置: default_install_dir = C:\Users\15052\Desktop\BioNexus\BioNexus_1.2.2\installed_tools
2025-10-19 02:38:31,761 - root - DEBUG - 加载设置: conda_env_path = C:\Users\15052\Desktop\BioNexus\BioNexus_1.2.2\envs_cache
2025-10-19 02:38:31,762 - root - DEBUG - 加载设置: use_mirror_source = False
2025-10-19 02:38:31,762 - root - DEBUG - 加载设置: keep_install_cache = False
2025-10-19 02:38:31,762 - root - DEBUG - 加载设置: favorite_tools = []
2025-10-19 02:38:31,762 - root - INFO - 加载收藏列表: 0 个工具
2025-10-19 02:38:31,762 - root - INFO - 工具数据已从 C:\Users\15052\.bionexus\tools.json 加载成功
2025-10-19 02:38:31,763 - root - INFO - 初始化收藏列表: []
2025-10-19 02:38:31,760 - BioNexus.runtime - INFO - 开始验证IGV安装: C:\Users\15052\Desktop\BioNexus\BioNexus_1.2.2\installed_tools\IGV
2025-10-19 02:38:31,764 - root - INFO - 加载配置文件: C:\Users\15052\.bionexus\config.json
2025-10-19 02:38:31,764 - root - DEBUG - 加载设置: auto_update = True
2025-10-19 02:38:31,764 - root - DEBUG - 加载设置: check_tool_status_on_startup = True
2025-10-19 02:38:31,764 - root - DEBUG - 加载设置: show_detailed_install_log = True
2025-10-19 02:38:31,764 - root - DEBUG - 加载设置: language = zh_CN
2025-10-19 02:38:31,764 - root - DEBUG - 加载设置: tool_update = {'update_mode': 'manual', 'check_frequency': 1, 'show_notification': True, 'last_check': None}
2025-10-19 02:38:31,764 - root - DEBUG - 加载设置: default_install_dir = C:\Users\15052\Desktop\BioNexus\BioNexus_1.2.2\installed_tools
2025-10-19 02:38:31,764 - root - DEBUG - 加载设置: conda_env_path = C:\Users\15052\Desktop\BioNexus\BioNexus_1.2.2\envs_cache
2025-10-19 02:38:31,764 - root - DEBUG - 加载设置: use_mirror_source = False
2025-10-19 02:38:31,764 - root - DEBUG - 加载设置: keep_install_cache = False
2025-10-19 02:38:31,764 - root - DEBUG - 加载设置: favorite_tools = []
2025-10-19 02:38:31,765 - root - INFO - 加载收藏列表: 0 个工具
2025-10-19 02:38:31,765 - root - INFO - 工具数据已从 C:\Users\15052\.bionexus\tools.json 加载成功
2025-10-19 02:38:31,765 - root - INFO - 初始化收藏列表: []
2025-10-19 02:38:31,763 - BioNexus.runtime - INFO - IGV验证失败: 安装目录不存在 - C:\Users\15052\Desktop\BioNexus\BioNexus_1.2.2\installed_tools\IGV
2025-10-19 02:38:31,776 - root - INFO - 加载配置文件: C:\Users\15052\.bionexus\config.json
2025-10-19 02:38:31,776 - root - DEBUG - 加载设置: auto_update = True
2025-10-19 02:38:31,776 - root - DEBUG - 加载设置: check_tool_status_on_startup = True
2025-10-19 02:38:31,776 - root - DEBUG - 加载设置: show_detailed_install_log = True
2025-10-19 02:38:31,776 - root - DEBUG - 加载设置: language = zh_CN
2025-10-19 02:38:31,777 - root - DEBUG - 加载设置: tool_update = {'update_mode': 'manual', 'check_frequency': 1, 'show_notification': True, 'last_check': None}
2025-10-19 02:38:31,777 - root - DEBUG - 加载设置: default_install_dir = C:\Users\15052\Desktop\BioNexus\BioNexus_1.2.2\installed_tools
2025-10-19 02:38:31,777 - root - DEBUG - 加载设置: conda_env_path = C:\Users\15052\Desktop\BioNexus\BioNexus_1.2.2\envs_cache
2025-10-19 02:38:31,777 - root - DEBUG - 加载设置: use_mirror_source = False
2025-10-19 02:38:31,777 - root - DEBUG - 加载设置: keep_install_cache = False
2025-10-19 02:38:31,777 - root - DEBUG - 加载设置: favorite_tools = []
2025-10-19 02:38:31,777 - root - INFO - 加载收藏列表: 0 个工具
2025-10-19 02:38:31,778 - root - INFO - 工具数据已从 C:\Users\15052\.bionexus\tools.json 加载成功
2025-10-19 02:38:31,778 - root - INFO - 初始化收藏列表: []
2025-10-19 02:38:31,775 - BioNexus.runtime - INFO - 性能: 应用筛选条件 用时 0.000s
2025-10-19 02:38:31,780 - root - INFO - 加载配置文件: C:\Users\15052\.bionexus\config.json
2025-10-19 02:38:31,780 - root - DEBUG - 加载设置: auto_update = True
2025-10-19 02:38:31,780 - root - DEBUG - 加载设置: check_tool_status_on_startup = True
2025-10-19 02:38:31,780 - root - DEBUG - 加载设置: show_detailed_install_log = True
2025-10-19 02:38:31,780 - root - DEBUG - 加载设置: language = zh_CN
2025-10-19 02:38:31,780 - root - DEBUG - 加载设置: tool_update = {'update_mode': 'manual', 'check_frequency': 1, 'show_notification': True, 'last_check': None}
2025-10-19 02:38:31,780 - root - DEBUG - 加载设置: default_install_dir = C:\Users\15052\Desktop\BioNexus\BioNexus_1.2.2\installed_tools
2025-10-19 02:38:31,780 - root - DEBUG - 加载设置: conda_env_path = C:\Users\15052\Desktop\BioNexus\BioNexus_1.2.2\envs_cache
2025-10-19 02:38:31,780 - root - DEBUG - 加载设置: use_mirror_source = False
2025-10-19 02:38:31,780 - root - DEBUG - 加载设置: keep_install_cache = False
2025-10-19 02:38:31,780 - root - DEBUG - 加载设置: favorite_tools = []
2025-10-19 02:38:31,781 - root - INFO - 加载收藏列表: 0 个工具
2025-10-19 02:38:31,781 - root - INFO - 工具数据已从 C:\Users\15052\.bionexus\tools.json 加载成功
2025-10-19 02:38:31,781 - root - INFO - 初始化收藏列表: []
2025-10-19 02:38:31,779 - BioNexus.runtime - INFO - 性能: 更新工具显示 用时 0.026s
2025-10-19 02:38:31,782 - root - INFO - 加载配置文件: C:\Users\15052\.bionexus\config.json
2025-10-19 02:38:31,782 - root - DEBUG - 加载设置: auto_update = True
2025-10-19 02:38:31,782 - root - DEBUG - 加载设置: check_tool_status_on_startup = True
2025-10-19 02:38:31,782 - root - DEBUG - 加载设置: show_detailed_install_log = True
2025-10-19 02:38:31,782 - root - DEBUG - 加载设置: language = zh_CN
2025-10-19 02:38:31,782 - root - DEBUG - 加载设置: tool_update = {'update_mode': 'manual', 'check_frequency': 1, 'show_notification': True, 'last_check': None}
2025-10-19 02:38:31,782 - root - DEBUG - 加载设置: default_install_dir = C:\Users\15052\Desktop\BioNexus\BioNexus_1.2.2\installed_tools
2025-10-19 02:38:31,783 - root - DEBUG - 加载设置: conda_env_path = C:\Users\15052\Desktop\BioNexus\BioNexus_1.2.2\envs_cache
2025-10-19 02:38:31,783 - root - DEBUG - 加载设置: use_mirror_source = False
2025-10-19 02:38:31,783 - root - DEBUG - 加载设置: keep_install_cache = False
2025-10-19 02:38:31,783 - root - DEBUG - 加载设置: favorite_tools = []
2025-10-19 02:38:31,783 - root - INFO - 加载收藏列表: 0 个工具
2025-10-19 02:38:31,783 - root - INFO - 工具数据已从 C:\Users\15052\.bionexus\tools.json 加载成功
2025-10-19 02:38:31,783 - root - INFO - 初始化收藏列表: []
2025-10-19 02:38:31,782 - BioNexus.runtime - INFO - 性能: 视图切换 用时 0.032s
2025-10-19 02:38:31,784 - root - INFO - 加载配置文件: C:\Users\15052\.bionexus\config.json
2025-10-19 02:38:31,784 - root - DEBUG - 加载设置: auto_update = True
2025-10-19 02:38:31,784 - root - DEBUG - 加载设置: check_tool_status_on_startup = True
2025-10-19 02:38:31,785 - root - DEBUG - 加载设置: show_detailed_install_log = True
2025-10-19 02:38:31,785 - root - DEBUG - 加载设置: language = zh_CN
2025-10-19 02:38:31,785 - root - DEBUG - 加载设置: tool_update = {'update_mode': 'manual', 'check_frequency': 1, 'show_notification': True, 'last_check': None}
2025-10-19 02:38:31,785 - root - DEBUG - 加载设置: default_install_dir = C:\Users\15052\Desktop\BioNexus\BioNexus_1.2.2\installed_tools
2025-10-19 02:38:31,785 - root - DEBUG - 加载设置: conda_env_path = C:\Users\15052\Desktop\BioNexus\BioNexus_1.2.2\envs_cache
2025-10-19 02:38:31,785 - root - DEBUG - 加载设置: use_mirror_source = False
2025-10-19 02:38:31,785 - root - DEBUG - 加载设置: keep_install_cache = False
2025-10-19 02:38:31,785 - root - DEBUG - 加载设置: favorite_tools = []
2025-10-19 02:38:31,785 - root - INFO - 加载收藏列表: 0 个工具
2025-10-19 02:38:31,786 - root - INFO - 工具数据已从 C:\Users\15052\.bionexus\tools.json 加载成功
2025-10-19 02:38:31,786 - root - INFO - 初始化收藏列表: []
2025-10-19 02:38:31,784 - BioNexus.runtime - INFO - 开始检查工具更新 (手动: False)
2025-10-19 02:38:31,802 - root - INFO - 加载配置文件: C:\Users\15052\.bionexus\config.json
2025-10-19 02:38:31,802 - root - DEBUG - 加载设置: auto_update = True
2025-10-19 02:38:31,802 - root - DEBUG - 加载设置: check_tool_status_on_startup = True
2025-10-19 02:38:31,802 - root - DEBUG - 加载设置: show_detailed_install_log = True
2025-10-19 02:38:31,802 - root - DEBUG - 加载设置: language = zh_CN
2025-10-19 02:38:31,838 - root - DEBUG - 加载设置: tool_update = {'update_mode': 'manual', 'check_frequency': 1, 'show_notification': True, 'last_check': None}
2025-10-19 02:38:31,839 - root - DEBUG - 加载设置: default_install_dir = C:\Users\15052\Desktop\BioNexus\BioNexus_1.2.2\installed_tools
2025-10-19 02:38:31,839 - root - DEBUG - 加载设置: conda_env_path = C:\Users\15052\Desktop\BioNexus\BioNexus_1.2.2\envs_cache
2025-10-19 02:38:31,879 - root - DEBUG - 加载设置: use_mirror_source = False
2025-10-19 02:38:31,891 - root - DEBUG - 加载设置: keep_install_cache = False
2025-10-19 02:38:31,909 - root - DEBUG - 加载设置: favorite_tools = []
2025-10-19 02:38:31,909 - root - INFO - 加载收藏列表: 0 个工具
2025-10-19 02:38:31,910 - root - INFO - 工具数据已从 C:\Users\15052\.bionexus\tools.json 加载成功
2025-10-19 02:38:31,911 - root - INFO - 初始化收藏列表: []
2025-10-19 02:38:31,787 - BioNexus.runtime - INFO - 开始验证FastQC安装: C:\Users\15052\Desktop\BioNexus\BioNexus_1.2.2\installed_tools\FastQC
2025-10-19 02:38:31,926 - root - INFO - 加载配置文件: C:\Users\15052\.bionexus\config.json
2025-10-19 02:38:31,928 - root - DEBUG - 加载设置: auto_update = True
2025-10-19 02:38:31,928 - root - DEBUG - 加载设置: check_tool_status_on_startup = True
2025-10-19 02:38:31,928 - root - DEBUG - 加载设置: show_detailed_install_log = True
2025-10-19 02:38:31,928 - root - DEBUG - 加载设置: language = zh_CN
2025-10-19 02:38:31,929 - root - DEBUG - 加载设置: tool_update = {'update_mode': 'manual', 'check_frequency': 1, 'show_notification': True, 'last_check': None}
2025-10-19 02:38:31,931 - root - DEBUG - 加载设置: default_install_dir = C:\Users\15052\Desktop\BioNexus\BioNexus_1.2.2\installed_tools
2025-10-19 02:38:31,931 - root - DEBUG - 加载设置: conda_env_path = C:\Users\15052\Desktop\BioNexus\BioNexus_1.2.2\envs_cache
2025-10-19 02:38:31,932 - root - DEBUG - 加载设置: use_mirror_source = False
2025-10-19 02:38:31,933 - root - DEBUG - 加载设置: keep_install_cache = False
2025-10-19 02:38:31,936 - root - DEBUG - 加载设置: favorite_tools = []
2025-10-19 02:38:31,937 - root - INFO - 加载收藏列表: 0 个工具
2025-10-19 02:38:31,941 - root - INFO - 工具数据已从 C:\Users\15052\.bionexus\tools.json 加载成功
2025-10-19 02:38:31,945 - root - INFO - 初始化收藏列表: []
2025-10-19 02:38:31,922 - BioNexus.runtime - INFO - FastQC验证失败: 安装目录不存在 - C:\Users\15052\Desktop\BioNexus\BioNexus_1.2.2\installed_tools\FastQC
2025-10-19 02:38:31,954 - root - INFO - 加载配置文件: C:\Users\15052\.bionexus\config.json
2025-10-19 02:38:31,957 - root - DEBUG - 加载设置: auto_update = True
2025-10-19 02:38:31,958 - root - DEBUG - 加载设置: check_tool_status_on_startup = True
2025-10-19 02:38:31,958 - root - DEBUG - 加载设置: show_detailed_install_log = True
2025-10-19 02:38:31,958 - root - DEBUG - 加载设置: language = zh_CN
2025-10-19 02:38:31,958 - root - DEBUG - 加载设置: tool_update = {'update_mode': 'manual', 'check_frequency': 1, 'show_notification': True, 'last_check': None}
2025-10-19 02:38:31,959 - root - DEBUG - 加载设置: default_install_dir = C:\Users\15052\Desktop\BioNexus\BioNexus_1.2.2\installed_tools
2025-10-19 02:38:31,962 - root - DEBUG - 加载设置: conda_env_path = C:\Users\15052\Desktop\BioNexus\BioNexus_1.2.2\envs_cache
2025-10-19 02:38:31,962 - root - DEBUG - 加载设置: use_mirror_source = False
2025-10-19 02:38:31,962 - root - DEBUG - 加载设置: keep_install_cache = False
2025-10-19 02:38:31,962 - root - DEBUG - 加载设置: favorite_tools = []
2025-10-19 02:38:31,962 - root - INFO - 加载收藏列表: 0 个工具
2025-10-19 02:38:31,963 - root - INFO - 工具数据已从 C:\Users\15052\.bionexus\tools.json 加载成功
2025-10-19 02:38:31,964 - root - INFO - 初始化收藏列表: []
2025-10-19 02:38:31,950 - BioNexus.runtime - INFO - 开始验证IGV安装: C:\Users\15052\Desktop\BioNexus\BioNexus_1.2.2\installed_tools\IGV
2025-10-19 02:38:31,975 - root - INFO - 加载配置文件: C:\Users\15052\.bionexus\config.json
2025-10-19 02:38:31,985 - root - DEBUG - 加载设置: auto_update = True
2025-10-19 02:38:31,985 - root - DEBUG - 加载设置: check_tool_status_on_startup = True
2025-10-19 02:38:31,986 - root - DEBUG - 加载设置: show_detailed_install_log = True
2025-10-19 02:38:31,986 - root - DEBUG - 加载设置: language = zh_CN
2025-10-19 02:38:31,986 - root - DEBUG - 加载设置: tool_update = {'update_mode': 'manual', 'check_frequency': 1, 'show_notification': True, 'last_check': None}
2025-10-19 02:38:31,986 - root - DEBUG - 加载设置: default_install_dir = C:\Users\15052\Desktop\BioNexus\BioNexus_1.2.2\installed_tools
2025-10-19 02:38:31,986 - root - DEBUG - 加载设置: conda_env_path = C:\Users\15052\Desktop\BioNexus\BioNexus_1.2.2\envs_cache
2025-10-19 02:38:31,986 - root - DEBUG - 加载设置: use_mirror_source = False
2025-10-19 02:38:31,986 - root - DEBUG - 加载设置: keep_install_cache = False
2025-10-19 02:38:31,986 - root - DEBUG - 加载设置: favorite_tools = []
2025-10-19 02:38:31,986 - root - INFO - 加载收藏列表: 0 个工具
2025-10-19 02:38:31,986 - root - INFO - 工具数据已从 C:\Users\15052\.bionexus\tools.json 加载成功
2025-10-19 02:38:31,987 - root - INFO - 初始化收藏列表: []
2025-10-19 02:38:31,972 - BioNexus.runtime - INFO - IGV验证失败: 安装目录不存在 - C:\Users\15052\Desktop\BioNexus\BioNexus_1.2.2\installed_tools\IGV
2025-10-19 02:38:31,988 - root - INFO - 加载配置文件: C:\Users\15052\.bionexus\config.json
2025-10-19 02:38:31,988 - root - DEBUG - 加载设置: auto_update = True
2025-10-19 02:38:31,988 - root - DEBUG - 加载设置: check_tool_status_on_startup = True
2025-10-19 02:38:31,988 - root - DEBUG - 加载设置: show_detailed_install_log = True
2025-10-19 02:38:31,988 - root - DEBUG - 加载设置: language = zh_CN
2025-10-19 02:38:31,988 - root - DEBUG - 加载设置: tool_update = {'update_mode': 'manual', 'check_frequency': 1, 'show_notification': True, 'last_check': None}
2025-10-19 02:38:31,988 - root - DEBUG - 加载设置: default_install_dir = C:\Users\15052\Desktop\BioNexus\BioNexus_1.2.2\installed_tools
2025-10-19 02:38:31,988 - root - DEBUG - 加载设置: conda_env_path = C:\Users\15052\Desktop\BioNexus\BioNexus_1.2.2\envs_cache
2025-10-19 02:38:31,988 - root - DEBUG - 加载设置: use_mirror_source = False
2025-10-19 02:38:31,988 - root - DEBUG - 加载设置: keep_install_cache = False
2025-10-19 02:38:31,988 - root - DEBUG - 加载设置: favorite_tools = []
2025-10-19 02:38:31,988 - root - INFO - 加载收藏列表: 0 个工具
2025-10-19 02:38:31,989 - root - INFO - 工具数据已从 C:\Users\15052\.bionexus\tools.json 加载成功
2025-10-19 02:38:31,989 - root - INFO - 初始化收藏列表: []
2025-10-19 02:38:31,990 - root - INFO - 加载配置文件: C:\Users\15052\.bionexus\config.json
2025-10-19 02:38:31,990 - root - DEBUG - 加载设置: auto_update = True
2025-10-19 02:38:31,991 - root - DEBUG - 加载设置: check_tool_status_on_startup = True
2025-10-19 02:38:31,991 - root - DEBUG - 加载设置: show_detailed_install_log = True
2025-10-19 02:38:31,991 - root - DEBUG - 加载设置: language = zh_CN
2025-10-19 02:38:31,991 - root - DEBUG - 加载设置: tool_update = {'update_mode': 'manual', 'check_frequency': 1, 'show_notification': True, 'last_check': None}
2025-10-19 02:38:31,991 - root - DEBUG - 加载设置: default_install_dir = C:\Users\15052\Desktop\BioNexus\BioNexus_1.2.2\installed_tools
2025-10-19 02:38:31,991 - root - DEBUG - 加载设置: conda_env_path = C:\Users\15052\Desktop\BioNexus\BioNexus_1.2.2\envs_cache
2025-10-19 02:38:31,991 - root - DEBUG - 加载设置: use_mirror_source = False
2025-10-19 02:38:31,991 - root - DEBUG - 加载设置: keep_install_cache = False
2025-10-19 02:38:31,991 - root - DEBUG - 加载设置: favorite_tools = []
2025-10-19 02:38:31,991 - root - INFO - 加载收藏列表: 0 个工具
2025-10-19 02:38:31,991 - root - INFO - 工具数据已从 C:\Users\15052\.bionexus\tools.json 加载成功
2025-10-19 02:38:31,992 - root - INFO - 初始化收藏列表: []
2025-10-19 02:38:31,987 - BioNexus.runtime - INFO - 没有已安装的工具需要检查更新
2025-10-19 02:38:31,992 - ui.storage_manager_widget - INFO - 存储分析完成，发现 0 个已安装工具
2025-10-19 02:38:32,024 - root - INFO - 加载配置文件: C:\Users\15052\.bionexus\config.json
2025-10-19 02:38:32,024 - root - DEBUG - 加载设置: auto_update = True
2025-10-19 02:38:32,024 - root - DEBUG - 加载设置: check_tool_status_on_startup = True
2025-10-19 02:38:32,025 - root - DEBUG - 加载设置: show_detailed_install_log = True
2025-10-19 02:38:32,025 - root - DEBUG - 加载设置: language = zh_CN
2025-10-19 02:38:32,025 - root - DEBUG - 加载设置: tool_update = {'update_mode': 'manual', 'check_frequency': 1, 'show_notification': True, 'last_check': None}
2025-10-19 02:38:32,025 - root - DEBUG - 加载设置: default_install_dir = C:\Users\15052\Desktop\BioNexus\BioNexus_1.2.2\installed_tools
2025-10-19 02:38:32,025 - root - DEBUG - 加载设置: conda_env_path = C:\Users\15052\Desktop\BioNexus\BioNexus_1.2.2\envs_cache
2025-10-19 02:38:32,025 - root - DEBUG - 加载设置: use_mirror_source = False
2025-10-19 02:38:32,025 - root - DEBUG - 加载设置: keep_install_cache = False
2025-10-19 02:38:32,025 - root - DEBUG - 加载设置: favorite_tools = []
2025-10-19 02:38:32,025 - root - INFO - 加载收藏列表: 0 个工具
2025-10-19 02:38:32,025 - root - INFO - 工具数据已从 C:\Users\15052\.bionexus\tools.json 加载成功
2025-10-19 02:38:32,026 - root - INFO - 初始化收藏列表: []
2025-10-19 02:38:32,024 - BioNexus.runtime - INFO - 工具更新检查完成: 发现0个更新
2025-10-19 02:38:33,093 - root - INFO - 加载配置文件: C:\Users\15052\.bionexus\config.json
2025-10-19 02:38:33,093 - root - DEBUG - 加载设置: auto_update = True
2025-10-19 02:38:33,093 - root - DEBUG - 加载设置: check_tool_status_on_startup = True
2025-10-19 02:38:33,093 - root - DEBUG - 加载设置: show_detailed_install_log = True
2025-10-19 02:38:33,093 - root - DEBUG - 加载设置: language = zh_CN
2025-10-19 02:38:33,093 - root - DEBUG - 加载设置: tool_update = {'update_mode': 'manual', 'check_frequency': 1, 'show_notification': True, 'last_check': None}
2025-10-19 02:38:33,093 - root - DEBUG - 加载设置: default_install_dir = C:\Users\15052\Desktop\BioNexus\BioNexus_1.2.2\installed_tools
2025-10-19 02:38:33,093 - root - DEBUG - 加载设置: conda_env_path = C:\Users\15052\Desktop\BioNexus\BioNexus_1.2.2\envs_cache
2025-10-19 02:38:33,093 - root - DEBUG - 加载设置: use_mirror_source = False
2025-10-19 02:38:33,093 - root - DEBUG - 加载设置: keep_install_cache = False
2025-10-19 02:38:33,093 - root - DEBUG - 加载设置: favorite_tools = []
2025-10-19 02:38:33,093 - root - INFO - 加载收藏列表: 0 个工具
2025-10-19 02:38:33,094 - root - INFO - 工具数据已从 C:\Users\15052\.bionexus\tools.json 加载成功
2025-10-19 02:38:33,094 - root - INFO - 初始化收藏列表: []
2025-10-19 02:38:33,095 - root - INFO - 加载配置文件: C:\Users\15052\.bionexus\config.json
2025-10-19 02:38:33,095 - root - DEBUG - 加载设置: auto_update = True
2025-10-19 02:38:33,096 - root - DEBUG - 加载设置: check_tool_status_on_startup = True
2025-10-19 02:38:33,096 - root - DEBUG - 加载设置: show_detailed_install_log = True
2025-10-19 02:38:33,096 - root - DEBUG - 加载设置: language = zh_CN
2025-10-19 02:38:33,096 - root - DEBUG - 加载设置: tool_update = {'update_mode': 'manual', 'check_frequency': 1, 'show_notification': True, 'last_check': None}
2025-10-19 02:38:33,096 - root - DEBUG - 加载设置: default_install_dir = C:\Users\15052\Desktop\BioNexus\BioNexus_1.2.2\installed_tools
2025-10-19 02:38:33,096 - root - DEBUG - 加载设置: conda_env_path = C:\Users\15052\Desktop\BioNexus\BioNexus_1.2.2\envs_cache
2025-10-19 02:38:33,096 - root - DEBUG - 加载设置: use_mirror_source = False
2025-10-19 02:38:33,096 - root - DEBUG - 加载设置: keep_install_cache = False
2025-10-19 02:38:33,096 - root - DEBUG - 加载设置: favorite_tools = []
2025-10-19 02:38:33,096 - root - INFO - 加载收藏列表: 0 个工具
2025-10-19 02:38:33,096 - root - INFO - 工具数据已从 C:\Users\15052\.bionexus\tools.json 加载成功
2025-10-19 02:38:33,097 - root - INFO - 初始化收藏列表: []
2025-10-19 02:38:33,100 - root - INFO - 加载配置文件: C:\Users\15052\.bionexus\config.json
2025-10-19 02:38:33,101 - root - DEBUG - 加载设置: auto_update = True
2025-10-19 02:38:33,101 - root - DEBUG - 加载设置: check_tool_status_on_startup = True
2025-10-19 02:38:33,101 - root - DEBUG - 加载设置: show_detailed_install_log = True
2025-10-19 02:38:33,101 - root - DEBUG - 加载设置: language = zh_CN
2025-10-19 02:38:33,101 - root - DEBUG - 加载设置: tool_update = {'update_mode': 'manual', 'check_frequency': 1, 'show_notification': True, 'last_check': None}
2025-10-19 02:38:33,101 - root - DEBUG - 加载设置: default_install_dir = C:\Users\15052\Desktop\BioNexus\BioNexus_1.2.2\installed_tools
2025-10-19 02:38:33,101 - root - DEBUG - 加载设置: conda_env_path = C:\Users\15052\Desktop\BioNexus\BioNexus_1.2.2\envs_cache
2025-10-19 02:38:33,101 - root - DEBUG - 加载设置: use_mirror_source = False
2025-10-19 02:38:33,101 - root - DEBUG - 加载设置: keep_install_cache = False
2025-10-19 02:38:33,101 - root - DEBUG - 加载设置: favorite_tools = []
2025-10-19 02:38:33,101 - root - INFO - 加载收藏列表: 0 个工具
2025-10-19 02:38:33,101 - root - INFO - 工具数据已从 C:\Users\15052\.bionexus\tools.json 加载成功
2025-10-19 02:38:33,102 - root - INFO - 初始化收藏列表: []
2025-10-19 02:38:33,100 - BioNexus.runtime - INFO - 性能: 视图切换 用时 0.007s
2025-10-19 02:38:36,577 - root - INFO - 加载配置文件: C:\Users\15052\.bionexus\config.json
2025-10-19 02:38:36,578 - root - DEBUG - 加载设置: auto_update = True
2025-10-19 02:38:36,578 - root - DEBUG - 加载设置: check_tool_status_on_startup = True
2025-10-19 02:38:36,578 - root - DEBUG - 加载设置: show_detailed_install_log = True
2025-10-19 02:38:36,578 - root - DEBUG - 加载设置: language = zh_CN
2025-10-19 02:38:36,578 - root - DEBUG - 加载设置: tool_update = {'update_mode': 'manual', 'check_frequency': 1, 'show_notification': True, 'last_check': None}
2025-10-19 02:38:36,578 - root - DEBUG - 加载设置: default_install_dir = C:\Users\15052\Desktop\BioNexus\BioNexus_1.2.2\installed_tools
2025-10-19 02:38:36,578 - root - DEBUG - 加载设置: conda_env_path = C:\Users\15052\Desktop\BioNexus\BioNexus_1.2.2\envs_cache
2025-10-19 02:38:36,578 - root - DEBUG - 加载设置: use_mirror_source = False
2025-10-19 02:38:36,578 - root - DEBUG - 加载设置: keep_install_cache = False
2025-10-19 02:38:36,578 - root - DEBUG - 加载设置: favorite_tools = []
2025-10-19 02:38:36,578 - root - INFO - 加载收藏列表: 0 个工具
2025-10-19 02:38:36,578 - root - INFO - 工具数据已从 C:\Users\15052\.bionexus\tools.json 加载成功
2025-10-19 02:38:36,579 - root - INFO - 初始化收藏列表: []
2025-10-19 02:38:36,579 - core.tool_manager - INFO - ToolManager cleanup completed
2025-10-19 02:38:36,596 - root - INFO - 加载配置文件: C:\Users\15052\.bionexus\config.json
2025-10-19 02:38:36,596 - root - DEBUG - 加载设置: auto_update = True
2025-10-19 02:38:36,596 - root - DEBUG - 加载设置: check_tool_status_on_startup = True
2025-10-19 02:38:36,596 - root - DEBUG - 加载设置: show_detailed_install_log = True
2025-10-19 02:38:36,596 - root - DEBUG - 加载设置: language = zh_CN
2025-10-19 02:38:36,596 - root - DEBUG - 加载设置: tool_update = {'update_mode': 'manual', 'check_frequency': 1, 'show_notification': True, 'last_check': None}
2025-10-19 02:38:36,596 - root - DEBUG - 加载设置: default_install_dir = C:\Users\15052\Desktop\BioNexus\BioNexus_1.2.2\installed_tools
2025-10-19 02:38:36,596 - root - DEBUG - 加载设置: conda_env_path = C:\Users\15052\Desktop\BioNexus\BioNexus_1.2.2\envs_cache
2025-10-19 02:38:36,596 - root - DEBUG - 加载设置: use_mirror_source = False
2025-10-19 02:38:36,596 - root - DEBUG - 加载设置: keep_install_cache = False
2025-10-19 02:38:36,596 - root - DEBUG - 加载设置: favorite_tools = []
2025-10-19 02:38:36,596 - root - INFO - 加载收藏列表: 0 个工具
2025-10-19 02:38:36,597 - root - INFO - 工具数据已从 C:\Users\15052\.bionexus\tools.json 加载成功
2025-10-19 02:38:36,598 - root - INFO - 初始化收藏列表: []
2025-10-19 02:38:36,595 - BioNexus.runtime - INFO - === 应用关闭 ===
2025-10-19 02:38:36,599 - root - INFO - 加载配置文件: C:\Users\15052\.bionexus\config.json
2025-10-19 02:38:36,599 - root - DEBUG - 加载设置: auto_update = True
2025-10-19 02:38:36,599 - root - DEBUG - 加载设置: check_tool_status_on_startup = True
2025-10-19 02:38:36,599 - root - DEBUG - 加载设置: show_detailed_install_log = True
2025-10-19 02:38:36,599 - root - DEBUG - 加载设置: language = zh_CN
2025-10-19 02:38:36,599 - root - DEBUG - 加载设置: tool_update = {'update_mode': 'manual', 'check_frequency': 1, 'show_notification': True, 'last_check': None}
2025-10-19 02:38:36,599 - root - DEBUG - 加载设置: default_install_dir = C:\Users\15052\Desktop\BioNexus\BioNexus_1.2.2\installed_tools
2025-10-19 02:38:36,599 - root - DEBUG - 加载设置: conda_env_path = C:\Users\15052\Desktop\BioNexus\BioNexus_1.2.2\envs_cache
2025-10-19 02:38:36,599 - root - DEBUG - 加载设置: use_mirror_source = False
2025-10-19 02:38:36,599 - root - DEBUG - 加载设置: keep_install_cache = False
2025-10-19 02:38:36,599 - root - DEBUG - 加载设置: favorite_tools = []
2025-10-19 02:38:36,599 - root - INFO - 加载收藏列表: 0 个工具
2025-10-19 02:38:36,600 - root - INFO - 工具数据已从 C:\Users\15052\.bionexus\tools.json 加载成功
2025-10-19 02:38:36,601 - root - INFO - 初始化收藏列表: []
2025-10-19 02:38:36,598 - BioNexus.runtime - INFO - 运行时长: 7.37s
2025-10-19 02:38:36,603 - root - INFO - 加载配置文件: C:\Users\15052\.bionexus\config.json
2025-10-19 02:38:36,603 - root - DEBUG - 加载设置: auto_update = True
2025-10-19 02:38:36,603 - root - DEBUG - 加载设置: check_tool_status_on_startup = True
2025-10-19 02:38:36,603 - root - DEBUG - 加载设置: show_detailed_install_log = True
2025-10-19 02:38:36,603 - root - DEBUG - 加载设置: language = zh_CN
2025-10-19 02:38:36,603 - root - DEBUG - 加载设置: tool_update = {'update_mode': 'manual', 'check_frequency': 1, 'show_notification': True, 'last_check': None}
2025-10-19 02:38:36,603 - root - DEBUG - 加载设置: default_install_dir = C:\Users\15052\Desktop\BioNexus\BioNexus_1.2.2\installed_tools
2025-10-19 02:38:36,603 - root - DEBUG - 加载设置: conda_env_path = C:\Users\15052\Desktop\BioNexus\BioNexus_1.2.2\envs_cache
2025-10-19 02:38:36,603 - root - DEBUG - 加载设置: use_mirror_source = False
2025-10-19 02:38:36,604 - root - DEBUG - 加载设置: keep_install_cache = False
2025-10-19 02:38:36,604 - root - DEBUG - 加载设置: favorite_tools = []
2025-10-19 02:38:36,604 - root - INFO - 加载收藏列表: 0 个工具
2025-10-19 02:38:36,604 - root - INFO - 工具数据已从 C:\Users\15052\.bionexus\tools.json 加载成功
2025-10-19 02:38:36,605 - root - INFO - 初始化收藏列表: []
2025-10-19 02:38:36,602 - BioNexus.runtime - INFO - 会话统计: {"start_time": "2025-10-19T02:38:29.223380", "operations_count": 5, "errors_count": 2, "installations": 0, "network_requests": 2, "end_time": "2025-10-19T02:38:36.595245", "runtime_seconds": 7.371865}
2025-10-19 02:38:36,607 - root - INFO - 加载配置文件: C:\Users\15052\.bionexus\config.json
2025-10-19 02:38:36,607 - root - DEBUG - 加载设置: auto_update = True
2025-10-19 02:38:36,607 - root - DEBUG - 加载设置: check_tool_status_on_startup = True
2025-10-19 02:38:36,607 - root - DEBUG - 加载设置: show_detailed_install_log = True
2025-10-19 02:38:36,607 - root - DEBUG - 加载设置: language = zh_CN
2025-10-19 02:38:36,607 - root - DEBUG - 加载设置: tool_update = {'update_mode': 'manual', 'check_frequency': 1, 'show_notification': True, 'last_check': None}
2025-10-19 02:38:36,607 - root - DEBUG - 加载设置: default_install_dir = C:\Users\15052\Desktop\BioNexus\BioNexus_1.2.2\installed_tools
2025-10-19 02:38:36,607 - root - DEBUG - 加载设置: conda_env_path = C:\Users\15052\Desktop\BioNexus\BioNexus_1.2.2\envs_cache
2025-10-19 02:38:36,607 - root - DEBUG - 加载设置: use_mirror_source = False
2025-10-19 02:38:36,607 - root - DEBUG - 加载设置: keep_install_cache = False
2025-10-19 02:38:36,607 - root - DEBUG - 加载设置: favorite_tools = []
2025-10-19 02:38:36,607 - root - INFO - 加载收藏列表: 0 个工具
2025-10-19 02:38:36,608 - root - INFO - 工具数据已从 C:\Users\15052\.bionexus\tools.json 加载成功
2025-10-19 02:38:36,609 - root - INFO - 初始化收藏列表: []
2025-10-19 02:38:36,606 - BioNexus.runtime - INFO - 会话日志已保存到: C:\Users\15052\Desktop\BioNexus\BioNexus_1.2.18\logs\2025-10-19\session_20251019_023829
2025-10-19 02:38:36,610 - root - INFO - 加载配置文件: C:\Users\15052\.bionexus\config.json
2025-10-19 02:38:36,610 - root - DEBUG - 加载设置: auto_update = True
2025-10-19 02:38:36,610 - root - DEBUG - 加载设置: check_tool_status_on_startup = True
2025-10-19 02:38:36,610 - root - DEBUG - 加载设置: show_detailed_install_log = True
2025-10-19 02:38:36,610 - root - DEBUG - 加载设置: language = zh_CN
2025-10-19 02:38:36,610 - root - DEBUG - 加载设置: tool_update = {'update_mode': 'manual', 'check_frequency': 1, 'show_notification': True, 'last_check': None}
2025-10-19 02:38:36,610 - root - DEBUG - 加载设置: default_install_dir = C:\Users\15052\Desktop\BioNexus\BioNexus_1.2.2\installed_tools
2025-10-19 02:38:36,610 - root - DEBUG - 加载设置: conda_env_path = C:\Users\15052\Desktop\BioNexus\BioNexus_1.2.2\envs_cache
2025-10-19 02:38:36,610 - root - DEBUG - 加载设置: use_mirror_source = False
2025-10-19 02:38:36,610 - root - DEBUG - 加载设置: keep_install_cache = False
2025-10-19 02:38:36,610 - root - DEBUG - 加载设置: favorite_tools = []
2025-10-19 02:38:36,610 - root - INFO - 加载收藏列表: 0 个工具
2025-10-19 02:38:36,611 - root - INFO - 工具数据已从 C:\Users\15052\.bionexus\tools.json 加载成功
2025-10-19 02:38:36,611 - root - INFO - 初始化收藏列表: []
2025-10-19 02:38:36,612 - core.tool_manager - INFO - ToolManager cleanup completed
