2025-10-19 02:38:29,169 - INFO - BioNexus 1.2.13 启动 - 会话ID: 20251019_023829
[2025-10-19 02:38:29] 启动阶段 - 日志系统初始化: 成功 - 全面日志系统已启动
2025-10-19 02:38:29,169 - INFO - 启动阶段 - 日志系统初始化: 成功 - 全面日志系统已启动
2025-10-19 02:38:29,171 - INFO - BioNexus 1.2.13 启动初始化
[2025-10-19 02:38:29] 启动阶段 - 基础日志系统: 成功 - 标准logging已配置
2025-10-19 02:38:29,171 - INFO - 启动阶段 - 基础日志系统: 成功 - 标准logging已配置
2025-10-19 02:38:29,171 - INFO - 错误处理器初始化完成
[2025-10-19 02:38:29] 启动阶段 - 错误处理器: 成功 - 全局异常捕获已设置
2025-10-19 02:38:29,172 - INFO - 启动阶段 - 错误处理器: 成功 - 全局异常捕获已设置
[2025-10-19 02:38:29] 模块导入 - ui.main_window.MainWindow: 成功
2025-10-19 02:38:29,220 - INFO - 模块导入 - ui.main_window.MainWindow: 成功
[2025-10-19 02:38:29] 模块导入 - data.config.ConfigManager: 成功
2025-10-19 02:38:29,221 - INFO - 模块导入 - data.config.ConfigManager: 成功
[2025-10-19 02:38:29] 模块导入 - utils.helpers.check_system_requirements: 成功
2025-10-19 02:38:29,221 - INFO - 模块导入 - utils.helpers.check_system_requirements: 成功
[2025-10-19 02:38:29] 模块导入 - utils.unified_logger: 成功
2025-10-19 02:38:29,222 - INFO - 模块导入 - utils.unified_logger: 成功
[2025-10-19 02:38:29] 启动阶段 - 所有模块导入: 成功 - 核心模块导入完成
2025-10-19 02:38:29,222 - INFO - 启动阶段 - 所有模块导入: 成功 - 核心模块导入完成
2025-10-19 02:38:29,244 - INFO - 开始启动主应用程序
2025-10-19 02:38:29,261 - INFO - PyQt5应用程序初始化成功
[2025-10-19 02:38:29] 启动阶段 - PyQt5应用程序: 成功 - 初始化成功
2025-10-19 02:38:29,262 - INFO - 启动阶段 - PyQt5应用程序: 成功 - 初始化成功
2025-10-19 02:38:30,876 - INFO - BioNexus 1.2.13 启动 - 会话ID: 20251019_023830
2025-10-19 02:38:30,876 - INFO - 启动阶段 - 日志系统初始化: 成功 - 全面日志系统已启动
2025-10-19 02:38:30,877 - INFO - BioNexus 1.2.13 启动初始化
2025-10-19 02:38:30,877 - INFO - 启动阶段 - 基础日志系统: 成功 - 标准logging已配置
2025-10-19 02:38:30,877 - INFO - 错误处理器初始化完成
2025-10-19 02:38:30,878 - INFO - 启动阶段 - 错误处理器: 成功 - 全局异常捕获已设置
2025-10-19 02:38:30,879 - INFO - 模块导入 - ui.main_window.MainWindow: 成功
2025-10-19 02:38:30,879 - INFO - 模块导入 - data.config.ConfigManager: 成功
2025-10-19 02:38:30,879 - INFO - 模块导入 - utils.helpers.check_system_requirements: 成功
2025-10-19 02:38:30,880 - INFO - 模块导入 - utils.unified_logger: 成功
2025-10-19 02:38:30,881 - INFO - 启动阶段 - 所有模块导入: 成功 - 核心模块导入完成
