2025-10-20 11:56:05,669 - INFO - BioNexus 1.2.13 启动 - 会话ID: 20251020_115605
[2025-10-20 11:56:05] 启动阶段 - 日志系统初始化: 成功 - 全面日志系统已启动
2025-10-20 11:56:05,674 - INFO - 启动阶段 - 日志系统初始化: 成功 - 全面日志系统已启动
2025-10-20 11:56:05,722 - INFO - BioNexus 1.2.13 启动初始化
[2025-10-20 11:56:05] 启动阶段 - 基础日志系统: 成功 - 标准logging已配置
2025-10-20 11:56:05,726 - INFO - 启动阶段 - 基础日志系统: 成功 - 标准logging已配置
2025-10-20 11:56:05,728 - INFO - 错误处理器初始化完成
[2025-10-20 11:56:05] 启动阶段 - 错误处理器: 成功 - 全局异常捕获已设置
2025-10-20 11:56:05,732 - INFO - 启动阶段 - 错误处理器: 成功 - 全局异常捕获已设置
[2025-10-20 11:56:06] 模块导入 - ui.main_window.MainWindow: 成功
2025-10-20 11:56:06,163 - INFO - 模块导入 - ui.main_window.MainWindow: 成功
[2025-10-20 11:56:06] 模块导入 - data.config.ConfigManager: 成功
2025-10-20 11:56:06,165 - INFO - 模块导入 - data.config.ConfigManager: 成功
[2025-10-20 11:56:06] 模块导入 - utils.helpers.check_system_requirements: 成功
2025-10-20 11:56:06,167 - INFO - 模块导入 - utils.helpers.check_system_requirements: 成功
[2025-10-20 11:56:06] 模块导入 - utils.unified_logger: 成功
2025-10-20 11:56:06,170 - INFO - 模块导入 - utils.unified_logger: 成功
[2025-10-20 11:56:06] 模块导入 - utils.translator.TranslationManager: 成功
2025-10-20 11:56:06,217 - INFO - 模块导入 - utils.translator.TranslationManager: 成功
[2025-10-20 11:56:06] 启动阶段 - 所有模块导入: 成功 - 核心模块导入完成
2025-10-20 11:56:06,222 - INFO - 启动阶段 - 所有模块导入: 成功 - 核心模块导入完成
2025-10-20 11:56:06,345 - INFO - 开始启动主应用程序
