2025-10-19 03:41:29,275 - BioNexus.operations - INFO - 用户操作: 视图切换 - {"function": "_on_view_changed"}
2025-10-19 03:41:29,500 - BioNexus.operations - INFO - 用户操作: 应用启动 - {"窗口": "已显示"}
2025-10-19 03:41:30,522 - BioNexus.operations - INFO - 用户操作: 视图切换 - {"function": "_on_view_changed"}
2025-10-19 03:41:30,525 - BioNexus.operations - INFO - 视图切换: all-tools → settings - 成功
2025-10-19 03:41:49,664 - BioNexus.operations - INFO - 用户操作: 视图切换 - {"function": "_on_view_changed"}
2025-10-19 03:41:49,668 - BioNexus.operations - INFO - 视图切换: settings → my-tools - 成功
2025-10-19 03:41:50,287 - BioNexus.operations - INFO - 用户操作: 视图切换 - {"function": "_on_view_changed"}
2025-10-19 03:41:50,290 - BioNexus.operations - INFO - 视图切换: my-tools → settings - 成功
2025-10-19 03:41:51,927 - BioNexus.operations - INFO - 用户操作: 视图切换 - {"function": "_on_view_changed"}
2025-10-19 03:41:51,930 - BioNexus.operations - INFO - 视图切换: settings → all-tools - 成功
2025-10-19 03:41:54,213 - BioNexus.operations - INFO - 用户操作: 视图切换 - {"function": "_on_view_changed"}
2025-10-19 03:41:54,216 - BioNexus.operations - INFO - 视图切换: all-tools → my-tools - 成功
2025-10-19 03:41:54,645 - BioNexus.operations - INFO - 用户操作: 视图切换 - {"function": "_on_view_changed"}
2025-10-19 03:41:54,649 - BioNexus.operations - INFO - 视图切换: my-tools → settings - 成功
2025-10-19 03:42:05,372 - BioNexus.operations - INFO - 用户操作: 视图切换 - {"function": "_on_view_changed"}
2025-10-19 03:42:05,375 - BioNexus.operations - INFO - 视图切换: settings → my-tools - 成功
2025-10-19 03:42:05,840 - BioNexus.operations - INFO - 用户操作: 视图切换 - {"function": "_on_view_changed"}
2025-10-19 03:42:05,843 - BioNexus.operations - INFO - 视图切换: my-tools → all-tools - 成功
2025-10-19 03:42:06,918 - BioNexus.operations - INFO - 用户操作: 应用关闭 - {"关闭方式": "窗口关闭按钮"}
2025-10-19 03:42:06,960 - BioNexus.operations - INFO - 用户操作: 应用关闭 - {"关闭方式": "窗口关闭按钮"}
