2025-10-19 03:41:26,719 - INFO - BioNexus 1.2.13 启动 - 会话ID: 20251019_034126
[2025-10-19 03:41:26] 启动阶段 - 日志系统初始化: 成功 - 全面日志系统已启动
2025-10-19 03:41:26,720 - INFO - 启动阶段 - 日志系统初始化: 成功 - 全面日志系统已启动
2025-10-19 03:41:26,722 - INFO - BioNexus 1.2.13 启动初始化
[2025-10-19 03:41:26] 启动阶段 - 基础日志系统: 成功 - 标准logging已配置
2025-10-19 03:41:26,722 - INFO - 启动阶段 - 基础日志系统: 成功 - 标准logging已配置
2025-10-19 03:41:26,722 - INFO - 错误处理器初始化完成
[2025-10-19 03:41:26] 启动阶段 - 错误处理器: 成功 - 全局异常捕获已设置
2025-10-19 03:41:26,723 - INFO - 启动阶段 - 错误处理器: 成功 - 全局异常捕获已设置
[2025-10-19 03:41:26] 模块导入 - ui.main_window.MainWindow: 成功
2025-10-19 03:41:26,776 - INFO - 模块导入 - ui.main_window.MainWindow: 成功
[2025-10-19 03:41:26] 模块导入 - data.config.ConfigManager: 成功
2025-10-19 03:41:26,777 - INFO - 模块导入 - data.config.ConfigManager: 成功
[2025-10-19 03:41:26] 模块导入 - utils.helpers.check_system_requirements: 成功
2025-10-19 03:41:26,777 - INFO - 模块导入 - utils.helpers.check_system_requirements: 成功
[2025-10-19 03:41:26] 模块导入 - utils.unified_logger: 成功
2025-10-19 03:41:26,777 - INFO - 模块导入 - utils.unified_logger: 成功
[2025-10-19 03:41:26] 启动阶段 - 所有模块导入: 成功 - 核心模块导入完成
2025-10-19 03:41:26,778 - INFO - 启动阶段 - 所有模块导入: 成功 - 核心模块导入完成
2025-10-19 03:41:26,809 - INFO - 开始启动主应用程序
2025-10-19 03:41:26,824 - INFO - PyQt5应用程序初始化成功
[2025-10-19 03:41:26] 启动阶段 - PyQt5应用程序: 成功 - 初始化成功
2025-10-19 03:41:26,824 - INFO - 启动阶段 - PyQt5应用程序: 成功 - 初始化成功
2025-10-19 03:41:28,435 - INFO - BioNexus 1.2.13 启动 - 会话ID: 20251019_034128
2025-10-19 03:41:28,435 - INFO - 启动阶段 - 日志系统初始化: 成功 - 全面日志系统已启动
2025-10-19 03:41:28,436 - INFO - BioNexus 1.2.13 启动初始化
2025-10-19 03:41:28,436 - INFO - 启动阶段 - 基础日志系统: 成功 - 标准logging已配置
2025-10-19 03:41:28,437 - INFO - 错误处理器初始化完成
2025-10-19 03:41:28,437 - INFO - 启动阶段 - 错误处理器: 成功 - 全局异常捕获已设置
2025-10-19 03:41:28,438 - INFO - 模块导入 - ui.main_window.MainWindow: 成功
2025-10-19 03:41:28,438 - INFO - 模块导入 - data.config.ConfigManager: 成功
2025-10-19 03:41:28,438 - INFO - 模块导入 - utils.helpers.check_system_requirements: 成功
2025-10-19 03:41:28,439 - INFO - 模块导入 - utils.unified_logger: 成功
2025-10-19 03:41:28,439 - INFO - 启动阶段 - 所有模块导入: 成功 - 核心模块导入完成
