2025-10-19 02:35:01,835 - INFO - BioNexus 1.2.13 启动 - 会话ID: 20251019_023501
[2025-10-19 02:35:01] 启动阶段 - 日志系统初始化: 成功 - 全面日志系统已启动
2025-10-19 02:35:01,836 - INFO - 启动阶段 - 日志系统初始化: 成功 - 全面日志系统已启动
2025-10-19 02:35:01,838 - INFO - BioNexus 1.2.13 启动初始化
[2025-10-19 02:35:01] 启动阶段 - 基础日志系统: 成功 - 标准logging已配置
2025-10-19 02:35:01,839 - INFO - 启动阶段 - 基础日志系统: 成功 - 标准logging已配置
2025-10-19 02:35:01,839 - INFO - 错误处理器初始化完成
[2025-10-19 02:35:01] 启动阶段 - 错误处理器: 成功 - 全局异常捕获已设置
2025-10-19 02:35:01,840 - INFO - 启动阶段 - 错误处理器: 成功 - 全局异常捕获已设置
[2025-10-19 02:35:01] 模块导入 - ui.main_window.MainWindow: 成功
2025-10-19 02:35:01,898 - INFO - 模块导入 - ui.main_window.MainWindow: 成功
[2025-10-19 02:35:01] 模块导入 - data.config.ConfigManager: 成功
2025-10-19 02:35:01,898 - INFO - 模块导入 - data.config.ConfigManager: 成功
[2025-10-19 02:35:01] 模块导入 - utils.helpers.check_system_requirements: 成功
2025-10-19 02:35:01,898 - INFO - 模块导入 - utils.helpers.check_system_requirements: 成功
[2025-10-19 02:35:01] 模块导入 - utils.unified_logger: 成功
2025-10-19 02:35:01,898 - INFO - 模块导入 - utils.unified_logger: 成功
[2025-10-19 02:35:01] 启动阶段 - 所有模块导入: 成功 - 核心模块导入完成
2025-10-19 02:35:01,899 - INFO - 启动阶段 - 所有模块导入: 成功 - 核心模块导入完成
2025-10-19 02:35:01,917 - INFO - 开始启动主应用程序
2025-10-19 02:35:01,939 - INFO - PyQt5应用程序初始化成功
[2025-10-19 02:35:01] 启动阶段 - PyQt5应用程序: 成功 - 初始化成功
2025-10-19 02:35:01,940 - INFO - 启动阶段 - PyQt5应用程序: 成功 - 初始化成功
2025-10-19 02:35:03,507 - INFO - BioNexus 1.2.13 启动 - 会话ID: 20251019_023503
2025-10-19 02:35:03,507 - INFO - 启动阶段 - 日志系统初始化: 成功 - 全面日志系统已启动
2025-10-19 02:35:03,508 - INFO - BioNexus 1.2.13 启动初始化
2025-10-19 02:35:03,508 - INFO - 启动阶段 - 基础日志系统: 成功 - 标准logging已配置
2025-10-19 02:35:03,508 - INFO - 错误处理器初始化完成
2025-10-19 02:35:03,509 - INFO - 启动阶段 - 错误处理器: 成功 - 全局异常捕获已设置
2025-10-19 02:35:03,510 - INFO - 模块导入 - ui.main_window.MainWindow: 成功
2025-10-19 02:35:03,510 - INFO - 模块导入 - data.config.ConfigManager: 成功
2025-10-19 02:35:03,511 - INFO - 模块导入 - utils.helpers.check_system_requirements: 成功
2025-10-19 02:35:03,511 - INFO - 模块导入 - utils.unified_logger: 成功
2025-10-19 02:35:03,511 - INFO - 启动阶段 - 所有模块导入: 成功 - 核心模块导入完成
