2025-10-21 12:30:38,519 - INFO - BioNexus 1.2.13 启动 - 会话ID: 20251021_123038
[2025-10-21 12:30:38] 启动阶段 - 日志系统初始化: 成功 - 全面日志系统已启动
2025-10-21 12:30:38,519 - INFO - 启动阶段 - 日志系统初始化: 成功 - 全面日志系统已启动
2025-10-21 12:30:38,522 - INFO - BioNexus 1.2.13 启动初始化
[2025-10-21 12:30:38] 启动阶段 - 基础日志系统: 成功 - 标准logging已配置
2025-10-21 12:30:38,522 - INFO - 启动阶段 - 基础日志系统: 成功 - 标准logging已配置
2025-10-21 12:30:38,522 - INFO - 错误处理器初始化完成
[2025-10-21 12:30:38] 启动阶段 - 错误处理器: 成功 - 全局异常捕获已设置
2025-10-21 12:30:38,522 - INFO - 启动阶段 - 错误处理器: 成功 - 全局异常捕获已设置
[2025-10-21 12:30:38] 模块导入 - ui.main_window.MainWindow: 成功
2025-10-21 12:30:38,567 - INFO - 模块导入 - ui.main_window.MainWindow: 成功
[2025-10-21 12:30:38] 模块导入 - data.config.ConfigManager: 成功
2025-10-21 12:30:38,568 - INFO - 模块导入 - data.config.ConfigManager: 成功
[2025-10-21 12:30:38] 模块导入 - utils.helpers.check_system_requirements: 成功
2025-10-21 12:30:38,568 - INFO - 模块导入 - utils.helpers.check_system_requirements: 成功
[2025-10-21 12:30:38] 模块导入 - utils.unified_logger: 成功
2025-10-21 12:30:38,568 - INFO - 模块导入 - utils.unified_logger: 成功
[2025-10-21 12:30:38] 模块导入 - utils.translator.TranslationManager: 成功
2025-10-21 12:30:38,585 - INFO - 模块导入 - utils.translator.TranslationManager: 成功
[2025-10-21 12:30:38] 启动阶段 - 所有模块导入: 成功 - 核心模块导入完成
2025-10-21 12:30:38,586 - INFO - 启动阶段 - 所有模块导入: 成功 - 核心模块导入完成
2025-10-21 12:30:38,607 - INFO - 开始启动主应用程序
2025-10-21 12:30:38,622 - INFO - PyQt5应用程序初始化成功
[2025-10-21 12:30:38] 启动阶段 - PyQt5应用程序: 成功 - 初始化成功
2025-10-21 12:30:38,622 - INFO - 启动阶段 - PyQt5应用程序: 成功 - 初始化成功
2025-10-21 12:30:38,623 - WARNING - 翻译系统初始化失败: type object 'TranslationManager' has no attribute 'instance', 将使用默认语言
[2025-10-21 12:30:38] 启动阶段 - 翻译系统: 失败 - 初始化失败: type object 'TranslationManager' has no attribute 'instance', 使用默认语言
2025-10-21 12:30:38,623 - INFO - 启动阶段 - 翻译系统: 失败 - 初始化失败: type object 'TranslationManager' has no attribute 'instance', 使用默认语言
2025-10-21 12:30:39,821 - INFO - BioNexus 1.2.13 启动 - 会话ID: 20251021_123039
2025-10-21 12:30:39,822 - INFO - 启动阶段 - 日志系统初始化: 成功 - 全面日志系统已启动
2025-10-21 12:30:39,822 - INFO - BioNexus 1.2.13 启动初始化
2025-10-21 12:30:39,822 - INFO - 启动阶段 - 基础日志系统: 成功 - 标准logging已配置
2025-10-21 12:30:39,823 - INFO - 错误处理器初始化完成
2025-10-21 12:30:39,823 - INFO - 启动阶段 - 错误处理器: 成功 - 全局异常捕获已设置
2025-10-21 12:30:39,824 - INFO - 模块导入 - ui.main_window.MainWindow: 成功
2025-10-21 12:30:39,824 - INFO - 模块导入 - data.config.ConfigManager: 成功
2025-10-21 12:30:39,824 - INFO - 模块导入 - utils.helpers.check_system_requirements: 成功
2025-10-21 12:30:39,824 - INFO - 模块导入 - utils.unified_logger: 成功
2025-10-21 12:30:39,825 - INFO - 模块导入 - utils.translator.TranslationManager: 成功
2025-10-21 12:30:39,825 - INFO - 启动阶段 - 所有模块导入: 成功 - 核心模块导入完成
