2025-10-20 02:38:57,440 - INFO - BioNexus 1.2.13 启动 - 会话ID: 20251020_023857
[2025-10-20 02:38:57] 启动阶段 - 日志系统初始化: 成功 - 全面日志系统已启动
2025-10-20 02:38:57,441 - INFO - 启动阶段 - 日志系统初始化: 成功 - 全面日志系统已启动
2025-10-20 02:38:57,448 - INFO - BioNexus 1.2.13 启动初始化
[2025-10-20 02:38:57] 启动阶段 - 基础日志系统: 成功 - 标准logging已配置
2025-10-20 02:38:57,448 - INFO - 启动阶段 - 基础日志系统: 成功 - 标准logging已配置
2025-10-20 02:38:57,448 - INFO - 错误处理器初始化完成
[2025-10-20 02:38:57] 启动阶段 - 错误处理器: 成功 - 全局异常捕获已设置
2025-10-20 02:38:57,449 - INFO - 启动阶段 - 错误处理器: 成功 - 全局异常捕获已设置
[2025-10-20 02:38:57] 模块导入 - ui.main_window.MainWindow: 成功
2025-10-20 02:38:57,621 - INFO - 模块导入 - ui.main_window.MainWindow: 成功
[2025-10-20 02:38:57] 模块导入 - data.config.ConfigManager: 成功
2025-10-20 02:38:57,622 - INFO - 模块导入 - data.config.ConfigManager: 成功
[2025-10-20 02:38:57] 模块导入 - utils.helpers.check_system_requirements: 成功
2025-10-20 02:38:57,622 - INFO - 模块导入 - utils.helpers.check_system_requirements: 成功
[2025-10-20 02:38:57] 模块导入 - utils.unified_logger: 成功
2025-10-20 02:38:57,623 - INFO - 模块导入 - utils.unified_logger: 成功
[2025-10-20 02:38:57] 模块导入 - utils.translator.TranslationManager: 成功
2025-10-20 02:38:57,634 - INFO - 模块导入 - utils.translator.TranslationManager: 成功
[2025-10-20 02:38:57] 启动阶段 - 所有模块导入: 成功 - 核心模块导入完成
2025-10-20 02:38:57,634 - INFO - 启动阶段 - 所有模块导入: 成功 - 核心模块导入完成
2025-10-20 02:38:57,657 - INFO - 开始启动主应用程序
2025-10-20 02:38:57,671 - INFO - PyQt5应用程序初始化成功
[2025-10-20 02:38:57] 启动阶段 - PyQt5应用程序: 成功 - 初始化成功
2025-10-20 02:38:57,671 - INFO - 启动阶段 - PyQt5应用程序: 成功 - 初始化成功
2025-10-20 02:38:57,672 - WARNING - 翻译系统初始化失败: type object 'TranslationManager' has no attribute 'instance', 将使用默认语言
[2025-10-20 02:38:57] 启动阶段 - 翻译系统: 失败 - 初始化失败: type object 'TranslationManager' has no attribute 'instance', 使用默认语言
2025-10-20 02:38:57,672 - INFO - 启动阶段 - 翻译系统: 失败 - 初始化失败: type object 'TranslationManager' has no attribute 'instance', 使用默认语言
2025-10-20 02:38:59,208 - INFO - BioNexus 1.2.13 启动 - 会话ID: 20251020_023859
2025-10-20 02:38:59,209 - INFO - 启动阶段 - 日志系统初始化: 成功 - 全面日志系统已启动
2025-10-20 02:38:59,209 - INFO - BioNexus 1.2.13 启动初始化
2025-10-20 02:38:59,209 - INFO - 启动阶段 - 基础日志系统: 成功 - 标准logging已配置
2025-10-20 02:38:59,210 - INFO - 错误处理器初始化完成
2025-10-20 02:38:59,210 - INFO - 启动阶段 - 错误处理器: 成功 - 全局异常捕获已设置
2025-10-20 02:38:59,211 - INFO - 模块导入 - ui.main_window.MainWindow: 成功
2025-10-20 02:38:59,211 - INFO - 模块导入 - data.config.ConfigManager: 成功
2025-10-20 02:38:59,211 - INFO - 模块导入 - utils.helpers.check_system_requirements: 成功
2025-10-20 02:38:59,212 - INFO - 模块导入 - utils.unified_logger: 成功
2025-10-20 02:38:59,212 - INFO - 模块导入 - utils.translator.TranslationManager: 成功
2025-10-20 02:38:59,212 - INFO - 启动阶段 - 所有模块导入: 成功 - 核心模块导入完成
