2025-10-19 21:24:47,331 - INFO - BioNexus 1.2.13 启动 - 会话ID: 20251019_212447
[2025-10-19 21:24:47] 启动阶段 - 日志系统初始化: 成功 - 全面日志系统已启动
2025-10-19 21:24:47,332 - INFO - 启动阶段 - 日志系统初始化: 成功 - 全面日志系统已启动
2025-10-19 21:24:47,339 - INFO - BioNexus 1.2.13 启动初始化
[2025-10-19 21:24:47] 启动阶段 - 基础日志系统: 成功 - 标准logging已配置
2025-10-19 21:24:47,340 - INFO - 启动阶段 - 基础日志系统: 成功 - 标准logging已配置
2025-10-19 21:24:47,340 - INFO - 错误处理器初始化完成
[2025-10-19 21:24:47] 启动阶段 - 错误处理器: 成功 - 全局异常捕获已设置
2025-10-19 21:24:47,340 - INFO - 启动阶段 - 错误处理器: 成功 - 全局异常捕获已设置
[2025-10-19 21:24:47] 模块导入 - ui.main_window.MainWindow: 成功
2025-10-19 21:24:47,504 - INFO - 模块导入 - ui.main_window.MainWindow: 成功
[2025-10-19 21:24:47] 模块导入 - data.config.ConfigManager: 成功
2025-10-19 21:24:47,504 - INFO - 模块导入 - data.config.ConfigManager: 成功
[2025-10-19 21:24:47] 模块导入 - utils.helpers.check_system_requirements: 成功
2025-10-19 21:24:47,505 - INFO - 模块导入 - utils.helpers.check_system_requirements: 成功
[2025-10-19 21:24:47] 模块导入 - utils.unified_logger: 成功
2025-10-19 21:24:47,505 - INFO - 模块导入 - utils.unified_logger: 成功
[2025-10-19 21:24:47] 模块导入 - utils.translator.TranslationManager: 成功
2025-10-19 21:24:47,508 - INFO - 模块导入 - utils.translator.TranslationManager: 成功
[2025-10-19 21:24:47] 启动阶段 - 所有模块导入: 成功 - 核心模块导入完成
2025-10-19 21:24:47,509 - INFO - 启动阶段 - 所有模块导入: 成功 - 核心模块导入完成
2025-10-19 21:24:47,528 - INFO - 开始启动主应用程序
2025-10-19 21:24:47,543 - INFO - PyQt5应用程序初始化成功
[2025-10-19 21:24:47] 启动阶段 - PyQt5应用程序: 成功 - 初始化成功
2025-10-19 21:24:47,543 - INFO - 启动阶段 - PyQt5应用程序: 成功 - 初始化成功
2025-10-19 21:24:47,543 - WARNING - 翻译系统初始化失败: type object 'TranslationManager' has no attribute 'instance', 将使用默认语言
[2025-10-19 21:24:47] 启动阶段 - 翻译系统: 失败 - 初始化失败: type object 'TranslationManager' has no attribute 'instance', 使用默认语言
2025-10-19 21:24:47,544 - INFO - 启动阶段 - 翻译系统: 失败 - 初始化失败: type object 'TranslationManager' has no attribute 'instance', 使用默认语言
2025-10-19 21:24:48,898 - INFO - BioNexus 1.2.13 启动 - 会话ID: 20251019_212448
2025-10-19 21:24:48,898 - INFO - 启动阶段 - 日志系统初始化: 成功 - 全面日志系统已启动
2025-10-19 21:24:48,899 - INFO - BioNexus 1.2.13 启动初始化
2025-10-19 21:24:48,899 - INFO - 启动阶段 - 基础日志系统: 成功 - 标准logging已配置
2025-10-19 21:24:48,899 - INFO - 错误处理器初始化完成
2025-10-19 21:24:48,899 - INFO - 启动阶段 - 错误处理器: 成功 - 全局异常捕获已设置
2025-10-19 21:24:48,900 - INFO - 模块导入 - ui.main_window.MainWindow: 成功
2025-10-19 21:24:48,900 - INFO - 模块导入 - data.config.ConfigManager: 成功
2025-10-19 21:24:48,901 - INFO - 模块导入 - utils.helpers.check_system_requirements: 成功
2025-10-19 21:24:48,901 - INFO - 模块导入 - utils.unified_logger: 成功
2025-10-19 21:24:48,901 - INFO - 模块导入 - utils.translator.TranslationManager: 成功
2025-10-19 21:24:48,902 - INFO - 启动阶段 - 所有模块导入: 成功 - 核心模块导入完成
