2025-10-18 22:27:18,432 - BioNexus.runtime - INFO - === BioNexus 1.1.12 启动 ===
2025-10-18 22:27:18,432 - BioNexus.runtime - INFO - 会话ID: 20251018_222718
2025-10-18 22:27:18,432 - BioNexus.runtime - INFO - 日志目录: C:\Users\15052\Desktop\BioNexus\BioNexus_1.2.18\logs\2025-10-18\session_20251018_222718
2025-10-18 22:27:18,432 - BioNexus.runtime - INFO - BioNexus版本: 1.2.13
2025-10-18 22:27:18,433 - BioNexus.startup - INFO - 开始启动主应用程序
2025-10-18 22:27:18,510 - BioNexus.startup - INFO - PyQt5应用程序初始化成功
2025-10-18 22:27:18,510 - BioNexus.startup - INFO - 启动阶段 - PyQt5应用程序: 成功 - 初始化成功
2025-10-18 22:27:18,511 - BioNexus.runtime - INFO - 版本: 1.2.13
2025-10-18 22:27:18,511 - BioNexus.runtime - INFO - Python版本: 3.13.2
2025-10-18 22:27:18,512 - BioNexus.runtime - INFO - PyQt5版本: 已加载
2025-10-18 22:27:18,512 - BioNexus.runtime - INFO - 工作目录: C:\Users\15052\Desktop\BioNexus\BioNexus_1.2.18
2025-10-18 22:27:18,512 - BioNexus.runtime - INFO - 应用启动完成
2025-10-18 22:27:18,530 - BioNexus - INFO - 日志系统初始化完成
2025-10-18 22:27:18,530 - BioNexus - INFO - 日志文件: C:\Users\15052\Desktop\BioNexus\BioNexus_1.2.18\logs\bionexus_20251018.log
2025-10-18 22:27:18,537 - root - INFO - 加载配置文件: C:\Users\15052\.bionexus\config.json
2025-10-18 22:27:18,537 - root - DEBUG - 加载设置: auto_update = True
2025-10-18 22:27:18,537 - root - DEBUG - 加载设置: check_tool_status_on_startup = True
2025-10-18 22:27:18,537 - root - DEBUG - 加载设置: show_detailed_install_log = True
2025-10-18 22:27:18,537 - root - DEBUG - 加载设置: language = zh_CN
2025-10-18 22:27:18,537 - root - DEBUG - 加载设置: tool_update = {'update_mode': 'manual', 'check_frequency': 1, 'show_notification': True, 'last_check': None}
2025-10-18 22:27:18,537 - root - DEBUG - 加载设置: default_install_dir = C:\Users\15052\Desktop\BioNexus\BioNexus_1.2.2\installed_tools
2025-10-18 22:27:18,537 - root - DEBUG - 加载设置: conda_env_path = C:\Users\15052\Desktop\BioNexus\BioNexus_1.2.2\envs_cache
2025-10-18 22:27:18,537 - root - DEBUG - 加载设置: use_mirror_source = False
2025-10-18 22:27:18,537 - root - DEBUG - 加载设置: keep_install_cache = False
2025-10-18 22:27:18,537 - root - DEBUG - 加载设置: favorite_tools = []
2025-10-18 22:27:18,537 - root - INFO - 加载收藏列表: 0 个工具
2025-10-18 22:27:18,539 - root - INFO - 工具数据已从 C:\Users\15052\.bionexus\tools.json 加载成功
2025-10-18 22:27:18,539 - root - INFO - 初始化收藏列表: []
2025-10-18 22:27:18,541 - core.tool_registry - INFO - 已注册工具: BLAST
2025-10-18 22:27:18,541 - core.tool_registry - INFO - 已注册工具: PlaceholderTool
2025-10-18 22:27:18,542 - core.tool_registry - INFO - 已注册工具: BWA
2025-10-18 22:27:18,542 - core.tool_registry - INFO - 已注册工具: PlaceholderTool
2025-10-18 22:27:20,386 - BioNexus.runtime - INFO - FastQC工具初始化完成: installed_tools\FastQC
2025-10-18 22:27:20,386 - BioNexus.runtime - INFO - 开始验证FastQC安装: installed_tools\FastQC
2025-10-18 22:27:20,389 - BioNexus.runtime - INFO - FastQC验证失败: 安装目录不存在 - installed_tools\FastQC
2025-10-18 22:27:20,390 - core.tool_registry - INFO - 已注册工具: FastQC
2025-10-18 22:27:20,392 - core.tool_registry - INFO - 已注册工具: HISAT2
2025-10-18 22:27:20,392 - core.tool_registry - INFO - 已注册工具: PlaceholderTool
2025-10-18 22:27:20,456 - BioNexus.runtime - INFO - IGV工具初始化完成: installed_tools\IGV
2025-10-18 22:27:20,457 - BioNexus.runtime - INFO - 开始验证IGV安装: installed_tools\IGV
2025-10-18 22:27:20,457 - BioNexus.runtime - INFO - IGV验证失败: 安装目录不存在 - installed_tools\IGV
2025-10-18 22:27:20,459 - core.tool_registry - INFO - 已注册工具: IGV
2025-10-18 22:27:20,461 - core.tool_registry - INFO - 已注册工具: IQ-TREE
2025-10-18 22:27:20,461 - core.tool_registry - INFO - 已注册工具: PlaceholderTool
2025-10-18 22:27:20,461 - core.tool_registry - INFO - 已注册工具: PlaceholderTool
2025-10-18 22:27:20,463 - core.tool_registry - INFO - 已注册工具: PlaceholderTool
2025-10-18 22:27:20,463 - core.tool_registry - INFO - 已注册工具: SAMtools
2025-10-18 22:27:20,478 - utils.launcher_utils - INFO - BioNexus v1.2.13 launcher started
2025-10-18 22:27:20,484 - BioNexus.startup - INFO - BioNexus 1.2.13 启动 - 会话ID: 20251018_222720
2025-10-18 22:27:20,485 - BioNexus.startup - INFO - 启动阶段 - 日志系统初始化: 成功 - 全面日志系统已启动
2025-10-18 22:27:20,486 - BioNexus - INFO - 日志系统初始化完成
2025-10-18 22:27:20,486 - BioNexus - INFO - 日志文件: C:\Users\15052\Desktop\BioNexus\BioNexus_1.2.18\logs\bionexus_20251018.log
2025-10-18 22:27:20,486 - BioNexus.startup - INFO - BioNexus 1.2.13 启动初始化
2025-10-18 22:27:20,486 - BioNexus.startup - INFO - 启动阶段 - 基础日志系统: 成功 - 标准logging已配置
2025-10-18 22:27:20,486 - BioNexus.startup - INFO - 错误处理器初始化完成
2025-10-18 22:27:20,487 - BioNexus.startup - INFO - 启动阶段 - 错误处理器: 成功 - 全局异常捕获已设置
2025-10-18 22:27:20,487 - BioNexus.performance - INFO - 性能 - 基础日志系统初始化: 1.79ms
2025-10-18 22:27:20,487 - BioNexus.startup - INFO - 模块导入 - ui.main_window.MainWindow: 成功
2025-10-18 22:27:20,488 - BioNexus.startup - INFO - 模块导入 - data.config.ConfigManager: 成功
2025-10-18 22:27:20,488 - BioNexus.startup - INFO - 模块导入 - utils.helpers.check_system_requirements: 成功
2025-10-18 22:27:20,488 - BioNexus.startup - INFO - 模块导入 - utils.unified_logger: 成功
2025-10-18 22:27:20,488 - BioNexus.performance - INFO - 性能 - 主要模块导入: 0.95ms
2025-10-18 22:27:20,489 - BioNexus.startup - INFO - 启动阶段 - 所有模块导入: 成功 - 核心模块导入完成
2025-10-18 22:27:20,499 - core.tool_registry - INFO - 已注册工具: BLAST
2025-10-18 22:27:20,499 - core.tool_registry - INFO - 已注册工具: PlaceholderTool
2025-10-18 22:27:20,499 - core.tool_registry - INFO - 已注册工具: BWA
2025-10-18 22:27:20,499 - core.tool_registry - INFO - 已注册工具: PlaceholderTool
2025-10-18 22:27:20,499 - BioNexus.runtime - INFO - FastQC工具初始化完成: installed_tools\FastQC
2025-10-18 22:27:20,500 - BioNexus.runtime - INFO - 开始验证FastQC安装: installed_tools\FastQC
2025-10-18 22:27:20,501 - BioNexus.runtime - INFO - FastQC验证失败: 安装目录不存在 - installed_tools\FastQC
2025-10-18 22:27:20,502 - core.tool_registry - INFO - 已注册工具: FastQC
2025-10-18 22:27:20,502 - core.tool_registry - INFO - 已注册工具: HISAT2
2025-10-18 22:27:20,502 - core.tool_registry - INFO - 已注册工具: PlaceholderTool
2025-10-18 22:27:20,502 - BioNexus.runtime - INFO - IGV工具初始化完成: installed_tools\IGV
2025-10-18 22:27:20,503 - BioNexus.runtime - INFO - 开始验证IGV安装: installed_tools\IGV
2025-10-18 22:27:20,503 - BioNexus.runtime - INFO - IGV验证失败: 安装目录不存在 - installed_tools\IGV
2025-10-18 22:27:20,504 - core.tool_registry - INFO - 已注册工具: IGV
2025-10-18 22:27:20,504 - core.tool_registry - INFO - 已注册工具: IQ-TREE
2025-10-18 22:27:20,504 - core.tool_registry - INFO - 已注册工具: PlaceholderTool
2025-10-18 22:27:20,504 - core.tool_registry - INFO - 已注册工具: PlaceholderTool
2025-10-18 22:27:20,504 - core.tool_registry - INFO - 已注册工具: PlaceholderTool
2025-10-18 22:27:20,504 - core.tool_registry - INFO - 已注册工具: SAMtools
2025-10-18 22:27:20,506 - BioNexus.runtime - INFO - 工具更新定时检查已设置：每1天
2025-10-18 22:27:20,506 - BioNexus.runtime - INFO - 工具更新服务初始化完成
2025-10-18 22:27:20,507 - BioNexus.runtime - INFO - 工具更新控制器初始化完成
2025-10-18 22:27:21,542 - BioNexus.runtime - INFO - FastQC版本信息已异步更新: 0.12.1
2025-10-18 22:27:21,543 - BioNexus.runtime - INFO - FastQC版本信息已异步更新: 0.12.1
2025-10-18 22:27:21,609 - root - INFO - 设置已成功保存到 C:\Users\15052\.bionexus\config.json
2025-10-18 22:27:21,613 - root - INFO - 设置已成功保存到 C:\Users\15052\.bionexus\config.json
2025-10-18 22:27:21,613 - root - INFO - 设置已成功保存到 C:\Users\15052\.bionexus\config.json
2025-10-18 22:27:21,614 - root - INFO - 设置已成功保存到 C:\Users\15052\.bionexus\config.json
2025-10-18 22:27:21,617 - root - INFO - 设置已成功保存到 C:\Users\15052\.bionexus\config.json
2025-10-18 22:27:21,974 - BioNexus.runtime - INFO - 开始验证FastQC安装: installed_tools\FastQC
2025-10-18 22:27:21,975 - BioNexus.runtime - INFO - FastQC验证失败: 安装目录不存在 - installed_tools\FastQC
2025-10-18 22:27:21,975 - BioNexus.runtime - INFO - 开始验证IGV安装: installed_tools\IGV
2025-10-18 22:27:21,975 - BioNexus.runtime - INFO - IGV验证失败: 安装目录不存在 - installed_tools\IGV
2025-10-18 22:27:21,982 - BioNexus.runtime - INFO - 性能: 应用筛选条件 用时 0.000s
2025-10-18 22:27:21,982 - BioNexus.runtime - INFO - 性能: 更新工具显示 用时 0.008s
2025-10-18 22:27:21,983 - BioNexus.runtime - INFO - 开始验证FastQC安装: installed_tools\FastQC
2025-10-18 22:27:21,984 - BioNexus.runtime - INFO - FastQC验证失败: 安装目录不存在 - installed_tools\FastQC
2025-10-18 22:27:21,984 - BioNexus.runtime - INFO - 开始验证IGV安装: installed_tools\IGV
2025-10-18 22:27:21,984 - BioNexus.runtime - INFO - IGV验证失败: 安装目录不存在 - installed_tools\IGV
2025-10-18 22:27:21,990 - BioNexus.runtime - INFO - 性能: 应用筛选条件 用时 0.000s
2025-10-18 22:27:21,990 - BioNexus.runtime - INFO - 性能: 更新工具显示 用时 0.006s
2025-10-18 22:27:21,990 - BioNexus.runtime - INFO - 性能: 视图切换 用时 0.007s
2025-10-18 22:27:21,990 - BioNexus.runtime - INFO - 开始检查工具更新 (手动: False)
2025-10-18 22:27:21,991 - BioNexus.runtime - INFO - 开始验证FastQC安装: installed_tools\FastQC
2025-10-18 22:27:21,992 - BioNexus.runtime - INFO - FastQC验证失败: 安装目录不存在 - installed_tools\FastQC
2025-10-18 22:27:22,020 - BioNexus.runtime - INFO - 开始验证IGV安装: installed_tools\IGV
2025-10-18 22:27:22,158 - BioNexus.runtime - INFO - IGV验证失败: 安装目录不存在 - installed_tools\IGV
2025-10-18 22:27:22,245 - BioNexus.runtime - INFO - 没有已安装的工具需要检查更新
2025-10-18 22:27:22,318 - BioNexus.runtime - INFO - 工具更新检查完成: 发现0个更新
2025-10-18 22:27:22,493 - ui.storage_manager_widget - INFO - 存储分析完成，发现 0 个已安装工具
2025-10-18 22:27:25,051 - root - INFO - 开始显示收藏工具
2025-10-18 22:27:25,051 - BioNexus.runtime - INFO - 开始验证FastQC安装: installed_tools\FastQC
2025-10-18 22:27:25,052 - BioNexus.runtime - INFO - FastQC验证失败: 安装目录不存在 - installed_tools\FastQC
2025-10-18 22:27:25,052 - BioNexus.runtime - INFO - 开始验证IGV安装: installed_tools\IGV
2025-10-18 22:27:25,053 - BioNexus.runtime - INFO - IGV验证失败: 安装目录不存在 - installed_tools\IGV
2025-10-18 22:27:25,054 - root - DEBUG - 获取到 8 个工具
2025-10-18 22:27:25,054 - root - INFO - 显示收藏工具: 0 个 - []
2025-10-18 22:27:25,054 - BioNexus.runtime - INFO - 性能: 视图切换 用时 0.006s
2025-10-18 22:27:27,023 - BioNexus.runtime - INFO - 性能: 视图切换 用时 0.008s
2025-10-18 22:27:27,571 - root - INFO - 开始显示收藏工具
2025-10-18 22:27:27,571 - BioNexus.runtime - INFO - 开始验证FastQC安装: installed_tools\FastQC
2025-10-18 22:27:27,571 - BioNexus.runtime - INFO - FastQC验证失败: 安装目录不存在 - installed_tools\FastQC
2025-10-18 22:27:27,572 - BioNexus.runtime - INFO - 开始验证IGV安装: installed_tools\IGV
2025-10-18 22:27:27,572 - BioNexus.runtime - INFO - IGV验证失败: 安装目录不存在 - installed_tools\IGV
2025-10-18 22:27:27,572 - root - DEBUG - 获取到 8 个工具
2025-10-18 22:27:27,572 - root - INFO - 显示收藏工具: 0 个 - []
2025-10-18 22:27:27,572 - BioNexus.runtime - INFO - 性能: 视图切换 用时 0.003s
2025-10-18 22:27:27,972 - BioNexus.runtime - INFO - 开始验证FastQC安装: installed_tools\FastQC
2025-10-18 22:27:27,973 - BioNexus.runtime - INFO - FastQC验证失败: 安装目录不存在 - installed_tools\FastQC
2025-10-18 22:27:27,973 - BioNexus.runtime - INFO - 开始验证IGV安装: installed_tools\IGV
2025-10-18 22:27:27,973 - BioNexus.runtime - INFO - IGV验证失败: 安装目录不存在 - installed_tools\IGV
2025-10-18 22:27:27,978 - BioNexus.runtime - INFO - 性能: 应用筛选条件 用时 0.000s
2025-10-18 22:27:27,978 - BioNexus.runtime - INFO - 性能: 更新工具显示 用时 0.006s
2025-10-18 22:27:27,978 - BioNexus.runtime - INFO - 性能: 视图切换 用时 0.007s
2025-10-18 22:27:31,307 - BioNexus.runtime - INFO - 性能: 视图切换 用时 0.002s
2025-10-18 22:27:58,837 - core.tool_manager - INFO - ToolManager cleanup completed
2025-10-18 22:27:58,851 - BioNexus.runtime - INFO - === 应用关闭 ===
2025-10-18 22:27:58,852 - BioNexus.runtime - INFO - 运行时长: 40.42s
2025-10-18 22:27:58,852 - BioNexus.runtime - INFO - 会话统计: {"start_time": "2025-10-18T22:27:18.432013", "operations_count": 13, "errors_count": 2, "installations": 0, "network_requests": 2, "end_time": "2025-10-18T22:27:58.851582", "runtime_seconds": 40.419569}
2025-10-18 22:27:58,852 - BioNexus.runtime - INFO - 会话日志已保存到: C:\Users\15052\Desktop\BioNexus\BioNexus_1.2.18\logs\2025-10-18\session_20251018_222718
2025-10-18 22:27:58,853 - core.tool_manager - INFO - ToolManager cleanup completed
