2025-10-19 03:39:00,714 - INFO - BioNexus 1.2.13 启动 - 会话ID: 20251019_033900
[2025-10-19 03:39:00] 启动阶段 - 日志系统初始化: 成功 - 全面日志系统已启动
2025-10-19 03:39:00,715 - INFO - 启动阶段 - 日志系统初始化: 成功 - 全面日志系统已启动
2025-10-19 03:39:00,717 - INFO - BioNexus 1.2.13 启动初始化
[2025-10-19 03:39:00] 启动阶段 - 基础日志系统: 成功 - 标准logging已配置
2025-10-19 03:39:00,718 - INFO - 启动阶段 - 基础日志系统: 成功 - 标准logging已配置
2025-10-19 03:39:00,719 - INFO - 错误处理器初始化完成
[2025-10-19 03:39:00] 启动阶段 - 错误处理器: 成功 - 全局异常捕获已设置
2025-10-19 03:39:00,719 - INFO - 启动阶段 - 错误处理器: 成功 - 全局异常捕获已设置
[2025-10-19 03:39:00] 模块导入 - ui.main_window.MainWindow: 成功
2025-10-19 03:39:00,770 - INFO - 模块导入 - ui.main_window.MainWindow: 成功
[2025-10-19 03:39:00] 模块导入 - data.config.ConfigManager: 成功
2025-10-19 03:39:00,770 - INFO - 模块导入 - data.config.ConfigManager: 成功
[2025-10-19 03:39:00] 模块导入 - utils.helpers.check_system_requirements: 成功
2025-10-19 03:39:00,771 - INFO - 模块导入 - utils.helpers.check_system_requirements: 成功
[2025-10-19 03:39:00] 模块导入 - utils.unified_logger: 成功
2025-10-19 03:39:00,771 - INFO - 模块导入 - utils.unified_logger: 成功
[2025-10-19 03:39:00] 启动阶段 - 所有模块导入: 成功 - 核心模块导入完成
2025-10-19 03:39:00,772 - INFO - 启动阶段 - 所有模块导入: 成功 - 核心模块导入完成
2025-10-19 03:39:00,799 - INFO - 开始启动主应用程序
2025-10-19 03:39:00,815 - INFO - PyQt5应用程序初始化成功
[2025-10-19 03:39:00] 启动阶段 - PyQt5应用程序: 成功 - 初始化成功
2025-10-19 03:39:00,816 - INFO - 启动阶段 - PyQt5应用程序: 成功 - 初始化成功
2025-10-19 03:39:02,674 - INFO - BioNexus 1.2.13 启动 - 会话ID: 20251019_033902
2025-10-19 03:39:02,675 - INFO - 启动阶段 - 日志系统初始化: 成功 - 全面日志系统已启动
2025-10-19 03:39:02,676 - INFO - BioNexus 1.2.13 启动初始化
2025-10-19 03:39:02,677 - INFO - 启动阶段 - 基础日志系统: 成功 - 标准logging已配置
2025-10-19 03:39:02,677 - INFO - 错误处理器初始化完成
2025-10-19 03:39:02,677 - INFO - 启动阶段 - 错误处理器: 成功 - 全局异常捕获已设置
2025-10-19 03:39:02,678 - INFO - 模块导入 - ui.main_window.MainWindow: 成功
2025-10-19 03:39:02,679 - INFO - 模块导入 - data.config.ConfigManager: 成功
2025-10-19 03:39:02,679 - INFO - 模块导入 - utils.helpers.check_system_requirements: 成功
2025-10-19 03:39:02,679 - INFO - 模块导入 - utils.unified_logger: 成功
2025-10-19 03:39:02,680 - INFO - 启动阶段 - 所有模块导入: 成功 - 核心模块导入完成
