2025-10-20 11:55:49,228 - INFO - BioNexus 1.2.13 启动 - 会话ID: 20251020_115549
[2025-10-20 11:55:49] 启动阶段 - 日志系统初始化: 成功 - 全面日志系统已启动
2025-10-20 11:55:49,232 - INFO - 启动阶段 - 日志系统初始化: 成功 - 全面日志系统已启动
2025-10-20 11:55:49,332 - INFO - BioNexus 1.2.13 启动初始化
[2025-10-20 11:55:49] 启动阶段 - 基础日志系统: 成功 - 标准logging已配置
2025-10-20 11:55:49,336 - INFO - 启动阶段 - 基础日志系统: 成功 - 标准logging已配置
2025-10-20 11:55:49,339 - INFO - 错误处理器初始化完成
[2025-10-20 11:55:49] 启动阶段 - 错误处理器: 成功 - 全局异常捕获已设置
2025-10-20 11:55:49,342 - INFO - 启动阶段 - 错误处理器: 成功 - 全局异常捕获已设置
[2025-10-20 11:55:50] 模块导入 - ui.main_window.MainWindow: 成功
2025-10-20 11:55:50,684 - INFO - 模块导入 - ui.main_window.MainWindow: 成功
[2025-10-20 11:55:50] 模块导入 - data.config.ConfigManager: 成功
2025-10-20 11:55:50,686 - INFO - 模块导入 - data.config.ConfigManager: 成功
[2025-10-20 11:55:50] 模块导入 - utils.helpers.check_system_requirements: 成功
2025-10-20 11:55:50,688 - INFO - 模块导入 - utils.helpers.check_system_requirements: 成功
[2025-10-20 11:55:50] 模块导入 - utils.unified_logger: 成功
2025-10-20 11:55:50,691 - INFO - 模块导入 - utils.unified_logger: 成功
[2025-10-20 11:55:50] 模块导入 - utils.translator.TranslationManager: 成功
2025-10-20 11:55:50,810 - INFO - 模块导入 - utils.translator.TranslationManager: 成功
[2025-10-20 11:55:50] 启动阶段 - 所有模块导入: 成功 - 核心模块导入完成
2025-10-20 11:55:50,814 - INFO - 启动阶段 - 所有模块导入: 成功 - 核心模块导入完成
2025-10-20 11:55:50,983 - INFO - 开始启动主应用程序
