2025-10-20 11:55:50,848 - root - INFO - [ConfigManager] Settings对象创建后:
2025-10-20 11:55:50,849 - root - INFO -   default_install_dir = ''
2025-10-20 11:55:50,849 - root - INFO -   conda_env_path = ''
2025-10-20 11:55:50,852 - root - INFO - 加载配置文件: /home/xi/.bionexus/config.json
2025-10-20 11:55:50,853 - root - INFO - [ConfigManager] JSON文件内容:
2025-10-20 11:55:50,854 - root - INFO -   default_install_dir = ''
2025-10-20 11:55:50,854 - root - INFO -   conda_env_path = ''
2025-10-20 11:55:50,855 - root - DEBUG - 加载设置: auto_update = True
2025-10-20 11:55:50,856 - root - DEBUG - 加载设置: check_tool_status_on_startup = False
2025-10-20 11:55:50,856 - root - DEBUG - 加载设置: show_detailed_install_log = True
2025-10-20 11:55:50,857 - root - DEBUG - 加载设置: language = zh_CN
2025-10-20 11:55:50,858 - root - DEBUG - 加载设置: tool_update = {'update_mode': 'auto', 'check_frequency': 1, 'show_notification': True, 'last_check': None}
2025-10-20 11:55:50,858 - root - DEBUG - 加载设置: default_install_dir = 
2025-10-20 11:55:50,859 - root - INFO - [ConfigManager] 设置 default_install_dir = ''
2025-10-20 11:55:50,859 - root - DEBUG - 加载设置: conda_env_path = 
2025-10-20 11:55:50,860 - root - INFO - [ConfigManager] 设置 conda_env_path = ''
2025-10-20 11:55:50,860 - root - DEBUG - 加载设置: use_mirror_source = True
2025-10-20 11:55:50,861 - root - DEBUG - 加载设置: keep_install_cache = False
2025-10-20 11:55:50,862 - root - DEBUG - 加载设置: favorite_tools = []
2025-10-20 11:55:50,862 - root - INFO - 加载收藏列表: 0 个工具
2025-10-20 11:55:50,866 - root - INFO - 工具数据已从 /home/xi/.bionexus/tools.json 加载成功
2025-10-20 11:55:50,868 - root - INFO - 初始化收藏列表: []
2025-10-20 11:55:50,869 - root - INFO - [ConfigManager] load_all_configs()执行后:
2025-10-20 11:55:50,871 - root - INFO -   default_install_dir = ''
2025-10-20 11:55:50,872 - root - INFO -   conda_env_path = ''
2025-10-20 11:55:50,847 - BioNexus.runtime - INFO - === BioNexus 1.1.12 启动 ===
2025-10-20 11:55:50,875 - root - INFO - [ConfigManager] Settings对象创建后:
2025-10-20 11:55:50,875 - root - INFO -   default_install_dir = ''
2025-10-20 11:55:50,875 - root - INFO -   conda_env_path = ''
2025-10-20 11:55:50,876 - root - INFO - 加载配置文件: /home/xi/.bionexus/config.json
2025-10-20 11:55:50,876 - root - INFO - [ConfigManager] JSON文件内容:
2025-10-20 11:55:50,877 - root - INFO -   default_install_dir = ''
2025-10-20 11:55:50,878 - root - INFO -   conda_env_path = ''
2025-10-20 11:55:50,879 - root - DEBUG - 加载设置: auto_update = True
2025-10-20 11:55:50,879 - root - DEBUG - 加载设置: check_tool_status_on_startup = False
2025-10-20 11:55:50,880 - root - DEBUG - 加载设置: show_detailed_install_log = True
2025-10-20 11:55:50,880 - root - DEBUG - 加载设置: language = zh_CN
2025-10-20 11:55:50,881 - root - DEBUG - 加载设置: tool_update = {'update_mode': 'auto', 'check_frequency': 1, 'show_notification': True, 'last_check': None}
2025-10-20 11:55:50,881 - root - DEBUG - 加载设置: default_install_dir = 
2025-10-20 11:55:50,882 - root - INFO - [ConfigManager] 设置 default_install_dir = ''
2025-10-20 11:55:50,883 - root - DEBUG - 加载设置: conda_env_path = 
2025-10-20 11:55:50,883 - root - INFO - [ConfigManager] 设置 conda_env_path = ''
2025-10-20 11:55:50,884 - root - DEBUG - 加载设置: use_mirror_source = True
2025-10-20 11:55:50,885 - root - DEBUG - 加载设置: keep_install_cache = False
2025-10-20 11:55:50,886 - root - DEBUG - 加载设置: favorite_tools = []
2025-10-20 11:55:50,886 - root - INFO - 加载收藏列表: 0 个工具
2025-10-20 11:55:50,887 - root - INFO - 工具数据已从 /home/xi/.bionexus/tools.json 加载成功
2025-10-20 11:55:50,887 - root - INFO - 初始化收藏列表: []
2025-10-20 11:55:50,888 - root - INFO - [ConfigManager] load_all_configs()执行后:
2025-10-20 11:55:50,888 - root - INFO -   default_install_dir = ''
2025-10-20 11:55:50,889 - root - INFO -   conda_env_path = ''
2025-10-20 11:55:50,874 - BioNexus.runtime - INFO - 会话ID: 20251020_115550
2025-10-20 11:55:50,891 - root - INFO - [ConfigManager] Settings对象创建后:
2025-10-20 11:55:50,892 - root - INFO -   default_install_dir = ''
2025-10-20 11:55:50,892 - root - INFO -   conda_env_path = ''
2025-10-20 11:55:50,893 - root - INFO - 加载配置文件: /home/xi/.bionexus/config.json
2025-10-20 11:55:50,894 - root - INFO - [ConfigManager] JSON文件内容:
2025-10-20 11:55:50,895 - root - INFO -   default_install_dir = ''
2025-10-20 11:55:50,895 - root - INFO -   conda_env_path = ''
2025-10-20 11:55:50,896 - root - DEBUG - 加载设置: auto_update = True
2025-10-20 11:55:50,896 - root - DEBUG - 加载设置: check_tool_status_on_startup = False
2025-10-20 11:55:50,897 - root - DEBUG - 加载设置: show_detailed_install_log = True
2025-10-20 11:55:50,898 - root - DEBUG - 加载设置: language = zh_CN
2025-10-20 11:55:50,898 - root - DEBUG - 加载设置: tool_update = {'update_mode': 'auto', 'check_frequency': 1, 'show_notification': True, 'last_check': None}
2025-10-20 11:55:50,899 - root - DEBUG - 加载设置: default_install_dir = 
2025-10-20 11:55:50,900 - root - INFO - [ConfigManager] 设置 default_install_dir = ''
2025-10-20 11:55:50,901 - root - DEBUG - 加载设置: conda_env_path = 
2025-10-20 11:55:50,901 - root - INFO - [ConfigManager] 设置 conda_env_path = ''
2025-10-20 11:55:50,902 - root - DEBUG - 加载设置: use_mirror_source = True
2025-10-20 11:55:50,903 - root - DEBUG - 加载设置: keep_install_cache = False
2025-10-20 11:55:50,903 - root - DEBUG - 加载设置: favorite_tools = []
2025-10-20 11:55:50,904 - root - INFO - 加载收藏列表: 0 个工具
2025-10-20 11:55:50,905 - root - INFO - 工具数据已从 /home/xi/.bionexus/tools.json 加载成功
2025-10-20 11:55:50,905 - root - INFO - 初始化收藏列表: []
2025-10-20 11:55:50,906 - root - INFO - [ConfigManager] load_all_configs()执行后:
2025-10-20 11:55:50,906 - root - INFO -   default_install_dir = ''
2025-10-20 11:55:50,907 - root - INFO -   conda_env_path = ''
2025-10-20 11:55:50,891 - BioNexus.runtime - INFO - 日志目录: /mnt/c/Users/15052/Desktop/BioNexus/BioNexus_1.2.21/logs/2025-10-20/session_20251020_115550
2025-10-20 11:55:50,910 - root - INFO - [ConfigManager] Settings对象创建后:
2025-10-20 11:55:50,911 - root - INFO -   default_install_dir = ''
2025-10-20 11:55:50,912 - root - INFO -   conda_env_path = ''
2025-10-20 11:55:50,912 - root - INFO - 加载配置文件: /home/xi/.bionexus/config.json
2025-10-20 11:55:50,913 - root - INFO - [ConfigManager] JSON文件内容:
2025-10-20 11:55:50,914 - root - INFO -   default_install_dir = ''
2025-10-20 11:55:50,914 - root - INFO -   conda_env_path = ''
2025-10-20 11:55:50,915 - root - DEBUG - 加载设置: auto_update = True
2025-10-20 11:55:50,916 - root - DEBUG - 加载设置: check_tool_status_on_startup = False
2025-10-20 11:55:50,917 - root - DEBUG - 加载设置: show_detailed_install_log = True
2025-10-20 11:55:50,918 - root - DEBUG - 加载设置: language = zh_CN
2025-10-20 11:55:50,919 - root - DEBUG - 加载设置: tool_update = {'update_mode': 'auto', 'check_frequency': 1, 'show_notification': True, 'last_check': None}
2025-10-20 11:55:50,919 - root - DEBUG - 加载设置: default_install_dir = 
2025-10-20 11:55:50,920 - root - INFO - [ConfigManager] 设置 default_install_dir = ''
2025-10-20 11:55:50,920 - root - DEBUG - 加载设置: conda_env_path = 
2025-10-20 11:55:50,921 - root - INFO - [ConfigManager] 设置 conda_env_path = ''
2025-10-20 11:55:50,921 - root - DEBUG - 加载设置: use_mirror_source = True
2025-10-20 11:55:50,922 - root - DEBUG - 加载设置: keep_install_cache = False
2025-10-20 11:55:50,922 - root - DEBUG - 加载设置: favorite_tools = []
2025-10-20 11:55:50,923 - root - INFO - 加载收藏列表: 0 个工具
2025-10-20 11:55:50,924 - root - INFO - 工具数据已从 /home/xi/.bionexus/tools.json 加载成功
2025-10-20 11:55:50,924 - root - INFO - 初始化收藏列表: []
2025-10-20 11:55:50,925 - root - INFO - [ConfigManager] load_all_configs()执行后:
2025-10-20 11:55:50,925 - root - INFO -   default_install_dir = ''
2025-10-20 11:55:50,926 - root - INFO -   conda_env_path = ''
2025-10-20 11:55:50,910 - BioNexus.runtime - INFO - BioNexus版本: 1.2.13
2025-10-20 11:55:50,964 - root - INFO - [ConfigManager] Settings对象创建后:
2025-10-20 11:55:50,965 - root - INFO -   default_install_dir = ''
2025-10-20 11:55:50,966 - root - INFO -   conda_env_path = ''
2025-10-20 11:55:50,967 - root - INFO - 加载配置文件: /home/xi/.bionexus/config.json
2025-10-20 11:55:50,968 - root - INFO - [ConfigManager] JSON文件内容:
2025-10-20 11:55:50,969 - root - INFO -   default_install_dir = ''
2025-10-20 11:55:50,969 - root - INFO -   conda_env_path = ''
2025-10-20 11:55:50,970 - root - DEBUG - 加载设置: auto_update = True
2025-10-20 11:55:50,971 - root - DEBUG - 加载设置: check_tool_status_on_startup = False
2025-10-20 11:55:50,971 - root - DEBUG - 加载设置: show_detailed_install_log = True
2025-10-20 11:55:50,972 - root - DEBUG - 加载设置: language = zh_CN
2025-10-20 11:55:50,972 - root - DEBUG - 加载设置: tool_update = {'update_mode': 'auto', 'check_frequency': 1, 'show_notification': True, 'last_check': None}
2025-10-20 11:55:50,973 - root - DEBUG - 加载设置: default_install_dir = 
2025-10-20 11:55:50,973 - root - INFO - [ConfigManager] 设置 default_install_dir = ''
2025-10-20 11:55:50,974 - root - DEBUG - 加载设置: conda_env_path = 
2025-10-20 11:55:50,975 - root - INFO - [ConfigManager] 设置 conda_env_path = ''
2025-10-20 11:55:50,976 - root - DEBUG - 加载设置: use_mirror_source = True
2025-10-20 11:55:50,977 - root - DEBUG - 加载设置: keep_install_cache = False
2025-10-20 11:55:50,977 - root - DEBUG - 加载设置: favorite_tools = []
2025-10-20 11:55:50,978 - root - INFO - 加载收藏列表: 0 个工具
2025-10-20 11:55:50,979 - root - INFO - 工具数据已从 /home/xi/.bionexus/tools.json 加载成功
2025-10-20 11:55:50,979 - root - INFO - 初始化收藏列表: []
2025-10-20 11:55:50,980 - root - INFO - [ConfigManager] load_all_configs()执行后:
2025-10-20 11:55:50,981 - root - INFO -   default_install_dir = ''
2025-10-20 11:55:50,982 - root - INFO -   conda_env_path = ''
2025-10-20 11:55:50,983 - BioNexus.startup - INFO - 开始启动主应用程序
2025-10-20 11:55:51,053 - BioNexus.errors - ERROR - 错误 - Qt严重错误: This application failed to start because no Qt platform plugin could be initialized. Reinstalling the application may fix this problem.

Available platform plugins are: eglfs, linuxfb, minimal, minimalegl, offscreen, vnc, wayland-egl, wayland, wayland-xcomposite-egl, wayland-xcomposite-glx, webgl, xcb.
 | 上下文: {"type": "FATAL", "context": "<PyQt5.QtCore.QMessageLogContext object at 0x7e54738c8e50>"}
