2025-10-21 15:58:51,817 - BioNexus.operations - INFO - 用户操作: 视图切换 - {"function": "_on_view_changed"}
2025-10-21 15:58:52,453 - BioNexus.operations - INFO - 用户操作: 应用启动 - {"窗口": "已显示"}
2025-10-21 15:58:55,431 - BioNexus.operations - INFO - 用户操作: 查看工具详情 - {"工具名": "BLAST"}
2025-10-21 15:58:58,160 - BioNexus.operations - INFO - 用户操作: 返回主页面
2025-10-21 15:58:59,236 - BioNexus.operations - INFO - 用户操作: 视图切换 - {"function": "_on_view_changed"}
2025-10-21 15:58:59,245 - BioNexus.operations - INFO - 视图切换: all-tools → settings - 成功
2025-10-21 15:59:00,499 - BioNexus.operations - INFO - 用户操作: 视图切换 - {"function": "_on_view_changed"}
2025-10-21 15:59:00,508 - BioNexus.operations - INFO - 视图切换: settings → my-tools - 成功
2025-10-21 15:59:01,365 - BioNexus.operations - INFO - 用户操作: 视图切换 - {"function": "_on_view_changed"}
2025-10-21 15:59:01,374 - BioNexus.operations - INFO - 视图切换: my-tools → settings - 成功
2025-10-21 15:59:10,709 - BioNexus.operations - INFO - 用户操作: 视图切换 - {"function": "_on_view_changed"}
2025-10-21 15:59:10,719 - BioNexus.operations - INFO - 视图切换: settings → all-tools - 成功
2025-10-21 15:59:12,075 - BioNexus.operations - INFO - 用户操作: 查看工具详情 - {"工具名": "BLAST"}
2025-10-21 15:59:12,968 - BioNexus.operations - INFO - 用户操作: 视图切换 - {"function": "_on_view_changed"}
2025-10-21 15:59:12,977 - BioNexus.operations - INFO - 视图切换: all-tools → my-tools - 成功
2025-10-21 15:59:13,878 - BioNexus.operations - INFO - 用户操作: 视图切换 - {"function": "_on_view_changed"}
2025-10-21 15:59:13,889 - BioNexus.operations - INFO - 视图切换: my-tools → settings - 成功
2025-10-21 15:59:13,905 - BioNexus.operations - INFO - 用户操作: 设置变更 - {"设置项": "auto_update", "新值": "True"}
2025-10-21 15:59:13,914 - BioNexus.operations - INFO - 用户操作: 设置变更 - {"设置项": "auto_update", "新值": "True"}
2025-10-21 15:59:13,924 - BioNexus.operations - INFO - 用户操作: 设置变更 - {"设置项": "check_tool_status_on_startup", "新值": "True"}
2025-10-21 15:59:13,931 - BioNexus.operations - INFO - 用户操作: 设置变更 - {"设置项": "check_tool_status_on_startup", "新值": "True"}
2025-10-21 15:59:13,940 - BioNexus.operations - INFO - 用户操作: 设置变更 - {"设置项": "show_detailed_install_log", "新值": "True"}
2025-10-21 15:59:13,948 - BioNexus.operations - INFO - 用户操作: 设置变更 - {"设置项": "show_detailed_install_log", "新值": "True"}
2025-10-21 15:59:13,957 - BioNexus.operations - INFO - 用户操作: 设置变更 - {"设置项": "tool_update_show_notification", "新值": "True"}
2025-10-21 15:59:13,972 - BioNexus.operations - INFO - 用户操作: 设置变更 - {"设置项": "tool_update_show_notification", "新值": "True"}
2025-10-21 15:59:15,022 - BioNexus.operations - INFO - 用户操作: 应用关闭 - {"关闭方式": "窗口关闭按钮"}
2025-10-21 15:59:15,137 - BioNexus.operations - INFO - 用户操作: 应用关闭 - {"关闭方式": "窗口关闭按钮"}
