2025-10-20 12:05:23,430 - INFO - BioNexus 1.2.13 启动 - 会话ID: 20251020_120523
[2025-10-20 12:05:23] 启动阶段 - 日志系统初始化: 成功 - 全面日志系统已启动
2025-10-20 12:05:23,432 - INFO - 启动阶段 - 日志系统初始化: 成功 - 全面日志系统已启动
2025-10-20 12:05:23,459 - INFO - BioNexus 1.2.13 启动初始化
[2025-10-20 12:05:23] 启动阶段 - 基础日志系统: 成功 - 标准logging已配置
2025-10-20 12:05:23,460 - INFO - 启动阶段 - 基础日志系统: 成功 - 标准logging已配置
2025-10-20 12:05:23,461 - INFO - 错误处理器初始化完成
[2025-10-20 12:05:23] 启动阶段 - 错误处理器: 成功 - 全局异常捕获已设置
2025-10-20 12:05:23,462 - INFO - 启动阶段 - 错误处理器: 成功 - 全局异常捕获已设置
[2025-10-20 12:05:23] 模块导入 - ui.main_window.MainWindow: 成功
2025-10-20 12:05:23,918 - INFO - 模块导入 - ui.main_window.MainWindow: 成功
[2025-10-20 12:05:23] 模块导入 - data.config.ConfigManager: 成功
2025-10-20 12:05:23,919 - INFO - 模块导入 - data.config.ConfigManager: 成功
[2025-10-20 12:05:23] 模块导入 - utils.helpers.check_system_requirements: 成功
2025-10-20 12:05:23,919 - INFO - 模块导入 - utils.helpers.check_system_requirements: 成功
[2025-10-20 12:05:23] 模块导入 - utils.unified_logger: 成功
2025-10-20 12:05:23,920 - INFO - 模块导入 - utils.unified_logger: 成功
[2025-10-20 12:05:24] 模块导入 - utils.translator.TranslationManager: 成功
2025-10-20 12:05:24,024 - INFO - 模块导入 - utils.translator.TranslationManager: 成功
[2025-10-20 12:05:24] 启动阶段 - 所有模块导入: 成功 - 核心模块导入完成
2025-10-20 12:05:24,026 - INFO - 启动阶段 - 所有模块导入: 成功 - 核心模块导入完成
2025-10-20 12:05:24,104 - INFO - 开始启动主应用程序
2025-10-20 12:05:24,240 - INFO - PyQt5应用程序初始化成功
[2025-10-20 12:05:24] 启动阶段 - PyQt5应用程序: 成功 - 初始化成功
2025-10-20 12:05:24,242 - INFO - 启动阶段 - PyQt5应用程序: 成功 - 初始化成功
2025-10-20 12:05:24,242 - WARNING - 翻译系统初始化失败: type object 'TranslationManager' has no attribute 'instance', 将使用默认语言
[2025-10-20 12:05:24] 启动阶段 - 翻译系统: 失败 - 初始化失败: type object 'TranslationManager' has no attribute 'instance', 使用默认语言
2025-10-20 12:05:24,244 - INFO - 启动阶段 - 翻译系统: 失败 - 初始化失败: type object 'TranslationManager' has no attribute 'instance', 使用默认语言
2025-10-20 12:05:27,124 - INFO - BioNexus 1.2.13 启动 - 会话ID: 20251020_120527
2025-10-20 12:05:27,126 - INFO - 启动阶段 - 日志系统初始化: 成功 - 全面日志系统已启动
2025-10-20 12:05:27,127 - INFO - BioNexus 1.2.13 启动初始化
2025-10-20 12:05:27,128 - INFO - 启动阶段 - 基础日志系统: 成功 - 标准logging已配置
2025-10-20 12:05:27,128 - INFO - 错误处理器初始化完成
2025-10-20 12:05:27,129 - INFO - 启动阶段 - 错误处理器: 成功 - 全局异常捕获已设置
2025-10-20 12:05:27,130 - INFO - 模块导入 - ui.main_window.MainWindow: 成功
2025-10-20 12:05:27,131 - INFO - 模块导入 - data.config.ConfigManager: 成功
2025-10-20 12:05:27,132 - INFO - 模块导入 - utils.helpers.check_system_requirements: 成功
2025-10-20 12:05:27,133 - INFO - 模块导入 - utils.unified_logger: 成功
2025-10-20 12:05:27,133 - INFO - 模块导入 - utils.translator.TranslationManager: 成功
2025-10-20 12:05:27,135 - INFO - 启动阶段 - 所有模块导入: 成功 - 核心模块导入完成
