2025-10-20 12:43:48,922 - INFO - BioNexus 1.2.13 启动 - 会话ID: 20251020_124348
[2025-10-20 12:43:48] 启动阶段 - 日志系统初始化: 成功 - 全面日志系统已启动
2025-10-20 12:43:48,924 - INFO - 启动阶段 - 日志系统初始化: 成功 - 全面日志系统已启动
2025-10-20 12:43:48,932 - INFO - BioNexus 1.2.13 启动初始化
[2025-10-20 12:43:48] 启动阶段 - 基础日志系统: 成功 - 标准logging已配置
2025-10-20 12:43:48,933 - INFO - 启动阶段 - 基础日志系统: 成功 - 标准logging已配置
2025-10-20 12:43:48,934 - INFO - 错误处理器初始化完成
[2025-10-20 12:43:48] 启动阶段 - 错误处理器: 成功 - 全局异常捕获已设置
2025-10-20 12:43:48,935 - INFO - 启动阶段 - 错误处理器: 成功 - 全局异常捕获已设置
[2025-10-20 12:43:49] 模块导入 - ui.main_window.MainWindow: 成功
2025-10-20 12:43:49,052 - INFO - 模块导入 - ui.main_window.MainWindow: 成功
[2025-10-20 12:43:49] 模块导入 - data.config.ConfigManager: 成功
2025-10-20 12:43:49,053 - INFO - 模块导入 - data.config.ConfigManager: 成功
[2025-10-20 12:43:49] 模块导入 - utils.helpers.check_system_requirements: 成功
2025-10-20 12:43:49,054 - INFO - 模块导入 - utils.helpers.check_system_requirements: 成功
[2025-10-20 12:43:49] 模块导入 - utils.unified_logger: 成功
2025-10-20 12:43:49,054 - INFO - 模块导入 - utils.unified_logger: 成功
[2025-10-20 12:43:49] 模块导入 - utils.translator.TranslationManager: 成功
2025-10-20 12:43:49,099 - INFO - 模块导入 - utils.translator.TranslationManager: 成功
[2025-10-20 12:43:49] 启动阶段 - 所有模块导入: 成功 - 核心模块导入完成
2025-10-20 12:43:49,100 - INFO - 启动阶段 - 所有模块导入: 成功 - 核心模块导入完成
2025-10-20 12:43:49,163 - INFO - 开始启动主应用程序
2025-10-20 12:43:49,198 - INFO - PyQt5应用程序初始化成功
[2025-10-20 12:43:49] 启动阶段 - PyQt5应用程序: 成功 - 初始化成功
2025-10-20 12:43:49,199 - INFO - 启动阶段 - PyQt5应用程序: 成功 - 初始化成功
2025-10-20 12:43:49,199 - WARNING - 翻译系统初始化失败: type object 'TranslationManager' has no attribute 'instance', 将使用默认语言
[2025-10-20 12:43:49] 启动阶段 - 翻译系统: 失败 - 初始化失败: type object 'TranslationManager' has no attribute 'instance', 使用默认语言
2025-10-20 12:43:49,201 - INFO - 启动阶段 - 翻译系统: 失败 - 初始化失败: type object 'TranslationManager' has no attribute 'instance', 使用默认语言
2025-10-20 12:43:52,683 - INFO - BioNexus 1.2.13 启动 - 会话ID: 20251020_124352
2025-10-20 12:43:52,685 - INFO - 启动阶段 - 日志系统初始化: 成功 - 全面日志系统已启动
2025-10-20 12:43:52,688 - INFO - BioNexus 1.2.13 启动初始化
2025-10-20 12:43:52,689 - INFO - 启动阶段 - 基础日志系统: 成功 - 标准logging已配置
2025-10-20 12:43:52,690 - INFO - 错误处理器初始化完成
2025-10-20 12:43:52,692 - INFO - 启动阶段 - 错误处理器: 成功 - 全局异常捕获已设置
2025-10-20 12:43:52,699 - INFO - 模块导入 - ui.main_window.MainWindow: 成功
2025-10-20 12:43:52,700 - INFO - 模块导入 - data.config.ConfigManager: 成功
2025-10-20 12:43:52,701 - INFO - 模块导入 - utils.helpers.check_system_requirements: 成功
2025-10-20 12:43:52,703 - INFO - 模块导入 - utils.unified_logger: 成功
2025-10-20 12:43:52,704 - INFO - 模块导入 - utils.translator.TranslationManager: 成功
2025-10-20 12:43:52,707 - INFO - 启动阶段 - 所有模块导入: 成功 - 核心模块导入完成
