2025-10-20 02:36:44,233 - INFO - BioNexus 1.2.13 启动 - 会话ID: 20251020_023644
[2025-10-20 02:36:44] 启动阶段 - 日志系统初始化: 成功 - 全面日志系统已启动
2025-10-20 02:36:44,234 - INFO - 启动阶段 - 日志系统初始化: 成功 - 全面日志系统已启动
2025-10-20 02:36:44,235 - INFO - BioNexus 1.2.13 启动初始化
[2025-10-20 02:36:44] 启动阶段 - 基础日志系统: 成功 - 标准logging已配置
2025-10-20 02:36:44,236 - INFO - 启动阶段 - 基础日志系统: 成功 - 标准logging已配置
2025-10-20 02:36:44,236 - INFO - 错误处理器初始化完成
[2025-10-20 02:36:44] 启动阶段 - 错误处理器: 成功 - 全局异常捕获已设置
2025-10-20 02:36:44,236 - INFO - 启动阶段 - 错误处理器: 成功 - 全局异常捕获已设置
[2025-10-20 02:36:44] 模块导入 - ui.main_window.MainWindow: 成功
2025-10-20 02:36:44,275 - INFO - 模块导入 - ui.main_window.MainWindow: 成功
[2025-10-20 02:36:44] 模块导入 - data.config.ConfigManager: 成功
2025-10-20 02:36:44,275 - INFO - 模块导入 - data.config.ConfigManager: 成功
[2025-10-20 02:36:44] 模块导入 - utils.helpers.check_system_requirements: 成功
2025-10-20 02:36:44,275 - INFO - 模块导入 - utils.helpers.check_system_requirements: 成功
[2025-10-20 02:36:44] 模块导入 - utils.unified_logger: 成功
2025-10-20 02:36:44,275 - INFO - 模块导入 - utils.unified_logger: 成功
[2025-10-20 02:36:44] 模块导入 - utils.translator.TranslationManager: 成功
2025-10-20 02:36:44,283 - INFO - 模块导入 - utils.translator.TranslationManager: 成功
[2025-10-20 02:36:44] 启动阶段 - 所有模块导入: 成功 - 核心模块导入完成
2025-10-20 02:36:44,283 - INFO - 启动阶段 - 所有模块导入: 成功 - 核心模块导入完成
2025-10-20 02:36:44,302 - INFO - 开始启动主应用程序
2025-10-20 02:36:44,317 - INFO - PyQt5应用程序初始化成功
[2025-10-20 02:36:44] 启动阶段 - PyQt5应用程序: 成功 - 初始化成功
2025-10-20 02:36:44,318 - INFO - 启动阶段 - PyQt5应用程序: 成功 - 初始化成功
2025-10-20 02:36:44,318 - WARNING - 翻译系统初始化失败: type object 'TranslationManager' has no attribute 'instance', 将使用默认语言
[2025-10-20 02:36:44] 启动阶段 - 翻译系统: 失败 - 初始化失败: type object 'TranslationManager' has no attribute 'instance', 使用默认语言
2025-10-20 02:36:44,318 - INFO - 启动阶段 - 翻译系统: 失败 - 初始化失败: type object 'TranslationManager' has no attribute 'instance', 使用默认语言
2025-10-20 02:36:45,660 - INFO - BioNexus 1.2.13 启动 - 会话ID: 20251020_023645
2025-10-20 02:36:45,660 - INFO - 启动阶段 - 日志系统初始化: 成功 - 全面日志系统已启动
2025-10-20 02:36:45,661 - INFO - BioNexus 1.2.13 启动初始化
2025-10-20 02:36:45,661 - INFO - 启动阶段 - 基础日志系统: 成功 - 标准logging已配置
2025-10-20 02:36:45,662 - INFO - 错误处理器初始化完成
2025-10-20 02:36:45,662 - INFO - 启动阶段 - 错误处理器: 成功 - 全局异常捕获已设置
2025-10-20 02:36:45,663 - INFO - 模块导入 - ui.main_window.MainWindow: 成功
2025-10-20 02:36:45,664 - INFO - 模块导入 - data.config.ConfigManager: 成功
2025-10-20 02:36:45,664 - INFO - 模块导入 - utils.helpers.check_system_requirements: 成功
2025-10-20 02:36:45,664 - INFO - 模块导入 - utils.unified_logger: 成功
2025-10-20 02:36:45,665 - INFO - 模块导入 - utils.translator.TranslationManager: 成功
2025-10-20 02:36:45,665 - INFO - 启动阶段 - 所有模块导入: 成功 - 核心模块导入完成
