2025-10-20 03:00:39,922 - INFO - BioNexus 1.2.13 启动 - 会话ID: 20251020_030039
[2025-10-20 03:00:39] 启动阶段 - 日志系统初始化: 成功 - 全面日志系统已启动
2025-10-20 03:00:39,922 - INFO - 启动阶段 - 日志系统初始化: 成功 - 全面日志系统已启动
2025-10-20 03:00:39,928 - INFO - BioNexus 1.2.13 启动初始化
[2025-10-20 03:00:39] 启动阶段 - 基础日志系统: 成功 - 标准logging已配置
2025-10-20 03:00:39,928 - INFO - 启动阶段 - 基础日志系统: 成功 - 标准logging已配置
2025-10-20 03:00:39,929 - INFO - 错误处理器初始化完成
[2025-10-20 03:00:39] 启动阶段 - 错误处理器: 成功 - 全局异常捕获已设置
2025-10-20 03:00:39,929 - INFO - 启动阶段 - 错误处理器: 成功 - 全局异常捕获已设置
[2025-10-20 03:00:40] 模块导入 - ui.main_window.MainWindow: 成功
2025-10-20 03:00:40,082 - INFO - 模块导入 - ui.main_window.MainWindow: 成功
[2025-10-20 03:00:40] 模块导入 - data.config.ConfigManager: 成功
2025-10-20 03:00:40,082 - INFO - 模块导入 - data.config.ConfigManager: 成功
[2025-10-20 03:00:40] 模块导入 - utils.helpers.check_system_requirements: 成功
2025-10-20 03:00:40,082 - INFO - 模块导入 - utils.helpers.check_system_requirements: 成功
[2025-10-20 03:00:40] 模块导入 - utils.unified_logger: 成功
2025-10-20 03:00:40,082 - INFO - 模块导入 - utils.unified_logger: 成功
[2025-10-20 03:00:40] 模块导入 - utils.translator.TranslationManager: 成功
2025-10-20 03:00:40,126 - INFO - 模块导入 - utils.translator.TranslationManager: 成功
[2025-10-20 03:00:40] 启动阶段 - 所有模块导入: 成功 - 核心模块导入完成
2025-10-20 03:00:40,127 - INFO - 启动阶段 - 所有模块导入: 成功 - 核心模块导入完成
2025-10-20 03:00:40,151 - INFO - 开始启动主应用程序
2025-10-20 03:00:40,165 - INFO - PyQt5应用程序初始化成功
[2025-10-20 03:00:40] 启动阶段 - PyQt5应用程序: 成功 - 初始化成功
2025-10-20 03:00:40,165 - INFO - 启动阶段 - PyQt5应用程序: 成功 - 初始化成功
2025-10-20 03:00:40,166 - WARNING - 翻译系统初始化失败: type object 'TranslationManager' has no attribute 'instance', 将使用默认语言
[2025-10-20 03:00:40] 启动阶段 - 翻译系统: 失败 - 初始化失败: type object 'TranslationManager' has no attribute 'instance', 使用默认语言
2025-10-20 03:00:40,166 - INFO - 启动阶段 - 翻译系统: 失败 - 初始化失败: type object 'TranslationManager' has no attribute 'instance', 使用默认语言
2025-10-20 03:00:41,526 - INFO - BioNexus 1.2.13 启动 - 会话ID: 20251020_030041
2025-10-20 03:00:41,527 - INFO - 启动阶段 - 日志系统初始化: 成功 - 全面日志系统已启动
2025-10-20 03:00:41,527 - INFO - BioNexus 1.2.13 启动初始化
2025-10-20 03:00:41,528 - INFO - 启动阶段 - 基础日志系统: 成功 - 标准logging已配置
2025-10-20 03:00:41,528 - INFO - 错误处理器初始化完成
2025-10-20 03:00:41,528 - INFO - 启动阶段 - 错误处理器: 成功 - 全局异常捕获已设置
2025-10-20 03:00:41,529 - INFO - 模块导入 - ui.main_window.MainWindow: 成功
2025-10-20 03:00:41,529 - INFO - 模块导入 - data.config.ConfigManager: 成功
2025-10-20 03:00:41,530 - INFO - 模块导入 - utils.helpers.check_system_requirements: 成功
2025-10-20 03:00:41,530 - INFO - 模块导入 - utils.unified_logger: 成功
2025-10-20 03:00:41,530 - INFO - 模块导入 - utils.translator.TranslationManager: 成功
2025-10-20 03:00:41,531 - INFO - 启动阶段 - 所有模块导入: 成功 - 核心模块导入完成
