2025-10-19 03:30:49,822 - INFO - BioNexus 1.2.13 启动 - 会话ID: 20251019_033049
[2025-10-19 03:30:49] 启动阶段 - 日志系统初始化: 成功 - 全面日志系统已启动
2025-10-19 03:30:49,823 - INFO - 启动阶段 - 日志系统初始化: 成功 - 全面日志系统已启动
2025-10-19 03:30:49,826 - INFO - BioNexus 1.2.13 启动初始化
[2025-10-19 03:30:49] 启动阶段 - 基础日志系统: 成功 - 标准logging已配置
2025-10-19 03:30:49,826 - INFO - 启动阶段 - 基础日志系统: 成功 - 标准logging已配置
2025-10-19 03:30:49,826 - INFO - 错误处理器初始化完成
[2025-10-19 03:30:49] 启动阶段 - 错误处理器: 成功 - 全局异常捕获已设置
2025-10-19 03:30:49,827 - INFO - 启动阶段 - 错误处理器: 成功 - 全局异常捕获已设置
[2025-10-19 03:30:49] 模块导入 - ui.main_window.MainWindow: 成功
2025-10-19 03:30:49,917 - INFO - 模块导入 - ui.main_window.MainWindow: 成功
[2025-10-19 03:30:49] 模块导入 - data.config.ConfigManager: 成功
2025-10-19 03:30:49,918 - INFO - 模块导入 - data.config.ConfigManager: 成功
[2025-10-19 03:30:49] 模块导入 - utils.helpers.check_system_requirements: 成功
2025-10-19 03:30:49,918 - INFO - 模块导入 - utils.helpers.check_system_requirements: 成功
[2025-10-19 03:30:49] 模块导入 - utils.unified_logger: 成功
2025-10-19 03:30:49,918 - INFO - 模块导入 - utils.unified_logger: 成功
[2025-10-19 03:30:49] 启动阶段 - 所有模块导入: 成功 - 核心模块导入完成
2025-10-19 03:30:49,919 - INFO - 启动阶段 - 所有模块导入: 成功 - 核心模块导入完成
2025-10-19 03:30:49,946 - INFO - 开始启动主应用程序
2025-10-19 03:30:49,970 - INFO - PyQt5应用程序初始化成功
[2025-10-19 03:30:49] 启动阶段 - PyQt5应用程序: 成功 - 初始化成功
2025-10-19 03:30:49,970 - INFO - 启动阶段 - PyQt5应用程序: 成功 - 初始化成功
2025-10-19 03:30:51,764 - INFO - BioNexus 1.2.13 启动 - 会话ID: 20251019_033051
2025-10-19 03:30:51,765 - INFO - 启动阶段 - 日志系统初始化: 成功 - 全面日志系统已启动
2025-10-19 03:30:51,766 - INFO - BioNexus 1.2.13 启动初始化
2025-10-19 03:30:51,767 - INFO - 启动阶段 - 基础日志系统: 成功 - 标准logging已配置
2025-10-19 03:30:51,768 - INFO - 错误处理器初始化完成
2025-10-19 03:30:51,768 - INFO - 启动阶段 - 错误处理器: 成功 - 全局异常捕获已设置
2025-10-19 03:30:51,769 - INFO - 模块导入 - ui.main_window.MainWindow: 成功
2025-10-19 03:30:51,770 - INFO - 模块导入 - data.config.ConfigManager: 成功
2025-10-19 03:30:51,770 - INFO - 模块导入 - utils.helpers.check_system_requirements: 成功
2025-10-19 03:30:51,770 - INFO - 模块导入 - utils.unified_logger: 成功
2025-10-19 03:30:51,771 - INFO - 启动阶段 - 所有模块导入: 成功 - 核心模块导入完成
