2025-10-19 03:33:14,014 - INFO - BioNexus 1.2.13 启动 - 会话ID: 20251019_033314
[2025-10-19 03:33:14] 启动阶段 - 日志系统初始化: 成功 - 全面日志系统已启动
2025-10-19 03:33:14,015 - INFO - 启动阶段 - 日志系统初始化: 成功 - 全面日志系统已启动
2025-10-19 03:33:14,017 - INFO - BioNexus 1.2.13 启动初始化
[2025-10-19 03:33:14] 启动阶段 - 基础日志系统: 成功 - 标准logging已配置
2025-10-19 03:33:14,017 - INFO - 启动阶段 - 基础日志系统: 成功 - 标准logging已配置
2025-10-19 03:33:14,017 - INFO - 错误处理器初始化完成
[2025-10-19 03:33:14] 启动阶段 - 错误处理器: 成功 - 全局异常捕获已设置
2025-10-19 03:33:14,017 - INFO - 启动阶段 - 错误处理器: 成功 - 全局异常捕获已设置
[2025-10-19 03:33:14] 模块导入 - ui.main_window.MainWindow: 成功
2025-10-19 03:33:14,072 - INFO - 模块导入 - ui.main_window.MainWindow: 成功
[2025-10-19 03:33:14] 模块导入 - data.config.ConfigManager: 成功
2025-10-19 03:33:14,072 - INFO - 模块导入 - data.config.ConfigManager: 成功
[2025-10-19 03:33:14] 模块导入 - utils.helpers.check_system_requirements: 成功
2025-10-19 03:33:14,073 - INFO - 模块导入 - utils.helpers.check_system_requirements: 成功
[2025-10-19 03:33:14] 模块导入 - utils.unified_logger: 成功
2025-10-19 03:33:14,073 - INFO - 模块导入 - utils.unified_logger: 成功
[2025-10-19 03:33:14] 启动阶段 - 所有模块导入: 成功 - 核心模块导入完成
2025-10-19 03:33:14,074 - INFO - 启动阶段 - 所有模块导入: 成功 - 核心模块导入完成
2025-10-19 03:33:14,098 - INFO - 开始启动主应用程序
2025-10-19 03:33:14,112 - INFO - PyQt5应用程序初始化成功
[2025-10-19 03:33:14] 启动阶段 - PyQt5应用程序: 成功 - 初始化成功
2025-10-19 03:33:14,113 - INFO - 启动阶段 - PyQt5应用程序: 成功 - 初始化成功
2025-10-19 03:33:15,694 - INFO - BioNexus 1.2.13 启动 - 会话ID: 20251019_033315
2025-10-19 03:33:15,695 - INFO - 启动阶段 - 日志系统初始化: 成功 - 全面日志系统已启动
2025-10-19 03:33:15,695 - INFO - BioNexus 1.2.13 启动初始化
2025-10-19 03:33:15,696 - INFO - 启动阶段 - 基础日志系统: 成功 - 标准logging已配置
2025-10-19 03:33:15,696 - INFO - 错误处理器初始化完成
2025-10-19 03:33:15,696 - INFO - 启动阶段 - 错误处理器: 成功 - 全局异常捕获已设置
2025-10-19 03:33:15,697 - INFO - 模块导入 - ui.main_window.MainWindow: 成功
2025-10-19 03:33:15,697 - INFO - 模块导入 - data.config.ConfigManager: 成功
2025-10-19 03:33:15,697 - INFO - 模块导入 - utils.helpers.check_system_requirements: 成功
2025-10-19 03:33:15,698 - INFO - 模块导入 - utils.unified_logger: 成功
2025-10-19 03:33:15,698 - INFO - 启动阶段 - 所有模块导入: 成功 - 核心模块导入完成
