2025-10-19 20:42:02,867 - INFO - BioNexus 1.2.13 启动 - 会话ID: 20251019_204202
[2025-10-19 20:42:02] 启动阶段 - 日志系统初始化: 成功 - 全面日志系统已启动
2025-10-19 20:42:02,867 - INFO - 启动阶段 - 日志系统初始化: 成功 - 全面日志系统已启动
2025-10-19 20:42:02,870 - INFO - BioNexus 1.2.13 启动初始化
[2025-10-19 20:42:02] 启动阶段 - 基础日志系统: 成功 - 标准logging已配置
2025-10-19 20:42:02,871 - INFO - 启动阶段 - 基础日志系统: 成功 - 标准logging已配置
2025-10-19 20:42:02,871 - INFO - 错误处理器初始化完成
[2025-10-19 20:42:02] 启动阶段 - 错误处理器: 成功 - 全局异常捕获已设置
2025-10-19 20:42:02,871 - INFO - 启动阶段 - 错误处理器: 成功 - 全局异常捕获已设置
[2025-10-19 20:42:03] 模块导入 - ui.main_window.MainWindow: 成功
2025-10-19 20:42:03,017 - INFO - 模块导入 - ui.main_window.MainWindow: 成功
[2025-10-19 20:42:03] 模块导入 - data.config.ConfigManager: 成功
2025-10-19 20:42:03,017 - INFO - 模块导入 - data.config.ConfigManager: 成功
[2025-10-19 20:42:03] 模块导入 - utils.helpers.check_system_requirements: 成功
2025-10-19 20:42:03,018 - INFO - 模块导入 - utils.helpers.check_system_requirements: 成功
[2025-10-19 20:42:03] 模块导入 - utils.unified_logger: 成功
2025-10-19 20:42:03,018 - INFO - 模块导入 - utils.unified_logger: 成功
[2025-10-19 20:42:03] 模块导入 - utils.translator.TranslationManager: 成功
2025-10-19 20:42:03,024 - INFO - 模块导入 - utils.translator.TranslationManager: 成功
[2025-10-19 20:42:03] 启动阶段 - 所有模块导入: 成功 - 核心模块导入完成
2025-10-19 20:42:03,025 - INFO - 启动阶段 - 所有模块导入: 成功 - 核心模块导入完成
2025-10-19 20:42:03,060 - INFO - 开始启动主应用程序
2025-10-19 20:42:03,147 - INFO - PyQt5应用程序初始化成功
[2025-10-19 20:42:03] 启动阶段 - PyQt5应用程序: 成功 - 初始化成功
2025-10-19 20:42:03,148 - INFO - 启动阶段 - PyQt5应用程序: 成功 - 初始化成功
2025-10-19 20:42:03,149 - WARNING - 翻译系统初始化失败: super-class __init__() of type TranslationManager was never called, 将使用默认语言
[2025-10-19 20:42:03] 启动阶段 - 翻译系统: 失败 - 初始化失败: super-class __init__() of type TranslationManager was never called, 使用默认语言
2025-10-19 20:42:03,149 - INFO - 启动阶段 - 翻译系统: 失败 - 初始化失败: super-class __init__() of type TranslationManager was never called, 使用默认语言
2025-10-19 20:42:04,772 - INFO - BioNexus 1.2.13 启动 - 会话ID: 20251019_204204
2025-10-19 20:42:04,773 - INFO - 启动阶段 - 日志系统初始化: 成功 - 全面日志系统已启动
2025-10-19 20:42:04,774 - INFO - BioNexus 1.2.13 启动初始化
2025-10-19 20:42:04,774 - INFO - 启动阶段 - 基础日志系统: 成功 - 标准logging已配置
2025-10-19 20:42:04,774 - INFO - 错误处理器初始化完成
2025-10-19 20:42:04,774 - INFO - 启动阶段 - 错误处理器: 成功 - 全局异常捕获已设置
2025-10-19 20:42:04,775 - INFO - 模块导入 - ui.main_window.MainWindow: 成功
2025-10-19 20:42:04,776 - INFO - 模块导入 - data.config.ConfigManager: 成功
2025-10-19 20:42:04,776 - INFO - 模块导入 - utils.helpers.check_system_requirements: 成功
2025-10-19 20:42:04,776 - INFO - 模块导入 - utils.unified_logger: 成功
2025-10-19 20:42:04,777 - INFO - 模块导入 - utils.translator.TranslationManager: 成功
2025-10-19 20:42:04,777 - INFO - 启动阶段 - 所有模块导入: 成功 - 核心模块导入完成
