2025-10-19 03:15:12,657 - INFO - BioNexus 1.2.13 启动 - 会话ID: 20251019_031512
[2025-10-19 03:15:12] 启动阶段 - 日志系统初始化: 成功 - 全面日志系统已启动
2025-10-19 03:15:12,658 - INFO - 启动阶段 - 日志系统初始化: 成功 - 全面日志系统已启动
2025-10-19 03:15:12,662 - INFO - BioNexus 1.2.13 启动初始化
[2025-10-19 03:15:12] 启动阶段 - 基础日志系统: 成功 - 标准logging已配置
2025-10-19 03:15:12,663 - INFO - 启动阶段 - 基础日志系统: 成功 - 标准logging已配置
2025-10-19 03:15:12,663 - INFO - 错误处理器初始化完成
[2025-10-19 03:15:12] 启动阶段 - 错误处理器: 成功 - 全局异常捕获已设置
2025-10-19 03:15:12,663 - INFO - 启动阶段 - 错误处理器: 成功 - 全局异常捕获已设置
[2025-10-19 03:15:12] 模块导入 - ui.main_window.MainWindow: 成功
2025-10-19 03:15:12,757 - INFO - 模块导入 - ui.main_window.MainWindow: 成功
[2025-10-19 03:15:12] 模块导入 - data.config.ConfigManager: 成功
2025-10-19 03:15:12,757 - INFO - 模块导入 - data.config.ConfigManager: 成功
[2025-10-19 03:15:12] 模块导入 - utils.helpers.check_system_requirements: 成功
2025-10-19 03:15:12,757 - INFO - 模块导入 - utils.helpers.check_system_requirements: 成功
[2025-10-19 03:15:12] 模块导入 - utils.unified_logger: 成功
2025-10-19 03:15:12,758 - INFO - 模块导入 - utils.unified_logger: 成功
[2025-10-19 03:15:12] 启动阶段 - 所有模块导入: 成功 - 核心模块导入完成
2025-10-19 03:15:12,758 - INFO - 启动阶段 - 所有模块导入: 成功 - 核心模块导入完成
2025-10-19 03:15:12,802 - INFO - 开始启动主应用程序
2025-10-19 03:15:12,897 - INFO - PyQt5应用程序初始化成功
[2025-10-19 03:15:12] 启动阶段 - PyQt5应用程序: 成功 - 初始化成功
2025-10-19 03:15:12,898 - INFO - 启动阶段 - PyQt5应用程序: 成功 - 初始化成功
2025-10-19 03:15:15,396 - INFO - BioNexus 1.2.13 启动 - 会话ID: 20251019_031515
2025-10-19 03:15:15,396 - INFO - 启动阶段 - 日志系统初始化: 成功 - 全面日志系统已启动
2025-10-19 03:15:15,397 - INFO - BioNexus 1.2.13 启动初始化
2025-10-19 03:15:15,398 - INFO - 启动阶段 - 基础日志系统: 成功 - 标准logging已配置
2025-10-19 03:15:15,398 - INFO - 错误处理器初始化完成
2025-10-19 03:15:15,399 - INFO - 启动阶段 - 错误处理器: 成功 - 全局异常捕获已设置
2025-10-19 03:15:15,401 - INFO - 模块导入 - ui.main_window.MainWindow: 成功
2025-10-19 03:15:15,402 - INFO - 模块导入 - data.config.ConfigManager: 成功
2025-10-19 03:15:15,403 - INFO - 模块导入 - utils.helpers.check_system_requirements: 成功
2025-10-19 03:15:15,403 - INFO - 模块导入 - utils.unified_logger: 成功
2025-10-19 03:15:15,404 - INFO - 启动阶段 - 所有模块导入: 成功 - 核心模块导入完成
