2025-10-21 17:11:43,575 - BioNexus.operations - INFO - 用户操作: 视图切换 - {"function": "_on_view_changed"}
2025-10-21 17:11:44,392 - BioNexus.operations - INFO - 用户操作: 应用启动 - {"窗口": "已显示"}
2025-10-21 17:11:47,731 - BioNexus.operations - INFO - 用户操作: 视图切换 - {"function": "_on_view_changed"}
2025-10-21 17:11:47,737 - BioNexus.operations - INFO - 视图切换: all-tools → settings - 成功
2025-10-21 17:11:55,403 - BioNexus.operations - INFO - 用户操作: 视图切换 - {"function": "_on_view_changed"}
2025-10-21 17:11:55,411 - BioNexus.operations - INFO - 视图切换: settings → all-tools - 成功
2025-10-21 17:11:57,610 - BioNexus.operations - INFO - 用户操作: 视图切换 - {"function": "_on_view_changed"}
2025-10-21 17:11:57,618 - BioNexus.operations - INFO - 视图切换: all-tools → settings - 成功
2025-10-21 17:11:57,630 - BioNexus.operations - INFO - 用户操作: 设置变更 - {"设置项": "auto_update", "新值": "True"}
2025-10-21 17:11:57,706 - BioNexus.operations - INFO - 用户操作: 设置变更 - {"设置项": "auto_update", "新值": "True"}
2025-10-21 17:11:57,721 - BioNexus.operations - INFO - 用户操作: 设置变更 - {"设置项": "check_tool_status_on_startup", "新值": "True"}
2025-10-21 17:11:57,730 - BioNexus.operations - INFO - 用户操作: 设置变更 - {"设置项": "check_tool_status_on_startup", "新值": "True"}
2025-10-21 17:11:57,743 - BioNexus.operations - INFO - 用户操作: 设置变更 - {"设置项": "show_detailed_install_log", "新值": "True"}
2025-10-21 17:11:57,754 - BioNexus.operations - INFO - 用户操作: 设置变更 - {"设置项": "show_detailed_install_log", "新值": "True"}
2025-10-21 17:11:57,769 - BioNexus.operations - INFO - 用户操作: 设置变更 - {"设置项": "tool_update_show_notification", "新值": "True"}
2025-10-21 17:11:57,791 - BioNexus.operations - INFO - 用户操作: 设置变更 - {"设置项": "tool_update_show_notification", "新值": "True"}
2025-10-21 17:12:00,594 - BioNexus.operations - INFO - 用户操作: 视图切换 - {"function": "_on_view_changed"}
2025-10-21 17:12:00,600 - BioNexus.operations - INFO - 视图切换: settings → all-tools - 成功
2025-10-21 17:12:01,748 - BioNexus.operations - INFO - 用户操作: 视图切换 - {"function": "_on_view_changed"}
2025-10-21 17:12:01,755 - BioNexus.operations - INFO - 视图切换: all-tools → settings - 成功
2025-10-21 17:12:01,764 - BioNexus.operations - INFO - 用户操作: 设置变更 - {"设置项": "auto_update", "新值": "True"}
2025-10-21 17:12:01,770 - BioNexus.operations - INFO - 用户操作: 设置变更 - {"设置项": "auto_update", "新值": "True"}
2025-10-21 17:12:01,777 - BioNexus.operations - INFO - 用户操作: 设置变更 - {"设置项": "check_tool_status_on_startup", "新值": "True"}
2025-10-21 17:12:01,782 - BioNexus.operations - INFO - 用户操作: 设置变更 - {"设置项": "check_tool_status_on_startup", "新值": "True"}
2025-10-21 17:12:01,790 - BioNexus.operations - INFO - 用户操作: 设置变更 - {"设置项": "show_detailed_install_log", "新值": "True"}
2025-10-21 17:12:01,795 - BioNexus.operations - INFO - 用户操作: 设置变更 - {"设置项": "show_detailed_install_log", "新值": "True"}
2025-10-21 17:12:01,801 - BioNexus.operations - INFO - 用户操作: 设置变更 - {"设置项": "tool_update_show_notification", "新值": "True"}
2025-10-21 17:12:01,811 - BioNexus.operations - INFO - 用户操作: 设置变更 - {"设置项": "tool_update_show_notification", "新值": "True"}
2025-10-21 17:12:03,796 - BioNexus.operations - INFO - 用户操作: 视图切换 - {"function": "_on_view_changed"}
2025-10-21 17:12:03,802 - BioNexus.operations - INFO - 视图切换: settings → my-tools - 成功
2025-10-21 17:12:04,118 - BioNexus.operations - INFO - 用户操作: 视图切换 - {"function": "_on_view_changed"}
2025-10-21 17:12:04,125 - BioNexus.operations - INFO - 视图切换: my-tools → all-tools - 成功
2025-10-21 17:12:05,536 - BioNexus.operations - INFO - 用户操作: 查看工具详情 - {"工具名": "BLAST"}
2025-10-21 17:13:03,392 - BioNexus.operations - INFO - 用户操作: 应用关闭 - {"关闭方式": "窗口关闭按钮"}
2025-10-21 17:13:03,469 - BioNexus.operations - INFO - 用户操作: 应用关闭 - {"关闭方式": "窗口关闭按钮"}
