2025-10-21 17:11:34,507 - INFO - BioNexus 1.2.13 启动 - 会话ID: 20251021_171134
[2025-10-21 17:11:34] 启动阶段 - 日志系统初始化: 成功 - 全面日志系统已启动
2025-10-21 17:11:34,511 - INFO - 启动阶段 - 日志系统初始化: 成功 - 全面日志系统已启动
2025-10-21 17:11:34,517 - INFO - BioNexus 1.2.13 启动初始化
[2025-10-21 17:11:34] 启动阶段 - 基础日志系统: 成功 - 标准logging已配置
2025-10-21 17:11:34,518 - INFO - 启动阶段 - 基础日志系统: 成功 - 标准logging已配置
2025-10-21 17:11:34,519 - INFO - 错误处理器初始化完成
[2025-10-21 17:11:34] 启动阶段 - 错误处理器: 成功 - 全局异常捕获已设置
2025-10-21 17:11:34,520 - INFO - 启动阶段 - 错误处理器: 成功 - 全局异常捕获已设置
[2025-10-21 17:11:34] 模块导入 - ui.main_window.MainWindow: 成功
2025-10-21 17:11:34,760 - INFO - 模块导入 - ui.main_window.MainWindow: 成功
[2025-10-21 17:11:34] 模块导入 - data.config.ConfigManager: 成功
2025-10-21 17:11:34,761 - INFO - 模块导入 - data.config.ConfigManager: 成功
[2025-10-21 17:11:34] 模块导入 - utils.helpers.check_system_requirements: 成功
2025-10-21 17:11:34,762 - INFO - 模块导入 - utils.helpers.check_system_requirements: 成功
[2025-10-21 17:11:34] 模块导入 - utils.unified_logger: 成功
2025-10-21 17:11:34,763 - INFO - 模块导入 - utils.unified_logger: 成功
[2025-10-21 17:11:34] 模块导入 - utils.translator.TranslationManager: 成功
2025-10-21 17:11:34,763 - INFO - 模块导入 - utils.translator.TranslationManager: 成功
[2025-10-21 17:11:34] 启动阶段 - 所有模块导入: 成功 - 核心模块导入完成
2025-10-21 17:11:34,764 - INFO - 启动阶段 - 所有模块导入: 成功 - 核心模块导入完成
2025-10-21 17:11:34,839 - INFO - 开始启动主应用程序
2025-10-21 17:11:34,979 - WARNING - QComboBox滚轮过滤器安装失败: No module named 'utils.qt_wheel_guard'
2025-10-21 17:11:34,982 - INFO - PyQt5应用程序初始化成功
[2025-10-21 17:11:34] 启动阶段 - PyQt5应用程序: 成功 - 初始化成功
2025-10-21 17:11:34,983 - INFO - 启动阶段 - PyQt5应用程序: 成功 - 初始化成功
2025-10-21 17:11:35,298 - INFO - 翻译系统初始化成功, 当前语言: de_DE
[2025-10-21 17:11:35] 启动阶段 - 翻译系统: 成功 - 已加载语言: de_DE
2025-10-21 17:11:35,299 - INFO - 启动阶段 - 翻译系统: 成功 - 已加载语言: de_DE
2025-10-21 17:11:40,309 - INFO - BioNexus 1.2.13 启动 - 会话ID: 20251021_171140
2025-10-21 17:11:40,311 - INFO - 启动阶段 - 日志系统初始化: 成功 - 全面日志系统已启动
2025-10-21 17:11:40,314 - INFO - BioNexus 1.2.13 启动初始化
2025-10-21 17:11:40,316 - INFO - 启动阶段 - 基础日志系统: 成功 - 标准logging已配置
2025-10-21 17:11:40,317 - INFO - 错误处理器初始化完成
2025-10-21 17:11:40,318 - INFO - 启动阶段 - 错误处理器: 成功 - 全局异常捕获已设置
2025-10-21 17:11:40,320 - INFO - 模块导入 - ui.main_window.MainWindow: 成功
2025-10-21 17:11:40,321 - INFO - 模块导入 - data.config.ConfigManager: 成功
2025-10-21 17:11:40,323 - INFO - 模块导入 - utils.helpers.check_system_requirements: 成功
2025-10-21 17:11:40,324 - INFO - 模块导入 - utils.unified_logger: 成功
2025-10-21 17:11:40,325 - INFO - 模块导入 - utils.translator.TranslationManager: 成功
2025-10-21 17:11:40,327 - INFO - 启动阶段 - 所有模块导入: 成功 - 核心模块导入完成
