2025-10-19 12:52:23,218 - INFO - BioNexus 1.2.13 启动 - 会话ID: 20251019_125223
[2025-10-19 12:52:23] 启动阶段 - 日志系统初始化: 成功 - 全面日志系统已启动
2025-10-19 12:52:23,219 - INFO - 启动阶段 - 日志系统初始化: 成功 - 全面日志系统已启动
2025-10-19 12:52:23,221 - INFO - BioNexus 1.2.13 启动初始化
[2025-10-19 12:52:23] 启动阶段 - 基础日志系统: 成功 - 标准logging已配置
2025-10-19 12:52:23,221 - INFO - 启动阶段 - 基础日志系统: 成功 - 标准logging已配置
2025-10-19 12:52:23,221 - INFO - 错误处理器初始化完成
[2025-10-19 12:52:23] 启动阶段 - 错误处理器: 成功 - 全局异常捕获已设置
2025-10-19 12:52:23,221 - INFO - 启动阶段 - 错误处理器: 成功 - 全局异常捕获已设置
[2025-10-19 12:52:23] 模块导入 - ui.main_window.MainWindow: 成功
2025-10-19 12:52:23,257 - INFO - 模块导入 - ui.main_window.MainWindow: 成功
[2025-10-19 12:52:23] 模块导入 - data.config.ConfigManager: 成功
2025-10-19 12:52:23,257 - INFO - 模块导入 - data.config.ConfigManager: 成功
[2025-10-19 12:52:23] 模块导入 - utils.helpers.check_system_requirements: 成功
2025-10-19 12:52:23,257 - INFO - 模块导入 - utils.helpers.check_system_requirements: 成功
[2025-10-19 12:52:23] 模块导入 - utils.unified_logger: 成功
2025-10-19 12:52:23,258 - INFO - 模块导入 - utils.unified_logger: 成功
[2025-10-19 12:52:23] 模块导入 - utils.translator.TranslationManager: 成功
2025-10-19 12:52:23,259 - INFO - 模块导入 - utils.translator.TranslationManager: 成功
[2025-10-19 12:52:23] 启动阶段 - 所有模块导入: 成功 - 核心模块导入完成
2025-10-19 12:52:23,260 - INFO - 启动阶段 - 所有模块导入: 成功 - 核心模块导入完成
2025-10-19 12:52:23,277 - INFO - 开始启动主应用程序
2025-10-19 12:52:23,291 - INFO - PyQt5应用程序初始化成功
[2025-10-19 12:52:23] 启动阶段 - PyQt5应用程序: 成功 - 初始化成功
2025-10-19 12:52:23,291 - INFO - 启动阶段 - PyQt5应用程序: 成功 - 初始化成功
2025-10-19 12:52:23,292 - WARNING - 翻译系统初始化失败: super-class __init__() of type TranslationManager was never called, 将使用默认语言
[2025-10-19 12:52:23] 启动阶段 - 翻译系统: 失败 - 初始化失败: super-class __init__() of type TranslationManager was never called, 使用默认语言
2025-10-19 12:52:23,292 - INFO - 启动阶段 - 翻译系统: 失败 - 初始化失败: super-class __init__() of type TranslationManager was never called, 使用默认语言
2025-10-19 12:52:24,479 - INFO - BioNexus 1.2.13 启动 - 会话ID: 20251019_125224
2025-10-19 12:52:24,479 - INFO - 启动阶段 - 日志系统初始化: 成功 - 全面日志系统已启动
2025-10-19 12:52:24,480 - INFO - BioNexus 1.2.13 启动初始化
2025-10-19 12:52:24,480 - INFO - 启动阶段 - 基础日志系统: 成功 - 标准logging已配置
2025-10-19 12:52:24,480 - INFO - 错误处理器初始化完成
2025-10-19 12:52:24,481 - INFO - 启动阶段 - 错误处理器: 成功 - 全局异常捕获已设置
2025-10-19 12:52:24,481 - INFO - 模块导入 - ui.main_window.MainWindow: 成功
2025-10-19 12:52:24,482 - INFO - 模块导入 - data.config.ConfigManager: 成功
2025-10-19 12:52:24,482 - INFO - 模块导入 - utils.helpers.check_system_requirements: 成功
2025-10-19 12:52:24,482 - INFO - 模块导入 - utils.unified_logger: 成功
2025-10-19 12:52:24,482 - INFO - 模块导入 - utils.translator.TranslationManager: 成功
2025-10-19 12:52:24,483 - INFO - 启动阶段 - 所有模块导入: 成功 - 核心模块导入完成
