2025-10-19 12:52:06,641 - INFO - BioNexus 1.2.13 启动 - 会话ID: 20251019_125206
[2025-10-19 12:52:06] 启动阶段 - 日志系统初始化: 成功 - 全面日志系统已启动
2025-10-19 12:52:06,641 - INFO - 启动阶段 - 日志系统初始化: 成功 - 全面日志系统已启动
2025-10-19 12:52:06,645 - INFO - BioNexus 1.2.13 启动初始化
[2025-10-19 12:52:06] 启动阶段 - 基础日志系统: 成功 - 标准logging已配置
2025-10-19 12:52:06,646 - INFO - 启动阶段 - 基础日志系统: 成功 - 标准logging已配置
2025-10-19 12:52:06,646 - INFO - 错误处理器初始化完成
[2025-10-19 12:52:06] 启动阶段 - 错误处理器: 成功 - 全局异常捕获已设置
2025-10-19 12:52:06,646 - INFO - 启动阶段 - 错误处理器: 成功 - 全局异常捕获已设置
[2025-10-19 12:52:06] 模块导入 - ui.main_window.MainWindow: 成功
2025-10-19 12:52:06,785 - INFO - 模块导入 - ui.main_window.MainWindow: 成功
[2025-10-19 12:52:06] 模块导入 - data.config.ConfigManager: 成功
2025-10-19 12:52:06,785 - INFO - 模块导入 - data.config.ConfigManager: 成功
[2025-10-19 12:52:06] 模块导入 - utils.helpers.check_system_requirements: 成功
2025-10-19 12:52:06,786 - INFO - 模块导入 - utils.helpers.check_system_requirements: 成功
[2025-10-19 12:52:06] 模块导入 - utils.unified_logger: 成功
2025-10-19 12:52:06,786 - INFO - 模块导入 - utils.unified_logger: 成功
[2025-10-19 12:52:06] 模块导入 - utils.translator.TranslationManager: 成功
2025-10-19 12:52:06,789 - INFO - 模块导入 - utils.translator.TranslationManager: 成功
[2025-10-19 12:52:06] 启动阶段 - 所有模块导入: 成功 - 核心模块导入完成
2025-10-19 12:52:06,789 - INFO - 启动阶段 - 所有模块导入: 成功 - 核心模块导入完成
2025-10-19 12:52:06,828 - INFO - 开始启动主应用程序
2025-10-19 12:52:06,920 - INFO - PyQt5应用程序初始化成功
[2025-10-19 12:52:06] 启动阶段 - PyQt5应用程序: 成功 - 初始化成功
2025-10-19 12:52:06,920 - INFO - 启动阶段 - PyQt5应用程序: 成功 - 初始化成功
2025-10-19 12:52:06,921 - WARNING - 翻译系统初始化失败: super-class __init__() of type TranslationManager was never called, 将使用默认语言
[2025-10-19 12:52:06] 启动阶段 - 翻译系统: 失败 - 初始化失败: super-class __init__() of type TranslationManager was never called, 使用默认语言
2025-10-19 12:52:06,922 - INFO - 启动阶段 - 翻译系统: 失败 - 初始化失败: super-class __init__() of type TranslationManager was never called, 使用默认语言
2025-10-19 12:52:08,501 - INFO - BioNexus 1.2.13 启动 - 会话ID: 20251019_125208
2025-10-19 12:52:08,502 - INFO - 启动阶段 - 日志系统初始化: 成功 - 全面日志系统已启动
2025-10-19 12:52:08,502 - INFO - BioNexus 1.2.13 启动初始化
2025-10-19 12:52:08,502 - INFO - 启动阶段 - 基础日志系统: 成功 - 标准logging已配置
2025-10-19 12:52:08,503 - INFO - 错误处理器初始化完成
2025-10-19 12:52:08,503 - INFO - 启动阶段 - 错误处理器: 成功 - 全局异常捕获已设置
2025-10-19 12:52:08,504 - INFO - 模块导入 - ui.main_window.MainWindow: 成功
2025-10-19 12:52:08,504 - INFO - 模块导入 - data.config.ConfigManager: 成功
2025-10-19 12:52:08,504 - INFO - 模块导入 - utils.helpers.check_system_requirements: 成功
2025-10-19 12:52:08,505 - INFO - 模块导入 - utils.unified_logger: 成功
2025-10-19 12:52:08,505 - INFO - 模块导入 - utils.translator.TranslationManager: 成功
2025-10-19 12:52:08,505 - INFO - 启动阶段 - 所有模块导入: 成功 - 核心模块导入完成
