2025-10-19 02:44:36,728 - root - INFO - 加载配置文件: C:\Users\15052\.bionexus\config.json
2025-10-19 02:44:36,728 - root - DEBUG - 加载设置: auto_update = True
2025-10-19 02:44:36,729 - root - DEBUG - 加载设置: check_tool_status_on_startup = True
2025-10-19 02:44:36,729 - root - DEBUG - 加载设置: show_detailed_install_log = True
2025-10-19 02:44:36,729 - root - DEBUG - 加载设置: language = zh_CN
2025-10-19 02:44:36,729 - root - DEBUG - 加载设置: tool_update = {'update_mode': 'manual', 'check_frequency': 1, 'show_notification': True, 'last_check': None}
2025-10-19 02:44:36,729 - root - DEBUG - 加载设置: default_install_dir = C:\Users\15052\Desktop\BioNexus\BioNexus_1.2.2\installed_tools
2025-10-19 02:44:36,729 - root - DEBUG - 加载设置: conda_env_path = C:\Users\15052\Desktop\BioNexus\BioNexus_1.2.2\envs_cache
2025-10-19 02:44:36,730 - root - DEBUG - 加载设置: use_mirror_source = False
2025-10-19 02:44:36,730 - root - DEBUG - 加载设置: keep_install_cache = False
2025-10-19 02:44:36,730 - root - DEBUG - 加载设置: favorite_tools = []
2025-10-19 02:44:36,730 - root - INFO - 加载收藏列表: 0 个工具
2025-10-19 02:44:36,730 - root - INFO - 工具数据已从 C:\Users\15052\.bionexus\tools.json 加载成功
2025-10-19 02:44:36,731 - root - INFO - 初始化收藏列表: []
2025-10-19 02:44:36,728 - BioNexus.runtime - INFO - === BioNexus 1.1.12 启动 ===
2025-10-19 02:44:36,731 - root - INFO - 加载配置文件: C:\Users\15052\.bionexus\config.json
2025-10-19 02:44:36,731 - root - DEBUG - 加载设置: auto_update = True
2025-10-19 02:44:36,732 - root - DEBUG - 加载设置: check_tool_status_on_startup = True
2025-10-19 02:44:36,732 - root - DEBUG - 加载设置: show_detailed_install_log = True
2025-10-19 02:44:36,732 - root - DEBUG - 加载设置: language = zh_CN
2025-10-19 02:44:36,732 - root - DEBUG - 加载设置: tool_update = {'update_mode': 'manual', 'check_frequency': 1, 'show_notification': True, 'last_check': None}
2025-10-19 02:44:36,732 - root - DEBUG - 加载设置: default_install_dir = C:\Users\15052\Desktop\BioNexus\BioNexus_1.2.2\installed_tools
2025-10-19 02:44:36,732 - root - DEBUG - 加载设置: conda_env_path = C:\Users\15052\Desktop\BioNexus\BioNexus_1.2.2\envs_cache
2025-10-19 02:44:36,732 - root - DEBUG - 加载设置: use_mirror_source = False
2025-10-19 02:44:36,732 - root - DEBUG - 加载设置: keep_install_cache = False
2025-10-19 02:44:36,732 - root - DEBUG - 加载设置: favorite_tools = []
2025-10-19 02:44:36,732 - root - INFO - 加载收藏列表: 0 个工具
2025-10-19 02:44:36,732 - root - INFO - 工具数据已从 C:\Users\15052\.bionexus\tools.json 加载成功
2025-10-19 02:44:36,732 - root - INFO - 初始化收藏列表: []
2025-10-19 02:44:36,731 - BioNexus.runtime - INFO - 会话ID: 20251019_024436
2025-10-19 02:44:36,733 - root - INFO - 加载配置文件: C:\Users\15052\.bionexus\config.json
2025-10-19 02:44:36,733 - root - DEBUG - 加载设置: auto_update = True
2025-10-19 02:44:36,733 - root - DEBUG - 加载设置: check_tool_status_on_startup = True
2025-10-19 02:44:36,733 - root - DEBUG - 加载设置: show_detailed_install_log = True
2025-10-19 02:44:36,733 - root - DEBUG - 加载设置: language = zh_CN
2025-10-19 02:44:36,733 - root - DEBUG - 加载设置: tool_update = {'update_mode': 'manual', 'check_frequency': 1, 'show_notification': True, 'last_check': None}
2025-10-19 02:44:36,733 - root - DEBUG - 加载设置: default_install_dir = C:\Users\15052\Desktop\BioNexus\BioNexus_1.2.2\installed_tools
2025-10-19 02:44:36,733 - root - DEBUG - 加载设置: conda_env_path = C:\Users\15052\Desktop\BioNexus\BioNexus_1.2.2\envs_cache
2025-10-19 02:44:36,733 - root - DEBUG - 加载设置: use_mirror_source = False
2025-10-19 02:44:36,733 - root - DEBUG - 加载设置: keep_install_cache = False
2025-10-19 02:44:36,733 - root - DEBUG - 加载设置: favorite_tools = []
2025-10-19 02:44:36,733 - root - INFO - 加载收藏列表: 0 个工具
2025-10-19 02:44:36,734 - root - INFO - 工具数据已从 C:\Users\15052\.bionexus\tools.json 加载成功
2025-10-19 02:44:36,734 - root - INFO - 初始化收藏列表: []
2025-10-19 02:44:36,733 - BioNexus.runtime - INFO - 日志目录: C:\Users\15052\Desktop\BioNexus\BioNexus_1.2.18\logs\2025-10-19\session_20251019_024436
2025-10-19 02:44:36,734 - root - INFO - 加载配置文件: C:\Users\15052\.bionexus\config.json
2025-10-19 02:44:36,735 - root - DEBUG - 加载设置: auto_update = True
2025-10-19 02:44:36,735 - root - DEBUG - 加载设置: check_tool_status_on_startup = True
2025-10-19 02:44:36,735 - root - DEBUG - 加载设置: show_detailed_install_log = True
2025-10-19 02:44:36,735 - root - DEBUG - 加载设置: language = zh_CN
2025-10-19 02:44:36,735 - root - DEBUG - 加载设置: tool_update = {'update_mode': 'manual', 'check_frequency': 1, 'show_notification': True, 'last_check': None}
2025-10-19 02:44:36,735 - root - DEBUG - 加载设置: default_install_dir = C:\Users\15052\Desktop\BioNexus\BioNexus_1.2.2\installed_tools
2025-10-19 02:44:36,735 - root - DEBUG - 加载设置: conda_env_path = C:\Users\15052\Desktop\BioNexus\BioNexus_1.2.2\envs_cache
2025-10-19 02:44:36,735 - root - DEBUG - 加载设置: use_mirror_source = False
2025-10-19 02:44:36,735 - root - DEBUG - 加载设置: keep_install_cache = False
2025-10-19 02:44:36,735 - root - DEBUG - 加载设置: favorite_tools = []
2025-10-19 02:44:36,735 - root - INFO - 加载收藏列表: 0 个工具
2025-10-19 02:44:36,735 - root - INFO - 工具数据已从 C:\Users\15052\.bionexus\tools.json 加载成功
2025-10-19 02:44:36,735 - root - INFO - 初始化收藏列表: []
2025-10-19 02:44:36,734 - BioNexus.runtime - INFO - BioNexus版本: 1.2.13
2025-10-19 02:44:36,742 - root - INFO - 加载配置文件: C:\Users\15052\.bionexus\config.json
2025-10-19 02:44:36,742 - root - DEBUG - 加载设置: auto_update = True
2025-10-19 02:44:36,742 - root - DEBUG - 加载设置: check_tool_status_on_startup = True
2025-10-19 02:44:36,742 - root - DEBUG - 加载设置: show_detailed_install_log = True
2025-10-19 02:44:36,742 - root - DEBUG - 加载设置: language = zh_CN
2025-10-19 02:44:36,742 - root - DEBUG - 加载设置: tool_update = {'update_mode': 'manual', 'check_frequency': 1, 'show_notification': True, 'last_check': None}
2025-10-19 02:44:36,742 - root - DEBUG - 加载设置: default_install_dir = C:\Users\15052\Desktop\BioNexus\BioNexus_1.2.2\installed_tools
2025-10-19 02:44:36,742 - root - DEBUG - 加载设置: conda_env_path = C:\Users\15052\Desktop\BioNexus\BioNexus_1.2.2\envs_cache
2025-10-19 02:44:36,742 - root - DEBUG - 加载设置: use_mirror_source = False
2025-10-19 02:44:36,743 - root - DEBUG - 加载设置: keep_install_cache = False
2025-10-19 02:44:36,743 - root - DEBUG - 加载设置: favorite_tools = []
2025-10-19 02:44:36,743 - root - INFO - 加载收藏列表: 0 个工具
2025-10-19 02:44:36,743 - root - INFO - 工具数据已从 C:\Users\15052\.bionexus\tools.json 加载成功
2025-10-19 02:44:36,743 - root - INFO - 初始化收藏列表: []
2025-10-19 02:44:36,743 - BioNexus.startup - INFO - 开始启动主应用程序
2025-10-19 02:44:36,762 - BioNexus.startup - INFO - PyQt5应用程序初始化成功
2025-10-19 02:44:36,762 - BioNexus.startup - INFO - 启动阶段 - PyQt5应用程序: 成功 - 初始化成功
2025-10-19 02:44:36,763 - root - INFO - 加载配置文件: C:\Users\15052\.bionexus\config.json
2025-10-19 02:44:36,763 - root - DEBUG - 加载设置: auto_update = True
2025-10-19 02:44:36,763 - root - DEBUG - 加载设置: check_tool_status_on_startup = True
2025-10-19 02:44:36,763 - root - DEBUG - 加载设置: show_detailed_install_log = True
2025-10-19 02:44:36,763 - root - DEBUG - 加载设置: language = zh_CN
2025-10-19 02:44:36,763 - root - DEBUG - 加载设置: tool_update = {'update_mode': 'manual', 'check_frequency': 1, 'show_notification': True, 'last_check': None}
2025-10-19 02:44:36,763 - root - DEBUG - 加载设置: default_install_dir = C:\Users\15052\Desktop\BioNexus\BioNexus_1.2.2\installed_tools
2025-10-19 02:44:36,763 - root - DEBUG - 加载设置: conda_env_path = C:\Users\15052\Desktop\BioNexus\BioNexus_1.2.2\envs_cache
2025-10-19 02:44:36,763 - root - DEBUG - 加载设置: use_mirror_source = False
2025-10-19 02:44:36,763 - root - DEBUG - 加载设置: keep_install_cache = False
2025-10-19 02:44:36,763 - root - DEBUG - 加载设置: favorite_tools = []
2025-10-19 02:44:36,763 - root - INFO - 加载收藏列表: 0 个工具
2025-10-19 02:44:36,764 - root - INFO - 工具数据已从 C:\Users\15052\.bionexus\tools.json 加载成功
2025-10-19 02:44:36,764 - root - INFO - 初始化收藏列表: []
2025-10-19 02:44:36,762 - BioNexus.runtime - INFO - 版本: 1.2.13
2025-10-19 02:44:36,765 - root - INFO - 加载配置文件: C:\Users\15052\.bionexus\config.json
2025-10-19 02:44:36,765 - root - DEBUG - 加载设置: auto_update = True
2025-10-19 02:44:36,765 - root - DEBUG - 加载设置: check_tool_status_on_startup = True
2025-10-19 02:44:36,765 - root - DEBUG - 加载设置: show_detailed_install_log = True
2025-10-19 02:44:36,765 - root - DEBUG - 加载设置: language = zh_CN
2025-10-19 02:44:36,765 - root - DEBUG - 加载设置: tool_update = {'update_mode': 'manual', 'check_frequency': 1, 'show_notification': True, 'last_check': None}
2025-10-19 02:44:36,765 - root - DEBUG - 加载设置: default_install_dir = C:\Users\15052\Desktop\BioNexus\BioNexus_1.2.2\installed_tools
2025-10-19 02:44:36,765 - root - DEBUG - 加载设置: conda_env_path = C:\Users\15052\Desktop\BioNexus\BioNexus_1.2.2\envs_cache
2025-10-19 02:44:36,765 - root - DEBUG - 加载设置: use_mirror_source = False
2025-10-19 02:44:36,765 - root - DEBUG - 加载设置: keep_install_cache = False
2025-10-19 02:44:36,765 - root - DEBUG - 加载设置: favorite_tools = []
2025-10-19 02:44:36,766 - root - INFO - 加载收藏列表: 0 个工具
2025-10-19 02:44:36,766 - root - INFO - 工具数据已从 C:\Users\15052\.bionexus\tools.json 加载成功
2025-10-19 02:44:36,767 - root - INFO - 初始化收藏列表: []
2025-10-19 02:44:36,765 - BioNexus.runtime - INFO - Python版本: 3.13.2
2025-10-19 02:44:36,768 - root - INFO - 加载配置文件: C:\Users\15052\.bionexus\config.json
2025-10-19 02:44:36,768 - root - DEBUG - 加载设置: auto_update = True
2025-10-19 02:44:36,768 - root - DEBUG - 加载设置: check_tool_status_on_startup = True
2025-10-19 02:44:36,768 - root - DEBUG - 加载设置: show_detailed_install_log = True
2025-10-19 02:44:36,768 - root - DEBUG - 加载设置: language = zh_CN
2025-10-19 02:44:36,768 - root - DEBUG - 加载设置: tool_update = {'update_mode': 'manual', 'check_frequency': 1, 'show_notification': True, 'last_check': None}
2025-10-19 02:44:36,768 - root - DEBUG - 加载设置: default_install_dir = C:\Users\15052\Desktop\BioNexus\BioNexus_1.2.2\installed_tools
2025-10-19 02:44:36,768 - root - DEBUG - 加载设置: conda_env_path = C:\Users\15052\Desktop\BioNexus\BioNexus_1.2.2\envs_cache
2025-10-19 02:44:36,768 - root - DEBUG - 加载设置: use_mirror_source = False
2025-10-19 02:44:36,768 - root - DEBUG - 加载设置: keep_install_cache = False
2025-10-19 02:44:36,768 - root - DEBUG - 加载设置: favorite_tools = []
2025-10-19 02:44:36,768 - root - INFO - 加载收藏列表: 0 个工具
2025-10-19 02:44:36,769 - root - INFO - 工具数据已从 C:\Users\15052\.bionexus\tools.json 加载成功
2025-10-19 02:44:36,769 - root - INFO - 初始化收藏列表: []
2025-10-19 02:44:36,767 - BioNexus.runtime - INFO - PyQt5版本: 已加载
2025-10-19 02:44:36,770 - root - INFO - 加载配置文件: C:\Users\15052\.bionexus\config.json
2025-10-19 02:44:36,770 - root - DEBUG - 加载设置: auto_update = True
2025-10-19 02:44:36,770 - root - DEBUG - 加载设置: check_tool_status_on_startup = True
2025-10-19 02:44:36,770 - root - DEBUG - 加载设置: show_detailed_install_log = True
2025-10-19 02:44:36,770 - root - DEBUG - 加载设置: language = zh_CN
2025-10-19 02:44:36,770 - root - DEBUG - 加载设置: tool_update = {'update_mode': 'manual', 'check_frequency': 1, 'show_notification': True, 'last_check': None}
2025-10-19 02:44:36,770 - root - DEBUG - 加载设置: default_install_dir = C:\Users\15052\Desktop\BioNexus\BioNexus_1.2.2\installed_tools
2025-10-19 02:44:36,770 - root - DEBUG - 加载设置: conda_env_path = C:\Users\15052\Desktop\BioNexus\BioNexus_1.2.2\envs_cache
2025-10-19 02:44:36,770 - root - DEBUG - 加载设置: use_mirror_source = False
2025-10-19 02:44:36,770 - root - DEBUG - 加载设置: keep_install_cache = False
2025-10-19 02:44:36,770 - root - DEBUG - 加载设置: favorite_tools = []
2025-10-19 02:44:36,770 - root - INFO - 加载收藏列表: 0 个工具
2025-10-19 02:44:36,770 - root - INFO - 工具数据已从 C:\Users\15052\.bionexus\tools.json 加载成功
2025-10-19 02:44:36,771 - root - INFO - 初始化收藏列表: []
2025-10-19 02:44:36,769 - BioNexus.runtime - INFO - 工作目录: C:\Users\15052\Desktop\BioNexus\BioNexus_1.2.18
2025-10-19 02:44:36,771 - root - INFO - 加载配置文件: C:\Users\15052\.bionexus\config.json
2025-10-19 02:44:36,771 - root - DEBUG - 加载设置: auto_update = True
2025-10-19 02:44:36,772 - root - DEBUG - 加载设置: check_tool_status_on_startup = True
2025-10-19 02:44:36,772 - root - DEBUG - 加载设置: show_detailed_install_log = True
2025-10-19 02:44:36,772 - root - DEBUG - 加载设置: language = zh_CN
2025-10-19 02:44:36,772 - root - DEBUG - 加载设置: tool_update = {'update_mode': 'manual', 'check_frequency': 1, 'show_notification': True, 'last_check': None}
2025-10-19 02:44:36,772 - root - DEBUG - 加载设置: default_install_dir = C:\Users\15052\Desktop\BioNexus\BioNexus_1.2.2\installed_tools
2025-10-19 02:44:36,772 - root - DEBUG - 加载设置: conda_env_path = C:\Users\15052\Desktop\BioNexus\BioNexus_1.2.2\envs_cache
2025-10-19 02:44:36,772 - root - DEBUG - 加载设置: use_mirror_source = False
2025-10-19 02:44:36,772 - root - DEBUG - 加载设置: keep_install_cache = False
2025-10-19 02:44:36,772 - root - DEBUG - 加载设置: favorite_tools = []
2025-10-19 02:44:36,772 - root - INFO - 加载收藏列表: 0 个工具
2025-10-19 02:44:36,772 - root - INFO - 工具数据已从 C:\Users\15052\.bionexus\tools.json 加载成功
2025-10-19 02:44:36,773 - root - INFO - 初始化收藏列表: []
2025-10-19 02:44:36,771 - BioNexus.runtime - INFO - 应用启动完成
2025-10-19 02:44:36,776 - BioNexus - INFO - 日志系统初始化完成
2025-10-19 02:44:36,776 - BioNexus - INFO - 日志文件: C:\Users\15052\Desktop\BioNexus\BioNexus_1.2.18\logs\bionexus_20251019.log
2025-10-19 02:44:36,779 - root - INFO - 加载配置文件: C:\Users\15052\.bionexus\config.json
2025-10-19 02:44:36,779 - root - DEBUG - 加载设置: auto_update = True
2025-10-19 02:44:36,779 - root - DEBUG - 加载设置: check_tool_status_on_startup = True
2025-10-19 02:44:36,779 - root - DEBUG - 加载设置: show_detailed_install_log = True
2025-10-19 02:44:36,779 - root - DEBUG - 加载设置: language = zh_CN
2025-10-19 02:44:36,780 - root - DEBUG - 加载设置: tool_update = {'update_mode': 'manual', 'check_frequency': 1, 'show_notification': True, 'last_check': None}
2025-10-19 02:44:36,780 - root - DEBUG - 加载设置: default_install_dir = C:\Users\15052\Desktop\BioNexus\BioNexus_1.2.2\installed_tools
2025-10-19 02:44:36,780 - root - DEBUG - 加载设置: conda_env_path = C:\Users\15052\Desktop\BioNexus\BioNexus_1.2.2\envs_cache
2025-10-19 02:44:36,780 - root - DEBUG - 加载设置: use_mirror_source = False
2025-10-19 02:44:36,780 - root - DEBUG - 加载设置: keep_install_cache = False
2025-10-19 02:44:36,780 - root - DEBUG - 加载设置: favorite_tools = []
2025-10-19 02:44:36,780 - root - INFO - 加载收藏列表: 0 个工具
2025-10-19 02:44:36,780 - root - INFO - 工具数据已从 C:\Users\15052\.bionexus\tools.json 加载成功
2025-10-19 02:44:36,781 - root - INFO - 初始化收藏列表: []
2025-10-19 02:44:36,782 - core.tool_registry - INFO - 已注册工具: BLAST
2025-10-19 02:44:36,782 - core.tool_registry - INFO - 已注册工具: PlaceholderTool
2025-10-19 02:44:36,783 - core.tool_registry - INFO - 已注册工具: BWA
2025-10-19 02:44:36,783 - core.tool_registry - INFO - 已注册工具: PlaceholderTool
2025-10-19 02:44:38,291 - root - INFO - 加载配置文件: C:\Users\15052\.bionexus\config.json
2025-10-19 02:44:38,292 - root - DEBUG - 加载设置: auto_update = True
2025-10-19 02:44:38,292 - root - DEBUG - 加载设置: check_tool_status_on_startup = True
2025-10-19 02:44:38,292 - root - DEBUG - 加载设置: show_detailed_install_log = True
2025-10-19 02:44:38,292 - root - DEBUG - 加载设置: language = zh_CN
2025-10-19 02:44:38,292 - root - DEBUG - 加载设置: tool_update = {'update_mode': 'manual', 'check_frequency': 1, 'show_notification': True, 'last_check': None}
2025-10-19 02:44:38,292 - root - DEBUG - 加载设置: default_install_dir = C:\Users\15052\Desktop\BioNexus\BioNexus_1.2.2\installed_tools
2025-10-19 02:44:38,292 - root - DEBUG - 加载设置: conda_env_path = C:\Users\15052\Desktop\BioNexus\BioNexus_1.2.2\envs_cache
2025-10-19 02:44:38,292 - root - DEBUG - 加载设置: use_mirror_source = False
2025-10-19 02:44:38,292 - root - DEBUG - 加载设置: keep_install_cache = False
2025-10-19 02:44:38,292 - root - DEBUG - 加载设置: favorite_tools = []
2025-10-19 02:44:38,292 - root - INFO - 加载收藏列表: 0 个工具
2025-10-19 02:44:38,292 - root - INFO - 工具数据已从 C:\Users\15052\.bionexus\tools.json 加载成功
2025-10-19 02:44:38,293 - root - INFO - 初始化收藏列表: []
2025-10-19 02:44:38,291 - BioNexus.runtime - INFO - FastQC工具初始化完成: C:\Users\15052\Desktop\BioNexus\BioNexus_1.2.2\installed_tools\FastQC
2025-10-19 02:44:38,295 - root - INFO - 加载配置文件: C:\Users\15052\.bionexus\config.json
2025-10-19 02:44:38,295 - root - DEBUG - 加载设置: auto_update = True
2025-10-19 02:44:38,295 - root - DEBUG - 加载设置: check_tool_status_on_startup = True
2025-10-19 02:44:38,295 - root - DEBUG - 加载设置: show_detailed_install_log = True
2025-10-19 02:44:38,295 - root - DEBUG - 加载设置: language = zh_CN
2025-10-19 02:44:38,295 - root - DEBUG - 加载设置: tool_update = {'update_mode': 'manual', 'check_frequency': 1, 'show_notification': True, 'last_check': None}
2025-10-19 02:44:38,295 - root - DEBUG - 加载设置: default_install_dir = C:\Users\15052\Desktop\BioNexus\BioNexus_1.2.2\installed_tools
2025-10-19 02:44:38,295 - root - DEBUG - 加载设置: conda_env_path = C:\Users\15052\Desktop\BioNexus\BioNexus_1.2.2\envs_cache
2025-10-19 02:44:38,295 - root - DEBUG - 加载设置: use_mirror_source = False
2025-10-19 02:44:38,295 - root - DEBUG - 加载设置: keep_install_cache = False
2025-10-19 02:44:38,295 - root - DEBUG - 加载设置: favorite_tools = []
2025-10-19 02:44:38,295 - root - INFO - 加载收藏列表: 0 个工具
2025-10-19 02:44:38,296 - root - INFO - 工具数据已从 C:\Users\15052\.bionexus\tools.json 加载成功
2025-10-19 02:44:38,296 - root - INFO - 初始化收藏列表: []
2025-10-19 02:44:38,293 - BioNexus.runtime - INFO - 开始验证FastQC安装: C:\Users\15052\Desktop\BioNexus\BioNexus_1.2.2\installed_tools\FastQC
2025-10-19 02:44:38,298 - root - INFO - 加载配置文件: C:\Users\15052\.bionexus\config.json
2025-10-19 02:44:38,298 - root - DEBUG - 加载设置: auto_update = True
2025-10-19 02:44:38,298 - root - DEBUG - 加载设置: check_tool_status_on_startup = True
2025-10-19 02:44:38,298 - root - DEBUG - 加载设置: show_detailed_install_log = True
2025-10-19 02:44:38,298 - root - DEBUG - 加载设置: language = zh_CN
2025-10-19 02:44:38,298 - root - DEBUG - 加载设置: tool_update = {'update_mode': 'manual', 'check_frequency': 1, 'show_notification': True, 'last_check': None}
2025-10-19 02:44:38,298 - root - DEBUG - 加载设置: default_install_dir = C:\Users\15052\Desktop\BioNexus\BioNexus_1.2.2\installed_tools
2025-10-19 02:44:38,298 - root - DEBUG - 加载设置: conda_env_path = C:\Users\15052\Desktop\BioNexus\BioNexus_1.2.2\envs_cache
2025-10-19 02:44:38,298 - root - DEBUG - 加载设置: use_mirror_source = False
2025-10-19 02:44:38,298 - root - DEBUG - 加载设置: keep_install_cache = False
2025-10-19 02:44:38,299 - root - DEBUG - 加载设置: favorite_tools = []
2025-10-19 02:44:38,299 - root - INFO - 加载收藏列表: 0 个工具
2025-10-19 02:44:38,299 - root - INFO - 工具数据已从 C:\Users\15052\.bionexus\tools.json 加载成功
2025-10-19 02:44:38,299 - root - INFO - 初始化收藏列表: []
2025-10-19 02:44:38,297 - BioNexus.runtime - INFO - FastQC验证失败: 安装目录不存在 - C:\Users\15052\Desktop\BioNexus\BioNexus_1.2.2\installed_tools\FastQC
2025-10-19 02:44:38,301 - core.tool_registry - INFO - 已注册工具: FastQC
2025-10-19 02:44:38,340 - core.tool_registry - INFO - 已注册工具: HISAT2
2025-10-19 02:44:38,340 - core.tool_registry - INFO - 已注册工具: PlaceholderTool
2025-10-19 02:44:38,342 - root - INFO - 加载配置文件: C:\Users\15052\.bionexus\config.json
2025-10-19 02:44:38,343 - root - DEBUG - 加载设置: auto_update = True
2025-10-19 02:44:38,343 - root - DEBUG - 加载设置: check_tool_status_on_startup = True
2025-10-19 02:44:38,343 - root - DEBUG - 加载设置: show_detailed_install_log = True
2025-10-19 02:44:38,343 - root - DEBUG - 加载设置: language = zh_CN
2025-10-19 02:44:38,343 - root - DEBUG - 加载设置: tool_update = {'update_mode': 'manual', 'check_frequency': 1, 'show_notification': True, 'last_check': None}
2025-10-19 02:44:38,343 - root - DEBUG - 加载设置: default_install_dir = C:\Users\15052\Desktop\BioNexus\BioNexus_1.2.2\installed_tools
2025-10-19 02:44:38,343 - root - DEBUG - 加载设置: conda_env_path = C:\Users\15052\Desktop\BioNexus\BioNexus_1.2.2\envs_cache
2025-10-19 02:44:38,343 - root - DEBUG - 加载设置: use_mirror_source = False
2025-10-19 02:44:38,343 - root - DEBUG - 加载设置: keep_install_cache = False
2025-10-19 02:44:38,343 - root - DEBUG - 加载设置: favorite_tools = []
2025-10-19 02:44:38,343 - root - INFO - 加载收藏列表: 0 个工具
2025-10-19 02:44:38,344 - root - INFO - 工具数据已从 C:\Users\15052\.bionexus\tools.json 加载成功
2025-10-19 02:44:38,344 - root - INFO - 初始化收藏列表: []
2025-10-19 02:44:38,342 - BioNexus.runtime - INFO - IGV工具初始化完成: C:\Users\15052\Desktop\BioNexus\BioNexus_1.2.2\installed_tools\IGV
2025-10-19 02:44:38,345 - root - INFO - 加载配置文件: C:\Users\15052\.bionexus\config.json
2025-10-19 02:44:38,345 - root - DEBUG - 加载设置: auto_update = True
2025-10-19 02:44:38,345 - root - DEBUG - 加载设置: check_tool_status_on_startup = True
2025-10-19 02:44:38,345 - root - DEBUG - 加载设置: show_detailed_install_log = True
2025-10-19 02:44:38,345 - root - DEBUG - 加载设置: language = zh_CN
2025-10-19 02:44:38,345 - root - DEBUG - 加载设置: tool_update = {'update_mode': 'manual', 'check_frequency': 1, 'show_notification': True, 'last_check': None}
2025-10-19 02:44:38,345 - root - DEBUG - 加载设置: default_install_dir = C:\Users\15052\Desktop\BioNexus\BioNexus_1.2.2\installed_tools
2025-10-19 02:44:38,345 - root - DEBUG - 加载设置: conda_env_path = C:\Users\15052\Desktop\BioNexus\BioNexus_1.2.2\envs_cache
2025-10-19 02:44:38,345 - root - DEBUG - 加载设置: use_mirror_source = False
2025-10-19 02:44:38,345 - root - DEBUG - 加载设置: keep_install_cache = False
2025-10-19 02:44:38,345 - root - DEBUG - 加载设置: favorite_tools = []
2025-10-19 02:44:38,345 - root - INFO - 加载收藏列表: 0 个工具
2025-10-19 02:44:38,346 - root - INFO - 工具数据已从 C:\Users\15052\.bionexus\tools.json 加载成功
2025-10-19 02:44:38,346 - root - INFO - 初始化收藏列表: []
2025-10-19 02:44:38,345 - BioNexus.runtime - INFO - 开始验证IGV安装: C:\Users\15052\Desktop\BioNexus\BioNexus_1.2.2\installed_tools\IGV
2025-10-19 02:44:38,347 - root - INFO - 加载配置文件: C:\Users\15052\.bionexus\config.json
2025-10-19 02:44:38,347 - root - DEBUG - 加载设置: auto_update = True
2025-10-19 02:44:38,347 - root - DEBUG - 加载设置: check_tool_status_on_startup = True
2025-10-19 02:44:38,347 - root - DEBUG - 加载设置: show_detailed_install_log = True
2025-10-19 02:44:38,347 - root - DEBUG - 加载设置: language = zh_CN
2025-10-19 02:44:38,347 - root - DEBUG - 加载设置: tool_update = {'update_mode': 'manual', 'check_frequency': 1, 'show_notification': True, 'last_check': None}
2025-10-19 02:44:38,347 - root - DEBUG - 加载设置: default_install_dir = C:\Users\15052\Desktop\BioNexus\BioNexus_1.2.2\installed_tools
2025-10-19 02:44:38,347 - root - DEBUG - 加载设置: conda_env_path = C:\Users\15052\Desktop\BioNexus\BioNexus_1.2.2\envs_cache
2025-10-19 02:44:38,347 - root - DEBUG - 加载设置: use_mirror_source = False
2025-10-19 02:44:38,347 - root - DEBUG - 加载设置: keep_install_cache = False
2025-10-19 02:44:38,347 - root - DEBUG - 加载设置: favorite_tools = []
2025-10-19 02:44:38,347 - root - INFO - 加载收藏列表: 0 个工具
2025-10-19 02:44:38,347 - root - INFO - 工具数据已从 C:\Users\15052\.bionexus\tools.json 加载成功
2025-10-19 02:44:38,348 - root - INFO - 初始化收藏列表: []
2025-10-19 02:44:38,346 - BioNexus.runtime - INFO - IGV验证失败: 安装目录不存在 - C:\Users\15052\Desktop\BioNexus\BioNexus_1.2.2\installed_tools\IGV
2025-10-19 02:44:38,349 - core.tool_registry - INFO - 已注册工具: IGV
2025-10-19 02:44:38,349 - core.tool_registry - INFO - 已注册工具: IQ-TREE
2025-10-19 02:44:38,349 - core.tool_registry - INFO - 已注册工具: PlaceholderTool
2025-10-19 02:44:38,350 - core.tool_registry - INFO - 已注册工具: PlaceholderTool
2025-10-19 02:44:38,350 - core.tool_registry - INFO - 已注册工具: PlaceholderTool
2025-10-19 02:44:38,350 - core.tool_registry - INFO - 已注册工具: SAMtools
2025-10-19 02:44:38,353 - utils.launcher_utils - INFO - BioNexus v1.2.13 launcher started
2025-10-19 02:44:38,371 - BioNexus.startup - INFO - BioNexus 1.2.13 启动 - 会话ID: 20251019_024438
2025-10-19 02:44:38,372 - BioNexus.startup - INFO - 启动阶段 - 日志系统初始化: 成功 - 全面日志系统已启动
2025-10-19 02:44:38,373 - BioNexus - INFO - 日志系统初始化完成
2025-10-19 02:44:38,373 - BioNexus - INFO - 日志文件: C:\Users\15052\Desktop\BioNexus\BioNexus_1.2.18\logs\bionexus_20251019.log
2025-10-19 02:44:38,373 - BioNexus.startup - INFO - BioNexus 1.2.13 启动初始化
2025-10-19 02:44:38,373 - BioNexus.startup - INFO - 启动阶段 - 基础日志系统: 成功 - 标准logging已配置
2025-10-19 02:44:38,374 - BioNexus.startup - INFO - 错误处理器初始化完成
2025-10-19 02:44:38,374 - BioNexus.startup - INFO - 启动阶段 - 错误处理器: 成功 - 全局异常捕获已设置
2025-10-19 02:44:38,376 - BioNexus.performance - INFO - 性能 - 基础日志系统初始化: 2.99ms
2025-10-19 02:44:38,376 - BioNexus.startup - INFO - 模块导入 - ui.main_window.MainWindow: 成功
2025-10-19 02:44:38,377 - BioNexus.startup - INFO - 模块导入 - data.config.ConfigManager: 成功
2025-10-19 02:44:38,377 - BioNexus.startup - INFO - 模块导入 - utils.helpers.check_system_requirements: 成功
2025-10-19 02:44:38,378 - BioNexus.startup - INFO - 模块导入 - utils.unified_logger: 成功
2025-10-19 02:44:38,378 - BioNexus.performance - INFO - 性能 - 主要模块导入: 1.75ms
2025-10-19 02:44:38,378 - BioNexus.startup - INFO - 启动阶段 - 所有模块导入: 成功 - 核心模块导入完成
2025-10-19 02:44:38,384 - core.tool_registry - INFO - 已注册工具: BLAST
2025-10-19 02:44:38,384 - core.tool_registry - INFO - 已注册工具: PlaceholderTool
2025-10-19 02:44:38,384 - core.tool_registry - INFO - 已注册工具: BWA
2025-10-19 02:44:38,384 - core.tool_registry - INFO - 已注册工具: PlaceholderTool
2025-10-19 02:44:38,385 - root - INFO - 加载配置文件: C:\Users\15052\.bionexus\config.json
2025-10-19 02:44:38,385 - root - DEBUG - 加载设置: auto_update = True
2025-10-19 02:44:38,385 - root - DEBUG - 加载设置: check_tool_status_on_startup = True
2025-10-19 02:44:38,385 - root - DEBUG - 加载设置: show_detailed_install_log = True
2025-10-19 02:44:38,385 - root - DEBUG - 加载设置: language = zh_CN
2025-10-19 02:44:38,385 - root - DEBUG - 加载设置: tool_update = {'update_mode': 'manual', 'check_frequency': 1, 'show_notification': True, 'last_check': None}
2025-10-19 02:44:38,385 - root - DEBUG - 加载设置: default_install_dir = C:\Users\15052\Desktop\BioNexus\BioNexus_1.2.2\installed_tools
2025-10-19 02:44:38,385 - root - DEBUG - 加载设置: conda_env_path = C:\Users\15052\Desktop\BioNexus\BioNexus_1.2.2\envs_cache
2025-10-19 02:44:38,386 - root - DEBUG - 加载设置: use_mirror_source = False
2025-10-19 02:44:38,386 - root - DEBUG - 加载设置: keep_install_cache = False
2025-10-19 02:44:38,386 - root - DEBUG - 加载设置: favorite_tools = []
2025-10-19 02:44:38,386 - root - INFO - 加载收藏列表: 0 个工具
2025-10-19 02:44:38,386 - root - INFO - 工具数据已从 C:\Users\15052\.bionexus\tools.json 加载成功
2025-10-19 02:44:38,386 - root - INFO - 初始化收藏列表: []
2025-10-19 02:44:38,384 - BioNexus.runtime - INFO - FastQC工具初始化完成: C:\Users\15052\Desktop\BioNexus\BioNexus_1.2.2\installed_tools\FastQC
2025-10-19 02:44:38,388 - root - INFO - 加载配置文件: C:\Users\15052\.bionexus\config.json
2025-10-19 02:44:38,388 - root - DEBUG - 加载设置: auto_update = True
2025-10-19 02:44:38,388 - root - DEBUG - 加载设置: check_tool_status_on_startup = True
2025-10-19 02:44:38,388 - root - DEBUG - 加载设置: show_detailed_install_log = True
2025-10-19 02:44:38,388 - root - DEBUG - 加载设置: language = zh_CN
2025-10-19 02:44:38,388 - root - DEBUG - 加载设置: tool_update = {'update_mode': 'manual', 'check_frequency': 1, 'show_notification': True, 'last_check': None}
2025-10-19 02:44:38,388 - root - DEBUG - 加载设置: default_install_dir = C:\Users\15052\Desktop\BioNexus\BioNexus_1.2.2\installed_tools
2025-10-19 02:44:38,388 - root - DEBUG - 加载设置: conda_env_path = C:\Users\15052\Desktop\BioNexus\BioNexus_1.2.2\envs_cache
2025-10-19 02:44:38,388 - root - DEBUG - 加载设置: use_mirror_source = False
2025-10-19 02:44:38,389 - root - DEBUG - 加载设置: keep_install_cache = False
2025-10-19 02:44:38,389 - root - DEBUG - 加载设置: favorite_tools = []
2025-10-19 02:44:38,389 - root - INFO - 加载收藏列表: 0 个工具
2025-10-19 02:44:38,389 - root - INFO - 工具数据已从 C:\Users\15052\.bionexus\tools.json 加载成功
2025-10-19 02:44:38,390 - root - INFO - 初始化收藏列表: []
2025-10-19 02:44:38,387 - BioNexus.runtime - INFO - 开始验证FastQC安装: C:\Users\15052\Desktop\BioNexus\BioNexus_1.2.2\installed_tools\FastQC
2025-10-19 02:44:38,391 - root - INFO - 加载配置文件: C:\Users\15052\.bionexus\config.json
2025-10-19 02:44:38,391 - root - DEBUG - 加载设置: auto_update = True
2025-10-19 02:44:38,391 - root - DEBUG - 加载设置: check_tool_status_on_startup = True
2025-10-19 02:44:38,391 - root - DEBUG - 加载设置: show_detailed_install_log = True
2025-10-19 02:44:38,391 - root - DEBUG - 加载设置: language = zh_CN
2025-10-19 02:44:38,391 - root - DEBUG - 加载设置: tool_update = {'update_mode': 'manual', 'check_frequency': 1, 'show_notification': True, 'last_check': None}
2025-10-19 02:44:38,391 - root - DEBUG - 加载设置: default_install_dir = C:\Users\15052\Desktop\BioNexus\BioNexus_1.2.2\installed_tools
2025-10-19 02:44:38,391 - root - DEBUG - 加载设置: conda_env_path = C:\Users\15052\Desktop\BioNexus\BioNexus_1.2.2\envs_cache
2025-10-19 02:44:38,391 - root - DEBUG - 加载设置: use_mirror_source = False
2025-10-19 02:44:38,391 - root - DEBUG - 加载设置: keep_install_cache = False
2025-10-19 02:44:38,391 - root - DEBUG - 加载设置: favorite_tools = []
2025-10-19 02:44:38,391 - root - INFO - 加载收藏列表: 0 个工具
2025-10-19 02:44:38,392 - root - INFO - 工具数据已从 C:\Users\15052\.bionexus\tools.json 加载成功
2025-10-19 02:44:38,393 - root - INFO - 初始化收藏列表: []
2025-10-19 02:44:38,390 - BioNexus.runtime - INFO - FastQC验证失败: 安装目录不存在 - C:\Users\15052\Desktop\BioNexus\BioNexus_1.2.2\installed_tools\FastQC
2025-10-19 02:44:38,395 - core.tool_registry - INFO - 已注册工具: FastQC
2025-10-19 02:44:38,395 - core.tool_registry - INFO - 已注册工具: HISAT2
2025-10-19 02:44:38,395 - core.tool_registry - INFO - 已注册工具: PlaceholderTool
2025-10-19 02:44:38,396 - root - INFO - 加载配置文件: C:\Users\15052\.bionexus\config.json
2025-10-19 02:44:38,396 - root - DEBUG - 加载设置: auto_update = True
2025-10-19 02:44:38,396 - root - DEBUG - 加载设置: check_tool_status_on_startup = True
2025-10-19 02:44:38,396 - root - DEBUG - 加载设置: show_detailed_install_log = True
2025-10-19 02:44:38,396 - root - DEBUG - 加载设置: language = zh_CN
2025-10-19 02:44:38,396 - root - DEBUG - 加载设置: tool_update = {'update_mode': 'manual', 'check_frequency': 1, 'show_notification': True, 'last_check': None}
2025-10-19 02:44:38,397 - root - DEBUG - 加载设置: default_install_dir = C:\Users\15052\Desktop\BioNexus\BioNexus_1.2.2\installed_tools
2025-10-19 02:44:38,397 - root - DEBUG - 加载设置: conda_env_path = C:\Users\15052\Desktop\BioNexus\BioNexus_1.2.2\envs_cache
2025-10-19 02:44:38,397 - root - DEBUG - 加载设置: use_mirror_source = False
2025-10-19 02:44:38,397 - root - DEBUG - 加载设置: keep_install_cache = False
2025-10-19 02:44:38,397 - root - DEBUG - 加载设置: favorite_tools = []
2025-10-19 02:44:38,397 - root - INFO - 加载收藏列表: 0 个工具
2025-10-19 02:44:38,397 - root - INFO - 工具数据已从 C:\Users\15052\.bionexus\tools.json 加载成功
2025-10-19 02:44:38,397 - root - INFO - 初始化收藏列表: []
2025-10-19 02:44:38,395 - BioNexus.runtime - INFO - IGV工具初始化完成: C:\Users\15052\Desktop\BioNexus\BioNexus_1.2.2\installed_tools\IGV
2025-10-19 02:44:38,398 - root - INFO - 加载配置文件: C:\Users\15052\.bionexus\config.json
2025-10-19 02:44:38,398 - root - DEBUG - 加载设置: auto_update = True
2025-10-19 02:44:38,398 - root - DEBUG - 加载设置: check_tool_status_on_startup = True
2025-10-19 02:44:38,399 - root - DEBUG - 加载设置: show_detailed_install_log = True
2025-10-19 02:44:38,399 - root - DEBUG - 加载设置: language = zh_CN
2025-10-19 02:44:38,399 - root - DEBUG - 加载设置: tool_update = {'update_mode': 'manual', 'check_frequency': 1, 'show_notification': True, 'last_check': None}
2025-10-19 02:44:38,399 - root - DEBUG - 加载设置: default_install_dir = C:\Users\15052\Desktop\BioNexus\BioNexus_1.2.2\installed_tools
2025-10-19 02:44:38,399 - root - DEBUG - 加载设置: conda_env_path = C:\Users\15052\Desktop\BioNexus\BioNexus_1.2.2\envs_cache
2025-10-19 02:44:38,399 - root - DEBUG - 加载设置: use_mirror_source = False
2025-10-19 02:44:38,399 - root - DEBUG - 加载设置: keep_install_cache = False
2025-10-19 02:44:38,399 - root - DEBUG - 加载设置: favorite_tools = []
2025-10-19 02:44:38,399 - root - INFO - 加载收藏列表: 0 个工具
2025-10-19 02:44:38,399 - root - INFO - 工具数据已从 C:\Users\15052\.bionexus\tools.json 加载成功
2025-10-19 02:44:38,399 - root - INFO - 初始化收藏列表: []
2025-10-19 02:44:38,398 - BioNexus.runtime - INFO - 开始验证IGV安装: C:\Users\15052\Desktop\BioNexus\BioNexus_1.2.2\installed_tools\IGV
2025-10-19 02:44:38,400 - root - INFO - 加载配置文件: C:\Users\15052\.bionexus\config.json
2025-10-19 02:44:38,400 - root - DEBUG - 加载设置: auto_update = True
2025-10-19 02:44:38,400 - root - DEBUG - 加载设置: check_tool_status_on_startup = True
2025-10-19 02:44:38,400 - root - DEBUG - 加载设置: show_detailed_install_log = True
2025-10-19 02:44:38,401 - root - DEBUG - 加载设置: language = zh_CN
2025-10-19 02:44:38,401 - root - DEBUG - 加载设置: tool_update = {'update_mode': 'manual', 'check_frequency': 1, 'show_notification': True, 'last_check': None}
2025-10-19 02:44:38,401 - root - DEBUG - 加载设置: default_install_dir = C:\Users\15052\Desktop\BioNexus\BioNexus_1.2.2\installed_tools
2025-10-19 02:44:38,401 - root - DEBUG - 加载设置: conda_env_path = C:\Users\15052\Desktop\BioNexus\BioNexus_1.2.2\envs_cache
2025-10-19 02:44:38,401 - root - DEBUG - 加载设置: use_mirror_source = False
2025-10-19 02:44:38,401 - root - DEBUG - 加载设置: keep_install_cache = False
2025-10-19 02:44:38,401 - root - DEBUG - 加载设置: favorite_tools = []
2025-10-19 02:44:38,401 - root - INFO - 加载收藏列表: 0 个工具
2025-10-19 02:44:38,401 - root - INFO - 工具数据已从 C:\Users\15052\.bionexus\tools.json 加载成功
2025-10-19 02:44:38,401 - root - INFO - 初始化收藏列表: []
2025-10-19 02:44:38,400 - BioNexus.runtime - INFO - IGV验证失败: 安装目录不存在 - C:\Users\15052\Desktop\BioNexus\BioNexus_1.2.2\installed_tools\IGV
2025-10-19 02:44:38,402 - core.tool_registry - INFO - 已注册工具: IGV
2025-10-19 02:44:38,403 - core.tool_registry - INFO - 已注册工具: IQ-TREE
2025-10-19 02:44:38,403 - core.tool_registry - INFO - 已注册工具: PlaceholderTool
2025-10-19 02:44:38,403 - core.tool_registry - INFO - 已注册工具: PlaceholderTool
2025-10-19 02:44:38,403 - core.tool_registry - INFO - 已注册工具: PlaceholderTool
2025-10-19 02:44:38,403 - core.tool_registry - INFO - 已注册工具: SAMtools
2025-10-19 02:44:38,404 - root - INFO - 加载配置文件: C:\Users\15052\.bionexus\config.json
2025-10-19 02:44:38,404 - root - DEBUG - 加载设置: auto_update = True
2025-10-19 02:44:38,404 - root - DEBUG - 加载设置: check_tool_status_on_startup = True
2025-10-19 02:44:38,404 - root - DEBUG - 加载设置: show_detailed_install_log = True
2025-10-19 02:44:38,404 - root - DEBUG - 加载设置: language = zh_CN
2025-10-19 02:44:38,404 - root - DEBUG - 加载设置: tool_update = {'update_mode': 'manual', 'check_frequency': 1, 'show_notification': True, 'last_check': None}
2025-10-19 02:44:38,404 - root - DEBUG - 加载设置: default_install_dir = C:\Users\15052\Desktop\BioNexus\BioNexus_1.2.2\installed_tools
2025-10-19 02:44:38,404 - root - DEBUG - 加载设置: conda_env_path = C:\Users\15052\Desktop\BioNexus\BioNexus_1.2.2\envs_cache
2025-10-19 02:44:38,404 - root - DEBUG - 加载设置: use_mirror_source = False
2025-10-19 02:44:38,404 - root - DEBUG - 加载设置: keep_install_cache = False
2025-10-19 02:44:38,404 - root - DEBUG - 加载设置: favorite_tools = []
2025-10-19 02:44:38,404 - root - INFO - 加载收藏列表: 0 个工具
2025-10-19 02:44:38,404 - root - INFO - 工具数据已从 C:\Users\15052\.bionexus\tools.json 加载成功
2025-10-19 02:44:38,405 - root - INFO - 初始化收藏列表: []
2025-10-19 02:44:38,403 - BioNexus.runtime - INFO - 工具更新定时检查已设置：每1天
2025-10-19 02:44:38,406 - root - INFO - 加载配置文件: C:\Users\15052\.bionexus\config.json
2025-10-19 02:44:38,406 - root - DEBUG - 加载设置: auto_update = True
2025-10-19 02:44:38,406 - root - DEBUG - 加载设置: check_tool_status_on_startup = True
2025-10-19 02:44:38,406 - root - DEBUG - 加载设置: show_detailed_install_log = True
2025-10-19 02:44:38,406 - root - DEBUG - 加载设置: language = zh_CN
2025-10-19 02:44:38,406 - root - DEBUG - 加载设置: tool_update = {'update_mode': 'manual', 'check_frequency': 1, 'show_notification': True, 'last_check': None}
2025-10-19 02:44:38,406 - root - DEBUG - 加载设置: default_install_dir = C:\Users\15052\Desktop\BioNexus\BioNexus_1.2.2\installed_tools
2025-10-19 02:44:38,406 - root - DEBUG - 加载设置: conda_env_path = C:\Users\15052\Desktop\BioNexus\BioNexus_1.2.2\envs_cache
2025-10-19 02:44:38,406 - root - DEBUG - 加载设置: use_mirror_source = False
2025-10-19 02:44:38,406 - root - DEBUG - 加载设置: keep_install_cache = False
2025-10-19 02:44:38,406 - root - DEBUG - 加载设置: favorite_tools = []
2025-10-19 02:44:38,406 - root - INFO - 加载收藏列表: 0 个工具
2025-10-19 02:44:38,406 - root - INFO - 工具数据已从 C:\Users\15052\.bionexus\tools.json 加载成功
2025-10-19 02:44:38,407 - root - INFO - 初始化收藏列表: []
2025-10-19 02:44:38,405 - BioNexus.runtime - INFO - 工具更新服务初始化完成
2025-10-19 02:44:38,408 - root - INFO - 加载配置文件: C:\Users\15052\.bionexus\config.json
2025-10-19 02:44:38,408 - root - DEBUG - 加载设置: auto_update = True
2025-10-19 02:44:38,408 - root - DEBUG - 加载设置: check_tool_status_on_startup = True
2025-10-19 02:44:38,408 - root - DEBUG - 加载设置: show_detailed_install_log = True
2025-10-19 02:44:38,408 - root - DEBUG - 加载设置: language = zh_CN
2025-10-19 02:44:38,408 - root - DEBUG - 加载设置: tool_update = {'update_mode': 'manual', 'check_frequency': 1, 'show_notification': True, 'last_check': None}
2025-10-19 02:44:38,408 - root - DEBUG - 加载设置: default_install_dir = C:\Users\15052\Desktop\BioNexus\BioNexus_1.2.2\installed_tools
2025-10-19 02:44:38,408 - root - DEBUG - 加载设置: conda_env_path = C:\Users\15052\Desktop\BioNexus\BioNexus_1.2.2\envs_cache
2025-10-19 02:44:38,408 - root - DEBUG - 加载设置: use_mirror_source = False
2025-10-19 02:44:38,408 - root - DEBUG - 加载设置: keep_install_cache = False
2025-10-19 02:44:38,408 - root - DEBUG - 加载设置: favorite_tools = []
2025-10-19 02:44:38,408 - root - INFO - 加载收藏列表: 0 个工具
2025-10-19 02:44:38,408 - root - INFO - 工具数据已从 C:\Users\15052\.bionexus\tools.json 加载成功
2025-10-19 02:44:38,409 - root - INFO - 初始化收藏列表: []
2025-10-19 02:44:38,407 - BioNexus.runtime - INFO - 工具更新控制器初始化完成
2025-10-19 02:44:38,726 - root - INFO - 加载配置文件: C:\Users\15052\.bionexus\config.json
2025-10-19 02:44:38,726 - root - DEBUG - 加载设置: auto_update = True
2025-10-19 02:44:38,726 - root - DEBUG - 加载设置: check_tool_status_on_startup = True
2025-10-19 02:44:38,726 - root - DEBUG - 加载设置: show_detailed_install_log = True
2025-10-19 02:44:38,726 - root - DEBUG - 加载设置: language = zh_CN
2025-10-19 02:44:38,726 - root - DEBUG - 加载设置: tool_update = {'update_mode': 'manual', 'check_frequency': 1, 'show_notification': True, 'last_check': None}
2025-10-19 02:44:38,726 - root - DEBUG - 加载设置: default_install_dir = C:\Users\15052\Desktop\BioNexus\BioNexus_1.2.2\installed_tools
2025-10-19 02:44:38,726 - root - DEBUG - 加载设置: conda_env_path = C:\Users\15052\Desktop\BioNexus\BioNexus_1.2.2\envs_cache
2025-10-19 02:44:38,726 - root - DEBUG - 加载设置: use_mirror_source = False
2025-10-19 02:44:38,726 - root - DEBUG - 加载设置: keep_install_cache = False
2025-10-19 02:44:38,726 - root - DEBUG - 加载设置: favorite_tools = []
2025-10-19 02:44:38,726 - root - INFO - 加载收藏列表: 0 个工具
2025-10-19 02:44:38,727 - root - INFO - 工具数据已从 C:\Users\15052\.bionexus\tools.json 加载成功
2025-10-19 02:44:38,727 - root - INFO - 初始化收藏列表: []
2025-10-19 02:44:38,729 - root - INFO - 加载配置文件: C:\Users\15052\.bionexus\config.json
2025-10-19 02:44:38,729 - root - DEBUG - 加载设置: auto_update = True
2025-10-19 02:44:38,729 - root - DEBUG - 加载设置: check_tool_status_on_startup = True
2025-10-19 02:44:38,729 - root - DEBUG - 加载设置: show_detailed_install_log = True
2025-10-19 02:44:38,729 - root - DEBUG - 加载设置: language = zh_CN
2025-10-19 02:44:38,729 - root - DEBUG - 加载设置: tool_update = {'update_mode': 'manual', 'check_frequency': 1, 'show_notification': True, 'last_check': None}
2025-10-19 02:44:38,729 - root - DEBUG - 加载设置: default_install_dir = C:\Users\15052\Desktop\BioNexus\BioNexus_1.2.2\installed_tools
2025-10-19 02:44:38,729 - root - DEBUG - 加载设置: conda_env_path = C:\Users\15052\Desktop\BioNexus\BioNexus_1.2.2\envs_cache
2025-10-19 02:44:38,729 - root - DEBUG - 加载设置: use_mirror_source = False
2025-10-19 02:44:38,729 - root - DEBUG - 加载设置: keep_install_cache = False
2025-10-19 02:44:38,729 - root - DEBUG - 加载设置: favorite_tools = []
2025-10-19 02:44:38,729 - root - INFO - 加载收藏列表: 0 个工具
2025-10-19 02:44:38,729 - root - INFO - 工具数据已从 C:\Users\15052\.bionexus\tools.json 加载成功
2025-10-19 02:44:38,730 - root - INFO - 初始化收藏列表: []
2025-10-19 02:44:38,725 - BioNexus.runtime - INFO - [设置面板] default_install_dir 配置值: 'C:\Users\15052\Desktop\BioNexus\BioNexus_1.2.2\installed_tools'
2025-10-19 02:44:38,731 - root - INFO - 加载配置文件: C:\Users\15052\.bionexus\config.json
2025-10-19 02:44:38,731 - root - DEBUG - 加载设置: auto_update = True
2025-10-19 02:44:38,731 - root - DEBUG - 加载设置: check_tool_status_on_startup = True
2025-10-19 02:44:38,731 - root - DEBUG - 加载设置: show_detailed_install_log = True
2025-10-19 02:44:38,731 - root - DEBUG - 加载设置: language = zh_CN
2025-10-19 02:44:38,731 - root - DEBUG - 加载设置: tool_update = {'update_mode': 'manual', 'check_frequency': 1, 'show_notification': True, 'last_check': None}
2025-10-19 02:44:38,731 - root - DEBUG - 加载设置: default_install_dir = C:\Users\15052\Desktop\BioNexus\BioNexus_1.2.2\installed_tools
2025-10-19 02:44:38,731 - root - DEBUG - 加载设置: conda_env_path = C:\Users\15052\Desktop\BioNexus\BioNexus_1.2.2\envs_cache
2025-10-19 02:44:38,731 - root - DEBUG - 加载设置: use_mirror_source = False
2025-10-19 02:44:38,731 - root - DEBUG - 加载设置: keep_install_cache = False
2025-10-19 02:44:38,731 - root - DEBUG - 加载设置: favorite_tools = []
2025-10-19 02:44:38,731 - root - INFO - 加载收藏列表: 0 个工具
2025-10-19 02:44:38,731 - root - INFO - 工具数据已从 C:\Users\15052\.bionexus\tools.json 加载成功
2025-10-19 02:44:38,732 - root - INFO - 初始化收藏列表: []
2025-10-19 02:44:38,734 - root - INFO - 加载配置文件: C:\Users\15052\.bionexus\config.json
2025-10-19 02:44:38,734 - root - DEBUG - 加载设置: auto_update = True
2025-10-19 02:44:38,734 - root - DEBUG - 加载设置: check_tool_status_on_startup = True
2025-10-19 02:44:38,734 - root - DEBUG - 加载设置: show_detailed_install_log = True
2025-10-19 02:44:38,734 - root - DEBUG - 加载设置: language = zh_CN
2025-10-19 02:44:38,734 - root - DEBUG - 加载设置: tool_update = {'update_mode': 'manual', 'check_frequency': 1, 'show_notification': True, 'last_check': None}
2025-10-19 02:44:38,734 - root - DEBUG - 加载设置: default_install_dir = C:\Users\15052\Desktop\BioNexus\BioNexus_1.2.2\installed_tools
2025-10-19 02:44:38,734 - root - DEBUG - 加载设置: conda_env_path = C:\Users\15052\Desktop\BioNexus\BioNexus_1.2.2\envs_cache
2025-10-19 02:44:38,734 - root - DEBUG - 加载设置: use_mirror_source = False
2025-10-19 02:44:38,734 - root - DEBUG - 加载设置: keep_install_cache = False
2025-10-19 02:44:38,734 - root - DEBUG - 加载设置: favorite_tools = []
2025-10-19 02:44:38,734 - root - INFO - 加载收藏列表: 0 个工具
2025-10-19 02:44:38,735 - root - INFO - 工具数据已从 C:\Users\15052\.bionexus\tools.json 加载成功
2025-10-19 02:44:38,735 - root - INFO - 初始化收藏列表: []
2025-10-19 02:44:38,730 - BioNexus.runtime - INFO - [设置面板] 返回配置的路径: C:\Users\15052\Desktop\BioNexus\BioNexus_1.2.2\installed_tools
2025-10-19 02:44:38,737 - root - INFO - 加载配置文件: C:\Users\15052\.bionexus\config.json
2025-10-19 02:44:38,737 - root - DEBUG - 加载设置: auto_update = True
2025-10-19 02:44:38,737 - root - DEBUG - 加载设置: check_tool_status_on_startup = True
2025-10-19 02:44:38,737 - root - DEBUG - 加载设置: show_detailed_install_log = True
2025-10-19 02:44:38,737 - root - DEBUG - 加载设置: language = zh_CN
2025-10-19 02:44:38,737 - root - DEBUG - 加载设置: tool_update = {'update_mode': 'manual', 'check_frequency': 1, 'show_notification': True, 'last_check': None}
2025-10-19 02:44:38,737 - root - DEBUG - 加载设置: default_install_dir = C:\Users\15052\Desktop\BioNexus\BioNexus_1.2.2\installed_tools
2025-10-19 02:44:38,737 - root - DEBUG - 加载设置: conda_env_path = C:\Users\15052\Desktop\BioNexus\BioNexus_1.2.2\envs_cache
2025-10-19 02:44:38,737 - root - DEBUG - 加载设置: use_mirror_source = False
2025-10-19 02:44:38,737 - root - DEBUG - 加载设置: keep_install_cache = False
2025-10-19 02:44:38,737 - root - DEBUG - 加载设置: favorite_tools = []
2025-10-19 02:44:38,737 - root - INFO - 加载收藏列表: 0 个工具
2025-10-19 02:44:38,738 - root - INFO - 工具数据已从 C:\Users\15052\.bionexus\tools.json 加载成功
2025-10-19 02:44:38,738 - root - INFO - 初始化收藏列表: []
2025-10-19 02:44:38,733 - BioNexus.runtime - INFO - FastQC版本信息已异步更新: 0.12.1
2025-10-19 02:44:38,744 - root - INFO - 加载配置文件: C:\Users\15052\.bionexus\config.json
2025-10-19 02:44:38,744 - root - DEBUG - 加载设置: auto_update = True
2025-10-19 02:44:38,744 - root - DEBUG - 加载设置: check_tool_status_on_startup = True
2025-10-19 02:44:38,744 - root - DEBUG - 加载设置: show_detailed_install_log = True
2025-10-19 02:44:38,744 - root - DEBUG - 加载设置: language = zh_CN
2025-10-19 02:44:38,745 - root - DEBUG - 加载设置: tool_update = {'update_mode': 'manual', 'check_frequency': 1, 'show_notification': True, 'last_check': None}
2025-10-19 02:44:38,745 - root - DEBUG - 加载设置: default_install_dir = C:\Users\15052\Desktop\BioNexus\BioNexus_1.2.2\installed_tools
2025-10-19 02:44:38,745 - root - DEBUG - 加载设置: conda_env_path = C:\Users\15052\Desktop\BioNexus\BioNexus_1.2.2\envs_cache
2025-10-19 02:44:38,745 - root - DEBUG - 加载设置: use_mirror_source = False
2025-10-19 02:44:38,745 - root - DEBUG - 加载设置: keep_install_cache = False
2025-10-19 02:44:38,745 - root - DEBUG - 加载设置: favorite_tools = []
2025-10-19 02:44:38,745 - root - INFO - 加载收藏列表: 0 个工具
2025-10-19 02:44:38,745 - root - INFO - 工具数据已从 C:\Users\15052\.bionexus\tools.json 加载成功
2025-10-19 02:44:38,746 - root - INFO - 初始化收藏列表: []
2025-10-19 02:44:38,743 - BioNexus.runtime - INFO - [设置面板] conda_env_path 配置值: 'C:\Users\15052\Desktop\BioNexus\BioNexus_1.2.2\envs_cache'
2025-10-19 02:44:38,747 - root - INFO - 加载配置文件: C:\Users\15052\.bionexus\config.json
2025-10-19 02:44:38,747 - root - DEBUG - 加载设置: auto_update = True
2025-10-19 02:44:38,747 - root - DEBUG - 加载设置: check_tool_status_on_startup = True
2025-10-19 02:44:38,747 - root - DEBUG - 加载设置: show_detailed_install_log = True
2025-10-19 02:44:38,747 - root - DEBUG - 加载设置: language = zh_CN
2025-10-19 02:44:38,747 - root - DEBUG - 加载设置: tool_update = {'update_mode': 'manual', 'check_frequency': 1, 'show_notification': True, 'last_check': None}
2025-10-19 02:44:38,747 - root - DEBUG - 加载设置: default_install_dir = C:\Users\15052\Desktop\BioNexus\BioNexus_1.2.2\installed_tools
2025-10-19 02:44:38,747 - root - DEBUG - 加载设置: conda_env_path = C:\Users\15052\Desktop\BioNexus\BioNexus_1.2.2\envs_cache
2025-10-19 02:44:38,747 - root - DEBUG - 加载设置: use_mirror_source = False
2025-10-19 02:44:38,748 - root - DEBUG - 加载设置: keep_install_cache = False
2025-10-19 02:44:38,748 - root - DEBUG - 加载设置: favorite_tools = []
2025-10-19 02:44:38,748 - root - INFO - 加载收藏列表: 0 个工具
2025-10-19 02:44:38,748 - root - INFO - 工具数据已从 C:\Users\15052\.bionexus\tools.json 加载成功
2025-10-19 02:44:38,748 - root - INFO - 初始化收藏列表: []
2025-10-19 02:44:38,750 - root - INFO - 加载配置文件: C:\Users\15052\.bionexus\config.json
2025-10-19 02:44:38,750 - root - DEBUG - 加载设置: auto_update = True
2025-10-19 02:44:38,750 - root - DEBUG - 加载设置: check_tool_status_on_startup = True
2025-10-19 02:44:38,750 - root - DEBUG - 加载设置: show_detailed_install_log = True
2025-10-19 02:44:38,750 - root - DEBUG - 加载设置: language = zh_CN
2025-10-19 02:44:38,750 - root - DEBUG - 加载设置: tool_update = {'update_mode': 'manual', 'check_frequency': 1, 'show_notification': True, 'last_check': None}
2025-10-19 02:44:38,750 - root - DEBUG - 加载设置: default_install_dir = C:\Users\15052\Desktop\BioNexus\BioNexus_1.2.2\installed_tools
2025-10-19 02:44:38,750 - root - DEBUG - 加载设置: conda_env_path = C:\Users\15052\Desktop\BioNexus\BioNexus_1.2.2\envs_cache
2025-10-19 02:44:38,750 - root - DEBUG - 加载设置: use_mirror_source = False
2025-10-19 02:44:38,750 - root - DEBUG - 加载设置: keep_install_cache = False
2025-10-19 02:44:38,750 - root - DEBUG - 加载设置: favorite_tools = []
2025-10-19 02:44:38,750 - root - INFO - 加载收藏列表: 0 个工具
2025-10-19 02:44:38,751 - root - INFO - 工具数据已从 C:\Users\15052\.bionexus\tools.json 加载成功
2025-10-19 02:44:38,751 - root - INFO - 初始化收藏列表: []
2025-10-19 02:44:38,753 - root - INFO - 加载配置文件: C:\Users\15052\.bionexus\config.json
2025-10-19 02:44:38,753 - root - DEBUG - 加载设置: auto_update = True
2025-10-19 02:44:38,753 - root - DEBUG - 加载设置: check_tool_status_on_startup = True
2025-10-19 02:44:38,753 - root - DEBUG - 加载设置: show_detailed_install_log = True
2025-10-19 02:44:38,753 - root - DEBUG - 加载设置: language = zh_CN
2025-10-19 02:44:38,753 - root - DEBUG - 加载设置: tool_update = {'update_mode': 'manual', 'check_frequency': 1, 'show_notification': True, 'last_check': None}
2025-10-19 02:44:38,753 - root - DEBUG - 加载设置: default_install_dir = C:\Users\15052\Desktop\BioNexus\BioNexus_1.2.2\installed_tools
2025-10-19 02:44:38,753 - root - DEBUG - 加载设置: conda_env_path = C:\Users\15052\Desktop\BioNexus\BioNexus_1.2.2\envs_cache
2025-10-19 02:44:38,753 - root - DEBUG - 加载设置: use_mirror_source = False
2025-10-19 02:44:38,753 - root - DEBUG - 加载设置: keep_install_cache = False
2025-10-19 02:44:38,753 - root - DEBUG - 加载设置: favorite_tools = []
2025-10-19 02:44:38,753 - root - INFO - 加载收藏列表: 0 个工具
2025-10-19 02:44:38,753 - root - INFO - 工具数据已从 C:\Users\15052\.bionexus\tools.json 加载成功
2025-10-19 02:44:38,754 - root - INFO - 初始化收藏列表: []
2025-10-19 02:44:38,746 - BioNexus.runtime - INFO - [设置面板] 返回配置的路径: C:\Users\15052\Desktop\BioNexus\BioNexus_1.2.2\envs_cache
2025-10-19 02:44:38,755 - root - INFO - 加载配置文件: C:\Users\15052\.bionexus\config.json
2025-10-19 02:44:38,756 - root - DEBUG - 加载设置: auto_update = True
2025-10-19 02:44:38,756 - root - DEBUG - 加载设置: check_tool_status_on_startup = True
2025-10-19 02:44:38,756 - root - DEBUG - 加载设置: show_detailed_install_log = True
2025-10-19 02:44:38,756 - root - DEBUG - 加载设置: language = zh_CN
2025-10-19 02:44:38,756 - root - DEBUG - 加载设置: tool_update = {'update_mode': 'manual', 'check_frequency': 1, 'show_notification': True, 'last_check': None}
2025-10-19 02:44:38,756 - root - DEBUG - 加载设置: default_install_dir = C:\Users\15052\Desktop\BioNexus\BioNexus_1.2.2\installed_tools
2025-10-19 02:44:38,756 - root - DEBUG - 加载设置: conda_env_path = C:\Users\15052\Desktop\BioNexus\BioNexus_1.2.2\envs_cache
2025-10-19 02:44:38,756 - root - DEBUG - 加载设置: use_mirror_source = False
2025-10-19 02:44:38,756 - root - DEBUG - 加载设置: keep_install_cache = False
2025-10-19 02:44:38,756 - root - DEBUG - 加载设置: favorite_tools = []
2025-10-19 02:44:38,756 - root - INFO - 加载收藏列表: 0 个工具
2025-10-19 02:44:38,757 - root - INFO - 工具数据已从 C:\Users\15052\.bionexus\tools.json 加载成功
2025-10-19 02:44:38,758 - root - INFO - 初始化收藏列表: []
2025-10-19 02:44:38,752 - BioNexus.runtime - INFO - FastQC版本信息已异步更新: 0.12.1
2025-10-19 02:44:38,790 - root - INFO - 设置已成功保存到 C:\Users\15052\.bionexus\config.json
2025-10-19 02:44:38,792 - root - INFO - 设置已成功保存到 C:\Users\15052\.bionexus\config.json
2025-10-19 02:44:38,794 - root - INFO - 设置已成功保存到 C:\Users\15052\.bionexus\config.json
2025-10-19 02:44:38,795 - root - INFO - 设置已成功保存到 C:\Users\15052\.bionexus\config.json
2025-10-19 02:44:38,797 - root - INFO - 设置已成功保存到 C:\Users\15052\.bionexus\config.json
2025-10-19 02:44:39,203 - root - INFO - 加载配置文件: C:\Users\15052\.bionexus\config.json
2025-10-19 02:44:39,203 - root - DEBUG - 加载设置: auto_update = True
2025-10-19 02:44:39,203 - root - DEBUG - 加载设置: check_tool_status_on_startup = True
2025-10-19 02:44:39,203 - root - DEBUG - 加载设置: show_detailed_install_log = True
2025-10-19 02:44:39,203 - root - DEBUG - 加载设置: language = zh_CN
2025-10-19 02:44:39,204 - root - DEBUG - 加载设置: tool_update = {'update_mode': 'manual', 'check_frequency': 1, 'show_notification': True, 'last_check': None}
2025-10-19 02:44:39,204 - root - DEBUG - 加载设置: default_install_dir = C:\Users\15052\Desktop\BioNexus\BioNexus_1.2.2\installed_tools
2025-10-19 02:44:39,204 - root - DEBUG - 加载设置: conda_env_path = C:\Users\15052\Desktop\BioNexus\BioNexus_1.2.2\envs_cache
2025-10-19 02:44:39,204 - root - DEBUG - 加载设置: use_mirror_source = False
2025-10-19 02:44:39,204 - root - DEBUG - 加载设置: keep_install_cache = False
2025-10-19 02:44:39,204 - root - DEBUG - 加载设置: favorite_tools = []
2025-10-19 02:44:39,204 - root - INFO - 加载收藏列表: 0 个工具
2025-10-19 02:44:39,205 - root - INFO - 工具数据已从 C:\Users\15052\.bionexus\tools.json 加载成功
2025-10-19 02:44:39,205 - root - INFO - 初始化收藏列表: []
2025-10-19 02:44:39,202 - BioNexus.runtime - INFO - 开始验证FastQC安装: C:\Users\15052\Desktop\BioNexus\BioNexus_1.2.2\installed_tools\FastQC
2025-10-19 02:44:39,207 - root - INFO - 加载配置文件: C:\Users\15052\.bionexus\config.json
2025-10-19 02:44:39,207 - root - DEBUG - 加载设置: auto_update = True
2025-10-19 02:44:39,207 - root - DEBUG - 加载设置: check_tool_status_on_startup = True
2025-10-19 02:44:39,207 - root - DEBUG - 加载设置: show_detailed_install_log = True
2025-10-19 02:44:39,207 - root - DEBUG - 加载设置: language = zh_CN
2025-10-19 02:44:39,207 - root - DEBUG - 加载设置: tool_update = {'update_mode': 'manual', 'check_frequency': 1, 'show_notification': True, 'last_check': None}
2025-10-19 02:44:39,208 - root - DEBUG - 加载设置: default_install_dir = C:\Users\15052\Desktop\BioNexus\BioNexus_1.2.2\installed_tools
2025-10-19 02:44:39,208 - root - DEBUG - 加载设置: conda_env_path = C:\Users\15052\Desktop\BioNexus\BioNexus_1.2.2\envs_cache
2025-10-19 02:44:39,208 - root - DEBUG - 加载设置: use_mirror_source = False
2025-10-19 02:44:39,208 - root - DEBUG - 加载设置: keep_install_cache = False
2025-10-19 02:44:39,208 - root - DEBUG - 加载设置: favorite_tools = []
2025-10-19 02:44:39,208 - root - INFO - 加载收藏列表: 0 个工具
2025-10-19 02:44:39,209 - root - INFO - 工具数据已从 C:\Users\15052\.bionexus\tools.json 加载成功
2025-10-19 02:44:39,210 - root - INFO - 初始化收藏列表: []
2025-10-19 02:44:39,206 - BioNexus.runtime - INFO - FastQC验证失败: 安装目录不存在 - C:\Users\15052\Desktop\BioNexus\BioNexus_1.2.2\installed_tools\FastQC
2025-10-19 02:44:39,211 - root - INFO - 加载配置文件: C:\Users\15052\.bionexus\config.json
2025-10-19 02:44:39,211 - root - DEBUG - 加载设置: auto_update = True
2025-10-19 02:44:39,211 - root - DEBUG - 加载设置: check_tool_status_on_startup = True
2025-10-19 02:44:39,212 - root - DEBUG - 加载设置: show_detailed_install_log = True
2025-10-19 02:44:39,212 - root - DEBUG - 加载设置: language = zh_CN
2025-10-19 02:44:39,212 - root - DEBUG - 加载设置: tool_update = {'update_mode': 'manual', 'check_frequency': 1, 'show_notification': True, 'last_check': None}
2025-10-19 02:44:39,212 - root - DEBUG - 加载设置: default_install_dir = C:\Users\15052\Desktop\BioNexus\BioNexus_1.2.2\installed_tools
2025-10-19 02:44:39,212 - root - DEBUG - 加载设置: conda_env_path = C:\Users\15052\Desktop\BioNexus\BioNexus_1.2.2\envs_cache
2025-10-19 02:44:39,212 - root - DEBUG - 加载设置: use_mirror_source = False
2025-10-19 02:44:39,212 - root - DEBUG - 加载设置: keep_install_cache = False
2025-10-19 02:44:39,212 - root - DEBUG - 加载设置: favorite_tools = []
2025-10-19 02:44:39,212 - root - INFO - 加载收藏列表: 0 个工具
2025-10-19 02:44:39,213 - root - INFO - 工具数据已从 C:\Users\15052\.bionexus\tools.json 加载成功
2025-10-19 02:44:39,213 - root - INFO - 初始化收藏列表: []
2025-10-19 02:44:39,211 - BioNexus.runtime - INFO - 开始验证IGV安装: C:\Users\15052\Desktop\BioNexus\BioNexus_1.2.2\installed_tools\IGV
2025-10-19 02:44:39,215 - root - INFO - 加载配置文件: C:\Users\15052\.bionexus\config.json
2025-10-19 02:44:39,215 - root - DEBUG - 加载设置: auto_update = True
2025-10-19 02:44:39,215 - root - DEBUG - 加载设置: check_tool_status_on_startup = True
2025-10-19 02:44:39,215 - root - DEBUG - 加载设置: show_detailed_install_log = True
2025-10-19 02:44:39,215 - root - DEBUG - 加载设置: language = zh_CN
2025-10-19 02:44:39,215 - root - DEBUG - 加载设置: tool_update = {'update_mode': 'manual', 'check_frequency': 1, 'show_notification': True, 'last_check': None}
2025-10-19 02:44:39,215 - root - DEBUG - 加载设置: default_install_dir = C:\Users\15052\Desktop\BioNexus\BioNexus_1.2.2\installed_tools
2025-10-19 02:44:39,215 - root - DEBUG - 加载设置: conda_env_path = C:\Users\15052\Desktop\BioNexus\BioNexus_1.2.2\envs_cache
2025-10-19 02:44:39,215 - root - DEBUG - 加载设置: use_mirror_source = False
2025-10-19 02:44:39,215 - root - DEBUG - 加载设置: keep_install_cache = False
2025-10-19 02:44:39,215 - root - DEBUG - 加载设置: favorite_tools = []
2025-10-19 02:44:39,216 - root - INFO - 加载收藏列表: 0 个工具
2025-10-19 02:44:39,216 - root - INFO - 工具数据已从 C:\Users\15052\.bionexus\tools.json 加载成功
2025-10-19 02:44:39,217 - root - INFO - 初始化收藏列表: []
2025-10-19 02:44:39,214 - BioNexus.runtime - INFO - IGV验证失败: 安装目录不存在 - C:\Users\15052\Desktop\BioNexus\BioNexus_1.2.2\installed_tools\IGV
2025-10-19 02:44:39,228 - root - INFO - 加载配置文件: C:\Users\15052\.bionexus\config.json
2025-10-19 02:44:39,228 - root - DEBUG - 加载设置: auto_update = True
2025-10-19 02:44:39,228 - root - DEBUG - 加载设置: check_tool_status_on_startup = True
2025-10-19 02:44:39,228 - root - DEBUG - 加载设置: show_detailed_install_log = True
2025-10-19 02:44:39,228 - root - DEBUG - 加载设置: language = zh_CN
2025-10-19 02:44:39,228 - root - DEBUG - 加载设置: tool_update = {'update_mode': 'manual', 'check_frequency': 1, 'show_notification': True, 'last_check': None}
2025-10-19 02:44:39,228 - root - DEBUG - 加载设置: default_install_dir = C:\Users\15052\Desktop\BioNexus\BioNexus_1.2.2\installed_tools
2025-10-19 02:44:39,228 - root - DEBUG - 加载设置: conda_env_path = C:\Users\15052\Desktop\BioNexus\BioNexus_1.2.2\envs_cache
2025-10-19 02:44:39,229 - root - DEBUG - 加载设置: use_mirror_source = False
2025-10-19 02:44:39,229 - root - DEBUG - 加载设置: keep_install_cache = False
2025-10-19 02:44:39,229 - root - DEBUG - 加载设置: favorite_tools = []
2025-10-19 02:44:39,229 - root - INFO - 加载收藏列表: 0 个工具
2025-10-19 02:44:39,229 - root - INFO - 工具数据已从 C:\Users\15052\.bionexus\tools.json 加载成功
2025-10-19 02:44:39,230 - root - INFO - 初始化收藏列表: []
2025-10-19 02:44:39,227 - BioNexus.runtime - INFO - 性能: 应用筛选条件 用时 0.000s
2025-10-19 02:44:39,231 - root - INFO - 加载配置文件: C:\Users\15052\.bionexus\config.json
2025-10-19 02:44:39,231 - root - DEBUG - 加载设置: auto_update = True
2025-10-19 02:44:39,231 - root - DEBUG - 加载设置: check_tool_status_on_startup = True
2025-10-19 02:44:39,231 - root - DEBUG - 加载设置: show_detailed_install_log = True
2025-10-19 02:44:39,231 - root - DEBUG - 加载设置: language = zh_CN
2025-10-19 02:44:39,231 - root - DEBUG - 加载设置: tool_update = {'update_mode': 'manual', 'check_frequency': 1, 'show_notification': True, 'last_check': None}
2025-10-19 02:44:39,232 - root - DEBUG - 加载设置: default_install_dir = C:\Users\15052\Desktop\BioNexus\BioNexus_1.2.2\installed_tools
2025-10-19 02:44:39,232 - root - DEBUG - 加载设置: conda_env_path = C:\Users\15052\Desktop\BioNexus\BioNexus_1.2.2\envs_cache
2025-10-19 02:44:39,232 - root - DEBUG - 加载设置: use_mirror_source = False
2025-10-19 02:44:39,232 - root - DEBUG - 加载设置: keep_install_cache = False
2025-10-19 02:44:39,232 - root - DEBUG - 加载设置: favorite_tools = []
2025-10-19 02:44:39,232 - root - INFO - 加载收藏列表: 0 个工具
2025-10-19 02:44:39,232 - root - INFO - 工具数据已从 C:\Users\15052\.bionexus\tools.json 加载成功
2025-10-19 02:44:39,233 - root - INFO - 初始化收藏列表: []
2025-10-19 02:44:39,230 - BioNexus.runtime - INFO - 性能: 更新工具显示 用时 0.029s
2025-10-19 02:44:39,234 - root - INFO - 加载配置文件: C:\Users\15052\.bionexus\config.json
2025-10-19 02:44:39,234 - root - DEBUG - 加载设置: auto_update = True
2025-10-19 02:44:39,235 - root - DEBUG - 加载设置: check_tool_status_on_startup = True
2025-10-19 02:44:39,235 - root - DEBUG - 加载设置: show_detailed_install_log = True
2025-10-19 02:44:39,235 - root - DEBUG - 加载设置: language = zh_CN
2025-10-19 02:44:39,235 - root - DEBUG - 加载设置: tool_update = {'update_mode': 'manual', 'check_frequency': 1, 'show_notification': True, 'last_check': None}
2025-10-19 02:44:39,235 - root - DEBUG - 加载设置: default_install_dir = C:\Users\15052\Desktop\BioNexus\BioNexus_1.2.2\installed_tools
2025-10-19 02:44:39,235 - root - DEBUG - 加载设置: conda_env_path = C:\Users\15052\Desktop\BioNexus\BioNexus_1.2.2\envs_cache
2025-10-19 02:44:39,235 - root - DEBUG - 加载设置: use_mirror_source = False
2025-10-19 02:44:39,235 - root - DEBUG - 加载设置: keep_install_cache = False
2025-10-19 02:44:39,235 - root - DEBUG - 加载设置: favorite_tools = []
2025-10-19 02:44:39,235 - root - INFO - 加载收藏列表: 0 个工具
2025-10-19 02:44:39,235 - root - INFO - 工具数据已从 C:\Users\15052\.bionexus\tools.json 加载成功
2025-10-19 02:44:39,236 - root - INFO - 初始化收藏列表: []
2025-10-19 02:44:39,237 - root - INFO - 加载配置文件: C:\Users\15052\.bionexus\config.json
2025-10-19 02:44:39,237 - root - DEBUG - 加载设置: auto_update = True
2025-10-19 02:44:39,237 - root - DEBUG - 加载设置: check_tool_status_on_startup = True
2025-10-19 02:44:39,237 - root - DEBUG - 加载设置: show_detailed_install_log = True
2025-10-19 02:44:39,237 - root - DEBUG - 加载设置: language = zh_CN
2025-10-19 02:44:39,238 - root - DEBUG - 加载设置: tool_update = {'update_mode': 'manual', 'check_frequency': 1, 'show_notification': True, 'last_check': None}
2025-10-19 02:44:39,238 - root - DEBUG - 加载设置: default_install_dir = C:\Users\15052\Desktop\BioNexus\BioNexus_1.2.2\installed_tools
2025-10-19 02:44:39,238 - root - DEBUG - 加载设置: conda_env_path = C:\Users\15052\Desktop\BioNexus\BioNexus_1.2.2\envs_cache
2025-10-19 02:44:39,238 - root - DEBUG - 加载设置: use_mirror_source = False
2025-10-19 02:44:39,238 - root - DEBUG - 加载设置: keep_install_cache = False
2025-10-19 02:44:39,238 - root - DEBUG - 加载设置: favorite_tools = []
2025-10-19 02:44:39,238 - root - INFO - 加载收藏列表: 0 个工具
2025-10-19 02:44:39,238 - root - INFO - 工具数据已从 C:\Users\15052\.bionexus\tools.json 加载成功
2025-10-19 02:44:39,239 - root - INFO - 初始化收藏列表: []
2025-10-19 02:44:39,236 - BioNexus.runtime - INFO - 开始验证FastQC安装: C:\Users\15052\Desktop\BioNexus\BioNexus_1.2.2\installed_tools\FastQC
2025-10-19 02:44:39,240 - root - INFO - 加载配置文件: C:\Users\15052\.bionexus\config.json
2025-10-19 02:44:39,240 - root - DEBUG - 加载设置: auto_update = True
2025-10-19 02:44:39,240 - root - DEBUG - 加载设置: check_tool_status_on_startup = True
2025-10-19 02:44:39,240 - root - DEBUG - 加载设置: show_detailed_install_log = True
2025-10-19 02:44:39,240 - root - DEBUG - 加载设置: language = zh_CN
2025-10-19 02:44:39,240 - root - DEBUG - 加载设置: tool_update = {'update_mode': 'manual', 'check_frequency': 1, 'show_notification': True, 'last_check': None}
2025-10-19 02:44:39,241 - root - DEBUG - 加载设置: default_install_dir = C:\Users\15052\Desktop\BioNexus\BioNexus_1.2.2\installed_tools
2025-10-19 02:44:39,241 - root - DEBUG - 加载设置: conda_env_path = C:\Users\15052\Desktop\BioNexus\BioNexus_1.2.2\envs_cache
2025-10-19 02:44:39,241 - root - DEBUG - 加载设置: use_mirror_source = False
2025-10-19 02:44:39,241 - root - DEBUG - 加载设置: keep_install_cache = False
2025-10-19 02:44:39,241 - root - DEBUG - 加载设置: favorite_tools = []
2025-10-19 02:44:39,241 - root - INFO - 加载收藏列表: 0 个工具
2025-10-19 02:44:39,241 - root - INFO - 工具数据已从 C:\Users\15052\.bionexus\tools.json 加载成功
2025-10-19 02:44:39,242 - root - INFO - 初始化收藏列表: []
2025-10-19 02:44:39,239 - BioNexus.runtime - INFO - FastQC验证失败: 安装目录不存在 - C:\Users\15052\Desktop\BioNexus\BioNexus_1.2.2\installed_tools\FastQC
2025-10-19 02:44:39,243 - root - INFO - 加载配置文件: C:\Users\15052\.bionexus\config.json
2025-10-19 02:44:39,243 - root - DEBUG - 加载设置: auto_update = True
2025-10-19 02:44:39,243 - root - DEBUG - 加载设置: check_tool_status_on_startup = True
2025-10-19 02:44:39,243 - root - DEBUG - 加载设置: show_detailed_install_log = True
2025-10-19 02:44:39,243 - root - DEBUG - 加载设置: language = zh_CN
2025-10-19 02:44:39,243 - root - DEBUG - 加载设置: tool_update = {'update_mode': 'manual', 'check_frequency': 1, 'show_notification': True, 'last_check': None}
2025-10-19 02:44:39,243 - root - DEBUG - 加载设置: default_install_dir = C:\Users\15052\Desktop\BioNexus\BioNexus_1.2.2\installed_tools
2025-10-19 02:44:39,243 - root - DEBUG - 加载设置: conda_env_path = C:\Users\15052\Desktop\BioNexus\BioNexus_1.2.2\envs_cache
2025-10-19 02:44:39,243 - root - DEBUG - 加载设置: use_mirror_source = False
2025-10-19 02:44:39,243 - root - DEBUG - 加载设置: keep_install_cache = False
2025-10-19 02:44:39,243 - root - DEBUG - 加载设置: favorite_tools = []
2025-10-19 02:44:39,243 - root - INFO - 加载收藏列表: 0 个工具
2025-10-19 02:44:39,243 - root - INFO - 工具数据已从 C:\Users\15052\.bionexus\tools.json 加载成功
2025-10-19 02:44:39,244 - root - INFO - 初始化收藏列表: []
2025-10-19 02:44:39,242 - BioNexus.runtime - INFO - 开始验证IGV安装: C:\Users\15052\Desktop\BioNexus\BioNexus_1.2.2\installed_tools\IGV
2025-10-19 02:44:39,245 - root - INFO - 加载配置文件: C:\Users\15052\.bionexus\config.json
2025-10-19 02:44:39,245 - root - DEBUG - 加载设置: auto_update = True
2025-10-19 02:44:39,245 - root - DEBUG - 加载设置: check_tool_status_on_startup = True
2025-10-19 02:44:39,245 - root - DEBUG - 加载设置: show_detailed_install_log = True
2025-10-19 02:44:39,245 - root - DEBUG - 加载设置: language = zh_CN
2025-10-19 02:44:39,245 - root - DEBUG - 加载设置: tool_update = {'update_mode': 'manual', 'check_frequency': 1, 'show_notification': True, 'last_check': None}
2025-10-19 02:44:39,245 - root - DEBUG - 加载设置: default_install_dir = C:\Users\15052\Desktop\BioNexus\BioNexus_1.2.2\installed_tools
2025-10-19 02:44:39,245 - root - DEBUG - 加载设置: conda_env_path = C:\Users\15052\Desktop\BioNexus\BioNexus_1.2.2\envs_cache
2025-10-19 02:44:39,245 - root - DEBUG - 加载设置: use_mirror_source = False
2025-10-19 02:44:39,245 - root - DEBUG - 加载设置: keep_install_cache = False
2025-10-19 02:44:39,245 - root - DEBUG - 加载设置: favorite_tools = []
2025-10-19 02:44:39,245 - root - INFO - 加载收藏列表: 0 个工具
2025-10-19 02:44:39,246 - root - INFO - 工具数据已从 C:\Users\15052\.bionexus\tools.json 加载成功
2025-10-19 02:44:39,246 - root - INFO - 初始化收藏列表: []
2025-10-19 02:44:39,244 - BioNexus.runtime - INFO - IGV验证失败: 安装目录不存在 - C:\Users\15052\Desktop\BioNexus\BioNexus_1.2.2\installed_tools\IGV
2025-10-19 02:44:39,253 - root - INFO - 加载配置文件: C:\Users\15052\.bionexus\config.json
2025-10-19 02:44:39,253 - root - DEBUG - 加载设置: auto_update = True
2025-10-19 02:44:39,253 - root - DEBUG - 加载设置: check_tool_status_on_startup = True
2025-10-19 02:44:39,253 - root - DEBUG - 加载设置: show_detailed_install_log = True
2025-10-19 02:44:39,254 - root - DEBUG - 加载设置: language = zh_CN
2025-10-19 02:44:39,254 - root - DEBUG - 加载设置: tool_update = {'update_mode': 'manual', 'check_frequency': 1, 'show_notification': True, 'last_check': None}
2025-10-19 02:44:39,254 - root - DEBUG - 加载设置: default_install_dir = C:\Users\15052\Desktop\BioNexus\BioNexus_1.2.2\installed_tools
2025-10-19 02:44:39,254 - root - DEBUG - 加载设置: conda_env_path = C:\Users\15052\Desktop\BioNexus\BioNexus_1.2.2\envs_cache
2025-10-19 02:44:39,254 - root - DEBUG - 加载设置: use_mirror_source = False
2025-10-19 02:44:39,254 - root - DEBUG - 加载设置: keep_install_cache = False
2025-10-19 02:44:39,254 - root - DEBUG - 加载设置: favorite_tools = []
2025-10-19 02:44:39,254 - root - INFO - 加载收藏列表: 0 个工具
2025-10-19 02:44:39,254 - root - INFO - 工具数据已从 C:\Users\15052\.bionexus\tools.json 加载成功
2025-10-19 02:44:39,255 - root - INFO - 初始化收藏列表: []
2025-10-19 02:44:39,253 - BioNexus.runtime - INFO - 性能: 应用筛选条件 用时 0.000s
2025-10-19 02:44:39,256 - root - INFO - 加载配置文件: C:\Users\15052\.bionexus\config.json
2025-10-19 02:44:39,256 - root - DEBUG - 加载设置: auto_update = True
2025-10-19 02:44:39,256 - root - DEBUG - 加载设置: check_tool_status_on_startup = True
2025-10-19 02:44:39,256 - root - DEBUG - 加载设置: show_detailed_install_log = True
2025-10-19 02:44:39,257 - root - DEBUG - 加载设置: language = zh_CN
2025-10-19 02:44:39,257 - root - DEBUG - 加载设置: tool_update = {'update_mode': 'manual', 'check_frequency': 1, 'show_notification': True, 'last_check': None}
2025-10-19 02:44:39,257 - root - DEBUG - 加载设置: default_install_dir = C:\Users\15052\Desktop\BioNexus\BioNexus_1.2.2\installed_tools
2025-10-19 02:44:39,257 - root - DEBUG - 加载设置: conda_env_path = C:\Users\15052\Desktop\BioNexus\BioNexus_1.2.2\envs_cache
2025-10-19 02:44:39,257 - root - DEBUG - 加载设置: use_mirror_source = False
2025-10-19 02:44:39,257 - root - DEBUG - 加载设置: keep_install_cache = False
2025-10-19 02:44:39,257 - root - DEBUG - 加载设置: favorite_tools = []
2025-10-19 02:44:39,257 - root - INFO - 加载收藏列表: 0 个工具
2025-10-19 02:44:39,258 - root - INFO - 工具数据已从 C:\Users\15052\.bionexus\tools.json 加载成功
2025-10-19 02:44:39,258 - root - INFO - 初始化收藏列表: []
2025-10-19 02:44:39,255 - BioNexus.runtime - INFO - 性能: 更新工具显示 用时 0.019s
2025-10-19 02:44:39,260 - root - INFO - 加载配置文件: C:\Users\15052\.bionexus\config.json
2025-10-19 02:44:39,260 - root - DEBUG - 加载设置: auto_update = True
2025-10-19 02:44:39,260 - root - DEBUG - 加载设置: check_tool_status_on_startup = True
2025-10-19 02:44:39,260 - root - DEBUG - 加载设置: show_detailed_install_log = True
2025-10-19 02:44:39,261 - root - DEBUG - 加载设置: language = zh_CN
2025-10-19 02:44:39,261 - root - DEBUG - 加载设置: tool_update = {'update_mode': 'manual', 'check_frequency': 1, 'show_notification': True, 'last_check': None}
2025-10-19 02:44:39,261 - root - DEBUG - 加载设置: default_install_dir = C:\Users\15052\Desktop\BioNexus\BioNexus_1.2.2\installed_tools
2025-10-19 02:44:39,261 - root - DEBUG - 加载设置: conda_env_path = C:\Users\15052\Desktop\BioNexus\BioNexus_1.2.2\envs_cache
2025-10-19 02:44:39,261 - root - DEBUG - 加载设置: use_mirror_source = False
2025-10-19 02:44:39,261 - root - DEBUG - 加载设置: keep_install_cache = False
2025-10-19 02:44:39,261 - root - DEBUG - 加载设置: favorite_tools = []
2025-10-19 02:44:39,261 - root - INFO - 加载收藏列表: 0 个工具
2025-10-19 02:44:39,262 - root - INFO - 工具数据已从 C:\Users\15052\.bionexus\tools.json 加载成功
2025-10-19 02:44:39,263 - root - INFO - 初始化收藏列表: []
2025-10-19 02:44:39,259 - BioNexus.runtime - INFO - 性能: 视图切换 用时 0.026s
2025-10-19 02:44:39,265 - root - INFO - 加载配置文件: C:\Users\15052\.bionexus\config.json
2025-10-19 02:44:39,265 - root - DEBUG - 加载设置: auto_update = True
2025-10-19 02:44:39,265 - root - DEBUG - 加载设置: check_tool_status_on_startup = True
2025-10-19 02:44:39,265 - root - DEBUG - 加载设置: show_detailed_install_log = True
2025-10-19 02:44:39,265 - root - DEBUG - 加载设置: language = zh_CN
2025-10-19 02:44:39,265 - root - DEBUG - 加载设置: tool_update = {'update_mode': 'manual', 'check_frequency': 1, 'show_notification': True, 'last_check': None}
2025-10-19 02:44:39,265 - root - DEBUG - 加载设置: default_install_dir = C:\Users\15052\Desktop\BioNexus\BioNexus_1.2.2\installed_tools
2025-10-19 02:44:39,265 - root - DEBUG - 加载设置: conda_env_path = C:\Users\15052\Desktop\BioNexus\BioNexus_1.2.2\envs_cache
2025-10-19 02:44:39,265 - root - DEBUG - 加载设置: use_mirror_source = False
2025-10-19 02:44:39,265 - root - DEBUG - 加载设置: keep_install_cache = False
2025-10-19 02:44:39,265 - root - DEBUG - 加载设置: favorite_tools = []
2025-10-19 02:44:39,265 - root - INFO - 加载收藏列表: 0 个工具
2025-10-19 02:44:39,266 - root - INFO - 工具数据已从 C:\Users\15052\.bionexus\tools.json 加载成功
2025-10-19 02:44:39,266 - root - INFO - 初始化收藏列表: []
2025-10-19 02:44:39,264 - BioNexus.runtime - INFO - 开始检查工具更新 (手动: False)
2025-10-19 02:44:39,284 - root - INFO - 加载配置文件: C:\Users\15052\.bionexus\config.json
2025-10-19 02:44:39,329 - root - DEBUG - 加载设置: auto_update = True
2025-10-19 02:44:39,363 - root - DEBUG - 加载设置: check_tool_status_on_startup = True
2025-10-19 02:44:39,387 - root - DEBUG - 加载设置: show_detailed_install_log = True
2025-10-19 02:44:39,387 - root - DEBUG - 加载设置: language = zh_CN
2025-10-19 02:44:39,387 - root - DEBUG - 加载设置: tool_update = {'update_mode': 'manual', 'check_frequency': 1, 'show_notification': True, 'last_check': None}
2025-10-19 02:44:39,388 - root - DEBUG - 加载设置: default_install_dir = C:\Users\15052\Desktop\BioNexus\BioNexus_1.2.2\installed_tools
2025-10-19 02:44:39,389 - root - DEBUG - 加载设置: conda_env_path = C:\Users\15052\Desktop\BioNexus\BioNexus_1.2.2\envs_cache
2025-10-19 02:44:39,390 - root - DEBUG - 加载设置: use_mirror_source = False
2025-10-19 02:44:39,390 - root - DEBUG - 加载设置: keep_install_cache = False
2025-10-19 02:44:39,390 - root - DEBUG - 加载设置: favorite_tools = []
2025-10-19 02:44:39,390 - root - INFO - 加载收藏列表: 0 个工具
2025-10-19 02:44:39,398 - root - INFO - 工具数据已从 C:\Users\15052\.bionexus\tools.json 加载成功
2025-10-19 02:44:39,403 - root - INFO - 初始化收藏列表: []
2025-10-19 02:44:39,267 - BioNexus.runtime - INFO - 开始验证FastQC安装: C:\Users\15052\Desktop\BioNexus\BioNexus_1.2.2\installed_tools\FastQC
2025-10-19 02:44:39,416 - root - INFO - 加载配置文件: C:\Users\15052\.bionexus\config.json
2025-10-19 02:44:39,417 - root - DEBUG - 加载设置: auto_update = True
2025-10-19 02:44:39,421 - root - DEBUG - 加载设置: check_tool_status_on_startup = True
2025-10-19 02:44:39,421 - root - DEBUG - 加载设置: show_detailed_install_log = True
2025-10-19 02:44:39,422 - root - DEBUG - 加载设置: language = zh_CN
2025-10-19 02:44:39,423 - root - DEBUG - 加载设置: tool_update = {'update_mode': 'manual', 'check_frequency': 1, 'show_notification': True, 'last_check': None}
2025-10-19 02:44:39,426 - root - DEBUG - 加载设置: default_install_dir = C:\Users\15052\Desktop\BioNexus\BioNexus_1.2.2\installed_tools
2025-10-19 02:44:39,426 - root - DEBUG - 加载设置: conda_env_path = C:\Users\15052\Desktop\BioNexus\BioNexus_1.2.2\envs_cache
2025-10-19 02:44:39,427 - root - DEBUG - 加载设置: use_mirror_source = False
2025-10-19 02:44:39,430 - root - DEBUG - 加载设置: keep_install_cache = False
2025-10-19 02:44:39,430 - root - DEBUG - 加载设置: favorite_tools = []
2025-10-19 02:44:39,430 - root - INFO - 加载收藏列表: 0 个工具
2025-10-19 02:44:39,433 - root - INFO - 工具数据已从 C:\Users\15052\.bionexus\tools.json 加载成功
2025-10-19 02:44:39,436 - root - INFO - 初始化收藏列表: []
2025-10-19 02:44:39,411 - BioNexus.runtime - INFO - FastQC验证失败: 安装目录不存在 - C:\Users\15052\Desktop\BioNexus\BioNexus_1.2.2\installed_tools\FastQC
2025-10-19 02:44:39,445 - root - INFO - 加载配置文件: C:\Users\15052\.bionexus\config.json
2025-10-19 02:44:39,445 - root - DEBUG - 加载设置: auto_update = True
2025-10-19 02:44:39,446 - root - DEBUG - 加载设置: check_tool_status_on_startup = True
2025-10-19 02:44:39,446 - root - DEBUG - 加载设置: show_detailed_install_log = True
2025-10-19 02:44:39,446 - root - DEBUG - 加载设置: language = zh_CN
2025-10-19 02:44:39,446 - root - DEBUG - 加载设置: tool_update = {'update_mode': 'manual', 'check_frequency': 1, 'show_notification': True, 'last_check': None}
2025-10-19 02:44:39,446 - root - DEBUG - 加载设置: default_install_dir = C:\Users\15052\Desktop\BioNexus\BioNexus_1.2.2\installed_tools
2025-10-19 02:44:39,448 - root - DEBUG - 加载设置: conda_env_path = C:\Users\15052\Desktop\BioNexus\BioNexus_1.2.2\envs_cache
2025-10-19 02:44:39,449 - root - DEBUG - 加载设置: use_mirror_source = False
2025-10-19 02:44:39,449 - root - DEBUG - 加载设置: keep_install_cache = False
2025-10-19 02:44:39,451 - root - DEBUG - 加载设置: favorite_tools = []
2025-10-19 02:44:39,452 - root - INFO - 加载收藏列表: 0 个工具
2025-10-19 02:44:39,452 - root - INFO - 工具数据已从 C:\Users\15052\.bionexus\tools.json 加载成功
2025-10-19 02:44:39,467 - root - INFO - 初始化收藏列表: []
2025-10-19 02:44:39,442 - BioNexus.runtime - INFO - 开始验证IGV安装: C:\Users\15052\Desktop\BioNexus\BioNexus_1.2.2\installed_tools\IGV
2025-10-19 02:44:39,468 - root - INFO - 加载配置文件: C:\Users\15052\.bionexus\config.json
2025-10-19 02:44:39,468 - root - DEBUG - 加载设置: auto_update = True
2025-10-19 02:44:39,469 - root - DEBUG - 加载设置: check_tool_status_on_startup = True
2025-10-19 02:44:39,469 - root - DEBUG - 加载设置: show_detailed_install_log = True
2025-10-19 02:44:39,469 - root - DEBUG - 加载设置: language = zh_CN
2025-10-19 02:44:39,469 - root - DEBUG - 加载设置: tool_update = {'update_mode': 'manual', 'check_frequency': 1, 'show_notification': True, 'last_check': None}
2025-10-19 02:44:39,469 - root - DEBUG - 加载设置: default_install_dir = C:\Users\15052\Desktop\BioNexus\BioNexus_1.2.2\installed_tools
2025-10-19 02:44:39,469 - root - DEBUG - 加载设置: conda_env_path = C:\Users\15052\Desktop\BioNexus\BioNexus_1.2.2\envs_cache
2025-10-19 02:44:39,469 - root - DEBUG - 加载设置: use_mirror_source = False
2025-10-19 02:44:39,469 - root - DEBUG - 加载设置: keep_install_cache = False
2025-10-19 02:44:39,469 - root - DEBUG - 加载设置: favorite_tools = []
2025-10-19 02:44:39,469 - root - INFO - 加载收藏列表: 0 个工具
2025-10-19 02:44:39,470 - root - INFO - 工具数据已从 C:\Users\15052\.bionexus\tools.json 加载成功
2025-10-19 02:44:39,470 - root - INFO - 初始化收藏列表: []
2025-10-19 02:44:39,471 - root - INFO - 加载配置文件: C:\Users\15052\.bionexus\config.json
2025-10-19 02:44:39,471 - root - DEBUG - 加载设置: auto_update = True
2025-10-19 02:44:39,472 - root - DEBUG - 加载设置: check_tool_status_on_startup = True
2025-10-19 02:44:39,472 - root - DEBUG - 加载设置: show_detailed_install_log = True
2025-10-19 02:44:39,472 - root - DEBUG - 加载设置: language = zh_CN
2025-10-19 02:44:39,472 - root - DEBUG - 加载设置: tool_update = {'update_mode': 'manual', 'check_frequency': 1, 'show_notification': True, 'last_check': None}
2025-10-19 02:44:39,472 - root - DEBUG - 加载设置: default_install_dir = C:\Users\15052\Desktop\BioNexus\BioNexus_1.2.2\installed_tools
2025-10-19 02:44:39,472 - root - DEBUG - 加载设置: conda_env_path = C:\Users\15052\Desktop\BioNexus\BioNexus_1.2.2\envs_cache
2025-10-19 02:44:39,472 - root - DEBUG - 加载设置: use_mirror_source = False
2025-10-19 02:44:39,473 - root - DEBUG - 加载设置: keep_install_cache = False
2025-10-19 02:44:39,473 - root - DEBUG - 加载设置: favorite_tools = []
2025-10-19 02:44:39,473 - root - INFO - 加载收藏列表: 0 个工具
2025-10-19 02:44:39,474 - root - INFO - 工具数据已从 C:\Users\15052\.bionexus\tools.json 加载成功
2025-10-19 02:44:39,474 - root - INFO - 初始化收藏列表: []
2025-10-19 02:44:39,468 - BioNexus.runtime - INFO - IGV验证失败: 安装目录不存在 - C:\Users\15052\Desktop\BioNexus\BioNexus_1.2.2\installed_tools\IGV
2025-10-19 02:44:39,477 - root - INFO - 加载配置文件: C:\Users\15052\.bionexus\config.json
2025-10-19 02:44:39,477 - root - DEBUG - 加载设置: auto_update = True
2025-10-19 02:44:39,477 - root - DEBUG - 加载设置: check_tool_status_on_startup = True
2025-10-19 02:44:39,478 - root - DEBUG - 加载设置: show_detailed_install_log = True
2025-10-19 02:44:39,478 - root - DEBUG - 加载设置: language = zh_CN
2025-10-19 02:44:39,478 - root - DEBUG - 加载设置: tool_update = {'update_mode': 'manual', 'check_frequency': 1, 'show_notification': True, 'last_check': None}
2025-10-19 02:44:39,478 - root - DEBUG - 加载设置: default_install_dir = C:\Users\15052\Desktop\BioNexus\BioNexus_1.2.2\installed_tools
2025-10-19 02:44:39,478 - root - DEBUG - 加载设置: conda_env_path = C:\Users\15052\Desktop\BioNexus\BioNexus_1.2.2\envs_cache
2025-10-19 02:44:39,478 - root - DEBUG - 加载设置: use_mirror_source = False
2025-10-19 02:44:39,479 - root - DEBUG - 加载设置: keep_install_cache = False
2025-10-19 02:44:39,479 - root - DEBUG - 加载设置: favorite_tools = []
2025-10-19 02:44:39,479 - root - INFO - 加载收藏列表: 0 个工具
2025-10-19 02:44:39,479 - root - INFO - 工具数据已从 C:\Users\15052\.bionexus\tools.json 加载成功
2025-10-19 02:44:39,479 - root - INFO - 初始化收藏列表: []
2025-10-19 02:44:39,475 - BioNexus.runtime - INFO - 没有已安装的工具需要检查更新
2025-10-19 02:44:39,519 - ui.storage_manager_widget - INFO - 存储分析完成，发现 0 个已安装工具
2025-10-19 02:44:39,520 - root - INFO - 加载配置文件: C:\Users\15052\.bionexus\config.json
2025-10-19 02:44:39,520 - root - DEBUG - 加载设置: auto_update = True
2025-10-19 02:44:39,520 - root - DEBUG - 加载设置: check_tool_status_on_startup = True
2025-10-19 02:44:39,520 - root - DEBUG - 加载设置: show_detailed_install_log = True
2025-10-19 02:44:39,520 - root - DEBUG - 加载设置: language = zh_CN
2025-10-19 02:44:39,520 - root - DEBUG - 加载设置: tool_update = {'update_mode': 'manual', 'check_frequency': 1, 'show_notification': True, 'last_check': None}
2025-10-19 02:44:39,521 - root - DEBUG - 加载设置: default_install_dir = C:\Users\15052\Desktop\BioNexus\BioNexus_1.2.2\installed_tools
2025-10-19 02:44:39,521 - root - DEBUG - 加载设置: conda_env_path = C:\Users\15052\Desktop\BioNexus\BioNexus_1.2.2\envs_cache
2025-10-19 02:44:39,521 - root - DEBUG - 加载设置: use_mirror_source = False
2025-10-19 02:44:39,521 - root - DEBUG - 加载设置: keep_install_cache = False
2025-10-19 02:44:39,521 - root - DEBUG - 加载设置: favorite_tools = []
2025-10-19 02:44:39,521 - root - INFO - 加载收藏列表: 0 个工具
2025-10-19 02:44:39,521 - root - INFO - 工具数据已从 C:\Users\15052\.bionexus\tools.json 加载成功
2025-10-19 02:44:39,521 - root - INFO - 初始化收藏列表: []
2025-10-19 02:44:39,520 - BioNexus.runtime - INFO - 工具更新检查完成: 发现0个更新
2025-10-19 02:44:40,439 - root - INFO - 加载配置文件: C:\Users\15052\.bionexus\config.json
2025-10-19 02:44:40,440 - root - DEBUG - 加载设置: auto_update = True
2025-10-19 02:44:40,440 - root - DEBUG - 加载设置: check_tool_status_on_startup = True
2025-10-19 02:44:40,440 - root - DEBUG - 加载设置: show_detailed_install_log = True
2025-10-19 02:44:40,440 - root - DEBUG - 加载设置: language = zh_CN
2025-10-19 02:44:40,440 - root - DEBUG - 加载设置: tool_update = {'update_mode': 'manual', 'check_frequency': 1, 'show_notification': True, 'last_check': None}
2025-10-19 02:44:40,440 - root - DEBUG - 加载设置: default_install_dir = C:\Users\15052\Desktop\BioNexus\BioNexus_1.2.2\installed_tools
2025-10-19 02:44:40,440 - root - DEBUG - 加载设置: conda_env_path = C:\Users\15052\Desktop\BioNexus\BioNexus_1.2.2\envs_cache
2025-10-19 02:44:40,440 - root - DEBUG - 加载设置: use_mirror_source = False
2025-10-19 02:44:40,440 - root - DEBUG - 加载设置: keep_install_cache = False
2025-10-19 02:44:40,440 - root - DEBUG - 加载设置: favorite_tools = []
2025-10-19 02:44:40,440 - root - INFO - 加载收藏列表: 0 个工具
2025-10-19 02:44:40,440 - root - INFO - 工具数据已从 C:\Users\15052\.bionexus\tools.json 加载成功
2025-10-19 02:44:40,441 - root - INFO - 初始化收藏列表: []
2025-10-19 02:44:40,442 - root - INFO - 加载配置文件: C:\Users\15052\.bionexus\config.json
2025-10-19 02:44:40,442 - root - DEBUG - 加载设置: auto_update = True
2025-10-19 02:44:40,442 - root - DEBUG - 加载设置: check_tool_status_on_startup = True
2025-10-19 02:44:40,442 - root - DEBUG - 加载设置: show_detailed_install_log = True
2025-10-19 02:44:40,442 - root - DEBUG - 加载设置: language = zh_CN
2025-10-19 02:44:40,442 - root - DEBUG - 加载设置: tool_update = {'update_mode': 'manual', 'check_frequency': 1, 'show_notification': True, 'last_check': None}
2025-10-19 02:44:40,442 - root - DEBUG - 加载设置: default_install_dir = C:\Users\15052\Desktop\BioNexus\BioNexus_1.2.2\installed_tools
2025-10-19 02:44:40,442 - root - DEBUG - 加载设置: conda_env_path = C:\Users\15052\Desktop\BioNexus\BioNexus_1.2.2\envs_cache
2025-10-19 02:44:40,443 - root - DEBUG - 加载设置: use_mirror_source = False
2025-10-19 02:44:40,443 - root - DEBUG - 加载设置: keep_install_cache = False
2025-10-19 02:44:40,443 - root - DEBUG - 加载设置: favorite_tools = []
2025-10-19 02:44:40,443 - root - INFO - 加载收藏列表: 0 个工具
2025-10-19 02:44:40,443 - root - INFO - 工具数据已从 C:\Users\15052\.bionexus\tools.json 加载成功
2025-10-19 02:44:40,443 - root - INFO - 初始化收藏列表: []
2025-10-19 02:44:40,447 - root - INFO - 加载配置文件: C:\Users\15052\.bionexus\config.json
2025-10-19 02:44:40,447 - root - DEBUG - 加载设置: auto_update = True
2025-10-19 02:44:40,447 - root - DEBUG - 加载设置: check_tool_status_on_startup = True
2025-10-19 02:44:40,447 - root - DEBUG - 加载设置: show_detailed_install_log = True
2025-10-19 02:44:40,447 - root - DEBUG - 加载设置: language = zh_CN
2025-10-19 02:44:40,447 - root - DEBUG - 加载设置: tool_update = {'update_mode': 'manual', 'check_frequency': 1, 'show_notification': True, 'last_check': None}
2025-10-19 02:44:40,447 - root - DEBUG - 加载设置: default_install_dir = C:\Users\15052\Desktop\BioNexus\BioNexus_1.2.2\installed_tools
2025-10-19 02:44:40,447 - root - DEBUG - 加载设置: conda_env_path = C:\Users\15052\Desktop\BioNexus\BioNexus_1.2.2\envs_cache
2025-10-19 02:44:40,447 - root - DEBUG - 加载设置: use_mirror_source = False
2025-10-19 02:44:40,447 - root - DEBUG - 加载设置: keep_install_cache = False
2025-10-19 02:44:40,447 - root - DEBUG - 加载设置: favorite_tools = []
2025-10-19 02:44:40,447 - root - INFO - 加载收藏列表: 0 个工具
2025-10-19 02:44:40,448 - root - INFO - 工具数据已从 C:\Users\15052\.bionexus\tools.json 加载成功
2025-10-19 02:44:40,448 - root - INFO - 初始化收藏列表: []
2025-10-19 02:44:40,446 - BioNexus.runtime - INFO - 性能: 视图切换 用时 0.008s
2025-10-19 02:44:49,235 - root - INFO - 加载配置文件: C:\Users\15052\.bionexus\config.json
2025-10-19 02:44:49,235 - root - DEBUG - 加载设置: auto_update = True
2025-10-19 02:44:49,235 - root - DEBUG - 加载设置: check_tool_status_on_startup = True
2025-10-19 02:44:49,235 - root - DEBUG - 加载设置: show_detailed_install_log = True
2025-10-19 02:44:49,235 - root - DEBUG - 加载设置: language = zh_CN
2025-10-19 02:44:49,235 - root - DEBUG - 加载设置: tool_update = {'update_mode': 'manual', 'check_frequency': 1, 'show_notification': True, 'last_check': None}
2025-10-19 02:44:49,235 - root - DEBUG - 加载设置: default_install_dir = C:\Users\15052\Desktop\BioNexus\BioNexus_1.2.2\installed_tools
2025-10-19 02:44:49,235 - root - DEBUG - 加载设置: conda_env_path = C:\Users\15052\Desktop\BioNexus\BioNexus_1.2.2\envs_cache
2025-10-19 02:44:49,235 - root - DEBUG - 加载设置: use_mirror_source = False
2025-10-19 02:44:49,235 - root - DEBUG - 加载设置: keep_install_cache = False
2025-10-19 02:44:49,235 - root - DEBUG - 加载设置: favorite_tools = []
2025-10-19 02:44:49,235 - root - INFO - 加载收藏列表: 0 个工具
2025-10-19 02:44:49,236 - root - INFO - 工具数据已从 C:\Users\15052\.bionexus\tools.json 加载成功
2025-10-19 02:44:49,236 - root - INFO - 初始化收藏列表: []
2025-10-19 02:44:49,238 - core.tool_manager - INFO - ToolManager cleanup completed
2025-10-19 02:44:49,266 - root - INFO - 加载配置文件: C:\Users\15052\.bionexus\config.json
2025-10-19 02:44:49,266 - root - DEBUG - 加载设置: auto_update = True
2025-10-19 02:44:49,266 - root - DEBUG - 加载设置: check_tool_status_on_startup = True
2025-10-19 02:44:49,266 - root - DEBUG - 加载设置: show_detailed_install_log = True
2025-10-19 02:44:49,267 - root - DEBUG - 加载设置: language = zh_CN
2025-10-19 02:44:49,267 - root - DEBUG - 加载设置: tool_update = {'update_mode': 'manual', 'check_frequency': 1, 'show_notification': True, 'last_check': None}
2025-10-19 02:44:49,267 - root - DEBUG - 加载设置: default_install_dir = C:\Users\15052\Desktop\BioNexus\BioNexus_1.2.2\installed_tools
2025-10-19 02:44:49,267 - root - DEBUG - 加载设置: conda_env_path = C:\Users\15052\Desktop\BioNexus\BioNexus_1.2.2\envs_cache
2025-10-19 02:44:49,267 - root - DEBUG - 加载设置: use_mirror_source = False
2025-10-19 02:44:49,267 - root - DEBUG - 加载设置: keep_install_cache = False
2025-10-19 02:44:49,267 - root - DEBUG - 加载设置: favorite_tools = []
2025-10-19 02:44:49,267 - root - INFO - 加载收藏列表: 0 个工具
2025-10-19 02:44:49,268 - root - INFO - 工具数据已从 C:\Users\15052\.bionexus\tools.json 加载成功
2025-10-19 02:44:49,269 - root - INFO - 初始化收藏列表: []
2025-10-19 02:44:49,265 - BioNexus.runtime - INFO - === 应用关闭 ===
2025-10-19 02:44:49,273 - root - INFO - 加载配置文件: C:\Users\15052\.bionexus\config.json
2025-10-19 02:44:49,273 - root - DEBUG - 加载设置: auto_update = True
2025-10-19 02:44:49,273 - root - DEBUG - 加载设置: check_tool_status_on_startup = True
2025-10-19 02:44:49,274 - root - DEBUG - 加载设置: show_detailed_install_log = True
2025-10-19 02:44:49,274 - root - DEBUG - 加载设置: language = zh_CN
2025-10-19 02:44:49,274 - root - DEBUG - 加载设置: tool_update = {'update_mode': 'manual', 'check_frequency': 1, 'show_notification': True, 'last_check': None}
2025-10-19 02:44:49,274 - root - DEBUG - 加载设置: default_install_dir = C:\Users\15052\Desktop\BioNexus\BioNexus_1.2.2\installed_tools
2025-10-19 02:44:49,274 - root - DEBUG - 加载设置: conda_env_path = C:\Users\15052\Desktop\BioNexus\BioNexus_1.2.2\envs_cache
2025-10-19 02:44:49,274 - root - DEBUG - 加载设置: use_mirror_source = False
2025-10-19 02:44:49,274 - root - DEBUG - 加载设置: keep_install_cache = False
2025-10-19 02:44:49,274 - root - DEBUG - 加载设置: favorite_tools = []
2025-10-19 02:44:49,274 - root - INFO - 加载收藏列表: 0 个工具
2025-10-19 02:44:49,275 - root - INFO - 工具数据已从 C:\Users\15052\.bionexus\tools.json 加载成功
2025-10-19 02:44:49,276 - root - INFO - 初始化收藏列表: []
2025-10-19 02:44:49,271 - BioNexus.runtime - INFO - 运行时长: 12.54s
2025-10-19 02:44:49,278 - root - INFO - 加载配置文件: C:\Users\15052\.bionexus\config.json
2025-10-19 02:44:49,278 - root - DEBUG - 加载设置: auto_update = True
2025-10-19 02:44:49,278 - root - DEBUG - 加载设置: check_tool_status_on_startup = True
2025-10-19 02:44:49,278 - root - DEBUG - 加载设置: show_detailed_install_log = True
2025-10-19 02:44:49,278 - root - DEBUG - 加载设置: language = zh_CN
2025-10-19 02:44:49,278 - root - DEBUG - 加载设置: tool_update = {'update_mode': 'manual', 'check_frequency': 1, 'show_notification': True, 'last_check': None}
2025-10-19 02:44:49,278 - root - DEBUG - 加载设置: default_install_dir = C:\Users\15052\Desktop\BioNexus\BioNexus_1.2.2\installed_tools
2025-10-19 02:44:49,278 - root - DEBUG - 加载设置: conda_env_path = C:\Users\15052\Desktop\BioNexus\BioNexus_1.2.2\envs_cache
2025-10-19 02:44:49,278 - root - DEBUG - 加载设置: use_mirror_source = False
2025-10-19 02:44:49,278 - root - DEBUG - 加载设置: keep_install_cache = False
2025-10-19 02:44:49,278 - root - DEBUG - 加载设置: favorite_tools = []
2025-10-19 02:44:49,278 - root - INFO - 加载收藏列表: 0 个工具
2025-10-19 02:44:49,279 - root - INFO - 工具数据已从 C:\Users\15052\.bionexus\tools.json 加载成功
2025-10-19 02:44:49,279 - root - INFO - 初始化收藏列表: []
2025-10-19 02:44:49,277 - BioNexus.runtime - INFO - 会话统计: {"start_time": "2025-10-19T02:44:36.728218", "operations_count": 5, "errors_count": 2, "installations": 0, "network_requests": 2, "end_time": "2025-10-19T02:44:49.265095", "runtime_seconds": 12.536877}
2025-10-19 02:44:49,280 - root - INFO - 加载配置文件: C:\Users\15052\.bionexus\config.json
2025-10-19 02:44:49,281 - root - DEBUG - 加载设置: auto_update = True
2025-10-19 02:44:49,281 - root - DEBUG - 加载设置: check_tool_status_on_startup = True
2025-10-19 02:44:49,281 - root - DEBUG - 加载设置: show_detailed_install_log = True
2025-10-19 02:44:49,281 - root - DEBUG - 加载设置: language = zh_CN
2025-10-19 02:44:49,281 - root - DEBUG - 加载设置: tool_update = {'update_mode': 'manual', 'check_frequency': 1, 'show_notification': True, 'last_check': None}
2025-10-19 02:44:49,281 - root - DEBUG - 加载设置: default_install_dir = C:\Users\15052\Desktop\BioNexus\BioNexus_1.2.2\installed_tools
2025-10-19 02:44:49,281 - root - DEBUG - 加载设置: conda_env_path = C:\Users\15052\Desktop\BioNexus\BioNexus_1.2.2\envs_cache
2025-10-19 02:44:49,281 - root - DEBUG - 加载设置: use_mirror_source = False
2025-10-19 02:44:49,281 - root - DEBUG - 加载设置: keep_install_cache = False
2025-10-19 02:44:49,281 - root - DEBUG - 加载设置: favorite_tools = []
2025-10-19 02:44:49,281 - root - INFO - 加载收藏列表: 0 个工具
2025-10-19 02:44:49,281 - root - INFO - 工具数据已从 C:\Users\15052\.bionexus\tools.json 加载成功
2025-10-19 02:44:49,282 - root - INFO - 初始化收藏列表: []
2025-10-19 02:44:49,280 - BioNexus.runtime - INFO - 会话日志已保存到: C:\Users\15052\Desktop\BioNexus\BioNexus_1.2.18\logs\2025-10-19\session_20251019_024436
2025-10-19 02:44:49,283 - root - INFO - 加载配置文件: C:\Users\15052\.bionexus\config.json
2025-10-19 02:44:49,283 - root - DEBUG - 加载设置: auto_update = True
2025-10-19 02:44:49,283 - root - DEBUG - 加载设置: check_tool_status_on_startup = True
2025-10-19 02:44:49,283 - root - DEBUG - 加载设置: show_detailed_install_log = True
2025-10-19 02:44:49,283 - root - DEBUG - 加载设置: language = zh_CN
2025-10-19 02:44:49,283 - root - DEBUG - 加载设置: tool_update = {'update_mode': 'manual', 'check_frequency': 1, 'show_notification': True, 'last_check': None}
2025-10-19 02:44:49,283 - root - DEBUG - 加载设置: default_install_dir = C:\Users\15052\Desktop\BioNexus\BioNexus_1.2.2\installed_tools
2025-10-19 02:44:49,283 - root - DEBUG - 加载设置: conda_env_path = C:\Users\15052\Desktop\BioNexus\BioNexus_1.2.2\envs_cache
2025-10-19 02:44:49,283 - root - DEBUG - 加载设置: use_mirror_source = False
2025-10-19 02:44:49,283 - root - DEBUG - 加载设置: keep_install_cache = False
2025-10-19 02:44:49,284 - root - DEBUG - 加载设置: favorite_tools = []
2025-10-19 02:44:49,284 - root - INFO - 加载收藏列表: 0 个工具
2025-10-19 02:44:49,284 - root - INFO - 工具数据已从 C:\Users\15052\.bionexus\tools.json 加载成功
2025-10-19 02:44:49,284 - root - INFO - 初始化收藏列表: []
2025-10-19 02:44:49,286 - core.tool_manager - INFO - ToolManager cleanup completed
