2025-10-19 02:44:36,665 - INFO - BioNexus 1.2.13 启动 - 会话ID: 20251019_024436
[2025-10-19 02:44:36] 启动阶段 - 日志系统初始化: 成功 - 全面日志系统已启动
2025-10-19 02:44:36,666 - INFO - 启动阶段 - 日志系统初始化: 成功 - 全面日志系统已启动
2025-10-19 02:44:36,668 - INFO - BioNexus 1.2.13 启动初始化
[2025-10-19 02:44:36] 启动阶段 - 基础日志系统: 成功 - 标准logging已配置
2025-10-19 02:44:36,668 - INFO - 启动阶段 - 基础日志系统: 成功 - 标准logging已配置
2025-10-19 02:44:36,668 - INFO - 错误处理器初始化完成
[2025-10-19 02:44:36] 启动阶段 - 错误处理器: 成功 - 全局异常捕获已设置
2025-10-19 02:44:36,668 - INFO - 启动阶段 - 错误处理器: 成功 - 全局异常捕获已设置
[2025-10-19 02:44:36] 模块导入 - ui.main_window.MainWindow: 成功
2025-10-19 02:44:36,726 - INFO - 模块导入 - ui.main_window.MainWindow: 成功
[2025-10-19 02:44:36] 模块导入 - data.config.ConfigManager: 成功
2025-10-19 02:44:36,726 - INFO - 模块导入 - data.config.ConfigManager: 成功
[2025-10-19 02:44:36] 模块导入 - utils.helpers.check_system_requirements: 成功
2025-10-19 02:44:36,726 - INFO - 模块导入 - utils.helpers.check_system_requirements: 成功
[2025-10-19 02:44:36] 模块导入 - utils.unified_logger: 成功
2025-10-19 02:44:36,727 - INFO - 模块导入 - utils.unified_logger: 成功
[2025-10-19 02:44:36] 启动阶段 - 所有模块导入: 成功 - 核心模块导入完成
2025-10-19 02:44:36,727 - INFO - 启动阶段 - 所有模块导入: 成功 - 核心模块导入完成
2025-10-19 02:44:36,743 - INFO - 开始启动主应用程序
2025-10-19 02:44:36,762 - INFO - PyQt5应用程序初始化成功
[2025-10-19 02:44:36] 启动阶段 - PyQt5应用程序: 成功 - 初始化成功
2025-10-19 02:44:36,762 - INFO - 启动阶段 - PyQt5应用程序: 成功 - 初始化成功
2025-10-19 02:44:38,371 - INFO - BioNexus 1.2.13 启动 - 会话ID: 20251019_024438
2025-10-19 02:44:38,372 - INFO - 启动阶段 - 日志系统初始化: 成功 - 全面日志系统已启动
2025-10-19 02:44:38,373 - INFO - BioNexus 1.2.13 启动初始化
2025-10-19 02:44:38,373 - INFO - 启动阶段 - 基础日志系统: 成功 - 标准logging已配置
2025-10-19 02:44:38,374 - INFO - 错误处理器初始化完成
2025-10-19 02:44:38,374 - INFO - 启动阶段 - 错误处理器: 成功 - 全局异常捕获已设置
2025-10-19 02:44:38,376 - INFO - 模块导入 - ui.main_window.MainWindow: 成功
2025-10-19 02:44:38,377 - INFO - 模块导入 - data.config.ConfigManager: 成功
2025-10-19 02:44:38,377 - INFO - 模块导入 - utils.helpers.check_system_requirements: 成功
2025-10-19 02:44:38,378 - INFO - 模块导入 - utils.unified_logger: 成功
2025-10-19 02:44:38,378 - INFO - 启动阶段 - 所有模块导入: 成功 - 核心模块导入完成
