2025-10-19 21:11:07,050 - INFO - BioNexus 1.2.13 启动 - 会话ID: 20251019_211107
[2025-10-19 21:11:07] 启动阶段 - 日志系统初始化: 成功 - 全面日志系统已启动
2025-10-19 21:11:07,050 - INFO - 启动阶段 - 日志系统初始化: 成功 - 全面日志系统已启动
2025-10-19 21:11:07,059 - INFO - BioNexus 1.2.13 启动初始化
[2025-10-19 21:11:07] 启动阶段 - 基础日志系统: 成功 - 标准logging已配置
2025-10-19 21:11:07,059 - INFO - 启动阶段 - 基础日志系统: 成功 - 标准logging已配置
2025-10-19 21:11:07,059 - INFO - 错误处理器初始化完成
[2025-10-19 21:11:07] 启动阶段 - 错误处理器: 成功 - 全局异常捕获已设置
2025-10-19 21:11:07,059 - INFO - 启动阶段 - 错误处理器: 成功 - 全局异常捕获已设置
[2025-10-19 21:11:07] 模块导入 - ui.main_window.MainWindow: 成功
2025-10-19 21:11:07,235 - INFO - 模块导入 - ui.main_window.MainWindow: 成功
[2025-10-19 21:11:07] 模块导入 - data.config.ConfigManager: 成功
2025-10-19 21:11:07,236 - INFO - 模块导入 - data.config.ConfigManager: 成功
[2025-10-19 21:11:07] 模块导入 - utils.helpers.check_system_requirements: 成功
2025-10-19 21:11:07,236 - INFO - 模块导入 - utils.helpers.check_system_requirements: 成功
[2025-10-19 21:11:07] 模块导入 - utils.unified_logger: 成功
2025-10-19 21:11:07,236 - INFO - 模块导入 - utils.unified_logger: 成功
[2025-10-19 21:11:07] 模块导入 - utils.translator.TranslationManager: 成功
2025-10-19 21:11:07,241 - INFO - 模块导入 - utils.translator.TranslationManager: 成功
[2025-10-19 21:11:07] 启动阶段 - 所有模块导入: 成功 - 核心模块导入完成
2025-10-19 21:11:07,241 - INFO - 启动阶段 - 所有模块导入: 成功 - 核心模块导入完成
2025-10-19 21:11:07,262 - INFO - 开始启动主应用程序
2025-10-19 21:11:07,275 - INFO - PyQt5应用程序初始化成功
[2025-10-19 21:11:07] 启动阶段 - PyQt5应用程序: 成功 - 初始化成功
2025-10-19 21:11:07,275 - INFO - 启动阶段 - PyQt5应用程序: 成功 - 初始化成功
2025-10-19 21:11:07,275 - WARNING - 翻译系统初始化失败: super-class __init__() of type TranslationManager was never called, 将使用默认语言
[2025-10-19 21:11:07] 启动阶段 - 翻译系统: 失败 - 初始化失败: super-class __init__() of type TranslationManager was never called, 使用默认语言
2025-10-19 21:11:07,276 - INFO - 启动阶段 - 翻译系统: 失败 - 初始化失败: super-class __init__() of type TranslationManager was never called, 使用默认语言
2025-10-19 21:11:08,788 - INFO - BioNexus 1.2.13 启动 - 会话ID: 20251019_211108
2025-10-19 21:11:08,788 - INFO - 启动阶段 - 日志系统初始化: 成功 - 全面日志系统已启动
2025-10-19 21:11:08,789 - INFO - BioNexus 1.2.13 启动初始化
2025-10-19 21:11:08,789 - INFO - 启动阶段 - 基础日志系统: 成功 - 标准logging已配置
2025-10-19 21:11:08,789 - INFO - 错误处理器初始化完成
2025-10-19 21:11:08,790 - INFO - 启动阶段 - 错误处理器: 成功 - 全局异常捕获已设置
2025-10-19 21:11:08,790 - INFO - 模块导入 - ui.main_window.MainWindow: 成功
2025-10-19 21:11:08,790 - INFO - 模块导入 - data.config.ConfigManager: 成功
2025-10-19 21:11:08,791 - INFO - 模块导入 - utils.helpers.check_system_requirements: 成功
2025-10-19 21:11:08,791 - INFO - 模块导入 - utils.unified_logger: 成功
2025-10-19 21:11:08,791 - INFO - 模块导入 - utils.translator.TranslationManager: 成功
2025-10-19 21:11:08,792 - INFO - 启动阶段 - 所有模块导入: 成功 - 核心模块导入完成
