2025-10-21 13:29:13,262 - BioNexus.operations - INFO - 用户操作: 视图切换 - {"function": "_on_view_changed"}
2025-10-21 13:29:13,426 - BioNexus.operations - INFO - 用户操作: 应用启动 - {"窗口": "已显示"}
2025-10-21 13:29:15,563 - BioNexus.operations - INFO - 用户操作: 视图切换 - {"function": "_on_view_changed"}
2025-10-21 13:29:15,567 - BioNexus.operations - INFO - 视图切换: all-tools → settings - 成功
2025-10-21 13:29:16,315 - BioNexus.operations - INFO - 用户操作: 视图切换 - {"function": "_on_view_changed"}
2025-10-21 13:29:16,318 - BioNexus.operations - INFO - 视图切换: settings → all-tools - 成功
2025-10-21 13:29:17,552 - BioNexus.operations - INFO - 用户操作: 视图切换 - {"function": "_on_view_changed"}
2025-10-21 13:29:17,555 - BioNexus.operations - INFO - 视图切换: all-tools → settings - 成功
2025-10-21 13:29:24,589 - BioNexus.operations - INFO - 用户操作: 视图切换 - {"function": "_on_view_changed"}
2025-10-21 13:29:24,592 - BioNexus.operations - INFO - 视图切换: settings → my-tools - 成功
2025-10-21 13:29:26,125 - BioNexus.operations - INFO - 用户操作: 视图切换 - {"function": "_on_view_changed"}
2025-10-21 13:29:26,130 - BioNexus.operations - INFO - 视图切换: my-tools → all-tools - 成功
2025-10-21 13:29:27,259 - BioNexus.operations - INFO - 用户操作: 查看工具详情 - {"工具名": "HISAT2"}
2025-10-21 13:29:29,124 - BioNexus.operations - INFO - 用户操作: 视图切换 - {"function": "_on_view_changed"}
2025-10-21 13:29:29,127 - BioNexus.operations - INFO - 视图切换: all-tools → settings - 成功
2025-10-21 13:29:29,134 - BioNexus.operations - INFO - 用户操作: 设置变更 - {"设置项": "auto_update", "新值": "True"}
2025-10-21 13:29:29,147 - BioNexus.operations - INFO - 用户操作: 设置变更 - {"设置项": "auto_update", "新值": "True"}
2025-10-21 13:29:29,151 - BioNexus.operations - INFO - 用户操作: 设置变更 - {"设置项": "check_tool_status_on_startup", "新值": "True"}
2025-10-21 13:29:29,153 - BioNexus.operations - INFO - 用户操作: 设置变更 - {"设置项": "check_tool_status_on_startup", "新值": "True"}
2025-10-21 13:29:29,156 - BioNexus.operations - INFO - 用户操作: 设置变更 - {"设置项": "show_detailed_install_log", "新值": "True"}
2025-10-21 13:29:29,159 - BioNexus.operations - INFO - 用户操作: 设置变更 - {"设置项": "show_detailed_install_log", "新值": "True"}
2025-10-21 13:29:29,161 - BioNexus.operations - INFO - 用户操作: 设置变更 - {"设置项": "tool_update_show_notification", "新值": "True"}
2025-10-21 13:29:29,166 - BioNexus.operations - INFO - 用户操作: 设置变更 - {"设置项": "tool_update_show_notification", "新值": "True"}
2025-10-21 13:29:32,961 - BioNexus.operations - INFO - 用户操作: 应用关闭 - {"关闭方式": "窗口关闭按钮"}
2025-10-21 13:29:32,991 - BioNexus.operations - INFO - 用户操作: 应用关闭 - {"关闭方式": "窗口关闭按钮"}
