2025-10-21 13:29:11,094 - INFO - BioNexus 1.2.13 启动 - 会话ID: 20251021_132911
[2025-10-21 13:29:11] 启动阶段 - 日志系统初始化: 成功 - 全面日志系统已启动
2025-10-21 13:29:11,094 - INFO - 启动阶段 - 日志系统初始化: 成功 - 全面日志系统已启动
2025-10-21 13:29:11,096 - INFO - BioNexus 1.2.13 启动初始化
[2025-10-21 13:29:11] 启动阶段 - 基础日志系统: 成功 - 标准logging已配置
2025-10-21 13:29:11,096 - INFO - 启动阶段 - 基础日志系统: 成功 - 标准logging已配置
2025-10-21 13:29:11,096 - INFO - 错误处理器初始化完成
[2025-10-21 13:29:11] 启动阶段 - 错误处理器: 成功 - 全局异常捕获已设置
2025-10-21 13:29:11,096 - INFO - 启动阶段 - 错误处理器: 成功 - 全局异常捕获已设置
[2025-10-21 13:29:11] 模块导入 - ui.main_window.MainWindow: 成功
2025-10-21 13:29:11,169 - INFO - 模块导入 - ui.main_window.MainWindow: 成功
[2025-10-21 13:29:11] 模块导入 - data.config.ConfigManager: 成功
2025-10-21 13:29:11,169 - INFO - 模块导入 - data.config.ConfigManager: 成功
[2025-10-21 13:29:11] 模块导入 - utils.helpers.check_system_requirements: 成功
2025-10-21 13:29:11,169 - INFO - 模块导入 - utils.helpers.check_system_requirements: 成功
[2025-10-21 13:29:11] 模块导入 - utils.unified_logger: 成功
2025-10-21 13:29:11,170 - INFO - 模块导入 - utils.unified_logger: 成功
[2025-10-21 13:29:11] 模块导入 - utils.translator.TranslationManager: 成功
2025-10-21 13:29:11,189 - INFO - 模块导入 - utils.translator.TranslationManager: 成功
[2025-10-21 13:29:11] 启动阶段 - 所有模块导入: 成功 - 核心模块导入完成
2025-10-21 13:29:11,190 - INFO - 启动阶段 - 所有模块导入: 成功 - 核心模块导入完成
2025-10-21 13:29:11,213 - INFO - 开始启动主应用程序
2025-10-21 13:29:11,227 - WARNING - QComboBox滚轮过滤器安装失败: No module named 'utils.qt_wheel_guard'
2025-10-21 13:29:11,227 - INFO - PyQt5应用程序初始化成功
[2025-10-21 13:29:11] 启动阶段 - PyQt5应用程序: 成功 - 初始化成功
2025-10-21 13:29:11,227 - INFO - 启动阶段 - PyQt5应用程序: 成功 - 初始化成功
2025-10-21 13:29:11,227 - WARNING - 翻译系统初始化失败: type object 'TranslationManager' has no attribute 'instance', 将使用默认语言
[2025-10-21 13:29:11] 启动阶段 - 翻译系统: 失败 - 初始化失败: type object 'TranslationManager' has no attribute 'instance', 使用默认语言
2025-10-21 13:29:11,228 - INFO - 启动阶段 - 翻译系统: 失败 - 初始化失败: type object 'TranslationManager' has no attribute 'instance', 使用默认语言
2025-10-21 13:29:12,505 - INFO - BioNexus 1.2.13 启动 - 会话ID: 20251021_132912
2025-10-21 13:29:12,505 - INFO - 启动阶段 - 日志系统初始化: 成功 - 全面日志系统已启动
2025-10-21 13:29:12,506 - INFO - BioNexus 1.2.13 启动初始化
2025-10-21 13:29:12,506 - INFO - 启动阶段 - 基础日志系统: 成功 - 标准logging已配置
2025-10-21 13:29:12,507 - INFO - 错误处理器初始化完成
2025-10-21 13:29:12,507 - INFO - 启动阶段 - 错误处理器: 成功 - 全局异常捕获已设置
2025-10-21 13:29:12,508 - INFO - 模块导入 - ui.main_window.MainWindow: 成功
2025-10-21 13:29:12,508 - INFO - 模块导入 - data.config.ConfigManager: 成功
2025-10-21 13:29:12,508 - INFO - 模块导入 - utils.helpers.check_system_requirements: 成功
2025-10-21 13:29:12,508 - INFO - 模块导入 - utils.unified_logger: 成功
2025-10-21 13:29:12,509 - INFO - 模块导入 - utils.translator.TranslationManager: 成功
2025-10-21 13:29:12,509 - INFO - 启动阶段 - 所有模块导入: 成功 - 核心模块导入完成
