2025-10-19 21:15:54,076 - INFO - BioNexus 1.2.13 启动 - 会话ID: 20251019_211554
[2025-10-19 21:15:54] 启动阶段 - 日志系统初始化: 成功 - 全面日志系统已启动
2025-10-19 21:15:54,077 - INFO - 启动阶段 - 日志系统初始化: 成功 - 全面日志系统已启动
2025-10-19 21:15:54,084 - INFO - BioNexus 1.2.13 启动初始化
[2025-10-19 21:15:54] 启动阶段 - 基础日志系统: 成功 - 标准logging已配置
2025-10-19 21:15:54,084 - INFO - 启动阶段 - 基础日志系统: 成功 - 标准logging已配置
2025-10-19 21:15:54,084 - INFO - 错误处理器初始化完成
[2025-10-19 21:15:54] 启动阶段 - 错误处理器: 成功 - 全局异常捕获已设置
2025-10-19 21:15:54,085 - INFO - 启动阶段 - 错误处理器: 成功 - 全局异常捕获已设置
[2025-10-19 21:15:54] 模块导入 - ui.main_window.MainWindow: 成功
2025-10-19 21:15:54,242 - INFO - 模块导入 - ui.main_window.MainWindow: 成功
[2025-10-19 21:15:54] 模块导入 - data.config.ConfigManager: 成功
2025-10-19 21:15:54,242 - INFO - 模块导入 - data.config.ConfigManager: 成功
[2025-10-19 21:15:54] 模块导入 - utils.helpers.check_system_requirements: 成功
2025-10-19 21:15:54,242 - INFO - 模块导入 - utils.helpers.check_system_requirements: 成功
[2025-10-19 21:15:54] 模块导入 - utils.unified_logger: 成功
2025-10-19 21:15:54,243 - INFO - 模块导入 - utils.unified_logger: 成功
[2025-10-19 21:15:54] 模块导入 - utils.translator.TranslationManager: 成功
2025-10-19 21:15:54,246 - INFO - 模块导入 - utils.translator.TranslationManager: 成功
[2025-10-19 21:15:54] 启动阶段 - 所有模块导入: 成功 - 核心模块导入完成
2025-10-19 21:15:54,247 - INFO - 启动阶段 - 所有模块导入: 成功 - 核心模块导入完成
2025-10-19 21:15:54,266 - INFO - 开始启动主应用程序
2025-10-19 21:15:54,280 - INFO - PyQt5应用程序初始化成功
[2025-10-19 21:15:54] 启动阶段 - PyQt5应用程序: 成功 - 初始化成功
2025-10-19 21:15:54,281 - INFO - 启动阶段 - PyQt5应用程序: 成功 - 初始化成功
2025-10-19 21:15:54,281 - WARNING - 翻译系统初始化失败: super-class __init__() of type TranslationManager was never called, 将使用默认语言
[2025-10-19 21:15:54] 启动阶段 - 翻译系统: 失败 - 初始化失败: super-class __init__() of type TranslationManager was never called, 使用默认语言
2025-10-19 21:15:54,282 - INFO - 启动阶段 - 翻译系统: 失败 - 初始化失败: super-class __init__() of type TranslationManager was never called, 使用默认语言
2025-10-19 21:15:55,678 - INFO - BioNexus 1.2.13 启动 - 会话ID: 20251019_211555
2025-10-19 21:15:55,679 - INFO - 启动阶段 - 日志系统初始化: 成功 - 全面日志系统已启动
2025-10-19 21:15:55,679 - INFO - BioNexus 1.2.13 启动初始化
2025-10-19 21:15:55,680 - INFO - 启动阶段 - 基础日志系统: 成功 - 标准logging已配置
2025-10-19 21:15:55,680 - INFO - 错误处理器初始化完成
2025-10-19 21:15:55,680 - INFO - 启动阶段 - 错误处理器: 成功 - 全局异常捕获已设置
2025-10-19 21:15:55,681 - INFO - 模块导入 - ui.main_window.MainWindow: 成功
2025-10-19 21:15:55,681 - INFO - 模块导入 - data.config.ConfigManager: 成功
2025-10-19 21:15:55,682 - INFO - 模块导入 - utils.helpers.check_system_requirements: 成功
2025-10-19 21:15:55,682 - INFO - 模块导入 - utils.unified_logger: 成功
2025-10-19 21:15:55,682 - INFO - 模块导入 - utils.translator.TranslationManager: 成功
2025-10-19 21:15:55,683 - INFO - 启动阶段 - 所有模块导入: 成功 - 核心模块导入完成
