2025-10-20 12:01:01,983 - root - INFO - [ConfigManager] Settings对象创建后:
2025-10-20 12:01:01,984 - root - INFO -   default_install_dir = ''
2025-10-20 12:01:01,985 - root - INFO -   conda_env_path = ''
2025-10-20 12:01:01,986 - root - INFO - 加载配置文件: /home/xi/.bionexus/config.json
2025-10-20 12:01:01,986 - root - INFO - [ConfigManager] JSON文件内容:
2025-10-20 12:01:01,987 - root - INFO -   default_install_dir = ''
2025-10-20 12:01:01,987 - root - INFO -   conda_env_path = ''
2025-10-20 12:01:01,988 - root - DEBUG - 加载设置: auto_update = True
2025-10-20 12:01:01,989 - root - DEBUG - 加载设置: check_tool_status_on_startup = False
2025-10-20 12:01:01,989 - root - DEBUG - 加载设置: show_detailed_install_log = True
2025-10-20 12:01:01,999 - root - DEBUG - 加载设置: language = zh_CN
2025-10-20 12:01:02,000 - root - DEBUG - 加载设置: tool_update = {'update_mode': 'auto', 'check_frequency': 1, 'show_notification': True, 'last_check': None}
2025-10-20 12:01:02,001 - root - DEBUG - 加载设置: default_install_dir = 
2025-10-20 12:01:02,002 - root - INFO - [ConfigManager] 设置 default_install_dir = ''
2025-10-20 12:01:02,004 - root - DEBUG - 加载设置: conda_env_path = 
2025-10-20 12:01:02,006 - root - INFO - [ConfigManager] 设置 conda_env_path = ''
2025-10-20 12:01:02,006 - root - DEBUG - 加载设置: use_mirror_source = True
2025-10-20 12:01:02,007 - root - DEBUG - 加载设置: keep_install_cache = False
2025-10-20 12:01:02,007 - root - DEBUG - 加载设置: favorite_tools = []
2025-10-20 12:01:02,008 - root - INFO - 加载收藏列表: 0 个工具
2025-10-20 12:01:02,009 - root - INFO - 工具数据已从 /home/xi/.bionexus/tools.json 加载成功
2025-10-20 12:01:02,010 - root - INFO - 初始化收藏列表: []
2025-10-20 12:01:02,011 - root - INFO - [ConfigManager] load_all_configs()执行后:
2025-10-20 12:01:02,011 - root - INFO -   default_install_dir = ''
2025-10-20 12:01:02,012 - root - INFO -   conda_env_path = ''
2025-10-20 12:01:01,983 - BioNexus.runtime - INFO - === BioNexus 1.1.12 启动 ===
2025-10-20 12:01:02,017 - root - INFO - [ConfigManager] Settings对象创建后:
2025-10-20 12:01:02,017 - root - INFO -   default_install_dir = ''
2025-10-20 12:01:02,018 - root - INFO -   conda_env_path = ''
2025-10-20 12:01:02,019 - root - INFO - 加载配置文件: /home/xi/.bionexus/config.json
2025-10-20 12:01:02,020 - root - INFO - [ConfigManager] JSON文件内容:
2025-10-20 12:01:02,020 - root - INFO -   default_install_dir = ''
2025-10-20 12:01:02,021 - root - INFO -   conda_env_path = ''
2025-10-20 12:01:02,021 - root - DEBUG - 加载设置: auto_update = True
2025-10-20 12:01:02,022 - root - DEBUG - 加载设置: check_tool_status_on_startup = False
2025-10-20 12:01:02,023 - root - DEBUG - 加载设置: show_detailed_install_log = True
2025-10-20 12:01:02,023 - root - DEBUG - 加载设置: language = zh_CN
2025-10-20 12:01:02,024 - root - DEBUG - 加载设置: tool_update = {'update_mode': 'auto', 'check_frequency': 1, 'show_notification': True, 'last_check': None}
2025-10-20 12:01:02,025 - root - DEBUG - 加载设置: default_install_dir = 
2025-10-20 12:01:02,025 - root - INFO - [ConfigManager] 设置 default_install_dir = ''
2025-10-20 12:01:02,026 - root - DEBUG - 加载设置: conda_env_path = 
2025-10-20 12:01:02,026 - root - INFO - [ConfigManager] 设置 conda_env_path = ''
2025-10-20 12:01:02,027 - root - DEBUG - 加载设置: use_mirror_source = True
2025-10-20 12:01:02,027 - root - DEBUG - 加载设置: keep_install_cache = False
2025-10-20 12:01:02,028 - root - DEBUG - 加载设置: favorite_tools = []
2025-10-20 12:01:02,028 - root - INFO - 加载收藏列表: 0 个工具
2025-10-20 12:01:02,030 - root - INFO - 工具数据已从 /home/xi/.bionexus/tools.json 加载成功
2025-10-20 12:01:02,031 - root - INFO - 初始化收藏列表: []
2025-10-20 12:01:02,031 - root - INFO - [ConfigManager] load_all_configs()执行后:
2025-10-20 12:01:02,032 - root - INFO -   default_install_dir = ''
2025-10-20 12:01:02,032 - root - INFO -   conda_env_path = ''
2025-10-20 12:01:02,016 - BioNexus.runtime - INFO - 会话ID: 20251020_120101
2025-10-20 12:01:02,036 - root - INFO - [ConfigManager] Settings对象创建后:
2025-10-20 12:01:02,036 - root - INFO -   default_install_dir = ''
2025-10-20 12:01:02,037 - root - INFO -   conda_env_path = ''
2025-10-20 12:01:02,038 - root - INFO - 加载配置文件: /home/xi/.bionexus/config.json
2025-10-20 12:01:02,039 - root - INFO - [ConfigManager] JSON文件内容:
2025-10-20 12:01:02,040 - root - INFO -   default_install_dir = ''
2025-10-20 12:01:02,041 - root - INFO -   conda_env_path = ''
2025-10-20 12:01:02,042 - root - DEBUG - 加载设置: auto_update = True
2025-10-20 12:01:02,042 - root - DEBUG - 加载设置: check_tool_status_on_startup = False
2025-10-20 12:01:02,042 - root - DEBUG - 加载设置: show_detailed_install_log = True
2025-10-20 12:01:02,043 - root - DEBUG - 加载设置: language = zh_CN
2025-10-20 12:01:02,044 - root - DEBUG - 加载设置: tool_update = {'update_mode': 'auto', 'check_frequency': 1, 'show_notification': True, 'last_check': None}
2025-10-20 12:01:02,045 - root - DEBUG - 加载设置: default_install_dir = 
2025-10-20 12:01:02,046 - root - INFO - [ConfigManager] 设置 default_install_dir = ''
2025-10-20 12:01:02,046 - root - DEBUG - 加载设置: conda_env_path = 
2025-10-20 12:01:02,047 - root - INFO - [ConfigManager] 设置 conda_env_path = ''
2025-10-20 12:01:02,047 - root - DEBUG - 加载设置: use_mirror_source = True
2025-10-20 12:01:02,048 - root - DEBUG - 加载设置: keep_install_cache = False
2025-10-20 12:01:02,048 - root - DEBUG - 加载设置: favorite_tools = []
2025-10-20 12:01:02,049 - root - INFO - 加载收藏列表: 0 个工具
2025-10-20 12:01:02,050 - root - INFO - 工具数据已从 /home/xi/.bionexus/tools.json 加载成功
2025-10-20 12:01:02,051 - root - INFO - 初始化收藏列表: []
2025-10-20 12:01:02,052 - root - INFO - [ConfigManager] load_all_configs()执行后:
2025-10-20 12:01:02,053 - root - INFO -   default_install_dir = ''
2025-10-20 12:01:02,054 - root - INFO -   conda_env_path = ''
2025-10-20 12:01:02,035 - BioNexus.runtime - INFO - 日志目录: /mnt/c/Users/15052/Desktop/BioNexus/BioNexus_1.2.21/logs/2025-10-20/session_20251020_120101
2025-10-20 12:01:02,057 - root - INFO - [ConfigManager] Settings对象创建后:
2025-10-20 12:01:02,058 - root - INFO -   default_install_dir = ''
2025-10-20 12:01:02,059 - root - INFO -   conda_env_path = ''
2025-10-20 12:01:02,060 - root - INFO - 加载配置文件: /home/xi/.bionexus/config.json
2025-10-20 12:01:02,061 - root - INFO - [ConfigManager] JSON文件内容:
2025-10-20 12:01:02,062 - root - INFO -   default_install_dir = ''
2025-10-20 12:01:02,062 - root - INFO -   conda_env_path = ''
2025-10-20 12:01:02,063 - root - DEBUG - 加载设置: auto_update = True
2025-10-20 12:01:02,064 - root - DEBUG - 加载设置: check_tool_status_on_startup = False
2025-10-20 12:01:02,064 - root - DEBUG - 加载设置: show_detailed_install_log = True
2025-10-20 12:01:02,065 - root - DEBUG - 加载设置: language = zh_CN
2025-10-20 12:01:02,065 - root - DEBUG - 加载设置: tool_update = {'update_mode': 'auto', 'check_frequency': 1, 'show_notification': True, 'last_check': None}
2025-10-20 12:01:02,066 - root - DEBUG - 加载设置: default_install_dir = 
2025-10-20 12:01:02,066 - root - INFO - [ConfigManager] 设置 default_install_dir = ''
2025-10-20 12:01:02,067 - root - DEBUG - 加载设置: conda_env_path = 
2025-10-20 12:01:02,068 - root - INFO - [ConfigManager] 设置 conda_env_path = ''
2025-10-20 12:01:02,068 - root - DEBUG - 加载设置: use_mirror_source = True
2025-10-20 12:01:02,069 - root - DEBUG - 加载设置: keep_install_cache = False
2025-10-20 12:01:02,070 - root - DEBUG - 加载设置: favorite_tools = []
2025-10-20 12:01:02,071 - root - INFO - 加载收藏列表: 0 个工具
2025-10-20 12:01:02,071 - root - INFO - 工具数据已从 /home/xi/.bionexus/tools.json 加载成功
2025-10-20 12:01:02,072 - root - INFO - 初始化收藏列表: []
2025-10-20 12:01:02,073 - root - INFO - [ConfigManager] load_all_configs()执行后:
2025-10-20 12:01:02,074 - root - INFO -   default_install_dir = ''
2025-10-20 12:01:02,074 - root - INFO -   conda_env_path = ''
2025-10-20 12:01:02,057 - BioNexus.runtime - INFO - BioNexus版本: 1.2.13
2025-10-20 12:01:02,098 - root - INFO - [ConfigManager] Settings对象创建后:
2025-10-20 12:01:02,099 - root - INFO -   default_install_dir = ''
2025-10-20 12:01:02,099 - root - INFO -   conda_env_path = ''
2025-10-20 12:01:02,100 - root - INFO - 加载配置文件: /home/xi/.bionexus/config.json
2025-10-20 12:01:02,101 - root - INFO - [ConfigManager] JSON文件内容:
2025-10-20 12:01:02,102 - root - INFO -   default_install_dir = ''
2025-10-20 12:01:02,103 - root - INFO -   conda_env_path = ''
2025-10-20 12:01:02,104 - root - DEBUG - 加载设置: auto_update = True
2025-10-20 12:01:02,105 - root - DEBUG - 加载设置: check_tool_status_on_startup = False
2025-10-20 12:01:02,106 - root - DEBUG - 加载设置: show_detailed_install_log = True
2025-10-20 12:01:02,106 - root - DEBUG - 加载设置: language = zh_CN
2025-10-20 12:01:02,107 - root - DEBUG - 加载设置: tool_update = {'update_mode': 'auto', 'check_frequency': 1, 'show_notification': True, 'last_check': None}
2025-10-20 12:01:02,107 - root - DEBUG - 加载设置: default_install_dir = 
2025-10-20 12:01:02,108 - root - INFO - [ConfigManager] 设置 default_install_dir = ''
2025-10-20 12:01:02,109 - root - DEBUG - 加载设置: conda_env_path = 
2025-10-20 12:01:02,109 - root - INFO - [ConfigManager] 设置 conda_env_path = ''
2025-10-20 12:01:02,110 - root - DEBUG - 加载设置: use_mirror_source = True
2025-10-20 12:01:02,111 - root - DEBUG - 加载设置: keep_install_cache = False
2025-10-20 12:01:02,111 - root - DEBUG - 加载设置: favorite_tools = []
2025-10-20 12:01:02,112 - root - INFO - 加载收藏列表: 0 个工具
2025-10-20 12:01:02,112 - root - INFO - 工具数据已从 /home/xi/.bionexus/tools.json 加载成功
2025-10-20 12:01:02,113 - root - INFO - 初始化收藏列表: []
2025-10-20 12:01:02,114 - root - INFO - [ConfigManager] load_all_configs()执行后:
2025-10-20 12:01:02,114 - root - INFO -   default_install_dir = ''
2025-10-20 12:01:02,115 - root - INFO -   conda_env_path = ''
2025-10-20 12:01:02,116 - BioNexus.startup - INFO - 开始启动主应用程序
2025-10-20 12:01:02,129 - BioNexus.errors - ERROR - 错误 - Qt严重错误: This application failed to start because no Qt platform plugin could be initialized. Reinstalling the application may fix this problem.

Available platform plugins are: eglfs, linuxfb, minimal, minimalegl, offscreen, vnc, wayland-egl, wayland, wayland-xcomposite-egl, wayland-xcomposite-glx, webgl, xcb.
 | 上下文: {"type": "FATAL", "context": "<PyQt5.QtCore.QMessageLogContext object at 0x7fdb219c8520>"}
