2025-10-20 12:01:01,356 - INFO - BioNexus 1.2.13 启动 - 会话ID: 20251020_120101
[2025-10-20 12:01:01] 启动阶段 - 日志系统初始化: 成功 - 全面日志系统已启动
2025-10-20 12:01:01,359 - INFO - 启动阶段 - 日志系统初始化: 成功 - 全面日志系统已启动
2025-10-20 12:01:01,393 - INFO - BioNexus 1.2.13 启动初始化
[2025-10-20 12:01:01] 启动阶段 - 基础日志系统: 成功 - 标准logging已配置
2025-10-20 12:01:01,397 - INFO - 启动阶段 - 基础日志系统: 成功 - 标准logging已配置
2025-10-20 12:01:01,398 - INFO - 错误处理器初始化完成
[2025-10-20 12:01:01] 启动阶段 - 错误处理器: 成功 - 全局异常捕获已设置
2025-10-20 12:01:01,402 - INFO - 启动阶段 - 错误处理器: 成功 - 全局异常捕获已设置
[2025-10-20 12:01:01] 模块导入 - ui.main_window.MainWindow: 成功
2025-10-20 12:01:01,907 - INFO - 模块导入 - ui.main_window.MainWindow: 成功
[2025-10-20 12:01:01] 模块导入 - data.config.ConfigManager: 成功
2025-10-20 12:01:01,909 - INFO - 模块导入 - data.config.ConfigManager: 成功
[2025-10-20 12:01:01] 模块导入 - utils.helpers.check_system_requirements: 成功
2025-10-20 12:01:01,911 - INFO - 模块导入 - utils.helpers.check_system_requirements: 成功
[2025-10-20 12:01:01] 模块导入 - utils.unified_logger: 成功
2025-10-20 12:01:01,913 - INFO - 模块导入 - utils.unified_logger: 成功
[2025-10-20 12:01:01] 模块导入 - utils.translator.TranslationManager: 成功
2025-10-20 12:01:01,961 - INFO - 模块导入 - utils.translator.TranslationManager: 成功
[2025-10-20 12:01:01] 启动阶段 - 所有模块导入: 成功 - 核心模块导入完成
2025-10-20 12:01:01,966 - INFO - 启动阶段 - 所有模块导入: 成功 - 核心模块导入完成
2025-10-20 12:01:02,116 - INFO - 开始启动主应用程序
