2025-10-19 21:51:25,320 - BioNexus.operations - INFO - 用户操作: 视图切换 - {"function": "_on_view_changed"}
2025-10-19 21:51:25,508 - BioNexus.operations - INFO - 用户操作: 应用启动 - {"窗口": "已显示"}
2025-10-19 21:51:26,854 - BioNexus.operations - INFO - 用户操作: 视图切换 - {"function": "_on_view_changed"}
2025-10-19 21:51:26,858 - BioNexus.operations - INFO - 视图切换: all-tools → settings - 成功
2025-10-19 21:51:32,948 - BioNexus.operations - INFO - 用户操作: 视图切换 - {"function": "_on_view_changed"}
2025-10-19 21:51:32,951 - BioNexus.operations - INFO - 视图切换: settings → settings - 成功
2025-10-19 21:51:32,963 - BioNexus.operations - INFO - 用户操作: 设置变更 - {"设置项": "auto_update", "新值": "True"}
2025-10-19 21:51:32,966 - BioNexus.operations - INFO - 用户操作: 设置变更 - {"设置项": "auto_update", "新值": "True"}
2025-10-19 21:51:32,970 - BioNexus.operations - INFO - 用户操作: 设置变更 - {"设置项": "check_tool_status_on_startup", "新值": "True"}
2025-10-19 21:51:32,973 - BioNexus.operations - INFO - 用户操作: 设置变更 - {"设置项": "check_tool_status_on_startup", "新值": "True"}
2025-10-19 21:51:32,977 - BioNexus.operations - INFO - 用户操作: 设置变更 - {"设置项": "show_detailed_install_log", "新值": "True"}
2025-10-19 21:51:32,980 - BioNexus.operations - INFO - 用户操作: 设置变更 - {"设置项": "show_detailed_install_log", "新值": "True"}
2025-10-19 21:51:32,983 - BioNexus.operations - INFO - 用户操作: 设置变更 - {"设置项": "tool_update_show_notification", "新值": "True"}
2025-10-19 21:51:32,988 - BioNexus.operations - INFO - 用户操作: 设置变更 - {"设置项": "tool_update_show_notification", "新值": "True"}
2025-10-19 21:51:33,360 - BioNexus.operations - INFO - 用户操作: 视图切换 - {"function": "_on_view_changed"}
2025-10-19 21:51:33,363 - BioNexus.operations - INFO - 视图切换: settings → my-tools - 成功
2025-10-19 21:51:33,688 - BioNexus.operations - INFO - 用户操作: 视图切换 - {"function": "_on_view_changed"}
2025-10-19 21:51:33,691 - BioNexus.operations - INFO - 视图切换: my-tools → all-tools - 成功
2025-10-19 21:51:35,056 - BioNexus.operations - INFO - 用户操作: 视图切换 - {"function": "_on_view_changed"}
2025-10-19 21:51:35,060 - BioNexus.operations - INFO - 视图切换: all-tools → settings - 成功
2025-10-19 21:51:35,564 - BioNexus.operations - INFO - 用户操作: 视图切换 - {"function": "_on_view_changed"}
2025-10-19 21:51:35,567 - BioNexus.operations - INFO - 视图切换: settings → my-tools - 成功
2025-10-19 21:51:36,081 - BioNexus.operations - INFO - 用户操作: 视图切换 - {"function": "_on_view_changed"}
2025-10-19 21:51:36,084 - BioNexus.operations - INFO - 视图切换: my-tools → settings - 成功
2025-10-19 21:51:37,108 - BioNexus.operations - INFO - 用户操作: 应用关闭 - {"关闭方式": "窗口关闭按钮"}
2025-10-19 21:51:37,137 - BioNexus.operations - INFO - 用户操作: 应用关闭 - {"关闭方式": "窗口关闭按钮"}
