2025-10-20 12:42:53,841 - INFO - BioNexus 1.2.13 启动 - 会话ID: 20251020_124253
[2025-10-20 12:42:53] 启动阶段 - 日志系统初始化: 成功 - 全面日志系统已启动
2025-10-20 12:42:53,841 - INFO - 启动阶段 - 日志系统初始化: 成功 - 全面日志系统已启动
2025-10-20 12:42:53,855 - INFO - BioNexus 1.2.13 启动初始化
[2025-10-20 12:42:53] 启动阶段 - 基础日志系统: 成功 - 标准logging已配置
2025-10-20 12:42:53,855 - INFO - 启动阶段 - 基础日志系统: 成功 - 标准logging已配置
2025-10-20 12:42:53,856 - INFO - 错误处理器初始化完成
[2025-10-20 12:42:53] 启动阶段 - 错误处理器: 成功 - 全局异常捕获已设置
2025-10-20 12:42:53,856 - INFO - 启动阶段 - 错误处理器: 成功 - 全局异常捕获已设置
[2025-10-20 12:42:54] 模块导入 - ui.main_window.MainWindow: 成功
2025-10-20 12:42:54,195 - INFO - 模块导入 - ui.main_window.MainWindow: 成功
[2025-10-20 12:42:54] 模块导入 - data.config.ConfigManager: 成功
2025-10-20 12:42:54,195 - INFO - 模块导入 - data.config.ConfigManager: 成功
[2025-10-20 12:42:54] 模块导入 - utils.helpers.check_system_requirements: 成功
2025-10-20 12:42:54,196 - INFO - 模块导入 - utils.helpers.check_system_requirements: 成功
[2025-10-20 12:42:54] 模块导入 - utils.unified_logger: 成功
2025-10-20 12:42:54,196 - INFO - 模块导入 - utils.unified_logger: 成功
[2025-10-20 12:42:54] 模块导入 - utils.translator.TranslationManager: 成功
2025-10-20 12:42:54,240 - INFO - 模块导入 - utils.translator.TranslationManager: 成功
[2025-10-20 12:42:54] 启动阶段 - 所有模块导入: 成功 - 核心模块导入完成
2025-10-20 12:42:54,241 - INFO - 启动阶段 - 所有模块导入: 成功 - 核心模块导入完成
2025-10-20 12:42:54,303 - INFO - 开始启动主应用程序
2025-10-20 12:42:54,350 - INFO - PyQt5应用程序初始化成功
[2025-10-20 12:42:54] 启动阶段 - PyQt5应用程序: 成功 - 初始化成功
2025-10-20 12:42:54,352 - INFO - 启动阶段 - PyQt5应用程序: 成功 - 初始化成功
2025-10-20 12:42:54,353 - WARNING - 翻译系统初始化失败: type object 'TranslationManager' has no attribute 'instance', 将使用默认语言
[2025-10-20 12:42:54] 启动阶段 - 翻译系统: 失败 - 初始化失败: type object 'TranslationManager' has no attribute 'instance', 使用默认语言
2025-10-20 12:42:54,354 - INFO - 启动阶段 - 翻译系统: 失败 - 初始化失败: type object 'TranslationManager' has no attribute 'instance', 使用默认语言
2025-10-20 12:42:57,062 - INFO - BioNexus 1.2.13 启动 - 会话ID: 20251020_124257
2025-10-20 12:42:57,064 - INFO - 启动阶段 - 日志系统初始化: 成功 - 全面日志系统已启动
2025-10-20 12:42:57,066 - INFO - BioNexus 1.2.13 启动初始化
2025-10-20 12:42:57,067 - INFO - 启动阶段 - 基础日志系统: 成功 - 标准logging已配置
2025-10-20 12:42:57,068 - INFO - 错误处理器初始化完成
2025-10-20 12:42:57,069 - INFO - 启动阶段 - 错误处理器: 成功 - 全局异常捕获已设置
2025-10-20 12:42:57,072 - INFO - 模块导入 - ui.main_window.MainWindow: 成功
2025-10-20 12:42:57,074 - INFO - 模块导入 - data.config.ConfigManager: 成功
2025-10-20 12:42:57,075 - INFO - 模块导入 - utils.helpers.check_system_requirements: 成功
2025-10-20 12:42:57,076 - INFO - 模块导入 - utils.unified_logger: 成功
2025-10-20 12:42:57,077 - INFO - 模块导入 - utils.translator.TranslationManager: 成功
2025-10-20 12:42:57,079 - INFO - 启动阶段 - 所有模块导入: 成功 - 核心模块导入完成
