2025-10-21 14:17:04,842 - INFO - BioNexus 1.2.13 启动 - 会话ID: 20251021_141704
[2025-10-21 14:17:04] 启动阶段 - 日志系统初始化: 成功 - 全面日志系统已启动
2025-10-21 14:17:04,843 - INFO - 启动阶段 - 日志系统初始化: 成功 - 全面日志系统已启动
2025-10-21 14:17:04,844 - INFO - BioNexus 1.2.13 启动初始化
[2025-10-21 14:17:04] 启动阶段 - 基础日志系统: 成功 - 标准logging已配置
2025-10-21 14:17:04,845 - INFO - 启动阶段 - 基础日志系统: 成功 - 标准logging已配置
2025-10-21 14:17:04,845 - INFO - 错误处理器初始化完成
[2025-10-21 14:17:04] 启动阶段 - 错误处理器: 成功 - 全局异常捕获已设置
2025-10-21 14:17:04,845 - INFO - 启动阶段 - 错误处理器: 成功 - 全局异常捕获已设置
[2025-10-21 14:17:04] 模块导入 - ui.main_window.MainWindow: 成功
2025-10-21 14:17:04,883 - INFO - 模块导入 - ui.main_window.MainWindow: 成功
[2025-10-21 14:17:04] 模块导入 - data.config.ConfigManager: 成功
2025-10-21 14:17:04,884 - INFO - 模块导入 - data.config.ConfigManager: 成功
[2025-10-21 14:17:04] 模块导入 - utils.helpers.check_system_requirements: 成功
2025-10-21 14:17:04,884 - INFO - 模块导入 - utils.helpers.check_system_requirements: 成功
[2025-10-21 14:17:04] 模块导入 - utils.unified_logger: 成功
2025-10-21 14:17:04,884 - INFO - 模块导入 - utils.unified_logger: 成功
[2025-10-21 14:17:04] 模块导入 - utils.translator.TranslationManager: 成功
2025-10-21 14:17:04,903 - INFO - 模块导入 - utils.translator.TranslationManager: 成功
[2025-10-21 14:17:04] 启动阶段 - 所有模块导入: 成功 - 核心模块导入完成
2025-10-21 14:17:04,903 - INFO - 启动阶段 - 所有模块导入: 成功 - 核心模块导入完成
2025-10-21 14:17:04,927 - INFO - 开始启动主应用程序
2025-10-21 14:17:04,943 - WARNING - QComboBox滚轮过滤器安装失败: No module named 'utils.qt_wheel_guard'
2025-10-21 14:17:04,943 - INFO - PyQt5应用程序初始化成功
[2025-10-21 14:17:04] 启动阶段 - PyQt5应用程序: 成功 - 初始化成功
2025-10-21 14:17:04,943 - INFO - 启动阶段 - PyQt5应用程序: 成功 - 初始化成功
2025-10-21 14:17:04,943 - WARNING - 翻译系统初始化失败: type object 'TranslationManager' has no attribute 'instance', 将使用默认语言
[2025-10-21 14:17:04] 启动阶段 - 翻译系统: 失败 - 初始化失败: type object 'TranslationManager' has no attribute 'instance', 使用默认语言
2025-10-21 14:17:04,944 - INFO - 启动阶段 - 翻译系统: 失败 - 初始化失败: type object 'TranslationManager' has no attribute 'instance', 使用默认语言
2025-10-21 14:17:06,157 - INFO - BioNexus 1.2.13 启动 - 会话ID: 20251021_141706
2025-10-21 14:17:06,158 - INFO - 启动阶段 - 日志系统初始化: 成功 - 全面日志系统已启动
2025-10-21 14:17:06,158 - INFO - BioNexus 1.2.13 启动初始化
2025-10-21 14:17:06,159 - INFO - 启动阶段 - 基础日志系统: 成功 - 标准logging已配置
2025-10-21 14:17:06,159 - INFO - 错误处理器初始化完成
2025-10-21 14:17:06,159 - INFO - 启动阶段 - 错误处理器: 成功 - 全局异常捕获已设置
2025-10-21 14:17:06,160 - INFO - 模块导入 - ui.main_window.MainWindow: 成功
2025-10-21 14:17:06,160 - INFO - 模块导入 - data.config.ConfigManager: 成功
2025-10-21 14:17:06,160 - INFO - 模块导入 - utils.helpers.check_system_requirements: 成功
2025-10-21 14:17:06,161 - INFO - 模块导入 - utils.unified_logger: 成功
2025-10-21 14:17:06,161 - INFO - 模块导入 - utils.translator.TranslationManager: 成功
2025-10-21 14:17:06,161 - INFO - 启动阶段 - 所有模块导入: 成功 - 核心模块导入完成
