2025-10-18 01:16:02,576 - INFO - BioNexus 1.2.13 启动 - 会话ID: 20251018_011602
[2025-10-18 01:16:02] 启动阶段 - 日志系统初始化: 成功 - 全面日志系统已启动
2025-10-18 01:16:02,577 - INFO - 启动阶段 - 日志系统初始化: 成功 - 全面日志系统已启动
2025-10-18 01:16:02,578 - INFO - BioNexus 1.2.13 启动初始化
[2025-10-18 01:16:02] 启动阶段 - 基础日志系统: 成功 - 标准logging已配置
2025-10-18 01:16:02,579 - INFO - 启动阶段 - 基础日志系统: 成功 - 标准logging已配置
2025-10-18 01:16:02,579 - INFO - 错误处理器初始化完成
[2025-10-18 01:16:02] 启动阶段 - 错误处理器: 成功 - 全局异常捕获已设置
2025-10-18 01:16:02,579 - INFO - 启动阶段 - 错误处理器: 成功 - 全局异常捕获已设置
[2025-10-18 01:16:02] 模块导入 - ui.main_window.MainWindow: 失败 - No module named 'envs.manager'
2025-10-18 01:16:02,617 - ERROR - 模块导入 - ui.main_window.MainWindow: 失败 - No module named 'envs.manager'
[2025-10-18 01:16:02] 启动阶段 - 模块导入: 失败 - 失败: 错误: 无法导入应用模块: No module named 'envs.manager'
2025-10-18 01:16:02,620 - INFO - 启动阶段 - 模块导入: 失败 - 失败: 错误: 无法导入应用模块: No module named 'envs.manager'
2025-10-18 01:16:02,620 - ERROR - 错误: 无法导入应用模块: No module named 'envs.manager'
2025-10-18 01:16:02,621 - ERROR - 详细堆栈: Traceback (most recent call last):
  File "C:\Users\15052\Desktop\BioNexus\BioNexus_1.2.17\main.py", line 151, in <module>
    from ui.main_window import MainWindow
  File "C:\Users\15052\Desktop\BioNexus\BioNexus_1.2.17\ui\main_window.py", line 38, in <module>
    from envs.manager import EnvironmentManager
ModuleNotFoundError: No module named 'envs.manager'

