2025-10-19 21:03:18,973 - INFO - BioNexus 1.2.13 启动 - 会话ID: 20251019_210318
[2025-10-19 21:03:18] 启动阶段 - 日志系统初始化: 成功 - 全面日志系统已启动
2025-10-19 21:03:18,974 - INFO - 启动阶段 - 日志系统初始化: 成功 - 全面日志系统已启动
2025-10-19 21:03:18,976 - INFO - BioNexus 1.2.13 启动初始化
[2025-10-19 21:03:18] 启动阶段 - 基础日志系统: 成功 - 标准logging已配置
2025-10-19 21:03:18,976 - INFO - 启动阶段 - 基础日志系统: 成功 - 标准logging已配置
2025-10-19 21:03:18,976 - INFO - 错误处理器初始化完成
[2025-10-19 21:03:18] 启动阶段 - 错误处理器: 成功 - 全局异常捕获已设置
2025-10-19 21:03:18,976 - INFO - 启动阶段 - 错误处理器: 成功 - 全局异常捕获已设置
[2025-10-19 21:03:19] 模块导入 - ui.main_window.MainWindow: 成功
2025-10-19 21:03:19,014 - INFO - 模块导入 - ui.main_window.MainWindow: 成功
[2025-10-19 21:03:19] 模块导入 - data.config.ConfigManager: 成功
2025-10-19 21:03:19,015 - INFO - 模块导入 - data.config.ConfigManager: 成功
[2025-10-19 21:03:19] 模块导入 - utils.helpers.check_system_requirements: 成功
2025-10-19 21:03:19,015 - INFO - 模块导入 - utils.helpers.check_system_requirements: 成功
[2025-10-19 21:03:19] 模块导入 - utils.unified_logger: 成功
2025-10-19 21:03:19,015 - INFO - 模块导入 - utils.unified_logger: 成功
[2025-10-19 21:03:19] 模块导入 - utils.translator.TranslationManager: 成功
2025-10-19 21:03:19,016 - INFO - 模块导入 - utils.translator.TranslationManager: 成功
[2025-10-19 21:03:19] 启动阶段 - 所有模块导入: 成功 - 核心模块导入完成
2025-10-19 21:03:19,017 - INFO - 启动阶段 - 所有模块导入: 成功 - 核心模块导入完成
2025-10-19 21:03:19,036 - INFO - 开始启动主应用程序
2025-10-19 21:03:19,049 - INFO - PyQt5应用程序初始化成功
[2025-10-19 21:03:19] 启动阶段 - PyQt5应用程序: 成功 - 初始化成功
2025-10-19 21:03:19,050 - INFO - 启动阶段 - PyQt5应用程序: 成功 - 初始化成功
2025-10-19 21:03:19,050 - WARNING - 翻译系统初始化失败: super-class __init__() of type TranslationManager was never called, 将使用默认语言
[2025-10-19 21:03:19] 启动阶段 - 翻译系统: 失败 - 初始化失败: super-class __init__() of type TranslationManager was never called, 使用默认语言
2025-10-19 21:03:19,050 - INFO - 启动阶段 - 翻译系统: 失败 - 初始化失败: super-class __init__() of type TranslationManager was never called, 使用默认语言
2025-10-19 21:03:20,356 - INFO - BioNexus 1.2.13 启动 - 会话ID: 20251019_210320
2025-10-19 21:03:20,356 - INFO - 启动阶段 - 日志系统初始化: 成功 - 全面日志系统已启动
2025-10-19 21:03:20,357 - INFO - BioNexus 1.2.13 启动初始化
2025-10-19 21:03:20,357 - INFO - 启动阶段 - 基础日志系统: 成功 - 标准logging已配置
2025-10-19 21:03:20,358 - INFO - 错误处理器初始化完成
2025-10-19 21:03:20,358 - INFO - 启动阶段 - 错误处理器: 成功 - 全局异常捕获已设置
2025-10-19 21:03:20,359 - INFO - 模块导入 - ui.main_window.MainWindow: 成功
2025-10-19 21:03:20,360 - INFO - 模块导入 - data.config.ConfigManager: 成功
2025-10-19 21:03:20,360 - INFO - 模块导入 - utils.helpers.check_system_requirements: 成功
2025-10-19 21:03:20,361 - INFO - 模块导入 - utils.unified_logger: 成功
2025-10-19 21:03:20,361 - INFO - 模块导入 - utils.translator.TranslationManager: 成功
2025-10-19 21:03:20,362 - INFO - 启动阶段 - 所有模块导入: 成功 - 核心模块导入完成
