2025-10-20 10:36:10,919 - BioNexus.operations - INFO - 用户操作: 视图切换 - {"function": "_on_view_changed"}
2025-10-20 10:36:11,664 - BioNexus.operations - INFO - 用户操作: 应用启动 - {"窗口": "已显示"}
2025-10-20 10:36:13,329 - BioNexus.operations - INFO - 用户操作: 视图切换 - {"function": "_on_view_changed"}
2025-10-20 10:36:13,334 - BioNexus.operations - INFO - 视图切换: all-tools → settings - 成功
2025-10-20 10:36:14,244 - BioNexus.operations - INFO - 用户操作: 视图切换 - {"function": "_on_view_changed"}
2025-10-20 10:36:14,250 - BioNexus.operations - INFO - 视图切换: settings → my-tools - 成功
2025-10-20 10:36:15,076 - BioNexus.operations - INFO - 用户操作: 视图切换 - {"function": "_on_view_changed"}
2025-10-20 10:36:15,085 - BioNexus.operations - INFO - 视图切换: my-tools → all-tools - 成功
2025-10-20 10:36:15,675 - BioNexus.operations - INFO - 用户操作: 视图切换 - {"function": "_on_view_changed"}
2025-10-20 10:36:15,685 - BioNexus.operations - INFO - 视图切换: all-tools → settings - 成功
2025-10-20 10:36:25,102 - BioNexus.operations - INFO - 用户操作: 视图切换 - {"function": "_on_view_changed"}
2025-10-20 10:36:25,112 - BioNexus.operations - INFO - 视图切换: settings → my-tools - 成功
2025-10-20 10:36:25,647 - BioNexus.operations - INFO - 用户操作: 视图切换 - {"function": "_on_view_changed"}
2025-10-20 10:36:25,657 - BioNexus.operations - INFO - 视图切换: my-tools → settings - 成功
2025-10-20 10:36:25,667 - BioNexus.operations - INFO - 用户操作: 设置变更 - {"设置项": "auto_update", "新值": "True"}
2025-10-20 10:36:25,688 - BioNexus.operations - INFO - 用户操作: 设置变更 - {"设置项": "auto_update", "新值": "True"}
2025-10-20 10:36:25,700 - BioNexus.operations - INFO - 用户操作: 设置变更 - {"设置项": "check_tool_status_on_startup", "新值": "True"}
2025-10-20 10:36:25,708 - BioNexus.operations - INFO - 用户操作: 设置变更 - {"设置项": "check_tool_status_on_startup", "新值": "True"}
2025-10-20 10:36:25,720 - BioNexus.operations - INFO - 用户操作: 设置变更 - {"设置项": "show_detailed_install_log", "新值": "True"}
2025-10-20 10:36:25,728 - BioNexus.operations - INFO - 用户操作: 设置变更 - {"设置项": "show_detailed_install_log", "新值": "True"}
2025-10-20 10:36:25,734 - BioNexus.operations - INFO - 用户操作: 设置变更 - {"设置项": "tool_update_show_notification", "新值": "True"}
2025-10-20 10:36:25,741 - BioNexus.operations - INFO - 用户操作: 设置变更 - {"设置项": "tool_update_show_notification", "新值": "True"}
2025-10-20 10:36:27,402 - BioNexus.operations - INFO - 用户操作: 视图切换 - {"function": "_on_view_changed"}
2025-10-20 10:36:27,411 - BioNexus.operations - INFO - 视图切换: settings → all-tools - 成功
2025-10-20 10:36:28,554 - BioNexus.operations - INFO - 用户操作: 视图切换 - {"function": "_on_view_changed"}
2025-10-20 10:36:28,564 - BioNexus.operations - INFO - 视图切换: all-tools → settings - 成功
2025-10-20 10:36:30,168 - BioNexus.operations - INFO - 用户操作: 应用关闭 - {"关闭方式": "窗口关闭按钮"}
2025-10-20 10:36:30,294 - BioNexus.operations - INFO - 用户操作: 应用关闭 - {"关闭方式": "窗口关闭按钮"}
