2025-10-20 10:36:03,516 - INFO - BioNexus 1.2.13 启动 - 会话ID: 20251020_103603
[2025-10-20 10:36:03] 启动阶段 - 日志系统初始化: 成功 - 全面日志系统已启动
2025-10-20 10:36:03,516 - INFO - 启动阶段 - 日志系统初始化: 成功 - 全面日志系统已启动
2025-10-20 10:36:03,530 - INFO - BioNexus 1.2.13 启动初始化
[2025-10-20 10:36:03] 启动阶段 - 基础日志系统: 成功 - 标准logging已配置
2025-10-20 10:36:03,531 - INFO - 启动阶段 - 基础日志系统: 成功 - 标准logging已配置
2025-10-20 10:36:03,531 - INFO - 错误处理器初始化完成
[2025-10-20 10:36:03] 启动阶段 - 错误处理器: 成功 - 全局异常捕获已设置
2025-10-20 10:36:03,532 - INFO - 启动阶段 - 错误处理器: 成功 - 全局异常捕获已设置
[2025-10-20 10:36:03] 模块导入 - ui.main_window.MainWindow: 成功
2025-10-20 10:36:03,901 - INFO - 模块导入 - ui.main_window.MainWindow: 成功
[2025-10-20 10:36:03] 模块导入 - data.config.ConfigManager: 成功
2025-10-20 10:36:03,902 - INFO - 模块导入 - data.config.ConfigManager: 成功
[2025-10-20 10:36:03] 模块导入 - utils.helpers.check_system_requirements: 成功
2025-10-20 10:36:03,903 - INFO - 模块导入 - utils.helpers.check_system_requirements: 成功
[2025-10-20 10:36:03] 模块导入 - utils.unified_logger: 成功
2025-10-20 10:36:03,904 - INFO - 模块导入 - utils.unified_logger: 成功
[2025-10-20 10:36:03] 模块导入 - utils.translator.TranslationManager: 成功
2025-10-20 10:36:03,954 - INFO - 模块导入 - utils.translator.TranslationManager: 成功
[2025-10-20 10:36:03] 启动阶段 - 所有模块导入: 成功 - 核心模块导入完成
2025-10-20 10:36:03,955 - INFO - 启动阶段 - 所有模块导入: 成功 - 核心模块导入完成
2025-10-20 10:36:04,013 - INFO - 开始启动主应用程序
2025-10-20 10:36:04,056 - INFO - PyQt5应用程序初始化成功
[2025-10-20 10:36:04] 启动阶段 - PyQt5应用程序: 成功 - 初始化成功
2025-10-20 10:36:04,058 - INFO - 启动阶段 - PyQt5应用程序: 成功 - 初始化成功
2025-10-20 10:36:04,059 - WARNING - 翻译系统初始化失败: type object 'TranslationManager' has no attribute 'instance', 将使用默认语言
[2025-10-20 10:36:04] 启动阶段 - 翻译系统: 失败 - 初始化失败: type object 'TranslationManager' has no attribute 'instance', 使用默认语言
2025-10-20 10:36:04,060 - INFO - 启动阶段 - 翻译系统: 失败 - 初始化失败: type object 'TranslationManager' has no attribute 'instance', 使用默认语言
2025-10-20 10:36:06,520 - INFO - BioNexus 1.2.13 启动 - 会话ID: 20251020_103606
2025-10-20 10:36:06,521 - INFO - 启动阶段 - 日志系统初始化: 成功 - 全面日志系统已启动
2025-10-20 10:36:06,524 - INFO - BioNexus 1.2.13 启动初始化
2025-10-20 10:36:06,525 - INFO - 启动阶段 - 基础日志系统: 成功 - 标准logging已配置
2025-10-20 10:36:06,526 - INFO - 错误处理器初始化完成
2025-10-20 10:36:06,527 - INFO - 启动阶段 - 错误处理器: 成功 - 全局异常捕获已设置
2025-10-20 10:36:06,530 - INFO - 模块导入 - ui.main_window.MainWindow: 成功
2025-10-20 10:36:06,531 - INFO - 模块导入 - data.config.ConfigManager: 成功
2025-10-20 10:36:06,532 - INFO - 模块导入 - utils.helpers.check_system_requirements: 成功
2025-10-20 10:36:06,533 - INFO - 模块导入 - utils.unified_logger: 成功
2025-10-20 10:36:06,534 - INFO - 模块导入 - utils.translator.TranslationManager: 成功
2025-10-20 10:36:06,535 - INFO - 启动阶段 - 所有模块导入: 成功 - 核心模块导入完成
