2025-10-21 16:19:38,572 - INFO - BioNexus 1.2.13 启动 - 会话ID: 20251021_161938
[2025-10-21 16:19:38] 启动阶段 - 日志系统初始化: 成功 - 全面日志系统已启动
2025-10-21 16:19:38,573 - INFO - 启动阶段 - 日志系统初始化: 成功 - 全面日志系统已启动
2025-10-21 16:19:38,579 - INFO - BioNexus 1.2.13 启动初始化
[2025-10-21 16:19:38] 启动阶段 - 基础日志系统: 成功 - 标准logging已配置
2025-10-21 16:19:38,580 - INFO - 启动阶段 - 基础日志系统: 成功 - 标准logging已配置
2025-10-21 16:19:38,581 - INFO - 错误处理器初始化完成
[2025-10-21 16:19:38] 启动阶段 - 错误处理器: 成功 - 全局异常捕获已设置
2025-10-21 16:19:38,582 - INFO - 启动阶段 - 错误处理器: 成功 - 全局异常捕获已设置
[2025-10-21 16:19:38] 模块导入 - ui.main_window.MainWindow: 失败 - No module named 'utils.tool_localization'
2025-10-21 16:19:38,721 - ERROR - 模块导入 - ui.main_window.MainWindow: 失败 - No module named 'utils.tool_localization'
[2025-10-21 16:19:38] 启动阶段 - 模块导入: 失败 - 失败: 错误: 无法导入应用模块: No module named 'utils.tool_localization'
2025-10-21 16:19:38,734 - INFO - 启动阶段 - 模块导入: 失败 - 失败: 错误: 无法导入应用模块: No module named 'utils.tool_localization'
2025-10-21 16:19:38,734 - ERROR - 错误: 无法导入应用模块: No module named 'utils.tool_localization'
2025-10-21 16:19:38,736 - ERROR - 详细堆栈: Traceback (most recent call last):
  File "C:\Users\15052\Desktop\BioNexus\BioNexus_1.2.23\main.py", line 151, in <module>
    from ui.main_window import MainWindow
  File "C:\Users\15052\Desktop\BioNexus\BioNexus_1.2.23\ui\main_window.py", line 38, in <module>
    from core.tool_manager import ToolManager
  File "C:\Users\15052\Desktop\BioNexus\BioNexus_1.2.23\core\tool_manager.py", line 17, in <module>
    from utils.tool_localization import get_localized_tool_description
ModuleNotFoundError: No module named 'utils.tool_localization'

