2025-10-20 12:59:40,952 - BioNexus.operations - INFO - 用户操作: 视图切换 - {"function": "_on_view_changed"}
2025-10-20 12:59:41,705 - BioNexus.operations - INFO - 用户操作: 应用启动 - {"窗口": "已显示"}
2025-10-20 12:59:43,851 - BioNexus.operations - INFO - 用户操作: 视图切换 - {"function": "_on_view_changed"}
2025-10-20 12:59:43,860 - BioNexus.operations - INFO - 视图切换: all-tools → settings - 成功
2025-10-20 13:00:01,288 - BioNexus.operations - INFO - 用户操作: 视图切换 - {"function": "_on_view_changed"}
2025-10-20 13:00:01,297 - BioNexus.operations - INFO - 视图切换: settings → my-tools - 成功
2025-10-20 13:00:01,947 - BioNexus.operations - INFO - 用户操作: 视图切换 - {"function": "_on_view_changed"}
2025-10-20 13:00:01,957 - BioNexus.operations - INFO - 视图切换: my-tools → all-tools - 成功
2025-10-20 13:00:05,132 - BioNexus.operations - INFO - 用户操作: 查看工具详情 - {"工具名": "HISAT2"}
2025-10-20 13:00:06,994 - BioNexus.operations - INFO - 用户操作: 视图切换 - {"function": "_on_view_changed"}
2025-10-20 13:00:07,005 - BioNexus.operations - INFO - 视图切换: all-tools → settings - 成功
2025-10-20 13:00:07,031 - BioNexus.operations - INFO - 用户操作: 设置变更 - {"设置项": "auto_update", "新值": "True"}
2025-10-20 13:00:07,040 - BioNexus.operations - INFO - 用户操作: 设置变更 - {"设置项": "auto_update", "新值": "True"}
2025-10-20 13:00:07,050 - BioNexus.operations - INFO - 用户操作: 设置变更 - {"设置项": "check_tool_status_on_startup", "新值": "True"}
2025-10-20 13:00:07,058 - BioNexus.operations - INFO - 用户操作: 设置变更 - {"设置项": "check_tool_status_on_startup", "新值": "True"}
2025-10-20 13:00:07,068 - BioNexus.operations - INFO - 用户操作: 设置变更 - {"设置项": "show_detailed_install_log", "新值": "True"}
2025-10-20 13:00:07,077 - BioNexus.operations - INFO - 用户操作: 设置变更 - {"设置项": "show_detailed_install_log", "新值": "True"}
2025-10-20 13:00:07,093 - BioNexus.operations - INFO - 用户操作: 设置变更 - {"设置项": "tool_update_show_notification", "新值": "True"}
2025-10-20 13:00:07,101 - BioNexus.operations - INFO - 用户操作: 设置变更 - {"设置项": "tool_update_show_notification", "新值": "True"}
2025-10-20 13:00:35,169 - BioNexus.operations - INFO - 用户操作: 应用关闭 - {"关闭方式": "窗口关闭按钮"}
2025-10-20 13:00:35,295 - BioNexus.operations - INFO - 用户操作: 应用关闭 - {"关闭方式": "窗口关闭按钮"}
