2025-10-20 12:59:33,242 - INFO - BioNexus 1.2.13 启动 - 会话ID: 20251020_125933
[2025-10-20 12:59:33] 启动阶段 - 日志系统初始化: 成功 - 全面日志系统已启动
2025-10-20 12:59:33,243 - INFO - 启动阶段 - 日志系统初始化: 成功 - 全面日志系统已启动
2025-10-20 12:59:33,267 - INFO - BioNexus 1.2.13 启动初始化
[2025-10-20 12:59:33] 启动阶段 - 基础日志系统: 成功 - 标准logging已配置
2025-10-20 12:59:33,268 - INFO - 启动阶段 - 基础日志系统: 成功 - 标准logging已配置
2025-10-20 12:59:33,268 - INFO - 错误处理器初始化完成
[2025-10-20 12:59:33] 启动阶段 - 错误处理器: 成功 - 全局异常捕获已设置
2025-10-20 12:59:33,269 - INFO - 启动阶段 - 错误处理器: 成功 - 全局异常捕获已设置
[2025-10-20 12:59:33] 模块导入 - ui.main_window.MainWindow: 成功
2025-10-20 12:59:33,534 - INFO - 模块导入 - ui.main_window.MainWindow: 成功
[2025-10-20 12:59:33] 模块导入 - data.config.ConfigManager: 成功
2025-10-20 12:59:33,535 - INFO - 模块导入 - data.config.ConfigManager: 成功
[2025-10-20 12:59:33] 模块导入 - utils.helpers.check_system_requirements: 成功
2025-10-20 12:59:33,535 - INFO - 模块导入 - utils.helpers.check_system_requirements: 成功
[2025-10-20 12:59:33] 模块导入 - utils.unified_logger: 成功
2025-10-20 12:59:33,535 - INFO - 模块导入 - utils.unified_logger: 成功
[2025-10-20 12:59:33] 模块导入 - utils.translator.TranslationManager: 成功
2025-10-20 12:59:33,573 - INFO - 模块导入 - utils.translator.TranslationManager: 成功
[2025-10-20 12:59:33] 启动阶段 - 所有模块导入: 成功 - 核心模块导入完成
2025-10-20 12:59:33,574 - INFO - 启动阶段 - 所有模块导入: 成功 - 核心模块导入完成
2025-10-20 12:59:33,644 - INFO - 开始启动主应用程序
2025-10-20 12:59:33,670 - INFO - PyQt5应用程序初始化成功
[2025-10-20 12:59:33] 启动阶段 - PyQt5应用程序: 成功 - 初始化成功
2025-10-20 12:59:33,671 - INFO - 启动阶段 - PyQt5应用程序: 成功 - 初始化成功
2025-10-20 12:59:33,672 - WARNING - 翻译系统初始化失败: type object 'TranslationManager' has no attribute 'instance', 将使用默认语言
[2025-10-20 12:59:33] 启动阶段 - 翻译系统: 失败 - 初始化失败: type object 'TranslationManager' has no attribute 'instance', 使用默认语言
2025-10-20 12:59:33,673 - INFO - 启动阶段 - 翻译系统: 失败 - 初始化失败: type object 'TranslationManager' has no attribute 'instance', 使用默认语言
2025-10-20 12:59:36,301 - INFO - BioNexus 1.2.13 启动 - 会话ID: 20251020_125936
2025-10-20 12:59:36,303 - INFO - 启动阶段 - 日志系统初始化: 成功 - 全面日志系统已启动
2025-10-20 12:59:36,307 - INFO - BioNexus 1.2.13 启动初始化
2025-10-20 12:59:36,308 - INFO - 启动阶段 - 基础日志系统: 成功 - 标准logging已配置
2025-10-20 12:59:36,309 - INFO - 错误处理器初始化完成
2025-10-20 12:59:36,311 - INFO - 启动阶段 - 错误处理器: 成功 - 全局异常捕获已设置
2025-10-20 12:59:36,316 - INFO - 模块导入 - ui.main_window.MainWindow: 成功
2025-10-20 12:59:36,317 - INFO - 模块导入 - data.config.ConfigManager: 成功
2025-10-20 12:59:36,319 - INFO - 模块导入 - utils.helpers.check_system_requirements: 成功
2025-10-20 12:59:36,321 - INFO - 模块导入 - utils.unified_logger: 成功
2025-10-20 12:59:36,323 - INFO - 模块导入 - utils.translator.TranslationManager: 成功
2025-10-20 12:59:36,326 - INFO - 启动阶段 - 所有模块导入: 成功 - 核心模块导入完成
