2025-10-19 02:32:34,506 - root - INFO - 加载配置文件: C:\Users\15052\.bionexus\config.json
2025-10-19 02:32:34,507 - root - DEBUG - 加载设置: auto_update = True
2025-10-19 02:32:34,507 - root - DEBUG - 加载设置: check_tool_status_on_startup = True
2025-10-19 02:32:34,507 - root - DEBUG - 加载设置: show_detailed_install_log = True
2025-10-19 02:32:34,507 - root - DEBUG - 加载设置: language = zh_CN
2025-10-19 02:32:34,507 - root - DEBUG - 加载设置: tool_update = {'update_mode': 'manual', 'check_frequency': 1, 'show_notification': True, 'last_check': None}
2025-10-19 02:32:34,507 - root - DEBUG - 加载设置: default_install_dir = C:\Users\15052\Desktop\BioNexus\BioNexus_1.2.2\installed_tools
2025-10-19 02:32:34,507 - root - DEBUG - 加载设置: conda_env_path = C:\Users\15052\Desktop\BioNexus\BioNexus_1.2.2\envs_cache
2025-10-19 02:32:34,507 - root - DEBUG - 加载设置: use_mirror_source = False
2025-10-19 02:32:34,507 - root - DEBUG - 加载设置: keep_install_cache = False
2025-10-19 02:32:34,507 - root - DEBUG - 加载设置: favorite_tools = []
2025-10-19 02:32:34,507 - root - INFO - 加载收藏列表: 0 个工具
2025-10-19 02:32:34,508 - root - INFO - 工具数据已从 C:\Users\15052\.bionexus\tools.json 加载成功
2025-10-19 02:32:34,509 - root - INFO - 初始化收藏列表: []
2025-10-19 02:32:34,504 - BioNexus.runtime - INFO - === BioNexus 1.1.12 启动 ===
2025-10-19 02:32:34,510 - root - INFO - 加载配置文件: C:\Users\15052\.bionexus\config.json
2025-10-19 02:32:34,510 - root - DEBUG - 加载设置: auto_update = True
2025-10-19 02:32:34,510 - root - DEBUG - 加载设置: check_tool_status_on_startup = True
2025-10-19 02:32:34,510 - root - DEBUG - 加载设置: show_detailed_install_log = True
2025-10-19 02:32:34,510 - root - DEBUG - 加载设置: language = zh_CN
2025-10-19 02:32:34,510 - root - DEBUG - 加载设置: tool_update = {'update_mode': 'manual', 'check_frequency': 1, 'show_notification': True, 'last_check': None}
2025-10-19 02:32:34,510 - root - DEBUG - 加载设置: default_install_dir = C:\Users\15052\Desktop\BioNexus\BioNexus_1.2.2\installed_tools
2025-10-19 02:32:34,510 - root - DEBUG - 加载设置: conda_env_path = C:\Users\15052\Desktop\BioNexus\BioNexus_1.2.2\envs_cache
2025-10-19 02:32:34,511 - root - DEBUG - 加载设置: use_mirror_source = False
2025-10-19 02:32:34,511 - root - DEBUG - 加载设置: keep_install_cache = False
2025-10-19 02:32:34,511 - root - DEBUG - 加载设置: favorite_tools = []
2025-10-19 02:32:34,511 - root - INFO - 加载收藏列表: 0 个工具
2025-10-19 02:32:34,511 - root - INFO - 工具数据已从 C:\Users\15052\.bionexus\tools.json 加载成功
2025-10-19 02:32:34,511 - root - INFO - 初始化收藏列表: []
2025-10-19 02:32:34,510 - BioNexus.runtime - INFO - 会话ID: 20251019_023234
2025-10-19 02:32:34,512 - root - INFO - 加载配置文件: C:\Users\15052\.bionexus\config.json
2025-10-19 02:32:34,512 - root - DEBUG - 加载设置: auto_update = True
2025-10-19 02:32:34,512 - root - DEBUG - 加载设置: check_tool_status_on_startup = True
2025-10-19 02:32:34,512 - root - DEBUG - 加载设置: show_detailed_install_log = True
2025-10-19 02:32:34,512 - root - DEBUG - 加载设置: language = zh_CN
2025-10-19 02:32:34,512 - root - DEBUG - 加载设置: tool_update = {'update_mode': 'manual', 'check_frequency': 1, 'show_notification': True, 'last_check': None}
2025-10-19 02:32:34,512 - root - DEBUG - 加载设置: default_install_dir = C:\Users\15052\Desktop\BioNexus\BioNexus_1.2.2\installed_tools
2025-10-19 02:32:34,512 - root - DEBUG - 加载设置: conda_env_path = C:\Users\15052\Desktop\BioNexus\BioNexus_1.2.2\envs_cache
2025-10-19 02:32:34,512 - root - DEBUG - 加载设置: use_mirror_source = False
2025-10-19 02:32:34,512 - root - DEBUG - 加载设置: keep_install_cache = False
2025-10-19 02:32:34,512 - root - DEBUG - 加载设置: favorite_tools = []
2025-10-19 02:32:34,512 - root - INFO - 加载收藏列表: 0 个工具
2025-10-19 02:32:34,513 - root - INFO - 工具数据已从 C:\Users\15052\.bionexus\tools.json 加载成功
2025-10-19 02:32:34,513 - root - INFO - 初始化收藏列表: []
2025-10-19 02:32:34,512 - BioNexus.runtime - INFO - 日志目录: C:\Users\15052\Desktop\BioNexus\BioNexus_1.2.18\logs\2025-10-19\session_20251019_023234
2025-10-19 02:32:34,514 - root - INFO - 加载配置文件: C:\Users\15052\.bionexus\config.json
2025-10-19 02:32:34,514 - root - DEBUG - 加载设置: auto_update = True
2025-10-19 02:32:34,514 - root - DEBUG - 加载设置: check_tool_status_on_startup = True
2025-10-19 02:32:34,514 - root - DEBUG - 加载设置: show_detailed_install_log = True
2025-10-19 02:32:34,514 - root - DEBUG - 加载设置: language = zh_CN
2025-10-19 02:32:34,514 - root - DEBUG - 加载设置: tool_update = {'update_mode': 'manual', 'check_frequency': 1, 'show_notification': True, 'last_check': None}
2025-10-19 02:32:34,514 - root - DEBUG - 加载设置: default_install_dir = C:\Users\15052\Desktop\BioNexus\BioNexus_1.2.2\installed_tools
2025-10-19 02:32:34,514 - root - DEBUG - 加载设置: conda_env_path = C:\Users\15052\Desktop\BioNexus\BioNexus_1.2.2\envs_cache
2025-10-19 02:32:34,514 - root - DEBUG - 加载设置: use_mirror_source = False
2025-10-19 02:32:34,514 - root - DEBUG - 加载设置: keep_install_cache = False
2025-10-19 02:32:34,514 - root - DEBUG - 加载设置: favorite_tools = []
2025-10-19 02:32:34,514 - root - INFO - 加载收藏列表: 0 个工具
2025-10-19 02:32:34,514 - root - INFO - 工具数据已从 C:\Users\15052\.bionexus\tools.json 加载成功
2025-10-19 02:32:34,515 - root - INFO - 初始化收藏列表: []
2025-10-19 02:32:34,513 - BioNexus.runtime - INFO - BioNexus版本: 1.2.13
2025-10-19 02:32:34,534 - root - INFO - 加载配置文件: C:\Users\15052\.bionexus\config.json
2025-10-19 02:32:34,534 - root - DEBUG - 加载设置: auto_update = True
2025-10-19 02:32:34,534 - root - DEBUG - 加载设置: check_tool_status_on_startup = True
2025-10-19 02:32:34,534 - root - DEBUG - 加载设置: show_detailed_install_log = True
2025-10-19 02:32:34,534 - root - DEBUG - 加载设置: language = zh_CN
2025-10-19 02:32:34,534 - root - DEBUG - 加载设置: tool_update = {'update_mode': 'manual', 'check_frequency': 1, 'show_notification': True, 'last_check': None}
2025-10-19 02:32:34,534 - root - DEBUG - 加载设置: default_install_dir = C:\Users\15052\Desktop\BioNexus\BioNexus_1.2.2\installed_tools
2025-10-19 02:32:34,534 - root - DEBUG - 加载设置: conda_env_path = C:\Users\15052\Desktop\BioNexus\BioNexus_1.2.2\envs_cache
2025-10-19 02:32:34,534 - root - DEBUG - 加载设置: use_mirror_source = False
2025-10-19 02:32:34,534 - root - DEBUG - 加载设置: keep_install_cache = False
2025-10-19 02:32:34,534 - root - DEBUG - 加载设置: favorite_tools = []
2025-10-19 02:32:34,534 - root - INFO - 加载收藏列表: 0 个工具
2025-10-19 02:32:34,535 - root - INFO - 工具数据已从 C:\Users\15052\.bionexus\tools.json 加载成功
2025-10-19 02:32:34,535 - root - INFO - 初始化收藏列表: []
2025-10-19 02:32:34,535 - BioNexus.startup - INFO - 开始启动主应用程序
2025-10-19 02:32:34,631 - BioNexus.startup - INFO - PyQt5应用程序初始化成功
2025-10-19 02:32:34,631 - BioNexus.startup - INFO - 启动阶段 - PyQt5应用程序: 成功 - 初始化成功
2025-10-19 02:32:34,632 - root - INFO - 加载配置文件: C:\Users\15052\.bionexus\config.json
2025-10-19 02:32:34,632 - root - DEBUG - 加载设置: auto_update = True
2025-10-19 02:32:34,632 - root - DEBUG - 加载设置: check_tool_status_on_startup = True
2025-10-19 02:32:34,632 - root - DEBUG - 加载设置: show_detailed_install_log = True
2025-10-19 02:32:34,632 - root - DEBUG - 加载设置: language = zh_CN
2025-10-19 02:32:34,632 - root - DEBUG - 加载设置: tool_update = {'update_mode': 'manual', 'check_frequency': 1, 'show_notification': True, 'last_check': None}
2025-10-19 02:32:34,632 - root - DEBUG - 加载设置: default_install_dir = C:\Users\15052\Desktop\BioNexus\BioNexus_1.2.2\installed_tools
2025-10-19 02:32:34,633 - root - DEBUG - 加载设置: conda_env_path = C:\Users\15052\Desktop\BioNexus\BioNexus_1.2.2\envs_cache
2025-10-19 02:32:34,633 - root - DEBUG - 加载设置: use_mirror_source = False
2025-10-19 02:32:34,633 - root - DEBUG - 加载设置: keep_install_cache = False
2025-10-19 02:32:34,633 - root - DEBUG - 加载设置: favorite_tools = []
2025-10-19 02:32:34,633 - root - INFO - 加载收藏列表: 0 个工具
2025-10-19 02:32:34,633 - root - INFO - 工具数据已从 C:\Users\15052\.bionexus\tools.json 加载成功
2025-10-19 02:32:34,633 - root - INFO - 初始化收藏列表: []
2025-10-19 02:32:34,632 - BioNexus.runtime - INFO - 版本: 1.2.13
2025-10-19 02:32:34,634 - root - INFO - 加载配置文件: C:\Users\15052\.bionexus\config.json
2025-10-19 02:32:34,634 - root - DEBUG - 加载设置: auto_update = True
2025-10-19 02:32:34,634 - root - DEBUG - 加载设置: check_tool_status_on_startup = True
2025-10-19 02:32:34,634 - root - DEBUG - 加载设置: show_detailed_install_log = True
2025-10-19 02:32:34,634 - root - DEBUG - 加载设置: language = zh_CN
2025-10-19 02:32:34,634 - root - DEBUG - 加载设置: tool_update = {'update_mode': 'manual', 'check_frequency': 1, 'show_notification': True, 'last_check': None}
2025-10-19 02:32:34,635 - root - DEBUG - 加载设置: default_install_dir = C:\Users\15052\Desktop\BioNexus\BioNexus_1.2.2\installed_tools
2025-10-19 02:32:34,635 - root - DEBUG - 加载设置: conda_env_path = C:\Users\15052\Desktop\BioNexus\BioNexus_1.2.2\envs_cache
2025-10-19 02:32:34,635 - root - DEBUG - 加载设置: use_mirror_source = False
2025-10-19 02:32:34,635 - root - DEBUG - 加载设置: keep_install_cache = False
2025-10-19 02:32:34,635 - root - DEBUG - 加载设置: favorite_tools = []
2025-10-19 02:32:34,635 - root - INFO - 加载收藏列表: 0 个工具
2025-10-19 02:32:34,635 - root - INFO - 工具数据已从 C:\Users\15052\.bionexus\tools.json 加载成功
2025-10-19 02:32:34,636 - root - INFO - 初始化收藏列表: []
2025-10-19 02:32:34,634 - BioNexus.runtime - INFO - Python版本: 3.13.2
2025-10-19 02:32:34,637 - root - INFO - 加载配置文件: C:\Users\15052\.bionexus\config.json
2025-10-19 02:32:34,637 - root - DEBUG - 加载设置: auto_update = True
2025-10-19 02:32:34,637 - root - DEBUG - 加载设置: check_tool_status_on_startup = True
2025-10-19 02:32:34,637 - root - DEBUG - 加载设置: show_detailed_install_log = True
2025-10-19 02:32:34,637 - root - DEBUG - 加载设置: language = zh_CN
2025-10-19 02:32:34,637 - root - DEBUG - 加载设置: tool_update = {'update_mode': 'manual', 'check_frequency': 1, 'show_notification': True, 'last_check': None}
2025-10-19 02:32:34,637 - root - DEBUG - 加载设置: default_install_dir = C:\Users\15052\Desktop\BioNexus\BioNexus_1.2.2\installed_tools
2025-10-19 02:32:34,637 - root - DEBUG - 加载设置: conda_env_path = C:\Users\15052\Desktop\BioNexus\BioNexus_1.2.2\envs_cache
2025-10-19 02:32:34,637 - root - DEBUG - 加载设置: use_mirror_source = False
2025-10-19 02:32:34,637 - root - DEBUG - 加载设置: keep_install_cache = False
2025-10-19 02:32:34,637 - root - DEBUG - 加载设置: favorite_tools = []
2025-10-19 02:32:34,637 - root - INFO - 加载收藏列表: 0 个工具
2025-10-19 02:32:34,638 - root - INFO - 工具数据已从 C:\Users\15052\.bionexus\tools.json 加载成功
2025-10-19 02:32:34,638 - root - INFO - 初始化收藏列表: []
2025-10-19 02:32:34,636 - BioNexus.runtime - INFO - PyQt5版本: 已加载
2025-10-19 02:32:34,639 - root - INFO - 加载配置文件: C:\Users\15052\.bionexus\config.json
2025-10-19 02:32:34,639 - root - DEBUG - 加载设置: auto_update = True
2025-10-19 02:32:34,639 - root - DEBUG - 加载设置: check_tool_status_on_startup = True
2025-10-19 02:32:34,639 - root - DEBUG - 加载设置: show_detailed_install_log = True
2025-10-19 02:32:34,639 - root - DEBUG - 加载设置: language = zh_CN
2025-10-19 02:32:34,639 - root - DEBUG - 加载设置: tool_update = {'update_mode': 'manual', 'check_frequency': 1, 'show_notification': True, 'last_check': None}
2025-10-19 02:32:34,639 - root - DEBUG - 加载设置: default_install_dir = C:\Users\15052\Desktop\BioNexus\BioNexus_1.2.2\installed_tools
2025-10-19 02:32:34,639 - root - DEBUG - 加载设置: conda_env_path = C:\Users\15052\Desktop\BioNexus\BioNexus_1.2.2\envs_cache
2025-10-19 02:32:34,640 - root - DEBUG - 加载设置: use_mirror_source = False
2025-10-19 02:32:34,640 - root - DEBUG - 加载设置: keep_install_cache = False
2025-10-19 02:32:34,640 - root - DEBUG - 加载设置: favorite_tools = []
2025-10-19 02:32:34,640 - root - INFO - 加载收藏列表: 0 个工具
2025-10-19 02:32:34,640 - root - INFO - 工具数据已从 C:\Users\15052\.bionexus\tools.json 加载成功
2025-10-19 02:32:34,640 - root - INFO - 初始化收藏列表: []
2025-10-19 02:32:34,638 - BioNexus.runtime - INFO - 工作目录: C:\Users\15052\Desktop\BioNexus\BioNexus_1.2.18
2025-10-19 02:32:34,641 - root - INFO - 加载配置文件: C:\Users\15052\.bionexus\config.json
2025-10-19 02:32:34,641 - root - DEBUG - 加载设置: auto_update = True
2025-10-19 02:32:34,641 - root - DEBUG - 加载设置: check_tool_status_on_startup = True
2025-10-19 02:32:34,642 - root - DEBUG - 加载设置: show_detailed_install_log = True
2025-10-19 02:32:34,642 - root - DEBUG - 加载设置: language = zh_CN
2025-10-19 02:32:34,642 - root - DEBUG - 加载设置: tool_update = {'update_mode': 'manual', 'check_frequency': 1, 'show_notification': True, 'last_check': None}
2025-10-19 02:32:34,642 - root - DEBUG - 加载设置: default_install_dir = C:\Users\15052\Desktop\BioNexus\BioNexus_1.2.2\installed_tools
2025-10-19 02:32:34,642 - root - DEBUG - 加载设置: conda_env_path = C:\Users\15052\Desktop\BioNexus\BioNexus_1.2.2\envs_cache
2025-10-19 02:32:34,642 - root - DEBUG - 加载设置: use_mirror_source = False
2025-10-19 02:32:34,642 - root - DEBUG - 加载设置: keep_install_cache = False
2025-10-19 02:32:34,642 - root - DEBUG - 加载设置: favorite_tools = []
2025-10-19 02:32:34,642 - root - INFO - 加载收藏列表: 0 个工具
2025-10-19 02:32:34,642 - root - INFO - 工具数据已从 C:\Users\15052\.bionexus\tools.json 加载成功
2025-10-19 02:32:34,643 - root - INFO - 初始化收藏列表: []
2025-10-19 02:32:34,641 - BioNexus.runtime - INFO - 应用启动完成
2025-10-19 02:32:34,645 - BioNexus - INFO - 日志系统初始化完成
2025-10-19 02:32:34,645 - BioNexus - INFO - 日志文件: C:\Users\15052\Desktop\BioNexus\BioNexus_1.2.18\logs\bionexus_20251019.log
2025-10-19 02:32:34,652 - root - INFO - 加载配置文件: C:\Users\15052\.bionexus\config.json
2025-10-19 02:32:34,652 - root - DEBUG - 加载设置: auto_update = True
2025-10-19 02:32:34,652 - root - DEBUG - 加载设置: check_tool_status_on_startup = True
2025-10-19 02:32:34,652 - root - DEBUG - 加载设置: show_detailed_install_log = True
2025-10-19 02:32:34,652 - root - DEBUG - 加载设置: language = zh_CN
2025-10-19 02:32:34,652 - root - DEBUG - 加载设置: tool_update = {'update_mode': 'manual', 'check_frequency': 1, 'show_notification': True, 'last_check': None}
2025-10-19 02:32:34,652 - root - DEBUG - 加载设置: default_install_dir = C:\Users\15052\Desktop\BioNexus\BioNexus_1.2.2\installed_tools
2025-10-19 02:32:34,652 - root - DEBUG - 加载设置: conda_env_path = C:\Users\15052\Desktop\BioNexus\BioNexus_1.2.2\envs_cache
2025-10-19 02:32:34,652 - root - DEBUG - 加载设置: use_mirror_source = False
2025-10-19 02:32:34,652 - root - DEBUG - 加载设置: keep_install_cache = False
2025-10-19 02:32:34,652 - root - DEBUG - 加载设置: favorite_tools = []
2025-10-19 02:32:34,652 - root - INFO - 加载收藏列表: 0 个工具
2025-10-19 02:32:34,653 - root - INFO - 工具数据已从 C:\Users\15052\.bionexus\tools.json 加载成功
2025-10-19 02:32:34,653 - root - INFO - 初始化收藏列表: []
2025-10-19 02:32:34,654 - core.tool_registry - INFO - 已注册工具: BLAST
2025-10-19 02:32:34,655 - core.tool_registry - INFO - 已注册工具: PlaceholderTool
2025-10-19 02:32:34,655 - core.tool_registry - INFO - 已注册工具: BWA
2025-10-19 02:32:34,655 - core.tool_registry - INFO - 已注册工具: PlaceholderTool
2025-10-19 02:32:36,467 - root - INFO - 加载配置文件: C:\Users\15052\.bionexus\config.json
2025-10-19 02:32:36,468 - root - DEBUG - 加载设置: auto_update = True
2025-10-19 02:32:36,468 - root - DEBUG - 加载设置: check_tool_status_on_startup = True
2025-10-19 02:32:36,468 - root - DEBUG - 加载设置: show_detailed_install_log = True
2025-10-19 02:32:36,468 - root - DEBUG - 加载设置: language = zh_CN
2025-10-19 02:32:36,468 - root - DEBUG - 加载设置: tool_update = {'update_mode': 'manual', 'check_frequency': 1, 'show_notification': True, 'last_check': None}
2025-10-19 02:32:36,468 - root - DEBUG - 加载设置: default_install_dir = C:\Users\15052\Desktop\BioNexus\BioNexus_1.2.2\installed_tools
2025-10-19 02:32:36,468 - root - DEBUG - 加载设置: conda_env_path = C:\Users\15052\Desktop\BioNexus\BioNexus_1.2.2\envs_cache
2025-10-19 02:32:36,468 - root - DEBUG - 加载设置: use_mirror_source = False
2025-10-19 02:32:36,468 - root - DEBUG - 加载设置: keep_install_cache = False
2025-10-19 02:32:36,468 - root - DEBUG - 加载设置: favorite_tools = []
2025-10-19 02:32:36,468 - root - INFO - 加载收藏列表: 0 个工具
2025-10-19 02:32:36,468 - root - INFO - 工具数据已从 C:\Users\15052\.bionexus\tools.json 加载成功
2025-10-19 02:32:36,469 - root - INFO - 初始化收藏列表: []
2025-10-19 02:32:36,467 - BioNexus.runtime - INFO - FastQC工具初始化完成: C:\Users\15052\Desktop\BioNexus\BioNexus_1.2.2\installed_tools\FastQC
2025-10-19 02:32:36,470 - root - INFO - 加载配置文件: C:\Users\15052\.bionexus\config.json
2025-10-19 02:32:36,470 - root - DEBUG - 加载设置: auto_update = True
2025-10-19 02:32:36,470 - root - DEBUG - 加载设置: check_tool_status_on_startup = True
2025-10-19 02:32:36,470 - root - DEBUG - 加载设置: show_detailed_install_log = True
2025-10-19 02:32:36,470 - root - DEBUG - 加载设置: language = zh_CN
2025-10-19 02:32:36,470 - root - DEBUG - 加载设置: tool_update = {'update_mode': 'manual', 'check_frequency': 1, 'show_notification': True, 'last_check': None}
2025-10-19 02:32:36,470 - root - DEBUG - 加载设置: default_install_dir = C:\Users\15052\Desktop\BioNexus\BioNexus_1.2.2\installed_tools
2025-10-19 02:32:36,470 - root - DEBUG - 加载设置: conda_env_path = C:\Users\15052\Desktop\BioNexus\BioNexus_1.2.2\envs_cache
2025-10-19 02:32:36,470 - root - DEBUG - 加载设置: use_mirror_source = False
2025-10-19 02:32:36,470 - root - DEBUG - 加载设置: keep_install_cache = False
2025-10-19 02:32:36,470 - root - DEBUG - 加载设置: favorite_tools = []
2025-10-19 02:32:36,470 - root - INFO - 加载收藏列表: 0 个工具
2025-10-19 02:32:36,470 - root - INFO - 工具数据已从 C:\Users\15052\.bionexus\tools.json 加载成功
2025-10-19 02:32:36,471 - root - INFO - 初始化收藏列表: []
2025-10-19 02:32:36,469 - BioNexus.runtime - INFO - 开始验证FastQC安装: C:\Users\15052\Desktop\BioNexus\BioNexus_1.2.2\installed_tools\FastQC
2025-10-19 02:32:36,472 - root - INFO - 加载配置文件: C:\Users\15052\.bionexus\config.json
2025-10-19 02:32:36,472 - root - DEBUG - 加载设置: auto_update = True
2025-10-19 02:32:36,472 - root - DEBUG - 加载设置: check_tool_status_on_startup = True
2025-10-19 02:32:36,472 - root - DEBUG - 加载设置: show_detailed_install_log = True
2025-10-19 02:32:36,472 - root - DEBUG - 加载设置: language = zh_CN
2025-10-19 02:32:36,472 - root - DEBUG - 加载设置: tool_update = {'update_mode': 'manual', 'check_frequency': 1, 'show_notification': True, 'last_check': None}
2025-10-19 02:32:36,472 - root - DEBUG - 加载设置: default_install_dir = C:\Users\15052\Desktop\BioNexus\BioNexus_1.2.2\installed_tools
2025-10-19 02:32:36,472 - root - DEBUG - 加载设置: conda_env_path = C:\Users\15052\Desktop\BioNexus\BioNexus_1.2.2\envs_cache
2025-10-19 02:32:36,472 - root - DEBUG - 加载设置: use_mirror_source = False
2025-10-19 02:32:36,472 - root - DEBUG - 加载设置: keep_install_cache = False
2025-10-19 02:32:36,473 - root - DEBUG - 加载设置: favorite_tools = []
2025-10-19 02:32:36,473 - root - INFO - 加载收藏列表: 0 个工具
2025-10-19 02:32:36,473 - root - INFO - 工具数据已从 C:\Users\15052\.bionexus\tools.json 加载成功
2025-10-19 02:32:36,473 - root - INFO - 初始化收藏列表: []
2025-10-19 02:32:36,471 - BioNexus.runtime - INFO - FastQC验证失败: 安装目录不存在 - C:\Users\15052\Desktop\BioNexus\BioNexus_1.2.2\installed_tools\FastQC
2025-10-19 02:32:36,476 - core.tool_registry - INFO - 已注册工具: FastQC
2025-10-19 02:32:36,476 - core.tool_registry - INFO - 已注册工具: HISAT2
2025-10-19 02:32:36,477 - core.tool_registry - INFO - 已注册工具: PlaceholderTool
2025-10-19 02:32:36,530 - root - INFO - 加载配置文件: C:\Users\15052\.bionexus\config.json
2025-10-19 02:32:36,530 - root - DEBUG - 加载设置: auto_update = True
2025-10-19 02:32:36,530 - root - DEBUG - 加载设置: check_tool_status_on_startup = True
2025-10-19 02:32:36,530 - root - DEBUG - 加载设置: show_detailed_install_log = True
2025-10-19 02:32:36,530 - root - DEBUG - 加载设置: language = zh_CN
2025-10-19 02:32:36,530 - root - DEBUG - 加载设置: tool_update = {'update_mode': 'manual', 'check_frequency': 1, 'show_notification': True, 'last_check': None}
2025-10-19 02:32:36,530 - root - DEBUG - 加载设置: default_install_dir = C:\Users\15052\Desktop\BioNexus\BioNexus_1.2.2\installed_tools
2025-10-19 02:32:36,530 - root - DEBUG - 加载设置: conda_env_path = C:\Users\15052\Desktop\BioNexus\BioNexus_1.2.2\envs_cache
2025-10-19 02:32:36,530 - root - DEBUG - 加载设置: use_mirror_source = False
2025-10-19 02:32:36,530 - root - DEBUG - 加载设置: keep_install_cache = False
2025-10-19 02:32:36,530 - root - DEBUG - 加载设置: favorite_tools = []
2025-10-19 02:32:36,530 - root - INFO - 加载收藏列表: 0 个工具
2025-10-19 02:32:36,531 - root - INFO - 工具数据已从 C:\Users\15052\.bionexus\tools.json 加载成功
2025-10-19 02:32:36,531 - root - INFO - 初始化收藏列表: []
2025-10-19 02:32:36,529 - BioNexus.runtime - INFO - IGV工具初始化完成: C:\Users\15052\Desktop\BioNexus\BioNexus_1.2.2\installed_tools\IGV
2025-10-19 02:32:36,532 - root - INFO - 加载配置文件: C:\Users\15052\.bionexus\config.json
2025-10-19 02:32:36,532 - root - DEBUG - 加载设置: auto_update = True
2025-10-19 02:32:36,533 - root - DEBUG - 加载设置: check_tool_status_on_startup = True
2025-10-19 02:32:36,533 - root - DEBUG - 加载设置: show_detailed_install_log = True
2025-10-19 02:32:36,533 - root - DEBUG - 加载设置: language = zh_CN
2025-10-19 02:32:36,533 - root - DEBUG - 加载设置: tool_update = {'update_mode': 'manual', 'check_frequency': 1, 'show_notification': True, 'last_check': None}
2025-10-19 02:32:36,533 - root - DEBUG - 加载设置: default_install_dir = C:\Users\15052\Desktop\BioNexus\BioNexus_1.2.2\installed_tools
2025-10-19 02:32:36,533 - root - DEBUG - 加载设置: conda_env_path = C:\Users\15052\Desktop\BioNexus\BioNexus_1.2.2\envs_cache
2025-10-19 02:32:36,533 - root - DEBUG - 加载设置: use_mirror_source = False
2025-10-19 02:32:36,533 - root - DEBUG - 加载设置: keep_install_cache = False
2025-10-19 02:32:36,533 - root - DEBUG - 加载设置: favorite_tools = []
2025-10-19 02:32:36,533 - root - INFO - 加载收藏列表: 0 个工具
2025-10-19 02:32:36,533 - root - INFO - 工具数据已从 C:\Users\15052\.bionexus\tools.json 加载成功
2025-10-19 02:32:36,534 - root - INFO - 初始化收藏列表: []
2025-10-19 02:32:36,532 - BioNexus.runtime - INFO - 开始验证IGV安装: C:\Users\15052\Desktop\BioNexus\BioNexus_1.2.2\installed_tools\IGV
2025-10-19 02:32:36,535 - root - INFO - 加载配置文件: C:\Users\15052\.bionexus\config.json
2025-10-19 02:32:36,535 - root - DEBUG - 加载设置: auto_update = True
2025-10-19 02:32:36,535 - root - DEBUG - 加载设置: check_tool_status_on_startup = True
2025-10-19 02:32:36,535 - root - DEBUG - 加载设置: show_detailed_install_log = True
2025-10-19 02:32:36,535 - root - DEBUG - 加载设置: language = zh_CN
2025-10-19 02:32:36,535 - root - DEBUG - 加载设置: tool_update = {'update_mode': 'manual', 'check_frequency': 1, 'show_notification': True, 'last_check': None}
2025-10-19 02:32:36,535 - root - DEBUG - 加载设置: default_install_dir = C:\Users\15052\Desktop\BioNexus\BioNexus_1.2.2\installed_tools
2025-10-19 02:32:36,535 - root - DEBUG - 加载设置: conda_env_path = C:\Users\15052\Desktop\BioNexus\BioNexus_1.2.2\envs_cache
2025-10-19 02:32:36,535 - root - DEBUG - 加载设置: use_mirror_source = False
2025-10-19 02:32:36,535 - root - DEBUG - 加载设置: keep_install_cache = False
2025-10-19 02:32:36,535 - root - DEBUG - 加载设置: favorite_tools = []
2025-10-19 02:32:36,535 - root - INFO - 加载收藏列表: 0 个工具
2025-10-19 02:32:36,536 - root - INFO - 工具数据已从 C:\Users\15052\.bionexus\tools.json 加载成功
2025-10-19 02:32:36,536 - root - INFO - 初始化收藏列表: []
2025-10-19 02:32:36,534 - BioNexus.runtime - INFO - IGV验证失败: 安装目录不存在 - C:\Users\15052\Desktop\BioNexus\BioNexus_1.2.2\installed_tools\IGV
2025-10-19 02:32:36,538 - core.tool_registry - INFO - 已注册工具: IGV
2025-10-19 02:32:36,539 - core.tool_registry - INFO - 已注册工具: IQ-TREE
2025-10-19 02:32:36,539 - core.tool_registry - INFO - 已注册工具: PlaceholderTool
2025-10-19 02:32:36,539 - core.tool_registry - INFO - 已注册工具: PlaceholderTool
2025-10-19 02:32:36,540 - core.tool_registry - INFO - 已注册工具: PlaceholderTool
2025-10-19 02:32:36,540 - core.tool_registry - INFO - 已注册工具: SAMtools
2025-10-19 02:32:36,556 - utils.launcher_utils - INFO - BioNexus v1.2.13 launcher started
2025-10-19 02:32:36,564 - BioNexus.startup - INFO - BioNexus 1.2.13 启动 - 会话ID: 20251019_023236
2025-10-19 02:32:36,564 - BioNexus.startup - INFO - 启动阶段 - 日志系统初始化: 成功 - 全面日志系统已启动
2025-10-19 02:32:36,565 - BioNexus - INFO - 日志系统初始化完成
2025-10-19 02:32:36,565 - BioNexus - INFO - 日志文件: C:\Users\15052\Desktop\BioNexus\BioNexus_1.2.18\logs\bionexus_20251019.log
2025-10-19 02:32:36,565 - BioNexus.startup - INFO - BioNexus 1.2.13 启动初始化
2025-10-19 02:32:36,565 - BioNexus.startup - INFO - 启动阶段 - 基础日志系统: 成功 - 标准logging已配置
2025-10-19 02:32:36,566 - BioNexus.startup - INFO - 错误处理器初始化完成
2025-10-19 02:32:36,566 - BioNexus.startup - INFO - 启动阶段 - 错误处理器: 成功 - 全局异常捕获已设置
2025-10-19 02:32:36,567 - BioNexus.performance - INFO - 性能 - 基础日志系统初始化: 1.64ms
2025-10-19 02:32:36,567 - BioNexus.startup - INFO - 模块导入 - ui.main_window.MainWindow: 成功
2025-10-19 02:32:36,567 - BioNexus.startup - INFO - 模块导入 - data.config.ConfigManager: 成功
2025-10-19 02:32:36,568 - BioNexus.startup - INFO - 模块导入 - utils.helpers.check_system_requirements: 成功
2025-10-19 02:32:36,568 - BioNexus.startup - INFO - 模块导入 - utils.unified_logger: 成功
2025-10-19 02:32:36,568 - BioNexus.performance - INFO - 性能 - 主要模块导入: 1.24ms
2025-10-19 02:32:36,569 - BioNexus.startup - INFO - 启动阶段 - 所有模块导入: 成功 - 核心模块导入完成
2025-10-19 02:32:36,577 - core.tool_registry - INFO - 已注册工具: BLAST
2025-10-19 02:32:36,578 - core.tool_registry - INFO - 已注册工具: PlaceholderTool
2025-10-19 02:32:36,578 - core.tool_registry - INFO - 已注册工具: BWA
2025-10-19 02:32:36,578 - core.tool_registry - INFO - 已注册工具: PlaceholderTool
2025-10-19 02:32:36,578 - root - INFO - 加载配置文件: C:\Users\15052\.bionexus\config.json
2025-10-19 02:32:36,579 - root - DEBUG - 加载设置: auto_update = True
2025-10-19 02:32:36,579 - root - DEBUG - 加载设置: check_tool_status_on_startup = True
2025-10-19 02:32:36,579 - root - DEBUG - 加载设置: show_detailed_install_log = True
2025-10-19 02:32:36,579 - root - DEBUG - 加载设置: language = zh_CN
2025-10-19 02:32:36,579 - root - DEBUG - 加载设置: tool_update = {'update_mode': 'manual', 'check_frequency': 1, 'show_notification': True, 'last_check': None}
2025-10-19 02:32:36,579 - root - DEBUG - 加载设置: default_install_dir = C:\Users\15052\Desktop\BioNexus\BioNexus_1.2.2\installed_tools
2025-10-19 02:32:36,579 - root - DEBUG - 加载设置: conda_env_path = C:\Users\15052\Desktop\BioNexus\BioNexus_1.2.2\envs_cache
2025-10-19 02:32:36,579 - root - DEBUG - 加载设置: use_mirror_source = False
2025-10-19 02:32:36,579 - root - DEBUG - 加载设置: keep_install_cache = False
2025-10-19 02:32:36,579 - root - DEBUG - 加载设置: favorite_tools = []
2025-10-19 02:32:36,579 - root - INFO - 加载收藏列表: 0 个工具
2025-10-19 02:32:36,579 - root - INFO - 工具数据已从 C:\Users\15052\.bionexus\tools.json 加载成功
2025-10-19 02:32:36,580 - root - INFO - 初始化收藏列表: []
2025-10-19 02:32:36,578 - BioNexus.runtime - INFO - FastQC工具初始化完成: C:\Users\15052\Desktop\BioNexus\BioNexus_1.2.2\installed_tools\FastQC
2025-10-19 02:32:36,581 - root - INFO - 加载配置文件: C:\Users\15052\.bionexus\config.json
2025-10-19 02:32:36,581 - root - DEBUG - 加载设置: auto_update = True
2025-10-19 02:32:36,581 - root - DEBUG - 加载设置: check_tool_status_on_startup = True
2025-10-19 02:32:36,581 - root - DEBUG - 加载设置: show_detailed_install_log = True
2025-10-19 02:32:36,581 - root - DEBUG - 加载设置: language = zh_CN
2025-10-19 02:32:36,581 - root - DEBUG - 加载设置: tool_update = {'update_mode': 'manual', 'check_frequency': 1, 'show_notification': True, 'last_check': None}
2025-10-19 02:32:36,581 - root - DEBUG - 加载设置: default_install_dir = C:\Users\15052\Desktop\BioNexus\BioNexus_1.2.2\installed_tools
2025-10-19 02:32:36,581 - root - DEBUG - 加载设置: conda_env_path = C:\Users\15052\Desktop\BioNexus\BioNexus_1.2.2\envs_cache
2025-10-19 02:32:36,581 - root - DEBUG - 加载设置: use_mirror_source = False
2025-10-19 02:32:36,581 - root - DEBUG - 加载设置: keep_install_cache = False
2025-10-19 02:32:36,581 - root - DEBUG - 加载设置: favorite_tools = []
2025-10-19 02:32:36,581 - root - INFO - 加载收藏列表: 0 个工具
2025-10-19 02:32:36,582 - root - INFO - 工具数据已从 C:\Users\15052\.bionexus\tools.json 加载成功
2025-10-19 02:32:36,582 - root - INFO - 初始化收藏列表: []
2025-10-19 02:32:36,580 - BioNexus.runtime - INFO - 开始验证FastQC安装: C:\Users\15052\Desktop\BioNexus\BioNexus_1.2.2\installed_tools\FastQC
2025-10-19 02:32:36,583 - root - INFO - 加载配置文件: C:\Users\15052\.bionexus\config.json
2025-10-19 02:32:36,583 - root - DEBUG - 加载设置: auto_update = True
2025-10-19 02:32:36,584 - root - DEBUG - 加载设置: check_tool_status_on_startup = True
2025-10-19 02:32:36,584 - root - DEBUG - 加载设置: show_detailed_install_log = True
2025-10-19 02:32:36,584 - root - DEBUG - 加载设置: language = zh_CN
2025-10-19 02:32:36,584 - root - DEBUG - 加载设置: tool_update = {'update_mode': 'manual', 'check_frequency': 1, 'show_notification': True, 'last_check': None}
2025-10-19 02:32:36,584 - root - DEBUG - 加载设置: default_install_dir = C:\Users\15052\Desktop\BioNexus\BioNexus_1.2.2\installed_tools
2025-10-19 02:32:36,584 - root - DEBUG - 加载设置: conda_env_path = C:\Users\15052\Desktop\BioNexus\BioNexus_1.2.2\envs_cache
2025-10-19 02:32:36,584 - root - DEBUG - 加载设置: use_mirror_source = False
2025-10-19 02:32:36,584 - root - DEBUG - 加载设置: keep_install_cache = False
2025-10-19 02:32:36,584 - root - DEBUG - 加载设置: favorite_tools = []
2025-10-19 02:32:36,584 - root - INFO - 加载收藏列表: 0 个工具
2025-10-19 02:32:36,584 - root - INFO - 工具数据已从 C:\Users\15052\.bionexus\tools.json 加载成功
2025-10-19 02:32:36,585 - root - INFO - 初始化收藏列表: []
2025-10-19 02:32:36,583 - BioNexus.runtime - INFO - FastQC验证失败: 安装目录不存在 - C:\Users\15052\Desktop\BioNexus\BioNexus_1.2.2\installed_tools\FastQC
2025-10-19 02:32:36,586 - core.tool_registry - INFO - 已注册工具: FastQC
2025-10-19 02:32:36,586 - core.tool_registry - INFO - 已注册工具: HISAT2
2025-10-19 02:32:36,586 - core.tool_registry - INFO - 已注册工具: PlaceholderTool
2025-10-19 02:32:36,587 - root - INFO - 加载配置文件: C:\Users\15052\.bionexus\config.json
2025-10-19 02:32:36,587 - root - DEBUG - 加载设置: auto_update = True
2025-10-19 02:32:36,587 - root - DEBUG - 加载设置: check_tool_status_on_startup = True
2025-10-19 02:32:36,587 - root - DEBUG - 加载设置: show_detailed_install_log = True
2025-10-19 02:32:36,587 - root - DEBUG - 加载设置: language = zh_CN
2025-10-19 02:32:36,587 - root - DEBUG - 加载设置: tool_update = {'update_mode': 'manual', 'check_frequency': 1, 'show_notification': True, 'last_check': None}
2025-10-19 02:32:36,587 - root - DEBUG - 加载设置: default_install_dir = C:\Users\15052\Desktop\BioNexus\BioNexus_1.2.2\installed_tools
2025-10-19 02:32:36,587 - root - DEBUG - 加载设置: conda_env_path = C:\Users\15052\Desktop\BioNexus\BioNexus_1.2.2\envs_cache
2025-10-19 02:32:36,587 - root - DEBUG - 加载设置: use_mirror_source = False
2025-10-19 02:32:36,587 - root - DEBUG - 加载设置: keep_install_cache = False
2025-10-19 02:32:36,587 - root - DEBUG - 加载设置: favorite_tools = []
2025-10-19 02:32:36,587 - root - INFO - 加载收藏列表: 0 个工具
2025-10-19 02:32:36,588 - root - INFO - 工具数据已从 C:\Users\15052\.bionexus\tools.json 加载成功
2025-10-19 02:32:36,588 - root - INFO - 初始化收藏列表: []
2025-10-19 02:32:36,586 - BioNexus.runtime - INFO - IGV工具初始化完成: C:\Users\15052\Desktop\BioNexus\BioNexus_1.2.2\installed_tools\IGV
2025-10-19 02:32:36,589 - root - INFO - 加载配置文件: C:\Users\15052\.bionexus\config.json
2025-10-19 02:32:36,590 - root - DEBUG - 加载设置: auto_update = True
2025-10-19 02:32:36,590 - root - DEBUG - 加载设置: check_tool_status_on_startup = True
2025-10-19 02:32:36,590 - root - DEBUG - 加载设置: show_detailed_install_log = True
2025-10-19 02:32:36,590 - root - DEBUG - 加载设置: language = zh_CN
2025-10-19 02:32:36,590 - root - DEBUG - 加载设置: tool_update = {'update_mode': 'manual', 'check_frequency': 1, 'show_notification': True, 'last_check': None}
2025-10-19 02:32:36,590 - root - DEBUG - 加载设置: default_install_dir = C:\Users\15052\Desktop\BioNexus\BioNexus_1.2.2\installed_tools
2025-10-19 02:32:36,590 - root - DEBUG - 加载设置: conda_env_path = C:\Users\15052\Desktop\BioNexus\BioNexus_1.2.2\envs_cache
2025-10-19 02:32:36,590 - root - DEBUG - 加载设置: use_mirror_source = False
2025-10-19 02:32:36,590 - root - DEBUG - 加载设置: keep_install_cache = False
2025-10-19 02:32:36,590 - root - DEBUG - 加载设置: favorite_tools = []
2025-10-19 02:32:36,590 - root - INFO - 加载收藏列表: 0 个工具
2025-10-19 02:32:36,590 - root - INFO - 工具数据已从 C:\Users\15052\.bionexus\tools.json 加载成功
2025-10-19 02:32:36,591 - root - INFO - 初始化收藏列表: []
2025-10-19 02:32:36,589 - BioNexus.runtime - INFO - 开始验证IGV安装: C:\Users\15052\Desktop\BioNexus\BioNexus_1.2.2\installed_tools\IGV
2025-10-19 02:32:36,592 - root - INFO - 加载配置文件: C:\Users\15052\.bionexus\config.json
2025-10-19 02:32:36,592 - root - DEBUG - 加载设置: auto_update = True
2025-10-19 02:32:36,592 - root - DEBUG - 加载设置: check_tool_status_on_startup = True
2025-10-19 02:32:36,592 - root - DEBUG - 加载设置: show_detailed_install_log = True
2025-10-19 02:32:36,592 - root - DEBUG - 加载设置: language = zh_CN
2025-10-19 02:32:36,592 - root - DEBUG - 加载设置: tool_update = {'update_mode': 'manual', 'check_frequency': 1, 'show_notification': True, 'last_check': None}
2025-10-19 02:32:36,592 - root - DEBUG - 加载设置: default_install_dir = C:\Users\15052\Desktop\BioNexus\BioNexus_1.2.2\installed_tools
2025-10-19 02:32:36,592 - root - DEBUG - 加载设置: conda_env_path = C:\Users\15052\Desktop\BioNexus\BioNexus_1.2.2\envs_cache
2025-10-19 02:32:36,592 - root - DEBUG - 加载设置: use_mirror_source = False
2025-10-19 02:32:36,592 - root - DEBUG - 加载设置: keep_install_cache = False
2025-10-19 02:32:36,592 - root - DEBUG - 加载设置: favorite_tools = []
2025-10-19 02:32:36,592 - root - INFO - 加载收藏列表: 0 个工具
2025-10-19 02:32:36,593 - root - INFO - 工具数据已从 C:\Users\15052\.bionexus\tools.json 加载成功
2025-10-19 02:32:36,593 - root - INFO - 初始化收藏列表: []
2025-10-19 02:32:36,591 - BioNexus.runtime - INFO - IGV验证失败: 安装目录不存在 - C:\Users\15052\Desktop\BioNexus\BioNexus_1.2.2\installed_tools\IGV
2025-10-19 02:32:36,594 - core.tool_registry - INFO - 已注册工具: IGV
2025-10-19 02:32:36,594 - core.tool_registry - INFO - 已注册工具: IQ-TREE
2025-10-19 02:32:36,594 - core.tool_registry - INFO - 已注册工具: PlaceholderTool
2025-10-19 02:32:36,594 - core.tool_registry - INFO - 已注册工具: PlaceholderTool
2025-10-19 02:32:36,594 - core.tool_registry - INFO - 已注册工具: PlaceholderTool
2025-10-19 02:32:36,594 - core.tool_registry - INFO - 已注册工具: SAMtools
2025-10-19 02:32:36,598 - root - INFO - 加载配置文件: C:\Users\15052\.bionexus\config.json
2025-10-19 02:32:36,599 - root - DEBUG - 加载设置: auto_update = True
2025-10-19 02:32:36,599 - root - DEBUG - 加载设置: check_tool_status_on_startup = True
2025-10-19 02:32:36,599 - root - DEBUG - 加载设置: show_detailed_install_log = True
2025-10-19 02:32:36,599 - root - DEBUG - 加载设置: language = zh_CN
2025-10-19 02:32:36,599 - root - DEBUG - 加载设置: tool_update = {'update_mode': 'manual', 'check_frequency': 1, 'show_notification': True, 'last_check': None}
2025-10-19 02:32:36,599 - root - DEBUG - 加载设置: default_install_dir = C:\Users\15052\Desktop\BioNexus\BioNexus_1.2.2\installed_tools
2025-10-19 02:32:36,599 - root - DEBUG - 加载设置: conda_env_path = C:\Users\15052\Desktop\BioNexus\BioNexus_1.2.2\envs_cache
2025-10-19 02:32:36,599 - root - DEBUG - 加载设置: use_mirror_source = False
2025-10-19 02:32:36,599 - root - DEBUG - 加载设置: keep_install_cache = False
2025-10-19 02:32:36,599 - root - DEBUG - 加载设置: favorite_tools = []
2025-10-19 02:32:36,599 - root - INFO - 加载收藏列表: 0 个工具
2025-10-19 02:32:36,599 - root - INFO - 工具数据已从 C:\Users\15052\.bionexus\tools.json 加载成功
2025-10-19 02:32:36,600 - root - INFO - 初始化收藏列表: []
2025-10-19 02:32:36,598 - BioNexus.runtime - INFO - 工具更新定时检查已设置：每1天
2025-10-19 02:32:36,600 - root - INFO - 加载配置文件: C:\Users\15052\.bionexus\config.json
2025-10-19 02:32:36,601 - root - DEBUG - 加载设置: auto_update = True
2025-10-19 02:32:36,601 - root - DEBUG - 加载设置: check_tool_status_on_startup = True
2025-10-19 02:32:36,601 - root - DEBUG - 加载设置: show_detailed_install_log = True
2025-10-19 02:32:36,601 - root - DEBUG - 加载设置: language = zh_CN
2025-10-19 02:32:36,601 - root - DEBUG - 加载设置: tool_update = {'update_mode': 'manual', 'check_frequency': 1, 'show_notification': True, 'last_check': None}
2025-10-19 02:32:36,601 - root - DEBUG - 加载设置: default_install_dir = C:\Users\15052\Desktop\BioNexus\BioNexus_1.2.2\installed_tools
2025-10-19 02:32:36,601 - root - DEBUG - 加载设置: conda_env_path = C:\Users\15052\Desktop\BioNexus\BioNexus_1.2.2\envs_cache
2025-10-19 02:32:36,601 - root - DEBUG - 加载设置: use_mirror_source = False
2025-10-19 02:32:36,601 - root - DEBUG - 加载设置: keep_install_cache = False
2025-10-19 02:32:36,601 - root - DEBUG - 加载设置: favorite_tools = []
2025-10-19 02:32:36,601 - root - INFO - 加载收藏列表: 0 个工具
2025-10-19 02:32:36,601 - root - INFO - 工具数据已从 C:\Users\15052\.bionexus\tools.json 加载成功
2025-10-19 02:32:36,601 - root - INFO - 初始化收藏列表: []
2025-10-19 02:32:36,600 - BioNexus.runtime - INFO - 工具更新服务初始化完成
2025-10-19 02:32:36,604 - root - INFO - 加载配置文件: C:\Users\15052\.bionexus\config.json
2025-10-19 02:32:36,604 - root - DEBUG - 加载设置: auto_update = True
2025-10-19 02:32:36,604 - root - DEBUG - 加载设置: check_tool_status_on_startup = True
2025-10-19 02:32:36,604 - root - DEBUG - 加载设置: show_detailed_install_log = True
2025-10-19 02:32:36,604 - root - DEBUG - 加载设置: language = zh_CN
2025-10-19 02:32:36,604 - root - DEBUG - 加载设置: tool_update = {'update_mode': 'manual', 'check_frequency': 1, 'show_notification': True, 'last_check': None}
2025-10-19 02:32:36,604 - root - DEBUG - 加载设置: default_install_dir = C:\Users\15052\Desktop\BioNexus\BioNexus_1.2.2\installed_tools
2025-10-19 02:32:36,604 - root - DEBUG - 加载设置: conda_env_path = C:\Users\15052\Desktop\BioNexus\BioNexus_1.2.2\envs_cache
2025-10-19 02:32:36,604 - root - DEBUG - 加载设置: use_mirror_source = False
2025-10-19 02:32:36,604 - root - DEBUG - 加载设置: keep_install_cache = False
2025-10-19 02:32:36,604 - root - DEBUG - 加载设置: favorite_tools = []
2025-10-19 02:32:36,604 - root - INFO - 加载收藏列表: 0 个工具
2025-10-19 02:32:36,605 - root - INFO - 工具数据已从 C:\Users\15052\.bionexus\tools.json 加载成功
2025-10-19 02:32:36,605 - root - INFO - 初始化收藏列表: []
2025-10-19 02:32:36,603 - BioNexus.runtime - INFO - 工具更新控制器初始化完成
2025-10-19 02:32:37,620 - root - INFO - 加载配置文件: C:\Users\15052\.bionexus\config.json
2025-10-19 02:32:37,620 - root - DEBUG - 加载设置: auto_update = True
2025-10-19 02:32:37,620 - root - DEBUG - 加载设置: check_tool_status_on_startup = True
2025-10-19 02:32:37,620 - root - DEBUG - 加载设置: show_detailed_install_log = True
2025-10-19 02:32:37,620 - root - DEBUG - 加载设置: language = zh_CN
2025-10-19 02:32:37,620 - root - DEBUG - 加载设置: tool_update = {'update_mode': 'manual', 'check_frequency': 1, 'show_notification': True, 'last_check': None}
2025-10-19 02:32:37,620 - root - DEBUG - 加载设置: default_install_dir = C:\Users\15052\Desktop\BioNexus\BioNexus_1.2.2\installed_tools
2025-10-19 02:32:37,620 - root - DEBUG - 加载设置: conda_env_path = C:\Users\15052\Desktop\BioNexus\BioNexus_1.2.2\envs_cache
2025-10-19 02:32:37,620 - root - DEBUG - 加载设置: use_mirror_source = False
2025-10-19 02:32:37,620 - root - DEBUG - 加载设置: keep_install_cache = False
2025-10-19 02:32:37,620 - root - DEBUG - 加载设置: favorite_tools = []
2025-10-19 02:32:37,620 - root - INFO - 加载收藏列表: 0 个工具
2025-10-19 02:32:37,621 - root - INFO - 工具数据已从 C:\Users\15052\.bionexus\tools.json 加载成功
2025-10-19 02:32:37,621 - root - INFO - 初始化收藏列表: []
2025-10-19 02:32:37,624 - root - INFO - 加载配置文件: C:\Users\15052\.bionexus\config.json
2025-10-19 02:32:37,624 - root - DEBUG - 加载设置: auto_update = True
2025-10-19 02:32:37,624 - root - DEBUG - 加载设置: check_tool_status_on_startup = True
2025-10-19 02:32:37,624 - root - DEBUG - 加载设置: show_detailed_install_log = True
2025-10-19 02:32:37,624 - root - DEBUG - 加载设置: language = zh_CN
2025-10-19 02:32:37,624 - root - DEBUG - 加载设置: tool_update = {'update_mode': 'manual', 'check_frequency': 1, 'show_notification': True, 'last_check': None}
2025-10-19 02:32:37,624 - root - DEBUG - 加载设置: default_install_dir = C:\Users\15052\Desktop\BioNexus\BioNexus_1.2.2\installed_tools
2025-10-19 02:32:37,624 - root - DEBUG - 加载设置: conda_env_path = C:\Users\15052\Desktop\BioNexus\BioNexus_1.2.2\envs_cache
2025-10-19 02:32:37,624 - root - DEBUG - 加载设置: use_mirror_source = False
2025-10-19 02:32:37,624 - root - DEBUG - 加载设置: keep_install_cache = False
2025-10-19 02:32:37,624 - root - DEBUG - 加载设置: favorite_tools = []
2025-10-19 02:32:37,624 - root - INFO - 加载收藏列表: 0 个工具
2025-10-19 02:32:37,625 - root - INFO - 工具数据已从 C:\Users\15052\.bionexus\tools.json 加载成功
2025-10-19 02:32:37,626 - root - INFO - 初始化收藏列表: []
2025-10-19 02:32:37,628 - root - INFO - 加载配置文件: C:\Users\15052\.bionexus\config.json
2025-10-19 02:32:37,628 - root - DEBUG - 加载设置: auto_update = True
2025-10-19 02:32:37,628 - root - DEBUG - 加载设置: check_tool_status_on_startup = True
2025-10-19 02:32:37,628 - root - DEBUG - 加载设置: show_detailed_install_log = True
2025-10-19 02:32:37,628 - root - DEBUG - 加载设置: language = zh_CN
2025-10-19 02:32:37,628 - root - DEBUG - 加载设置: tool_update = {'update_mode': 'manual', 'check_frequency': 1, 'show_notification': True, 'last_check': None}
2025-10-19 02:32:37,628 - root - DEBUG - 加载设置: default_install_dir = C:\Users\15052\Desktop\BioNexus\BioNexus_1.2.2\installed_tools
2025-10-19 02:32:37,628 - root - DEBUG - 加载设置: conda_env_path = C:\Users\15052\Desktop\BioNexus\BioNexus_1.2.2\envs_cache
2025-10-19 02:32:37,628 - root - DEBUG - 加载设置: use_mirror_source = False
2025-10-19 02:32:37,628 - root - DEBUG - 加载设置: keep_install_cache = False
2025-10-19 02:32:37,628 - root - DEBUG - 加载设置: favorite_tools = []
2025-10-19 02:32:37,628 - root - INFO - 加载收藏列表: 0 个工具
2025-10-19 02:32:37,629 - root - INFO - 工具数据已从 C:\Users\15052\.bionexus\tools.json 加载成功
2025-10-19 02:32:37,629 - root - INFO - 初始化收藏列表: []
2025-10-19 02:32:37,633 - root - INFO - 加载配置文件: C:\Users\15052\.bionexus\config.json
2025-10-19 02:32:37,633 - root - DEBUG - 加载设置: auto_update = True
2025-10-19 02:32:37,634 - root - DEBUG - 加载设置: check_tool_status_on_startup = True
2025-10-19 02:32:37,634 - root - DEBUG - 加载设置: show_detailed_install_log = True
2025-10-19 02:32:37,634 - root - DEBUG - 加载设置: language = zh_CN
2025-10-19 02:32:37,634 - root - DEBUG - 加载设置: tool_update = {'update_mode': 'manual', 'check_frequency': 1, 'show_notification': True, 'last_check': None}
2025-10-19 02:32:37,634 - root - DEBUG - 加载设置: default_install_dir = C:\Users\15052\Desktop\BioNexus\BioNexus_1.2.2\installed_tools
2025-10-19 02:32:37,634 - root - DEBUG - 加载设置: conda_env_path = C:\Users\15052\Desktop\BioNexus\BioNexus_1.2.2\envs_cache
2025-10-19 02:32:37,634 - root - DEBUG - 加载设置: use_mirror_source = False
2025-10-19 02:32:37,634 - root - DEBUG - 加载设置: keep_install_cache = False
2025-10-19 02:32:37,634 - root - DEBUG - 加载设置: favorite_tools = []
2025-10-19 02:32:37,634 - root - INFO - 加载收藏列表: 0 个工具
2025-10-19 02:32:37,635 - root - INFO - 工具数据已从 C:\Users\15052\.bionexus\tools.json 加载成功
2025-10-19 02:32:37,637 - root - INFO - 初始化收藏列表: []
2025-10-19 02:32:37,646 - root - INFO - 加载配置文件: C:\Users\15052\.bionexus\config.json
2025-10-19 02:32:37,647 - root - DEBUG - 加载设置: auto_update = True
2025-10-19 02:32:37,647 - root - DEBUG - 加载设置: check_tool_status_on_startup = True
2025-10-19 02:32:37,647 - root - DEBUG - 加载设置: show_detailed_install_log = True
2025-10-19 02:32:37,647 - root - DEBUG - 加载设置: language = zh_CN
2025-10-19 02:32:37,647 - root - DEBUG - 加载设置: tool_update = {'update_mode': 'manual', 'check_frequency': 1, 'show_notification': True, 'last_check': None}
2025-10-19 02:32:37,648 - root - DEBUG - 加载设置: default_install_dir = C:\Users\15052\Desktop\BioNexus\BioNexus_1.2.2\installed_tools
2025-10-19 02:32:37,648 - root - DEBUG - 加载设置: conda_env_path = C:\Users\15052\Desktop\BioNexus\BioNexus_1.2.2\envs_cache
2025-10-19 02:32:37,648 - root - DEBUG - 加载设置: use_mirror_source = False
2025-10-19 02:32:37,648 - root - DEBUG - 加载设置: keep_install_cache = False
2025-10-19 02:32:37,648 - root - DEBUG - 加载设置: favorite_tools = []
2025-10-19 02:32:37,648 - root - INFO - 加载收藏列表: 0 个工具
2025-10-19 02:32:37,649 - root - INFO - 工具数据已从 C:\Users\15052\.bionexus\tools.json 加载成功
2025-10-19 02:32:37,649 - root - INFO - 初始化收藏列表: []
2025-10-19 02:32:37,630 - BioNexus.runtime - INFO - FastQC版本信息已异步更新: 0.12.1
2025-10-19 02:32:37,653 - root - INFO - 加载配置文件: C:\Users\15052\.bionexus\config.json
2025-10-19 02:32:37,653 - root - DEBUG - 加载设置: auto_update = True
2025-10-19 02:32:37,655 - root - DEBUG - 加载设置: check_tool_status_on_startup = True
2025-10-19 02:32:37,655 - root - DEBUG - 加载设置: show_detailed_install_log = True
2025-10-19 02:32:37,656 - root - DEBUG - 加载设置: language = zh_CN
2025-10-19 02:32:37,656 - root - DEBUG - 加载设置: tool_update = {'update_mode': 'manual', 'check_frequency': 1, 'show_notification': True, 'last_check': None}
2025-10-19 02:32:37,656 - root - DEBUG - 加载设置: default_install_dir = C:\Users\15052\Desktop\BioNexus\BioNexus_1.2.2\installed_tools
2025-10-19 02:32:37,656 - root - DEBUG - 加载设置: conda_env_path = C:\Users\15052\Desktop\BioNexus\BioNexus_1.2.2\envs_cache
2025-10-19 02:32:37,656 - root - DEBUG - 加载设置: use_mirror_source = False
2025-10-19 02:32:37,656 - root - DEBUG - 加载设置: keep_install_cache = False
2025-10-19 02:32:37,656 - root - DEBUG - 加载设置: favorite_tools = []
2025-10-19 02:32:37,656 - root - INFO - 加载收藏列表: 0 个工具
2025-10-19 02:32:37,660 - root - INFO - 工具数据已从 C:\Users\15052\.bionexus\tools.json 加载成功
2025-10-19 02:32:37,661 - root - INFO - 初始化收藏列表: []
2025-10-19 02:32:37,645 - BioNexus.runtime - INFO - FastQC版本信息已异步更新: 0.12.1
2025-10-19 02:32:37,744 - root - INFO - 设置已成功保存到 C:\Users\15052\.bionexus\config.json
2025-10-19 02:32:37,751 - root - INFO - 设置已成功保存到 C:\Users\15052\.bionexus\config.json
2025-10-19 02:32:37,753 - root - INFO - 设置已成功保存到 C:\Users\15052\.bionexus\config.json
2025-10-19 02:32:37,754 - root - INFO - 设置已成功保存到 C:\Users\15052\.bionexus\config.json
2025-10-19 02:32:37,759 - root - INFO - 设置已成功保存到 C:\Users\15052\.bionexus\config.json
2025-10-19 02:32:38,371 - root - INFO - 加载配置文件: C:\Users\15052\.bionexus\config.json
2025-10-19 02:32:38,371 - root - DEBUG - 加载设置: auto_update = True
2025-10-19 02:32:38,371 - root - DEBUG - 加载设置: check_tool_status_on_startup = True
2025-10-19 02:32:38,371 - root - DEBUG - 加载设置: show_detailed_install_log = True
2025-10-19 02:32:38,372 - root - DEBUG - 加载设置: language = zh_CN
2025-10-19 02:32:38,372 - root - DEBUG - 加载设置: tool_update = {'update_mode': 'manual', 'check_frequency': 1, 'show_notification': True, 'last_check': None}
2025-10-19 02:32:38,372 - root - DEBUG - 加载设置: default_install_dir = C:\Users\15052\Desktop\BioNexus\BioNexus_1.2.2\installed_tools
2025-10-19 02:32:38,372 - root - DEBUG - 加载设置: conda_env_path = C:\Users\15052\Desktop\BioNexus\BioNexus_1.2.2\envs_cache
2025-10-19 02:32:38,372 - root - DEBUG - 加载设置: use_mirror_source = False
2025-10-19 02:32:38,372 - root - DEBUG - 加载设置: keep_install_cache = False
2025-10-19 02:32:38,372 - root - DEBUG - 加载设置: favorite_tools = []
2025-10-19 02:32:38,372 - root - INFO - 加载收藏列表: 0 个工具
2025-10-19 02:32:38,373 - root - INFO - 工具数据已从 C:\Users\15052\.bionexus\tools.json 加载成功
2025-10-19 02:32:38,374 - root - INFO - 初始化收藏列表: []
2025-10-19 02:32:38,369 - BioNexus.runtime - INFO - 开始验证FastQC安装: C:\Users\15052\Desktop\BioNexus\BioNexus_1.2.2\installed_tools\FastQC
2025-10-19 02:32:38,376 - root - INFO - 加载配置文件: C:\Users\15052\.bionexus\config.json
2025-10-19 02:32:38,376 - root - DEBUG - 加载设置: auto_update = True
2025-10-19 02:32:38,377 - root - DEBUG - 加载设置: check_tool_status_on_startup = True
2025-10-19 02:32:38,377 - root - DEBUG - 加载设置: show_detailed_install_log = True
2025-10-19 02:32:38,377 - root - DEBUG - 加载设置: language = zh_CN
2025-10-19 02:32:38,377 - root - DEBUG - 加载设置: tool_update = {'update_mode': 'manual', 'check_frequency': 1, 'show_notification': True, 'last_check': None}
2025-10-19 02:32:38,377 - root - DEBUG - 加载设置: default_install_dir = C:\Users\15052\Desktop\BioNexus\BioNexus_1.2.2\installed_tools
2025-10-19 02:32:38,377 - root - DEBUG - 加载设置: conda_env_path = C:\Users\15052\Desktop\BioNexus\BioNexus_1.2.2\envs_cache
2025-10-19 02:32:38,377 - root - DEBUG - 加载设置: use_mirror_source = False
2025-10-19 02:32:38,377 - root - DEBUG - 加载设置: keep_install_cache = False
2025-10-19 02:32:38,378 - root - DEBUG - 加载设置: favorite_tools = []
2025-10-19 02:32:38,378 - root - INFO - 加载收藏列表: 0 个工具
2025-10-19 02:32:38,378 - root - INFO - 工具数据已从 C:\Users\15052\.bionexus\tools.json 加载成功
2025-10-19 02:32:38,379 - root - INFO - 初始化收藏列表: []
2025-10-19 02:32:38,375 - BioNexus.runtime - INFO - FastQC验证失败: 安装目录不存在 - C:\Users\15052\Desktop\BioNexus\BioNexus_1.2.2\installed_tools\FastQC
2025-10-19 02:32:38,380 - root - INFO - 加载配置文件: C:\Users\15052\.bionexus\config.json
2025-10-19 02:32:38,381 - root - DEBUG - 加载设置: auto_update = True
2025-10-19 02:32:38,381 - root - DEBUG - 加载设置: check_tool_status_on_startup = True
2025-10-19 02:32:38,381 - root - DEBUG - 加载设置: show_detailed_install_log = True
2025-10-19 02:32:38,381 - root - DEBUG - 加载设置: language = zh_CN
2025-10-19 02:32:38,381 - root - DEBUG - 加载设置: tool_update = {'update_mode': 'manual', 'check_frequency': 1, 'show_notification': True, 'last_check': None}
2025-10-19 02:32:38,381 - root - DEBUG - 加载设置: default_install_dir = C:\Users\15052\Desktop\BioNexus\BioNexus_1.2.2\installed_tools
2025-10-19 02:32:38,381 - root - DEBUG - 加载设置: conda_env_path = C:\Users\15052\Desktop\BioNexus\BioNexus_1.2.2\envs_cache
2025-10-19 02:32:38,381 - root - DEBUG - 加载设置: use_mirror_source = False
2025-10-19 02:32:38,381 - root - DEBUG - 加载设置: keep_install_cache = False
2025-10-19 02:32:38,381 - root - DEBUG - 加载设置: favorite_tools = []
2025-10-19 02:32:38,381 - root - INFO - 加载收藏列表: 0 个工具
2025-10-19 02:32:38,382 - root - INFO - 工具数据已从 C:\Users\15052\.bionexus\tools.json 加载成功
2025-10-19 02:32:38,382 - root - INFO - 初始化收藏列表: []
2025-10-19 02:32:38,380 - BioNexus.runtime - INFO - 开始验证IGV安装: C:\Users\15052\Desktop\BioNexus\BioNexus_1.2.2\installed_tools\IGV
2025-10-19 02:32:38,384 - root - INFO - 加载配置文件: C:\Users\15052\.bionexus\config.json
2025-10-19 02:32:38,384 - root - DEBUG - 加载设置: auto_update = True
2025-10-19 02:32:38,384 - root - DEBUG - 加载设置: check_tool_status_on_startup = True
2025-10-19 02:32:38,384 - root - DEBUG - 加载设置: show_detailed_install_log = True
2025-10-19 02:32:38,384 - root - DEBUG - 加载设置: language = zh_CN
2025-10-19 02:32:38,384 - root - DEBUG - 加载设置: tool_update = {'update_mode': 'manual', 'check_frequency': 1, 'show_notification': True, 'last_check': None}
2025-10-19 02:32:38,385 - root - DEBUG - 加载设置: default_install_dir = C:\Users\15052\Desktop\BioNexus\BioNexus_1.2.2\installed_tools
2025-10-19 02:32:38,385 - root - DEBUG - 加载设置: conda_env_path = C:\Users\15052\Desktop\BioNexus\BioNexus_1.2.2\envs_cache
2025-10-19 02:32:38,385 - root - DEBUG - 加载设置: use_mirror_source = False
2025-10-19 02:32:38,385 - root - DEBUG - 加载设置: keep_install_cache = False
2025-10-19 02:32:38,385 - root - DEBUG - 加载设置: favorite_tools = []
2025-10-19 02:32:38,385 - root - INFO - 加载收藏列表: 0 个工具
2025-10-19 02:32:38,386 - root - INFO - 工具数据已从 C:\Users\15052\.bionexus\tools.json 加载成功
2025-10-19 02:32:38,386 - root - INFO - 初始化收藏列表: []
2025-10-19 02:32:38,383 - BioNexus.runtime - INFO - IGV验证失败: 安装目录不存在 - C:\Users\15052\Desktop\BioNexus\BioNexus_1.2.2\installed_tools\IGV
2025-10-19 02:32:38,401 - root - INFO - 加载配置文件: C:\Users\15052\.bionexus\config.json
2025-10-19 02:32:38,401 - root - DEBUG - 加载设置: auto_update = True
2025-10-19 02:32:38,401 - root - DEBUG - 加载设置: check_tool_status_on_startup = True
2025-10-19 02:32:38,401 - root - DEBUG - 加载设置: show_detailed_install_log = True
2025-10-19 02:32:38,401 - root - DEBUG - 加载设置: language = zh_CN
2025-10-19 02:32:38,401 - root - DEBUG - 加载设置: tool_update = {'update_mode': 'manual', 'check_frequency': 1, 'show_notification': True, 'last_check': None}
2025-10-19 02:32:38,401 - root - DEBUG - 加载设置: default_install_dir = C:\Users\15052\Desktop\BioNexus\BioNexus_1.2.2\installed_tools
2025-10-19 02:32:38,401 - root - DEBUG - 加载设置: conda_env_path = C:\Users\15052\Desktop\BioNexus\BioNexus_1.2.2\envs_cache
2025-10-19 02:32:38,401 - root - DEBUG - 加载设置: use_mirror_source = False
2025-10-19 02:32:38,401 - root - DEBUG - 加载设置: keep_install_cache = False
2025-10-19 02:32:38,401 - root - DEBUG - 加载设置: favorite_tools = []
2025-10-19 02:32:38,401 - root - INFO - 加载收藏列表: 0 个工具
2025-10-19 02:32:38,402 - root - INFO - 工具数据已从 C:\Users\15052\.bionexus\tools.json 加载成功
2025-10-19 02:32:38,402 - root - INFO - 初始化收藏列表: []
2025-10-19 02:32:38,400 - BioNexus.runtime - INFO - 性能: 应用筛选条件 用时 0.000s
2025-10-19 02:32:38,404 - root - INFO - 加载配置文件: C:\Users\15052\.bionexus\config.json
2025-10-19 02:32:38,404 - root - DEBUG - 加载设置: auto_update = True
2025-10-19 02:32:38,404 - root - DEBUG - 加载设置: check_tool_status_on_startup = True
2025-10-19 02:32:38,404 - root - DEBUG - 加载设置: show_detailed_install_log = True
2025-10-19 02:32:38,404 - root - DEBUG - 加载设置: language = zh_CN
2025-10-19 02:32:38,404 - root - DEBUG - 加载设置: tool_update = {'update_mode': 'manual', 'check_frequency': 1, 'show_notification': True, 'last_check': None}
2025-10-19 02:32:38,404 - root - DEBUG - 加载设置: default_install_dir = C:\Users\15052\Desktop\BioNexus\BioNexus_1.2.2\installed_tools
2025-10-19 02:32:38,404 - root - DEBUG - 加载设置: conda_env_path = C:\Users\15052\Desktop\BioNexus\BioNexus_1.2.2\envs_cache
2025-10-19 02:32:38,404 - root - DEBUG - 加载设置: use_mirror_source = False
2025-10-19 02:32:38,404 - root - DEBUG - 加载设置: keep_install_cache = False
2025-10-19 02:32:38,405 - root - DEBUG - 加载设置: favorite_tools = []
2025-10-19 02:32:38,405 - root - INFO - 加载收藏列表: 0 个工具
2025-10-19 02:32:38,405 - root - INFO - 工具数据已从 C:\Users\15052\.bionexus\tools.json 加载成功
2025-10-19 02:32:38,406 - root - INFO - 初始化收藏列表: []
2025-10-19 02:32:38,403 - BioNexus.runtime - INFO - 性能: 更新工具显示 用时 0.034s
2025-10-19 02:32:38,408 - root - INFO - 加载配置文件: C:\Users\15052\.bionexus\config.json
2025-10-19 02:32:38,408 - root - DEBUG - 加载设置: auto_update = True
2025-10-19 02:32:38,408 - root - DEBUG - 加载设置: check_tool_status_on_startup = True
2025-10-19 02:32:38,408 - root - DEBUG - 加载设置: show_detailed_install_log = True
2025-10-19 02:32:38,408 - root - DEBUG - 加载设置: language = zh_CN
2025-10-19 02:32:38,408 - root - DEBUG - 加载设置: tool_update = {'update_mode': 'manual', 'check_frequency': 1, 'show_notification': True, 'last_check': None}
2025-10-19 02:32:38,408 - root - DEBUG - 加载设置: default_install_dir = C:\Users\15052\Desktop\BioNexus\BioNexus_1.2.2\installed_tools
2025-10-19 02:32:38,409 - root - DEBUG - 加载设置: conda_env_path = C:\Users\15052\Desktop\BioNexus\BioNexus_1.2.2\envs_cache
2025-10-19 02:32:38,409 - root - DEBUG - 加载设置: use_mirror_source = False
2025-10-19 02:32:38,409 - root - DEBUG - 加载设置: keep_install_cache = False
2025-10-19 02:32:38,409 - root - DEBUG - 加载设置: favorite_tools = []
2025-10-19 02:32:38,409 - root - INFO - 加载收藏列表: 0 个工具
2025-10-19 02:32:38,409 - root - INFO - 工具数据已从 C:\Users\15052\.bionexus\tools.json 加载成功
2025-10-19 02:32:38,410 - root - INFO - 初始化收藏列表: []
2025-10-19 02:32:38,411 - root - INFO - 加载配置文件: C:\Users\15052\.bionexus\config.json
2025-10-19 02:32:38,412 - root - DEBUG - 加载设置: auto_update = True
2025-10-19 02:32:38,412 - root - DEBUG - 加载设置: check_tool_status_on_startup = True
2025-10-19 02:32:38,412 - root - DEBUG - 加载设置: show_detailed_install_log = True
2025-10-19 02:32:38,412 - root - DEBUG - 加载设置: language = zh_CN
2025-10-19 02:32:38,412 - root - DEBUG - 加载设置: tool_update = {'update_mode': 'manual', 'check_frequency': 1, 'show_notification': True, 'last_check': None}
2025-10-19 02:32:38,412 - root - DEBUG - 加载设置: default_install_dir = C:\Users\15052\Desktop\BioNexus\BioNexus_1.2.2\installed_tools
2025-10-19 02:32:38,412 - root - DEBUG - 加载设置: conda_env_path = C:\Users\15052\Desktop\BioNexus\BioNexus_1.2.2\envs_cache
2025-10-19 02:32:38,412 - root - DEBUG - 加载设置: use_mirror_source = False
2025-10-19 02:32:38,412 - root - DEBUG - 加载设置: keep_install_cache = False
2025-10-19 02:32:38,412 - root - DEBUG - 加载设置: favorite_tools = []
2025-10-19 02:32:38,412 - root - INFO - 加载收藏列表: 0 个工具
2025-10-19 02:32:38,413 - root - INFO - 工具数据已从 C:\Users\15052\.bionexus\tools.json 加载成功
2025-10-19 02:32:38,413 - root - INFO - 初始化收藏列表: []
2025-10-19 02:32:38,411 - BioNexus.runtime - INFO - 开始验证FastQC安装: C:\Users\15052\Desktop\BioNexus\BioNexus_1.2.2\installed_tools\FastQC
2025-10-19 02:32:38,415 - root - INFO - 加载配置文件: C:\Users\15052\.bionexus\config.json
2025-10-19 02:32:38,415 - root - DEBUG - 加载设置: auto_update = True
2025-10-19 02:32:38,415 - root - DEBUG - 加载设置: check_tool_status_on_startup = True
2025-10-19 02:32:38,415 - root - DEBUG - 加载设置: show_detailed_install_log = True
2025-10-19 02:32:38,415 - root - DEBUG - 加载设置: language = zh_CN
2025-10-19 02:32:38,415 - root - DEBUG - 加载设置: tool_update = {'update_mode': 'manual', 'check_frequency': 1, 'show_notification': True, 'last_check': None}
2025-10-19 02:32:38,415 - root - DEBUG - 加载设置: default_install_dir = C:\Users\15052\Desktop\BioNexus\BioNexus_1.2.2\installed_tools
2025-10-19 02:32:38,415 - root - DEBUG - 加载设置: conda_env_path = C:\Users\15052\Desktop\BioNexus\BioNexus_1.2.2\envs_cache
2025-10-19 02:32:38,415 - root - DEBUG - 加载设置: use_mirror_source = False
2025-10-19 02:32:38,416 - root - DEBUG - 加载设置: keep_install_cache = False
2025-10-19 02:32:38,416 - root - DEBUG - 加载设置: favorite_tools = []
2025-10-19 02:32:38,416 - root - INFO - 加载收藏列表: 0 个工具
2025-10-19 02:32:38,416 - root - INFO - 工具数据已从 C:\Users\15052\.bionexus\tools.json 加载成功
2025-10-19 02:32:38,416 - root - INFO - 初始化收藏列表: []
2025-10-19 02:32:38,414 - BioNexus.runtime - INFO - FastQC验证失败: 安装目录不存在 - C:\Users\15052\Desktop\BioNexus\BioNexus_1.2.2\installed_tools\FastQC
2025-10-19 02:32:38,418 - root - INFO - 加载配置文件: C:\Users\15052\.bionexus\config.json
2025-10-19 02:32:38,418 - root - DEBUG - 加载设置: auto_update = True
2025-10-19 02:32:38,418 - root - DEBUG - 加载设置: check_tool_status_on_startup = True
2025-10-19 02:32:38,418 - root - DEBUG - 加载设置: show_detailed_install_log = True
2025-10-19 02:32:38,418 - root - DEBUG - 加载设置: language = zh_CN
2025-10-19 02:32:38,418 - root - DEBUG - 加载设置: tool_update = {'update_mode': 'manual', 'check_frequency': 1, 'show_notification': True, 'last_check': None}
2025-10-19 02:32:38,419 - root - DEBUG - 加载设置: default_install_dir = C:\Users\15052\Desktop\BioNexus\BioNexus_1.2.2\installed_tools
2025-10-19 02:32:38,419 - root - DEBUG - 加载设置: conda_env_path = C:\Users\15052\Desktop\BioNexus\BioNexus_1.2.2\envs_cache
2025-10-19 02:32:38,419 - root - DEBUG - 加载设置: use_mirror_source = False
2025-10-19 02:32:38,419 - root - DEBUG - 加载设置: keep_install_cache = False
2025-10-19 02:32:38,419 - root - DEBUG - 加载设置: favorite_tools = []
2025-10-19 02:32:38,419 - root - INFO - 加载收藏列表: 0 个工具
2025-10-19 02:32:38,420 - root - INFO - 工具数据已从 C:\Users\15052\.bionexus\tools.json 加载成功
2025-10-19 02:32:38,420 - root - INFO - 初始化收藏列表: []
2025-10-19 02:32:38,417 - BioNexus.runtime - INFO - 开始验证IGV安装: C:\Users\15052\Desktop\BioNexus\BioNexus_1.2.2\installed_tools\IGV
2025-10-19 02:32:38,421 - root - INFO - 加载配置文件: C:\Users\15052\.bionexus\config.json
2025-10-19 02:32:38,421 - root - DEBUG - 加载设置: auto_update = True
2025-10-19 02:32:38,421 - root - DEBUG - 加载设置: check_tool_status_on_startup = True
2025-10-19 02:32:38,421 - root - DEBUG - 加载设置: show_detailed_install_log = True
2025-10-19 02:32:38,421 - root - DEBUG - 加载设置: language = zh_CN
2025-10-19 02:32:38,421 - root - DEBUG - 加载设置: tool_update = {'update_mode': 'manual', 'check_frequency': 1, 'show_notification': True, 'last_check': None}
2025-10-19 02:32:38,421 - root - DEBUG - 加载设置: default_install_dir = C:\Users\15052\Desktop\BioNexus\BioNexus_1.2.2\installed_tools
2025-10-19 02:32:38,421 - root - DEBUG - 加载设置: conda_env_path = C:\Users\15052\Desktop\BioNexus\BioNexus_1.2.2\envs_cache
2025-10-19 02:32:38,421 - root - DEBUG - 加载设置: use_mirror_source = False
2025-10-19 02:32:38,421 - root - DEBUG - 加载设置: keep_install_cache = False
2025-10-19 02:32:38,421 - root - DEBUG - 加载设置: favorite_tools = []
2025-10-19 02:32:38,422 - root - INFO - 加载收藏列表: 0 个工具
2025-10-19 02:32:38,422 - root - INFO - 工具数据已从 C:\Users\15052\.bionexus\tools.json 加载成功
2025-10-19 02:32:38,422 - root - INFO - 初始化收藏列表: []
2025-10-19 02:32:38,420 - BioNexus.runtime - INFO - IGV验证失败: 安装目录不存在 - C:\Users\15052\Desktop\BioNexus\BioNexus_1.2.2\installed_tools\IGV
2025-10-19 02:32:38,429 - root - INFO - 加载配置文件: C:\Users\15052\.bionexus\config.json
2025-10-19 02:32:38,429 - root - DEBUG - 加载设置: auto_update = True
2025-10-19 02:32:38,429 - root - DEBUG - 加载设置: check_tool_status_on_startup = True
2025-10-19 02:32:38,429 - root - DEBUG - 加载设置: show_detailed_install_log = True
2025-10-19 02:32:38,429 - root - DEBUG - 加载设置: language = zh_CN
2025-10-19 02:32:38,429 - root - DEBUG - 加载设置: tool_update = {'update_mode': 'manual', 'check_frequency': 1, 'show_notification': True, 'last_check': None}
2025-10-19 02:32:38,429 - root - DEBUG - 加载设置: default_install_dir = C:\Users\15052\Desktop\BioNexus\BioNexus_1.2.2\installed_tools
2025-10-19 02:32:38,429 - root - DEBUG - 加载设置: conda_env_path = C:\Users\15052\Desktop\BioNexus\BioNexus_1.2.2\envs_cache
2025-10-19 02:32:38,429 - root - DEBUG - 加载设置: use_mirror_source = False
2025-10-19 02:32:38,429 - root - DEBUG - 加载设置: keep_install_cache = False
2025-10-19 02:32:38,430 - root - DEBUG - 加载设置: favorite_tools = []
2025-10-19 02:32:38,430 - root - INFO - 加载收藏列表: 0 个工具
2025-10-19 02:32:38,430 - root - INFO - 工具数据已从 C:\Users\15052\.bionexus\tools.json 加载成功
2025-10-19 02:32:38,430 - root - INFO - 初始化收藏列表: []
2025-10-19 02:32:38,428 - BioNexus.runtime - INFO - 性能: 应用筛选条件 用时 0.000s
2025-10-19 02:32:38,431 - root - INFO - 加载配置文件: C:\Users\15052\.bionexus\config.json
2025-10-19 02:32:38,431 - root - DEBUG - 加载设置: auto_update = True
2025-10-19 02:32:38,432 - root - DEBUG - 加载设置: check_tool_status_on_startup = True
2025-10-19 02:32:38,432 - root - DEBUG - 加载设置: show_detailed_install_log = True
2025-10-19 02:32:38,432 - root - DEBUG - 加载设置: language = zh_CN
2025-10-19 02:32:38,432 - root - DEBUG - 加载设置: tool_update = {'update_mode': 'manual', 'check_frequency': 1, 'show_notification': True, 'last_check': None}
2025-10-19 02:32:38,432 - root - DEBUG - 加载设置: default_install_dir = C:\Users\15052\Desktop\BioNexus\BioNexus_1.2.2\installed_tools
2025-10-19 02:32:38,432 - root - DEBUG - 加载设置: conda_env_path = C:\Users\15052\Desktop\BioNexus\BioNexus_1.2.2\envs_cache
2025-10-19 02:32:38,432 - root - DEBUG - 加载设置: use_mirror_source = False
2025-10-19 02:32:38,432 - root - DEBUG - 加载设置: keep_install_cache = False
2025-10-19 02:32:38,432 - root - DEBUG - 加载设置: favorite_tools = []
2025-10-19 02:32:38,432 - root - INFO - 加载收藏列表: 0 个工具
2025-10-19 02:32:38,432 - root - INFO - 工具数据已从 C:\Users\15052\.bionexus\tools.json 加载成功
2025-10-19 02:32:38,433 - root - INFO - 初始化收藏列表: []
2025-10-19 02:32:38,431 - BioNexus.runtime - INFO - 性能: 更新工具显示 用时 0.020s
2025-10-19 02:32:38,435 - root - INFO - 加载配置文件: C:\Users\15052\.bionexus\config.json
2025-10-19 02:32:38,435 - root - DEBUG - 加载设置: auto_update = True
2025-10-19 02:32:38,435 - root - DEBUG - 加载设置: check_tool_status_on_startup = True
2025-10-19 02:32:38,435 - root - DEBUG - 加载设置: show_detailed_install_log = True
2025-10-19 02:32:38,435 - root - DEBUG - 加载设置: language = zh_CN
2025-10-19 02:32:38,435 - root - DEBUG - 加载设置: tool_update = {'update_mode': 'manual', 'check_frequency': 1, 'show_notification': True, 'last_check': None}
2025-10-19 02:32:38,435 - root - DEBUG - 加载设置: default_install_dir = C:\Users\15052\Desktop\BioNexus\BioNexus_1.2.2\installed_tools
2025-10-19 02:32:38,435 - root - DEBUG - 加载设置: conda_env_path = C:\Users\15052\Desktop\BioNexus\BioNexus_1.2.2\envs_cache
2025-10-19 02:32:38,435 - root - DEBUG - 加载设置: use_mirror_source = False
2025-10-19 02:32:38,435 - root - DEBUG - 加载设置: keep_install_cache = False
2025-10-19 02:32:38,435 - root - DEBUG - 加载设置: favorite_tools = []
2025-10-19 02:32:38,435 - root - INFO - 加载收藏列表: 0 个工具
2025-10-19 02:32:38,436 - root - INFO - 工具数据已从 C:\Users\15052\.bionexus\tools.json 加载成功
2025-10-19 02:32:38,436 - root - INFO - 初始化收藏列表: []
2025-10-19 02:32:38,434 - BioNexus.runtime - INFO - 性能: 视图切换 用时 0.027s
2025-10-19 02:32:38,437 - root - INFO - 加载配置文件: C:\Users\15052\.bionexus\config.json
2025-10-19 02:32:38,437 - root - DEBUG - 加载设置: auto_update = True
2025-10-19 02:32:38,437 - root - DEBUG - 加载设置: check_tool_status_on_startup = True
2025-10-19 02:32:38,437 - root - DEBUG - 加载设置: show_detailed_install_log = True
2025-10-19 02:32:38,437 - root - DEBUG - 加载设置: language = zh_CN
2025-10-19 02:32:38,437 - root - DEBUG - 加载设置: tool_update = {'update_mode': 'manual', 'check_frequency': 1, 'show_notification': True, 'last_check': None}
2025-10-19 02:32:38,437 - root - DEBUG - 加载设置: default_install_dir = C:\Users\15052\Desktop\BioNexus\BioNexus_1.2.2\installed_tools
2025-10-19 02:32:38,437 - root - DEBUG - 加载设置: conda_env_path = C:\Users\15052\Desktop\BioNexus\BioNexus_1.2.2\envs_cache
2025-10-19 02:32:38,438 - root - DEBUG - 加载设置: use_mirror_source = False
2025-10-19 02:32:38,438 - root - DEBUG - 加载设置: keep_install_cache = False
2025-10-19 02:32:38,438 - root - DEBUG - 加载设置: favorite_tools = []
2025-10-19 02:32:38,439 - root - INFO - 加载收藏列表: 0 个工具
2025-10-19 02:32:38,441 - root - INFO - 工具数据已从 C:\Users\15052\.bionexus\tools.json 加载成功
2025-10-19 02:32:38,441 - root - INFO - 初始化收藏列表: []
2025-10-19 02:32:38,436 - BioNexus.runtime - INFO - 开始检查工具更新 (手动: False)
2025-10-19 02:32:38,477 - root - INFO - 加载配置文件: C:\Users\15052\.bionexus\config.json
2025-10-19 02:32:38,477 - root - DEBUG - 加载设置: auto_update = True
2025-10-19 02:32:38,590 - root - DEBUG - 加载设置: check_tool_status_on_startup = True
2025-10-19 02:32:38,591 - root - DEBUG - 加载设置: show_detailed_install_log = True
2025-10-19 02:32:38,591 - root - DEBUG - 加载设置: language = zh_CN
2025-10-19 02:32:38,591 - root - DEBUG - 加载设置: tool_update = {'update_mode': 'manual', 'check_frequency': 1, 'show_notification': True, 'last_check': None}
2025-10-19 02:32:38,633 - root - DEBUG - 加载设置: default_install_dir = C:\Users\15052\Desktop\BioNexus\BioNexus_1.2.2\installed_tools
2025-10-19 02:32:38,640 - root - DEBUG - 加载设置: conda_env_path = C:\Users\15052\Desktop\BioNexus\BioNexus_1.2.2\envs_cache
2025-10-19 02:32:38,640 - root - DEBUG - 加载设置: use_mirror_source = False
2025-10-19 02:32:38,673 - root - DEBUG - 加载设置: keep_install_cache = False
2025-10-19 02:32:38,689 - root - DEBUG - 加载设置: favorite_tools = []
2025-10-19 02:32:38,692 - root - INFO - 加载收藏列表: 0 个工具
2025-10-19 02:32:38,698 - root - INFO - 工具数据已从 C:\Users\15052\.bionexus\tools.json 加载成功
2025-10-19 02:32:38,707 - root - INFO - 初始化收藏列表: []
2025-10-19 02:32:38,442 - BioNexus.runtime - INFO - 开始验证FastQC安装: C:\Users\15052\Desktop\BioNexus\BioNexus_1.2.2\installed_tools\FastQC
2025-10-19 02:32:38,716 - root - INFO - 加载配置文件: C:\Users\15052\.bionexus\config.json
2025-10-19 02:32:38,716 - root - DEBUG - 加载设置: auto_update = True
2025-10-19 02:32:38,716 - root - DEBUG - 加载设置: check_tool_status_on_startup = True
2025-10-19 02:32:38,716 - root - DEBUG - 加载设置: show_detailed_install_log = True
2025-10-19 02:32:38,716 - root - DEBUG - 加载设置: language = zh_CN
2025-10-19 02:32:38,717 - root - DEBUG - 加载设置: tool_update = {'update_mode': 'manual', 'check_frequency': 1, 'show_notification': True, 'last_check': None}
2025-10-19 02:32:38,717 - root - DEBUG - 加载设置: default_install_dir = C:\Users\15052\Desktop\BioNexus\BioNexus_1.2.2\installed_tools
2025-10-19 02:32:38,718 - root - DEBUG - 加载设置: conda_env_path = C:\Users\15052\Desktop\BioNexus\BioNexus_1.2.2\envs_cache
2025-10-19 02:32:38,720 - root - DEBUG - 加载设置: use_mirror_source = False
2025-10-19 02:32:38,720 - root - DEBUG - 加载设置: keep_install_cache = False
2025-10-19 02:32:38,720 - root - DEBUG - 加载设置: favorite_tools = []
2025-10-19 02:32:38,720 - root - INFO - 加载收藏列表: 0 个工具
2025-10-19 02:32:38,723 - root - INFO - 工具数据已从 C:\Users\15052\.bionexus\tools.json 加载成功
2025-10-19 02:32:38,731 - root - INFO - 初始化收藏列表: []
2025-10-19 02:32:38,712 - BioNexus.runtime - INFO - FastQC验证失败: 安装目录不存在 - C:\Users\15052\Desktop\BioNexus\BioNexus_1.2.2\installed_tools\FastQC
2025-10-19 02:32:38,735 - root - INFO - 加载配置文件: C:\Users\15052\.bionexus\config.json
2025-10-19 02:32:38,738 - root - DEBUG - 加载设置: auto_update = True
2025-10-19 02:32:38,738 - root - DEBUG - 加载设置: check_tool_status_on_startup = True
2025-10-19 02:32:38,740 - root - DEBUG - 加载设置: show_detailed_install_log = True
2025-10-19 02:32:38,740 - root - DEBUG - 加载设置: language = zh_CN
2025-10-19 02:32:38,740 - root - DEBUG - 加载设置: tool_update = {'update_mode': 'manual', 'check_frequency': 1, 'show_notification': True, 'last_check': None}
2025-10-19 02:32:38,741 - root - DEBUG - 加载设置: default_install_dir = C:\Users\15052\Desktop\BioNexus\BioNexus_1.2.2\installed_tools
2025-10-19 02:32:38,741 - root - DEBUG - 加载设置: conda_env_path = C:\Users\15052\Desktop\BioNexus\BioNexus_1.2.2\envs_cache
2025-10-19 02:32:38,741 - root - DEBUG - 加载设置: use_mirror_source = False
2025-10-19 02:32:38,741 - root - DEBUG - 加载设置: keep_install_cache = False
2025-10-19 02:32:38,744 - root - DEBUG - 加载设置: favorite_tools = []
2025-10-19 02:32:38,744 - root - INFO - 加载收藏列表: 0 个工具
2025-10-19 02:32:38,747 - root - INFO - 工具数据已从 C:\Users\15052\.bionexus\tools.json 加载成功
2025-10-19 02:32:38,748 - root - INFO - 初始化收藏列表: []
2025-10-19 02:32:38,732 - BioNexus.runtime - INFO - 开始验证IGV安装: C:\Users\15052\Desktop\BioNexus\BioNexus_1.2.2\installed_tools\IGV
2025-10-19 02:32:38,752 - root - INFO - 加载配置文件: C:\Users\15052\.bionexus\config.json
2025-10-19 02:32:38,752 - root - DEBUG - 加载设置: auto_update = True
2025-10-19 02:32:38,752 - root - DEBUG - 加载设置: check_tool_status_on_startup = True
2025-10-19 02:32:38,752 - root - DEBUG - 加载设置: show_detailed_install_log = True
2025-10-19 02:32:38,754 - root - DEBUG - 加载设置: language = zh_CN
2025-10-19 02:32:38,755 - root - DEBUG - 加载设置: tool_update = {'update_mode': 'manual', 'check_frequency': 1, 'show_notification': True, 'last_check': None}
2025-10-19 02:32:38,755 - root - DEBUG - 加载设置: default_install_dir = C:\Users\15052\Desktop\BioNexus\BioNexus_1.2.2\installed_tools
2025-10-19 02:32:38,755 - root - DEBUG - 加载设置: conda_env_path = C:\Users\15052\Desktop\BioNexus\BioNexus_1.2.2\envs_cache
2025-10-19 02:32:38,757 - root - DEBUG - 加载设置: use_mirror_source = False
2025-10-19 02:32:38,757 - root - DEBUG - 加载设置: keep_install_cache = False
2025-10-19 02:32:38,757 - root - DEBUG - 加载设置: favorite_tools = []
2025-10-19 02:32:38,758 - root - INFO - 加载收藏列表: 0 个工具
2025-10-19 02:32:38,772 - root - INFO - 工具数据已从 C:\Users\15052\.bionexus\tools.json 加载成功
2025-10-19 02:32:38,772 - root - INFO - 初始化收藏列表: []
2025-10-19 02:32:38,749 - BioNexus.runtime - INFO - IGV验证失败: 安装目录不存在 - C:\Users\15052\Desktop\BioNexus\BioNexus_1.2.2\installed_tools\IGV
2025-10-19 02:32:38,774 - root - INFO - 加载配置文件: C:\Users\15052\.bionexus\config.json
2025-10-19 02:32:38,774 - root - DEBUG - 加载设置: auto_update = True
2025-10-19 02:32:38,774 - root - DEBUG - 加载设置: check_tool_status_on_startup = True
2025-10-19 02:32:38,774 - root - DEBUG - 加载设置: show_detailed_install_log = True
2025-10-19 02:32:38,774 - root - DEBUG - 加载设置: language = zh_CN
2025-10-19 02:32:38,774 - root - DEBUG - 加载设置: tool_update = {'update_mode': 'manual', 'check_frequency': 1, 'show_notification': True, 'last_check': None}
2025-10-19 02:32:38,774 - root - DEBUG - 加载设置: default_install_dir = C:\Users\15052\Desktop\BioNexus\BioNexus_1.2.2\installed_tools
2025-10-19 02:32:38,775 - root - DEBUG - 加载设置: conda_env_path = C:\Users\15052\Desktop\BioNexus\BioNexus_1.2.2\envs_cache
2025-10-19 02:32:38,775 - root - DEBUG - 加载设置: use_mirror_source = False
2025-10-19 02:32:38,775 - root - DEBUG - 加载设置: keep_install_cache = False
2025-10-19 02:32:38,775 - root - DEBUG - 加载设置: favorite_tools = []
2025-10-19 02:32:38,775 - root - INFO - 加载收藏列表: 0 个工具
2025-10-19 02:32:38,775 - root - INFO - 工具数据已从 C:\Users\15052\.bionexus\tools.json 加载成功
2025-10-19 02:32:38,776 - root - INFO - 初始化收藏列表: []
2025-10-19 02:32:38,778 - root - INFO - 加载配置文件: C:\Users\15052\.bionexus\config.json
2025-10-19 02:32:38,778 - root - DEBUG - 加载设置: auto_update = True
2025-10-19 02:32:38,778 - root - DEBUG - 加载设置: check_tool_status_on_startup = True
2025-10-19 02:32:38,778 - root - DEBUG - 加载设置: show_detailed_install_log = True
2025-10-19 02:32:38,778 - root - DEBUG - 加载设置: language = zh_CN
2025-10-19 02:32:38,778 - root - DEBUG - 加载设置: tool_update = {'update_mode': 'manual', 'check_frequency': 1, 'show_notification': True, 'last_check': None}
2025-10-19 02:32:38,778 - root - DEBUG - 加载设置: default_install_dir = C:\Users\15052\Desktop\BioNexus\BioNexus_1.2.2\installed_tools
2025-10-19 02:32:38,778 - root - DEBUG - 加载设置: conda_env_path = C:\Users\15052\Desktop\BioNexus\BioNexus_1.2.2\envs_cache
2025-10-19 02:32:38,778 - root - DEBUG - 加载设置: use_mirror_source = False
2025-10-19 02:32:38,778 - root - DEBUG - 加载设置: keep_install_cache = False
2025-10-19 02:32:38,778 - root - DEBUG - 加载设置: favorite_tools = []
2025-10-19 02:32:38,778 - root - INFO - 加载收藏列表: 0 个工具
2025-10-19 02:32:38,779 - root - INFO - 工具数据已从 C:\Users\15052\.bionexus\tools.json 加载成功
2025-10-19 02:32:38,779 - root - INFO - 初始化收藏列表: []
2025-10-19 02:32:38,773 - BioNexus.runtime - INFO - 没有已安装的工具需要检查更新
2025-10-19 02:32:38,831 - root - INFO - 加载配置文件: C:\Users\15052\.bionexus\config.json
2025-10-19 02:32:38,831 - root - DEBUG - 加载设置: auto_update = True
2025-10-19 02:32:38,831 - root - DEBUG - 加载设置: check_tool_status_on_startup = True
2025-10-19 02:32:38,831 - root - DEBUG - 加载设置: show_detailed_install_log = True
2025-10-19 02:32:38,831 - root - DEBUG - 加载设置: language = zh_CN
2025-10-19 02:32:38,831 - root - DEBUG - 加载设置: tool_update = {'update_mode': 'manual', 'check_frequency': 1, 'show_notification': True, 'last_check': None}
2025-10-19 02:32:38,831 - root - DEBUG - 加载设置: default_install_dir = C:\Users\15052\Desktop\BioNexus\BioNexus_1.2.2\installed_tools
2025-10-19 02:32:38,831 - root - DEBUG - 加载设置: conda_env_path = C:\Users\15052\Desktop\BioNexus\BioNexus_1.2.2\envs_cache
2025-10-19 02:32:38,831 - root - DEBUG - 加载设置: use_mirror_source = False
2025-10-19 02:32:38,831 - root - DEBUG - 加载设置: keep_install_cache = False
2025-10-19 02:32:38,831 - root - DEBUG - 加载设置: favorite_tools = []
2025-10-19 02:32:38,831 - root - INFO - 加载收藏列表: 0 个工具
2025-10-19 02:32:38,832 - root - INFO - 工具数据已从 C:\Users\15052\.bionexus\tools.json 加载成功
2025-10-19 02:32:38,832 - root - INFO - 初始化收藏列表: []
2025-10-19 02:32:38,829 - BioNexus.runtime - INFO - 工具更新检查完成: 发现0个更新
2025-10-19 02:32:38,900 - ui.storage_manager_widget - INFO - 存储分析完成，发现 0 个已安装工具
2025-10-19 02:32:41,039 - root - INFO - 加载配置文件: C:\Users\15052\.bionexus\config.json
2025-10-19 02:32:41,039 - root - DEBUG - 加载设置: auto_update = True
2025-10-19 02:32:41,039 - root - DEBUG - 加载设置: check_tool_status_on_startup = True
2025-10-19 02:32:41,039 - root - DEBUG - 加载设置: show_detailed_install_log = True
2025-10-19 02:32:41,039 - root - DEBUG - 加载设置: language = zh_CN
2025-10-19 02:32:41,039 - root - DEBUG - 加载设置: tool_update = {'update_mode': 'manual', 'check_frequency': 1, 'show_notification': True, 'last_check': None}
2025-10-19 02:32:41,039 - root - DEBUG - 加载设置: default_install_dir = C:\Users\15052\Desktop\BioNexus\BioNexus_1.2.2\installed_tools
2025-10-19 02:32:41,039 - root - DEBUG - 加载设置: conda_env_path = C:\Users\15052\Desktop\BioNexus\BioNexus_1.2.2\envs_cache
2025-10-19 02:32:41,039 - root - DEBUG - 加载设置: use_mirror_source = False
2025-10-19 02:32:41,039 - root - DEBUG - 加载设置: keep_install_cache = False
2025-10-19 02:32:41,039 - root - DEBUG - 加载设置: favorite_tools = []
2025-10-19 02:32:41,039 - root - INFO - 加载收藏列表: 0 个工具
2025-10-19 02:32:41,040 - root - INFO - 工具数据已从 C:\Users\15052\.bionexus\tools.json 加载成功
2025-10-19 02:32:41,040 - root - INFO - 初始化收藏列表: []
2025-10-19 02:32:41,042 - root - INFO - 加载配置文件: C:\Users\15052\.bionexus\config.json
2025-10-19 02:32:41,042 - root - DEBUG - 加载设置: auto_update = True
2025-10-19 02:32:41,042 - root - DEBUG - 加载设置: check_tool_status_on_startup = True
2025-10-19 02:32:41,042 - root - DEBUG - 加载设置: show_detailed_install_log = True
2025-10-19 02:32:41,042 - root - DEBUG - 加载设置: language = zh_CN
2025-10-19 02:32:41,042 - root - DEBUG - 加载设置: tool_update = {'update_mode': 'manual', 'check_frequency': 1, 'show_notification': True, 'last_check': None}
2025-10-19 02:32:41,042 - root - DEBUG - 加载设置: default_install_dir = C:\Users\15052\Desktop\BioNexus\BioNexus_1.2.2\installed_tools
2025-10-19 02:32:41,042 - root - DEBUG - 加载设置: conda_env_path = C:\Users\15052\Desktop\BioNexus\BioNexus_1.2.2\envs_cache
2025-10-19 02:32:41,042 - root - DEBUG - 加载设置: use_mirror_source = False
2025-10-19 02:32:41,042 - root - DEBUG - 加载设置: keep_install_cache = False
2025-10-19 02:32:41,042 - root - DEBUG - 加载设置: favorite_tools = []
2025-10-19 02:32:41,042 - root - INFO - 加载收藏列表: 0 个工具
2025-10-19 02:32:41,043 - root - INFO - 工具数据已从 C:\Users\15052\.bionexus\tools.json 加载成功
2025-10-19 02:32:41,043 - root - INFO - 初始化收藏列表: []
2025-10-19 02:32:41,053 - root - INFO - 加载配置文件: C:\Users\15052\.bionexus\config.json
2025-10-19 02:32:41,053 - root - DEBUG - 加载设置: auto_update = True
2025-10-19 02:32:41,053 - root - DEBUG - 加载设置: check_tool_status_on_startup = True
2025-10-19 02:32:41,053 - root - DEBUG - 加载设置: show_detailed_install_log = True
2025-10-19 02:32:41,053 - root - DEBUG - 加载设置: language = zh_CN
2025-10-19 02:32:41,053 - root - DEBUG - 加载设置: tool_update = {'update_mode': 'manual', 'check_frequency': 1, 'show_notification': True, 'last_check': None}
2025-10-19 02:32:41,053 - root - DEBUG - 加载设置: default_install_dir = C:\Users\15052\Desktop\BioNexus\BioNexus_1.2.2\installed_tools
2025-10-19 02:32:41,053 - root - DEBUG - 加载设置: conda_env_path = C:\Users\15052\Desktop\BioNexus\BioNexus_1.2.2\envs_cache
2025-10-19 02:32:41,053 - root - DEBUG - 加载设置: use_mirror_source = False
2025-10-19 02:32:41,053 - root - DEBUG - 加载设置: keep_install_cache = False
2025-10-19 02:32:41,053 - root - DEBUG - 加载设置: favorite_tools = []
2025-10-19 02:32:41,053 - root - INFO - 加载收藏列表: 0 个工具
2025-10-19 02:32:41,053 - root - INFO - 工具数据已从 C:\Users\15052\.bionexus\tools.json 加载成功
2025-10-19 02:32:41,054 - root - INFO - 初始化收藏列表: []
2025-10-19 02:32:41,052 - BioNexus.runtime - INFO - 性能: 视图切换 用时 0.014s
2025-10-19 02:32:55,497 - root - INFO - 加载配置文件: C:\Users\15052\.bionexus\config.json
2025-10-19 02:32:55,497 - root - DEBUG - 加载设置: auto_update = True
2025-10-19 02:32:55,498 - root - DEBUG - 加载设置: check_tool_status_on_startup = True
2025-10-19 02:32:55,498 - root - DEBUG - 加载设置: show_detailed_install_log = True
2025-10-19 02:32:55,498 - root - DEBUG - 加载设置: language = zh_CN
2025-10-19 02:32:55,498 - root - DEBUG - 加载设置: tool_update = {'update_mode': 'manual', 'check_frequency': 1, 'show_notification': True, 'last_check': None}
2025-10-19 02:32:55,498 - root - DEBUG - 加载设置: default_install_dir = C:\Users\15052\Desktop\BioNexus\BioNexus_1.2.2\installed_tools
2025-10-19 02:32:55,498 - root - DEBUG - 加载设置: conda_env_path = C:\Users\15052\Desktop\BioNexus\BioNexus_1.2.2\envs_cache
2025-10-19 02:32:55,498 - root - DEBUG - 加载设置: use_mirror_source = False
2025-10-19 02:32:55,498 - root - DEBUG - 加载设置: keep_install_cache = False
2025-10-19 02:32:55,498 - root - DEBUG - 加载设置: favorite_tools = []
2025-10-19 02:32:55,498 - root - INFO - 加载收藏列表: 0 个工具
2025-10-19 02:32:55,498 - root - INFO - 工具数据已从 C:\Users\15052\.bionexus\tools.json 加载成功
2025-10-19 02:32:55,499 - root - INFO - 初始化收藏列表: []
2025-10-19 02:32:55,499 - core.tool_manager - INFO - ToolManager cleanup completed
2025-10-19 02:32:55,525 - root - INFO - 加载配置文件: C:\Users\15052\.bionexus\config.json
2025-10-19 02:32:55,526 - root - DEBUG - 加载设置: auto_update = True
2025-10-19 02:32:55,526 - root - DEBUG - 加载设置: check_tool_status_on_startup = True
2025-10-19 02:32:55,526 - root - DEBUG - 加载设置: show_detailed_install_log = True
2025-10-19 02:32:55,526 - root - DEBUG - 加载设置: language = zh_CN
2025-10-19 02:32:55,526 - root - DEBUG - 加载设置: tool_update = {'update_mode': 'manual', 'check_frequency': 1, 'show_notification': True, 'last_check': None}
2025-10-19 02:32:55,526 - root - DEBUG - 加载设置: default_install_dir = C:\Users\15052\Desktop\BioNexus\BioNexus_1.2.2\installed_tools
2025-10-19 02:32:55,526 - root - DEBUG - 加载设置: conda_env_path = C:\Users\15052\Desktop\BioNexus\BioNexus_1.2.2\envs_cache
2025-10-19 02:32:55,526 - root - DEBUG - 加载设置: use_mirror_source = False
2025-10-19 02:32:55,526 - root - DEBUG - 加载设置: keep_install_cache = False
2025-10-19 02:32:55,526 - root - DEBUG - 加载设置: favorite_tools = []
2025-10-19 02:32:55,526 - root - INFO - 加载收藏列表: 0 个工具
2025-10-19 02:32:55,527 - root - INFO - 工具数据已从 C:\Users\15052\.bionexus\tools.json 加载成功
2025-10-19 02:32:55,527 - root - INFO - 初始化收藏列表: []
2025-10-19 02:32:55,525 - BioNexus.runtime - INFO - === 应用关闭 ===
2025-10-19 02:32:55,528 - root - INFO - 加载配置文件: C:\Users\15052\.bionexus\config.json
2025-10-19 02:32:55,528 - root - DEBUG - 加载设置: auto_update = True
2025-10-19 02:32:55,529 - root - DEBUG - 加载设置: check_tool_status_on_startup = True
2025-10-19 02:32:55,529 - root - DEBUG - 加载设置: show_detailed_install_log = True
2025-10-19 02:32:55,529 - root - DEBUG - 加载设置: language = zh_CN
2025-10-19 02:32:55,529 - root - DEBUG - 加载设置: tool_update = {'update_mode': 'manual', 'check_frequency': 1, 'show_notification': True, 'last_check': None}
2025-10-19 02:32:55,529 - root - DEBUG - 加载设置: default_install_dir = C:\Users\15052\Desktop\BioNexus\BioNexus_1.2.2\installed_tools
2025-10-19 02:32:55,529 - root - DEBUG - 加载设置: conda_env_path = C:\Users\15052\Desktop\BioNexus\BioNexus_1.2.2\envs_cache
2025-10-19 02:32:55,529 - root - DEBUG - 加载设置: use_mirror_source = False
2025-10-19 02:32:55,529 - root - DEBUG - 加载设置: keep_install_cache = False
2025-10-19 02:32:55,529 - root - DEBUG - 加载设置: favorite_tools = []
2025-10-19 02:32:55,529 - root - INFO - 加载收藏列表: 0 个工具
2025-10-19 02:32:55,529 - root - INFO - 工具数据已从 C:\Users\15052\.bionexus\tools.json 加载成功
2025-10-19 02:32:55,530 - root - INFO - 初始化收藏列表: []
2025-10-19 02:32:55,528 - BioNexus.runtime - INFO - 运行时长: 21.02s
2025-10-19 02:32:55,532 - root - INFO - 加载配置文件: C:\Users\15052\.bionexus\config.json
2025-10-19 02:32:55,532 - root - DEBUG - 加载设置: auto_update = True
2025-10-19 02:32:55,532 - root - DEBUG - 加载设置: check_tool_status_on_startup = True
2025-10-19 02:32:55,532 - root - DEBUG - 加载设置: show_detailed_install_log = True
2025-10-19 02:32:55,532 - root - DEBUG - 加载设置: language = zh_CN
2025-10-19 02:32:55,532 - root - DEBUG - 加载设置: tool_update = {'update_mode': 'manual', 'check_frequency': 1, 'show_notification': True, 'last_check': None}
2025-10-19 02:32:55,533 - root - DEBUG - 加载设置: default_install_dir = C:\Users\15052\Desktop\BioNexus\BioNexus_1.2.2\installed_tools
2025-10-19 02:32:55,533 - root - DEBUG - 加载设置: conda_env_path = C:\Users\15052\Desktop\BioNexus\BioNexus_1.2.2\envs_cache
2025-10-19 02:32:55,533 - root - DEBUG - 加载设置: use_mirror_source = False
2025-10-19 02:32:55,533 - root - DEBUG - 加载设置: keep_install_cache = False
2025-10-19 02:32:55,533 - root - DEBUG - 加载设置: favorite_tools = []
2025-10-19 02:32:55,533 - root - INFO - 加载收藏列表: 0 个工具
2025-10-19 02:32:55,534 - root - INFO - 工具数据已从 C:\Users\15052\.bionexus\tools.json 加载成功
2025-10-19 02:32:55,534 - root - INFO - 初始化收藏列表: []
2025-10-19 02:32:55,531 - BioNexus.runtime - INFO - 会话统计: {"start_time": "2025-10-19T02:32:34.504171", "operations_count": 5, "errors_count": 2, "installations": 0, "network_requests": 2, "end_time": "2025-10-19T02:32:55.525016", "runtime_seconds": 21.020845}
2025-10-19 02:32:55,536 - root - INFO - 加载配置文件: C:\Users\15052\.bionexus\config.json
2025-10-19 02:32:55,536 - root - DEBUG - 加载设置: auto_update = True
2025-10-19 02:32:55,536 - root - DEBUG - 加载设置: check_tool_status_on_startup = True
2025-10-19 02:32:55,536 - root - DEBUG - 加载设置: show_detailed_install_log = True
2025-10-19 02:32:55,536 - root - DEBUG - 加载设置: language = zh_CN
2025-10-19 02:32:55,536 - root - DEBUG - 加载设置: tool_update = {'update_mode': 'manual', 'check_frequency': 1, 'show_notification': True, 'last_check': None}
2025-10-19 02:32:55,536 - root - DEBUG - 加载设置: default_install_dir = C:\Users\15052\Desktop\BioNexus\BioNexus_1.2.2\installed_tools
2025-10-19 02:32:55,536 - root - DEBUG - 加载设置: conda_env_path = C:\Users\15052\Desktop\BioNexus\BioNexus_1.2.2\envs_cache
2025-10-19 02:32:55,536 - root - DEBUG - 加载设置: use_mirror_source = False
2025-10-19 02:32:55,536 - root - DEBUG - 加载设置: keep_install_cache = False
2025-10-19 02:32:55,536 - root - DEBUG - 加载设置: favorite_tools = []
2025-10-19 02:32:55,536 - root - INFO - 加载收藏列表: 0 个工具
2025-10-19 02:32:55,537 - root - INFO - 工具数据已从 C:\Users\15052\.bionexus\tools.json 加载成功
2025-10-19 02:32:55,537 - root - INFO - 初始化收藏列表: []
2025-10-19 02:32:55,535 - BioNexus.runtime - INFO - 会话日志已保存到: C:\Users\15052\Desktop\BioNexus\BioNexus_1.2.18\logs\2025-10-19\session_20251019_023234
2025-10-19 02:32:55,538 - root - INFO - 加载配置文件: C:\Users\15052\.bionexus\config.json
2025-10-19 02:32:55,538 - root - DEBUG - 加载设置: auto_update = True
2025-10-19 02:32:55,538 - root - DEBUG - 加载设置: check_tool_status_on_startup = True
2025-10-19 02:32:55,538 - root - DEBUG - 加载设置: show_detailed_install_log = True
2025-10-19 02:32:55,538 - root - DEBUG - 加载设置: language = zh_CN
2025-10-19 02:32:55,538 - root - DEBUG - 加载设置: tool_update = {'update_mode': 'manual', 'check_frequency': 1, 'show_notification': True, 'last_check': None}
2025-10-19 02:32:55,538 - root - DEBUG - 加载设置: default_install_dir = C:\Users\15052\Desktop\BioNexus\BioNexus_1.2.2\installed_tools
2025-10-19 02:32:55,538 - root - DEBUG - 加载设置: conda_env_path = C:\Users\15052\Desktop\BioNexus\BioNexus_1.2.2\envs_cache
2025-10-19 02:32:55,538 - root - DEBUG - 加载设置: use_mirror_source = False
2025-10-19 02:32:55,539 - root - DEBUG - 加载设置: keep_install_cache = False
2025-10-19 02:32:55,539 - root - DEBUG - 加载设置: favorite_tools = []
2025-10-19 02:32:55,539 - root - INFO - 加载收藏列表: 0 个工具
2025-10-19 02:32:55,539 - root - INFO - 工具数据已从 C:\Users\15052\.bionexus\tools.json 加载成功
2025-10-19 02:32:55,539 - root - INFO - 初始化收藏列表: []
2025-10-19 02:32:55,540 - core.tool_manager - INFO - ToolManager cleanup completed
