2025-10-19 02:32:34,376 - INFO - BioNexus 1.2.13 启动 - 会话ID: 20251019_023234
[2025-10-19 02:32:34] 启动阶段 - 日志系统初始化: 成功 - 全面日志系统已启动
2025-10-19 02:32:34,376 - INFO - 启动阶段 - 日志系统初始化: 成功 - 全面日志系统已启动
2025-10-19 02:32:34,382 - INFO - BioNexus 1.2.13 启动初始化
[2025-10-19 02:32:34] 启动阶段 - 基础日志系统: 成功 - 标准logging已配置
2025-10-19 02:32:34,382 - INFO - 启动阶段 - 基础日志系统: 成功 - 标准logging已配置
2025-10-19 02:32:34,383 - INFO - 错误处理器初始化完成
[2025-10-19 02:32:34] 启动阶段 - 错误处理器: 成功 - 全局异常捕获已设置
2025-10-19 02:32:34,383 - INFO - 启动阶段 - 错误处理器: 成功 - 全局异常捕获已设置
[2025-10-19 02:32:34] 模块导入 - ui.main_window.MainWindow: 成功
2025-10-19 02:32:34,502 - INFO - 模块导入 - ui.main_window.MainWindow: 成功
[2025-10-19 02:32:34] 模块导入 - data.config.ConfigManager: 成功
2025-10-19 02:32:34,502 - INFO - 模块导入 - data.config.ConfigManager: 成功
[2025-10-19 02:32:34] 模块导入 - utils.helpers.check_system_requirements: 成功
2025-10-19 02:32:34,502 - INFO - 模块导入 - utils.helpers.check_system_requirements: 成功
[2025-10-19 02:32:34] 模块导入 - utils.unified_logger: 成功
2025-10-19 02:32:34,503 - INFO - 模块导入 - utils.unified_logger: 成功
[2025-10-19 02:32:34] 启动阶段 - 所有模块导入: 成功 - 核心模块导入完成
2025-10-19 02:32:34,503 - INFO - 启动阶段 - 所有模块导入: 成功 - 核心模块导入完成
2025-10-19 02:32:34,535 - INFO - 开始启动主应用程序
2025-10-19 02:32:34,631 - INFO - PyQt5应用程序初始化成功
[2025-10-19 02:32:34] 启动阶段 - PyQt5应用程序: 成功 - 初始化成功
2025-10-19 02:32:34,631 - INFO - 启动阶段 - PyQt5应用程序: 成功 - 初始化成功
2025-10-19 02:32:36,564 - INFO - BioNexus 1.2.13 启动 - 会话ID: 20251019_023236
2025-10-19 02:32:36,564 - INFO - 启动阶段 - 日志系统初始化: 成功 - 全面日志系统已启动
2025-10-19 02:32:36,565 - INFO - BioNexus 1.2.13 启动初始化
2025-10-19 02:32:36,565 - INFO - 启动阶段 - 基础日志系统: 成功 - 标准logging已配置
2025-10-19 02:32:36,566 - INFO - 错误处理器初始化完成
2025-10-19 02:32:36,566 - INFO - 启动阶段 - 错误处理器: 成功 - 全局异常捕获已设置
2025-10-19 02:32:36,567 - INFO - 模块导入 - ui.main_window.MainWindow: 成功
2025-10-19 02:32:36,567 - INFO - 模块导入 - data.config.ConfigManager: 成功
2025-10-19 02:32:36,568 - INFO - 模块导入 - utils.helpers.check_system_requirements: 成功
2025-10-19 02:32:36,568 - INFO - 模块导入 - utils.unified_logger: 成功
2025-10-19 02:32:36,569 - INFO - 启动阶段 - 所有模块导入: 成功 - 核心模块导入完成
